---------------------------------------
Begin Slurm Prolog: Oct-30-2024 08:16:53
Job ID:    896412
User ID:   zyahn3
Account:   scs
Job name:  TOG_Plus_ConvNext
Partition: coc-gpu
---------------------------------------
/storage/ice1/5/9/zyahn3/TOG_plus/detrex/detrex/layers/dcn_v3.py:23: FutureWarning: `torch.cuda.amp.custom_fwd(args...)` is deprecated. Please use `torch.amp.custom_fwd(args..., device_type='cuda')` instead.
  @custom_fwd
/storage/ice1/5/9/zyahn3/TOG_plus/detrex/detrex/layers/dcn_v3.py:52: FutureWarning: `torch.cuda.amp.custom_bwd(args...)` is deprecated. Please use `torch.amp.custom_bwd(args..., device_type='cuda')` instead.
  @custom_bwd
[10/30 08:17:00 detectron2]: Rank of current process: 0. World size: 1
[10/30 08:17:01 detectron2]: Environment info:
-------------------------------  ----------------------------------------------------------------------------------------
sys.platform                     linux
Python                           3.12.4 | packaged by Anaconda, Inc. | (main, Jun 18 2024, 15:12:24) [GCC 11.2.0]
numpy                            1.26.4
detectron2                       0.6 @/storage/ice1/5/9/zyahn3/TOG_plus/detrex/detectron2/detectron2
Compiler                         GCC 12.3
CUDA compiler                    not available
DETECTRON2_ENV_MODULE            <not set>
PyTorch                          2.4.1 @/home/hice1/zyahn3/.conda/envs/TOG_test/lib/python3.12/site-packages/torch
PyTorch debug build              False
torch._C._GLIBCXX_USE_CXX11_ABI  False
GPU available                    Yes
GPU 0                            NVIDIA A100-PCIE-40GB (arch=8.0)
Driver version                   555.42.02
CUDA_HOME                        /usr/local/cuda
Pillow                           10.4.0
torchvision                      0.19.1 @/home/hice1/zyahn3/.conda/envs/TOG_test/lib/python3.12/site-packages/torchvision
torchvision arch flags           5.0, 6.0, 7.0, 7.5, 8.0, 8.6, 9.0
fvcore                           0.1.5.post20221221
iopath                           0.1.9
cv2                              4.10.0
-------------------------------  ----------------------------------------------------------------------------------------
PyTorch built with:
  - GCC 9.3
  - C++ Version: 201703
  - Intel(R) oneAPI Math Kernel Library Version 2023.1-Product Build 20230303 for Intel(R) 64 architecture applications
  - Intel(R) MKL-DNN v3.4.2 (Git Hash 1137e04ec0b5251ca2b4400a4fd3c667ce843d67)
  - OpenMP 201511 (a.k.a. OpenMP 4.5)
  - LAPACK is enabled (usually provided by MKL)
  - NNPACK is enabled
  - CPU capability usage: AVX2
  - CUDA Runtime 12.4
  - NVCC architecture flags: -gencode;arch=compute_50,code=sm_50;-gencode;arch=compute_60,code=sm_60;-gencode;arch=compute_61,code=sm_61;-gencode;arch=compute_70,code=sm_70;-gencode;arch=compute_75,code=sm_75;-gencode;arch=compute_80,code=sm_80;-gencode;arch=compute_86,code=sm_86;-gencode;arch=compute_90,code=sm_90
  - CuDNN 90.1
  - Magma 2.6.1
  - Build settings: BLAS_INFO=mkl, BUILD_TYPE=Release, CUDA_VERSION=12.4, CUDNN_VERSION=9.1.0, CXX_COMPILER=/opt/rh/devtoolset-9/root/usr/bin/c++, CXX_FLAGS= -D_GLIBCXX_USE_CXX11_ABI=0 -fabi-version=11 -fvisibility-inlines-hidden -DUSE_PTHREADPOOL -DNDEBUG -DUSE_KINETO -DLIBKINETO_NOROCTRACER -DUSE_FBGEMM -DUSE_PYTORCH_QNNPACK -DUSE_XNNPACK -DSYMBOLICATE_MOBILE_DEBUG_HANDLE -O2 -fPIC -Wall -Wextra -Werror=return-type -Werror=non-virtual-dtor -Werror=bool-operation -Wnarrowing -Wno-missing-field-initializers -Wno-type-limits -Wno-array-bounds -Wno-unknown-pragmas -Wno-unused-parameter -Wno-unused-function -Wno-unused-result -Wno-strict-overflow -Wno-strict-aliasing -Wno-stringop-overflow -Wsuggest-override -Wno-psabi -Wno-error=pedantic -Wno-error=old-style-cast -Wno-missing-braces -fdiagnostics-color=always -faligned-new -Wno-unused-but-set-variable -Wno-maybe-uninitialized -fno-math-errno -fno-trapping-math -Werror=format -Wno-stringop-overflow, LAPACK_INFO=mkl, PERF_WITH_AVX=1, PERF_WITH_AVX2=1, PERF_WITH_AVX512=1, TORCH_VERSION=2.4.1, USE_CUDA=ON, USE_CUDNN=ON, USE_CUSPARSELT=1, USE_EXCEPTION_PTR=1, USE_GFLAGS=OFF, USE_GLOG=OFF, USE_GLOO=ON, USE_MKL=ON, USE_MKLDNN=ON, USE_MPI=OFF, USE_NCCL=ON, USE_NNPACK=ON, USE_OPENMP=ON, USE_ROCM=OFF, USE_ROCM_KERNEL_ASSERT=OFF, 

[10/30 08:17:01 detectron2]: Command line arguments: Namespace(config_file='detrex/projects/dino/configs/dino-convnext/dino_convnext_large_384_4scale_12ep.py', resume=False, eval_only=True, num_gpus=1, num_machines=1, machine_rank=0, dist_url='tcp://127.0.0.1:53103', opts=['train.init_checkpoint=model_files/convnext.pth', 'attack=none', 'attack_mode=none', 'sample=1.0', 'load_dir=datasets/blackbox/focalnet_untargeted/', 'load_attack=1.0', 'save_attack=0.0', 'save_dir='])
[10/30 08:17:01 detectron2]: Contents of args.config_file=detrex/projects/dino/configs/dino-convnext/dino_convnext_large_384_4scale_12ep.py:
[38;5;204mfrom[39m[38;5;15m [39m[38;5;15mdetrex[39m[38;5;15m.[39m[38;5;15mconfig[39m[38;5;15m [39m[38;5;204mimport[39m[38;5;15m [39m[38;5;15mget_config[39m
[38;5;204mfrom[39m[38;5;15m [39m[38;5;15m.[39m[38;5;15m.[39m[38;5;15mmodels[39m[38;5;15m.[39m[38;5;15mdino_convnext[39m[38;5;15m [39m[38;5;204mimport[39m[38;5;15m [39m[38;5;15mmodel[39m

[38;5;245m# get default config[39m
[38;5;15mdataloader[39m[38;5;15m [39m[38;5;204m=[39m[38;5;15m [39m[38;5;15mget_config[39m[38;5;15m([39m[38;5;186m"[39m[38;5;186mcommon/data/coco_detr.py[39m[38;5;186m"[39m[38;5;15m)[39m[38;5;204m.[39m[38;5;15mdataloader[39m
[38;5;15moptimizer[39m[38;5;15m [39m[38;5;204m=[39m[38;5;15m [39m[38;5;15mget_config[39m[38;5;15m([39m[38;5;186m"[39m[38;5;186mcommon/optim.py[39m[38;5;186m"[39m[38;5;15m)[39m[38;5;204m.[39m[38;5;15mAdamW[39m
[38;5;15mlr_multiplier[39m[38;5;15m [39m[38;5;204m=[39m[38;5;15m [39m[38;5;15mget_config[39m[38;5;15m([39m[38;5;186m"[39m[38;5;186mcommon/coco_schedule.py[39m[38;5;186m"[39m[38;5;15m)[39m[38;5;204m.[39m[38;5;15mlr_multiplier_12ep[39m
[38;5;15mtrain[39m[38;5;15m [39m[38;5;204m=[39m[38;5;15m [39m[38;5;15mget_config[39m[38;5;15m([39m[38;5;186m"[39m[38;5;186mcommon/train.py[39m[38;5;186m"[39m[38;5;15m)[39m[38;5;204m.[39m[38;5;15mtrain[39m

[38;5;245m# modify training config[39m
[38;5;245m# use convnext-large-384 as default[39m
[38;5;15mtrain[39m[38;5;204m.[39m[38;5;15minit_checkpoint[39m[38;5;15m [39m[38;5;204m=[39m[38;5;15m [39m[38;5;186m"[39m[38;5;186m/path/to/convnext_large_22k_1k_384.pth[39m[38;5;186m"[39m
[38;5;15mtrain[39m[38;5;204m.[39m[38;5;15moutput_dir[39m[38;5;15m [39m[38;5;204m=[39m[38;5;15m [39m[38;5;186m"[39m[38;5;186m./output/dino_convnext_large_4scale_12ep[39m[38;5;186m"[39m

[38;5;245m# max training iterations[39m
[38;5;15mtrain[39m[38;5;204m.[39m[38;5;15mmax_iter[39m[38;5;15m [39m[38;5;204m=[39m[38;5;15m [39m[38;5;141m90000[39m
[38;5;15mtrain[39m[38;5;204m.[39m[38;5;15meval_period[39m[38;5;15m [39m[38;5;204m=[39m[38;5;15m [39m[38;5;141m5000[39m
[38;5;15mtrain[39m[38;5;204m.[39m[38;5;15mlog_period[39m[38;5;15m [39m[38;5;204m=[39m[38;5;15m [39m[38;5;141m20[39m
[38;5;15mtrain[39m[38;5;204m.[39m[38;5;15mcheckpointer[39m[38;5;204m.[39m[38;5;15mperiod[39m[38;5;15m [39m[38;5;204m=[39m[38;5;15m [39m[38;5;141m5000[39m

[38;5;245m# gradient clipping for training[39m
[38;5;15mtrain[39m[38;5;204m.[39m[38;5;15mclip_grad[39m[38;5;204m.[39m[38;5;15menabled[39m[38;5;15m [39m[38;5;204m=[39m[38;5;15m [39m[38;5;81mTrue[39m
[38;5;15mtrain[39m[38;5;204m.[39m[38;5;15mclip_grad[39m[38;5;204m.[39m[38;5;15mparams[39m[38;5;204m.[39m[38;5;15mmax_norm[39m[38;5;15m [39m[38;5;204m=[39m[38;5;15m [39m[38;5;141m0.1[39m
[38;5;15mtrain[39m[38;5;204m.[39m[38;5;15mclip_grad[39m[38;5;204m.[39m[38;5;15mparams[39m[38;5;204m.[39m[38;5;15mnorm_type[39m[38;5;15m [39m[38;5;204m=[39m[38;5;15m [39m[38;5;141m2[39m

[38;5;245m# set training devices[39m
[38;5;15mtrain[39m[38;5;204m.[39m[38;5;15mdevice[39m[38;5;15m [39m[38;5;204m=[39m[38;5;15m [39m[38;5;186m"[39m[38;5;186mcuda[39m[38;5;186m"[39m
[38;5;15mmodel[39m[38;5;204m.[39m[38;5;15mdevice[39m[38;5;15m [39m[38;5;204m=[39m[38;5;15m [39m[38;5;15mtrain[39m[38;5;204m.[39m[38;5;15mdevice[39m

[38;5;245m# modify optimizer config[39m
[38;5;15moptimizer[39m[38;5;204m.[39m[38;5;15mlr[39m[38;5;15m [39m[38;5;204m=[39m[38;5;15m [39m[38;5;141m1e-4[39m
[38;5;15moptimizer[39m[38;5;204m.[39m[38;5;15mbetas[39m[38;5;15m [39m[38;5;204m=[39m[38;5;15m [39m[38;5;15m([39m[38;5;141m0.9[39m[38;5;15m,[39m[38;5;15m [39m[38;5;141m0.999[39m[38;5;15m)[39m
[38;5;15moptimizer[39m[38;5;204m.[39m[38;5;15mweight_decay[39m[38;5;15m [39m[38;5;204m=[39m[38;5;15m [39m[38;5;141m1e-4[39m
[38;5;15moptimizer[39m[38;5;204m.[39m[38;5;15mparams[39m[38;5;204m.[39m[38;5;15mlr_factor_func[39m[38;5;15m [39m[38;5;204m=[39m[38;5;15m [39m[38;5;81mlambda[39m[38;5;15m [39m[38;5;15mmodule_name[39m[38;5;15m:[39m[38;5;15m [39m[38;5;141m0.1[39m[38;5;15m [39m[38;5;81mif[39m[38;5;15m [39m[38;5;186m"[39m[38;5;186mbackbone[39m[38;5;186m"[39m[38;5;15m [39m[38;5;204min[39m[38;5;15m [39m[38;5;15mmodule_name[39m[38;5;15m [39m[38;5;81melse[39m[38;5;15m [39m[38;5;141m1[39m

[38;5;245m# modify dataloader config[39m
[38;5;15mdataloader[39m[38;5;204m.[39m[38;5;15mtrain[39m[38;5;204m.[39m[38;5;15mnum_workers[39m[38;5;15m [39m[38;5;204m=[39m[38;5;15m [39m[38;5;141m16[39m

[38;5;245m# please notice that this is total batch size.[39m
[38;5;245m# surpose you're using 4 gpus for training and the batch size for[39m
[38;5;245m# each gpu is 16/4 = 4[39m
[38;5;15mdataloader[39m[38;5;204m.[39m[38;5;15mtrain[39m[38;5;204m.[39m[38;5;15mtotal_batch_size[39m[38;5;15m [39m[38;5;204m=[39m[38;5;15m [39m[38;5;141m16[39m

[38;5;15mattack[39m[38;5;204m=[39m[38;5;81mNone[39m
[38;5;15mattack_mode[39m[38;5;204m=[39m[38;5;81mNone[39m
[38;5;15msample[39m[38;5;204m=[39m[38;5;141m1.0[39m

WARNING [10/30 08:17:01 d2.config.lazy]: The config contains objects that cannot serialize to a valid yaml. ./output/dino_convnext_large_4scale_12ep/config.yaml is human-readable but cannot be loaded.
WARNING [10/30 08:17:01 d2.config.lazy]: Config is saved using cloudpickle at ./output/dino_convnext_large_4scale_12ep/config.yaml.pkl.
[10/30 08:17:01 detectron2]: Full config saved to ./output/dino_convnext_large_4scale_12ep/config.yaml
[10/30 08:17:01 d2.utils.env]: Using a generated random seed 2051140
[10/30 08:17:04 d2.checkpoint.detection_checkpoint]: [DetectionCheckpointer] Loading from model_files/convnext.pth ...
[10/30 08:17:04 fvcore.common.checkpoint]: [Checkpointer] Loading from model_files/convnext.pth ...
/home/hice1/zyahn3/.conda/envs/TOG_test/lib/python3.12/site-packages/fvcore/common/checkpoint.py:252: FutureWarning: You are using `torch.load` with `weights_only=False` (the current default value), which uses the default pickle module implicitly. It is possible to construct malicious pickle data which will execute arbitrary code during unpickling (See https://github.com/pytorch/pytorch/blob/main/SECURITY.md#untrusted-models for more details). In a future release, the default value for `weights_only` will be flipped to `True`. This limits the functions that could be executed during unpickling. Arbitrary objects will no longer be allowed to be loaded via this mode unless they are explicitly allowlisted by the user via `torch.serialization.add_safe_globals`. We recommend you start setting `weights_only=True` for any use case where you don't have full control of the loaded file. Please open an issue on GitHub for any issues related to this experimental feature.
  return torch.load(f, map_location=torch.device("cpu"))
[10/30 08:17:07 detectron2]: Run evaluation under eval-only mode
[10/30 08:17:07 detectron2]: Run evaluation without EMA.
[10/30 08:17:07 d2.data.datasets.coco]: Loaded 5000 images in COCO format from datasets/coco/annotations/instances_val2017.json
[10/30 08:17:08 d2.data.build]: Distribution of instances among all 80 categories:
|   category    | #instances   |   category   | #instances   |   category    | #instances   |
|:-------------:|:-------------|:------------:|:-------------|:-------------:|:-------------|
|    person     | 10777        |   bicycle    | 314          |      car      | 1918         |
|  motorcycle   | 367          |   airplane   | 143          |      bus      | 283          |
|     train     | 190          |    truck     | 414          |     boat      | 424          |
| traffic light | 634          | fire hydrant | 101          |   stop sign   | 75           |
| parking meter | 60           |    bench     | 411          |     bird      | 427          |
|      cat      | 202          |     dog      | 218          |     horse     | 272          |
|     sheep     | 354          |     cow      | 372          |   elephant    | 252          |
|     bear      | 71           |    zebra     | 266          |    giraffe    | 232          |
|   backpack    | 371          |   umbrella   | 407          |    handbag    | 540          |
|      tie      | 252          |   suitcase   | 299          |    frisbee    | 115          |
|     skis      | 241          |  snowboard   | 69           |  sports ball  | 260          |
|     kite      | 327          | baseball bat | 145          | baseball gl.. | 148          |
|  skateboard   | 179          |  surfboard   | 267          | tennis racket | 225          |
|    bottle     | 1013         |  wine glass  | 341          |      cup      | 895          |
|     fork      | 215          |    knife     | 325          |     spoon     | 253          |
|     bowl      | 623          |    banana    | 370          |     apple     | 236          |
|   sandwich    | 177          |    orange    | 285          |   broccoli    | 312          |
|    carrot     | 365          |   hot dog    | 125          |     pizza     | 284          |
|     donut     | 328          |     cake     | 310          |     chair     | 1771         |
|     couch     | 261          | potted plant | 342          |      bed      | 163          |
| dining table  | 695          |    toilet    | 179          |      tv       | 288          |
|    laptop     | 231          |    mouse     | 106          |    remote     | 283          |
|   keyboard    | 153          |  cell phone  | 262          |   microwave   | 55           |
|     oven      | 143          |   toaster    | 9            |     sink      | 225          |
| refrigerator  | 126          |     book     | 1129         |     clock     | 267          |
|     vase      | 274          |   scissors   | 36           |  teddy bear   | 190          |
|  hair drier   | 11           |  toothbrush  | 57           |               |              |
|     total     | 36335        |              |              |               |              |
[10/30 08:17:08 d2.data.common]: Serializing the dataset using: <class 'detectron2.data.common._TorchSerializedList'>
[10/30 08:17:08 d2.data.common]: Serializing 5000 elements to byte tensors and concatenating them all ...
[10/30 08:17:08 d2.data.common]: Serialized dataset takes 19.10 MiB
[10/30 08:17:08 d2.evaluation.evaluator]: Start inference on 5000 batches
Doing attack: None
/home/hice1/zyahn3/.conda/envs/TOG_test/lib/python3.12/site-packages/torch/functional.py:513: UserWarning: torch.meshgrid: in an upcoming release, it will be required to pass the indexing argument. (Triggered internally at /opt/conda/conda-bld/pytorch_1724789220573/work/aten/src/ATen/native/TensorShape.cpp:3609.)
  return _VF.meshgrid(tensors, **kwargs)  # type: ignore[attr-defined]
[10/30 08:17:12 d2.evaluation.evaluator]: Inference done 11/5000. Dataloading: 0.0010 s/iter. Inference: 0.2215 s/iter. Eval: 0.0003 s/iter. Total: 0.2228 s/iter. ETA=0:18:31
[10/30 08:17:17 d2.evaluation.evaluator]: Inference done 37/5000. Dataloading: 0.0020 s/iter. Inference: 0.1958 s/iter. Eval: 0.0003 s/iter. Total: 0.1982 s/iter. ETA=0:16:23
[10/30 08:17:22 d2.evaluation.evaluator]: Inference done 63/5000. Dataloading: 0.0016 s/iter. Inference: 0.1943 s/iter. Eval: 0.0003 s/iter. Total: 0.1963 s/iter. ETA=0:16:08
[10/30 08:17:27 d2.evaluation.evaluator]: Inference done 90/5000. Dataloading: 0.0014 s/iter. Inference: 0.1933 s/iter. Eval: 0.0003 s/iter. Total: 0.1950 s/iter. ETA=0:15:57
[10/30 08:17:32 d2.evaluation.evaluator]: Inference done 117/5000. Dataloading: 0.0014 s/iter. Inference: 0.1921 s/iter. Eval: 0.0003 s/iter. Total: 0.1938 s/iter. ETA=0:15:46
[10/30 08:17:37 d2.evaluation.evaluator]: Inference done 143/5000. Dataloading: 0.0013 s/iter. Inference: 0.1929 s/iter. Eval: 0.0003 s/iter. Total: 0.1945 s/iter. ETA=0:15:44
[10/30 08:17:42 d2.evaluation.evaluator]: Inference done 169/5000. Dataloading: 0.0013 s/iter. Inference: 0.1928 s/iter. Eval: 0.0003 s/iter. Total: 0.1944 s/iter. ETA=0:15:39
[10/30 08:17:47 d2.evaluation.evaluator]: Inference done 195/5000. Dataloading: 0.0013 s/iter. Inference: 0.1927 s/iter. Eval: 0.0003 s/iter. Total: 0.1943 s/iter. ETA=0:15:33
[10/30 08:17:53 d2.evaluation.evaluator]: Inference done 222/5000. Dataloading: 0.0012 s/iter. Inference: 0.1923 s/iter. Eval: 0.0003 s/iter. Total: 0.1939 s/iter. ETA=0:15:26
[10/30 08:17:58 d2.evaluation.evaluator]: Inference done 248/5000. Dataloading: 0.0012 s/iter. Inference: 0.1926 s/iter. Eval: 0.0003 s/iter. Total: 0.1942 s/iter. ETA=0:15:22
[10/30 08:18:03 d2.evaluation.evaluator]: Inference done 274/5000. Dataloading: 0.0012 s/iter. Inference: 0.1929 s/iter. Eval: 0.0003 s/iter. Total: 0.1945 s/iter. ETA=0:15:19
[10/30 08:18:08 d2.evaluation.evaluator]: Inference done 300/5000. Dataloading: 0.0012 s/iter. Inference: 0.1932 s/iter. Eval: 0.0003 s/iter. Total: 0.1947 s/iter. ETA=0:15:15
[10/30 08:18:13 d2.evaluation.evaluator]: Inference done 326/5000. Dataloading: 0.0012 s/iter. Inference: 0.1932 s/iter. Eval: 0.0003 s/iter. Total: 0.1947 s/iter. ETA=0:15:10
[10/30 08:18:18 d2.evaluation.evaluator]: Inference done 352/5000. Dataloading: 0.0012 s/iter. Inference: 0.1934 s/iter. Eval: 0.0003 s/iter. Total: 0.1949 s/iter. ETA=0:15:06
[10/30 08:18:23 d2.evaluation.evaluator]: Inference done 378/5000. Dataloading: 0.0013 s/iter. Inference: 0.1934 s/iter. Eval: 0.0003 s/iter. Total: 0.1951 s/iter. ETA=0:15:01
[10/30 08:18:28 d2.evaluation.evaluator]: Inference done 405/5000. Dataloading: 0.0013 s/iter. Inference: 0.1932 s/iter. Eval: 0.0003 s/iter. Total: 0.1948 s/iter. ETA=0:14:55
[10/30 08:18:33 d2.evaluation.evaluator]: Inference done 431/5000. Dataloading: 0.0013 s/iter. Inference: 0.1931 s/iter. Eval: 0.0003 s/iter. Total: 0.1947 s/iter. ETA=0:14:49
[10/30 08:18:39 d2.evaluation.evaluator]: Inference done 457/5000. Dataloading: 0.0013 s/iter. Inference: 0.1932 s/iter. Eval: 0.0003 s/iter. Total: 0.1948 s/iter. ETA=0:14:44
[10/30 08:18:44 d2.evaluation.evaluator]: Inference done 482/5000. Dataloading: 0.0012 s/iter. Inference: 0.1935 s/iter. Eval: 0.0003 s/iter. Total: 0.1951 s/iter. ETA=0:14:41
[10/30 08:18:49 d2.evaluation.evaluator]: Inference done 508/5000. Dataloading: 0.0012 s/iter. Inference: 0.1936 s/iter. Eval: 0.0003 s/iter. Total: 0.1952 s/iter. ETA=0:14:36
[10/30 08:18:54 d2.evaluation.evaluator]: Inference done 534/5000. Dataloading: 0.0012 s/iter. Inference: 0.1936 s/iter. Eval: 0.0003 s/iter. Total: 0.1951 s/iter. ETA=0:14:31
[10/30 08:18:59 d2.evaluation.evaluator]: Inference done 560/5000. Dataloading: 0.0012 s/iter. Inference: 0.1935 s/iter. Eval: 0.0003 s/iter. Total: 0.1951 s/iter. ETA=0:14:26
[10/30 08:19:04 d2.evaluation.evaluator]: Inference done 586/5000. Dataloading: 0.0012 s/iter. Inference: 0.1936 s/iter. Eval: 0.0003 s/iter. Total: 0.1951 s/iter. ETA=0:14:21
[10/30 08:19:09 d2.evaluation.evaluator]: Inference done 611/5000. Dataloading: 0.0012 s/iter. Inference: 0.1940 s/iter. Eval: 0.0003 s/iter. Total: 0.1955 s/iter. ETA=0:14:18
[10/30 08:19:14 d2.evaluation.evaluator]: Inference done 636/5000. Dataloading: 0.0012 s/iter. Inference: 0.1943 s/iter. Eval: 0.0003 s/iter. Total: 0.1959 s/iter. ETA=0:14:14
[10/30 08:19:19 d2.evaluation.evaluator]: Inference done 662/5000. Dataloading: 0.0012 s/iter. Inference: 0.1944 s/iter. Eval: 0.0003 s/iter. Total: 0.1959 s/iter. ETA=0:14:09
[10/30 08:19:24 d2.evaluation.evaluator]: Inference done 687/5000. Dataloading: 0.0012 s/iter. Inference: 0.1946 s/iter. Eval: 0.0003 s/iter. Total: 0.1962 s/iter. ETA=0:14:06
[10/30 08:19:29 d2.evaluation.evaluator]: Inference done 712/5000. Dataloading: 0.0012 s/iter. Inference: 0.1948 s/iter. Eval: 0.0003 s/iter. Total: 0.1963 s/iter. ETA=0:14:01
[10/30 08:19:34 d2.evaluation.evaluator]: Inference done 738/5000. Dataloading: 0.0012 s/iter. Inference: 0.1949 s/iter. Eval: 0.0003 s/iter. Total: 0.1964 s/iter. ETA=0:13:57
[10/30 08:19:40 d2.evaluation.evaluator]: Inference done 764/5000. Dataloading: 0.0012 s/iter. Inference: 0.1948 s/iter. Eval: 0.0003 s/iter. Total: 0.1964 s/iter. ETA=0:13:51
[10/30 08:19:45 d2.evaluation.evaluator]: Inference done 788/5000. Dataloading: 0.0016 s/iter. Inference: 0.1949 s/iter. Eval: 0.0003 s/iter. Total: 0.1968 s/iter. ETA=0:13:48
[10/30 08:19:50 d2.evaluation.evaluator]: Inference done 814/5000. Dataloading: 0.0015 s/iter. Inference: 0.1950 s/iter. Eval: 0.0003 s/iter. Total: 0.1969 s/iter. ETA=0:13:44
[10/30 08:19:55 d2.evaluation.evaluator]: Inference done 840/5000. Dataloading: 0.0015 s/iter. Inference: 0.1951 s/iter. Eval: 0.0003 s/iter. Total: 0.1969 s/iter. ETA=0:13:39
[10/30 08:20:00 d2.evaluation.evaluator]: Inference done 865/5000. Dataloading: 0.0015 s/iter. Inference: 0.1953 s/iter. Eval: 0.0003 s/iter. Total: 0.1971 s/iter. ETA=0:13:35
[10/30 08:20:05 d2.evaluation.evaluator]: Inference done 891/5000. Dataloading: 0.0015 s/iter. Inference: 0.1952 s/iter. Eval: 0.0003 s/iter. Total: 0.1971 s/iter. ETA=0:13:29
[10/30 08:20:10 d2.evaluation.evaluator]: Inference done 918/5000. Dataloading: 0.0015 s/iter. Inference: 0.1951 s/iter. Eval: 0.0003 s/iter. Total: 0.1969 s/iter. ETA=0:13:23
[10/30 08:20:15 d2.evaluation.evaluator]: Inference done 944/5000. Dataloading: 0.0015 s/iter. Inference: 0.1952 s/iter. Eval: 0.0003 s/iter. Total: 0.1970 s/iter. ETA=0:13:18
[10/30 08:20:21 d2.evaluation.evaluator]: Inference done 970/5000. Dataloading: 0.0015 s/iter. Inference: 0.1952 s/iter. Eval: 0.0003 s/iter. Total: 0.1970 s/iter. ETA=0:13:13
[10/30 08:20:26 d2.evaluation.evaluator]: Inference done 995/5000. Dataloading: 0.0015 s/iter. Inference: 0.1954 s/iter. Eval: 0.0003 s/iter. Total: 0.1972 s/iter. ETA=0:13:09
[10/30 08:20:31 d2.evaluation.evaluator]: Inference done 1022/5000. Dataloading: 0.0014 s/iter. Inference: 0.1952 s/iter. Eval: 0.0003 s/iter. Total: 0.1970 s/iter. ETA=0:13:03
[10/30 08:20:36 d2.evaluation.evaluator]: Inference done 1048/5000. Dataloading: 0.0014 s/iter. Inference: 0.1952 s/iter. Eval: 0.0003 s/iter. Total: 0.1970 s/iter. ETA=0:12:58
[10/30 08:20:41 d2.evaluation.evaluator]: Inference done 1073/5000. Dataloading: 0.0014 s/iter. Inference: 0.1953 s/iter. Eval: 0.0003 s/iter. Total: 0.1971 s/iter. ETA=0:12:53
[10/30 08:20:46 d2.evaluation.evaluator]: Inference done 1099/5000. Dataloading: 0.0014 s/iter. Inference: 0.1953 s/iter. Eval: 0.0003 s/iter. Total: 0.1970 s/iter. ETA=0:12:48
[10/30 08:20:51 d2.evaluation.evaluator]: Inference done 1125/5000. Dataloading: 0.0014 s/iter. Inference: 0.1952 s/iter. Eval: 0.0003 s/iter. Total: 0.1970 s/iter. ETA=0:12:43
[10/30 08:20:56 d2.evaluation.evaluator]: Inference done 1151/5000. Dataloading: 0.0014 s/iter. Inference: 0.1953 s/iter. Eval: 0.0003 s/iter. Total: 0.1970 s/iter. ETA=0:12:38
[10/30 08:21:01 d2.evaluation.evaluator]: Inference done 1176/5000. Dataloading: 0.0014 s/iter. Inference: 0.1954 s/iter. Eval: 0.0003 s/iter. Total: 0.1971 s/iter. ETA=0:12:33
[10/30 08:21:06 d2.evaluation.evaluator]: Inference done 1202/5000. Dataloading: 0.0014 s/iter. Inference: 0.1954 s/iter. Eval: 0.0003 s/iter. Total: 0.1971 s/iter. ETA=0:12:28
[10/30 08:21:12 d2.evaluation.evaluator]: Inference done 1228/5000. Dataloading: 0.0014 s/iter. Inference: 0.1954 s/iter. Eval: 0.0003 s/iter. Total: 0.1971 s/iter. ETA=0:12:23
[10/30 08:21:17 d2.evaluation.evaluator]: Inference done 1254/5000. Dataloading: 0.0014 s/iter. Inference: 0.1953 s/iter. Eval: 0.0003 s/iter. Total: 0.1970 s/iter. ETA=0:12:17
[10/30 08:21:22 d2.evaluation.evaluator]: Inference done 1280/5000. Dataloading: 0.0014 s/iter. Inference: 0.1952 s/iter. Eval: 0.0003 s/iter. Total: 0.1969 s/iter. ETA=0:12:12
[10/30 08:21:27 d2.evaluation.evaluator]: Inference done 1306/5000. Dataloading: 0.0014 s/iter. Inference: 0.1952 s/iter. Eval: 0.0003 s/iter. Total: 0.1969 s/iter. ETA=0:12:07
[10/30 08:21:32 d2.evaluation.evaluator]: Inference done 1333/5000. Dataloading: 0.0014 s/iter. Inference: 0.1951 s/iter. Eval: 0.0003 s/iter. Total: 0.1968 s/iter. ETA=0:12:01
[10/30 08:21:37 d2.evaluation.evaluator]: Inference done 1359/5000. Dataloading: 0.0014 s/iter. Inference: 0.1951 s/iter. Eval: 0.0003 s/iter. Total: 0.1968 s/iter. ETA=0:11:56
[10/30 08:21:42 d2.evaluation.evaluator]: Inference done 1385/5000. Dataloading: 0.0014 s/iter. Inference: 0.1950 s/iter. Eval: 0.0003 s/iter. Total: 0.1967 s/iter. ETA=0:11:51
[10/30 08:21:47 d2.evaluation.evaluator]: Inference done 1412/5000. Dataloading: 0.0014 s/iter. Inference: 0.1949 s/iter. Eval: 0.0003 s/iter. Total: 0.1966 s/iter. ETA=0:11:45
[10/30 08:21:52 d2.evaluation.evaluator]: Inference done 1438/5000. Dataloading: 0.0014 s/iter. Inference: 0.1948 s/iter. Eval: 0.0003 s/iter. Total: 0.1965 s/iter. ETA=0:11:40
[10/30 08:21:57 d2.evaluation.evaluator]: Inference done 1465/5000. Dataloading: 0.0013 s/iter. Inference: 0.1947 s/iter. Eval: 0.0003 s/iter. Total: 0.1964 s/iter. ETA=0:11:34
[10/30 08:22:02 d2.evaluation.evaluator]: Inference done 1490/5000. Dataloading: 0.0013 s/iter. Inference: 0.1949 s/iter. Eval: 0.0003 s/iter. Total: 0.1965 s/iter. ETA=0:11:29
[10/30 08:22:07 d2.evaluation.evaluator]: Inference done 1517/5000. Dataloading: 0.0013 s/iter. Inference: 0.1947 s/iter. Eval: 0.0003 s/iter. Total: 0.1963 s/iter. ETA=0:11:23
[10/30 08:22:12 d2.evaluation.evaluator]: Inference done 1543/5000. Dataloading: 0.0013 s/iter. Inference: 0.1947 s/iter. Eval: 0.0003 s/iter. Total: 0.1963 s/iter. ETA=0:11:18
[10/30 08:22:18 d2.evaluation.evaluator]: Inference done 1569/5000. Dataloading: 0.0013 s/iter. Inference: 0.1947 s/iter. Eval: 0.0003 s/iter. Total: 0.1963 s/iter. ETA=0:11:13
[10/30 08:22:23 d2.evaluation.evaluator]: Inference done 1595/5000. Dataloading: 0.0013 s/iter. Inference: 0.1947 s/iter. Eval: 0.0003 s/iter. Total: 0.1963 s/iter. ETA=0:11:08
[10/30 08:22:28 d2.evaluation.evaluator]: Inference done 1621/5000. Dataloading: 0.0013 s/iter. Inference: 0.1946 s/iter. Eval: 0.0003 s/iter. Total: 0.1963 s/iter. ETA=0:11:03
[10/30 08:22:33 d2.evaluation.evaluator]: Inference done 1647/5000. Dataloading: 0.0013 s/iter. Inference: 0.1946 s/iter. Eval: 0.0003 s/iter. Total: 0.1963 s/iter. ETA=0:10:58
[10/30 08:22:38 d2.evaluation.evaluator]: Inference done 1673/5000. Dataloading: 0.0013 s/iter. Inference: 0.1946 s/iter. Eval: 0.0003 s/iter. Total: 0.1962 s/iter. ETA=0:10:52
[10/30 08:22:43 d2.evaluation.evaluator]: Inference done 1699/5000. Dataloading: 0.0013 s/iter. Inference: 0.1946 s/iter. Eval: 0.0003 s/iter. Total: 0.1962 s/iter. ETA=0:10:47
[10/30 08:22:48 d2.evaluation.evaluator]: Inference done 1725/5000. Dataloading: 0.0013 s/iter. Inference: 0.1945 s/iter. Eval: 0.0003 s/iter. Total: 0.1962 s/iter. ETA=0:10:42
[10/30 08:22:53 d2.evaluation.evaluator]: Inference done 1751/5000. Dataloading: 0.0013 s/iter. Inference: 0.1946 s/iter. Eval: 0.0003 s/iter. Total: 0.1962 s/iter. ETA=0:10:37
[10/30 08:22:58 d2.evaluation.evaluator]: Inference done 1778/5000. Dataloading: 0.0013 s/iter. Inference: 0.1945 s/iter. Eval: 0.0003 s/iter. Total: 0.1961 s/iter. ETA=0:10:31
[10/30 08:23:03 d2.evaluation.evaluator]: Inference done 1804/5000. Dataloading: 0.0013 s/iter. Inference: 0.1944 s/iter. Eval: 0.0003 s/iter. Total: 0.1961 s/iter. ETA=0:10:26
[10/30 08:23:08 d2.evaluation.evaluator]: Inference done 1830/5000. Dataloading: 0.0013 s/iter. Inference: 0.1944 s/iter. Eval: 0.0003 s/iter. Total: 0.1961 s/iter. ETA=0:10:21
[10/30 08:23:13 d2.evaluation.evaluator]: Inference done 1857/5000. Dataloading: 0.0013 s/iter. Inference: 0.1944 s/iter. Eval: 0.0003 s/iter. Total: 0.1960 s/iter. ETA=0:10:16
[10/30 08:23:19 d2.evaluation.evaluator]: Inference done 1883/5000. Dataloading: 0.0013 s/iter. Inference: 0.1944 s/iter. Eval: 0.0003 s/iter. Total: 0.1960 s/iter. ETA=0:10:10
[10/30 08:23:24 d2.evaluation.evaluator]: Inference done 1909/5000. Dataloading: 0.0013 s/iter. Inference: 0.1944 s/iter. Eval: 0.0003 s/iter. Total: 0.1960 s/iter. ETA=0:10:05
[10/30 08:23:29 d2.evaluation.evaluator]: Inference done 1935/5000. Dataloading: 0.0013 s/iter. Inference: 0.1944 s/iter. Eval: 0.0003 s/iter. Total: 0.1960 s/iter. ETA=0:10:00
[10/30 08:23:34 d2.evaluation.evaluator]: Inference done 1962/5000. Dataloading: 0.0013 s/iter. Inference: 0.1943 s/iter. Eval: 0.0003 s/iter. Total: 0.1959 s/iter. ETA=0:09:55
[10/30 08:23:39 d2.evaluation.evaluator]: Inference done 1988/5000. Dataloading: 0.0013 s/iter. Inference: 0.1943 s/iter. Eval: 0.0003 s/iter. Total: 0.1959 s/iter. ETA=0:09:50
[10/30 08:23:44 d2.evaluation.evaluator]: Inference done 2014/5000. Dataloading: 0.0013 s/iter. Inference: 0.1943 s/iter. Eval: 0.0003 s/iter. Total: 0.1959 s/iter. ETA=0:09:45
[10/30 08:23:49 d2.evaluation.evaluator]: Inference done 2040/5000. Dataloading: 0.0013 s/iter. Inference: 0.1943 s/iter. Eval: 0.0003 s/iter. Total: 0.1959 s/iter. ETA=0:09:39
[10/30 08:23:54 d2.evaluation.evaluator]: Inference done 2066/5000. Dataloading: 0.0013 s/iter. Inference: 0.1942 s/iter. Eval: 0.0003 s/iter. Total: 0.1958 s/iter. ETA=0:09:34
[10/30 08:23:59 d2.evaluation.evaluator]: Inference done 2093/5000. Dataloading: 0.0013 s/iter. Inference: 0.1942 s/iter. Eval: 0.0003 s/iter. Total: 0.1958 s/iter. ETA=0:09:29
[10/30 08:24:04 d2.evaluation.evaluator]: Inference done 2118/5000. Dataloading: 0.0013 s/iter. Inference: 0.1943 s/iter. Eval: 0.0003 s/iter. Total: 0.1959 s/iter. ETA=0:09:24
[10/30 08:24:10 d2.evaluation.evaluator]: Inference done 2145/5000. Dataloading: 0.0013 s/iter. Inference: 0.1942 s/iter. Eval: 0.0003 s/iter. Total: 0.1958 s/iter. ETA=0:09:19
[10/30 08:24:15 d2.evaluation.evaluator]: Inference done 2171/5000. Dataloading: 0.0013 s/iter. Inference: 0.1942 s/iter. Eval: 0.0003 s/iter. Total: 0.1958 s/iter. ETA=0:09:13
[10/30 08:24:20 d2.evaluation.evaluator]: Inference done 2198/5000. Dataloading: 0.0013 s/iter. Inference: 0.1941 s/iter. Eval: 0.0003 s/iter. Total: 0.1957 s/iter. ETA=0:09:08
[10/30 08:24:25 d2.evaluation.evaluator]: Inference done 2224/5000. Dataloading: 0.0013 s/iter. Inference: 0.1941 s/iter. Eval: 0.0003 s/iter. Total: 0.1957 s/iter. ETA=0:09:03
[10/30 08:24:30 d2.evaluation.evaluator]: Inference done 2250/5000. Dataloading: 0.0013 s/iter. Inference: 0.1942 s/iter. Eval: 0.0003 s/iter. Total: 0.1957 s/iter. ETA=0:08:58
[10/30 08:24:35 d2.evaluation.evaluator]: Inference done 2276/5000. Dataloading: 0.0013 s/iter. Inference: 0.1942 s/iter. Eval: 0.0003 s/iter. Total: 0.1958 s/iter. ETA=0:08:53
[10/30 08:24:40 d2.evaluation.evaluator]: Inference done 2302/5000. Dataloading: 0.0013 s/iter. Inference: 0.1941 s/iter. Eval: 0.0003 s/iter. Total: 0.1957 s/iter. ETA=0:08:48
[10/30 08:24:45 d2.evaluation.evaluator]: Inference done 2328/5000. Dataloading: 0.0013 s/iter. Inference: 0.1941 s/iter. Eval: 0.0003 s/iter. Total: 0.1957 s/iter. ETA=0:08:42
[10/30 08:24:50 d2.evaluation.evaluator]: Inference done 2354/5000. Dataloading: 0.0013 s/iter. Inference: 0.1942 s/iter. Eval: 0.0003 s/iter. Total: 0.1958 s/iter. ETA=0:08:38
[10/30 08:24:56 d2.evaluation.evaluator]: Inference done 2381/5000. Dataloading: 0.0013 s/iter. Inference: 0.1941 s/iter. Eval: 0.0003 s/iter. Total: 0.1957 s/iter. ETA=0:08:32
[10/30 08:25:01 d2.evaluation.evaluator]: Inference done 2407/5000. Dataloading: 0.0013 s/iter. Inference: 0.1941 s/iter. Eval: 0.0003 s/iter. Total: 0.1957 s/iter. ETA=0:08:27
[10/30 08:25:06 d2.evaluation.evaluator]: Inference done 2433/5000. Dataloading: 0.0013 s/iter. Inference: 0.1942 s/iter. Eval: 0.0003 s/iter. Total: 0.1957 s/iter. ETA=0:08:22
[10/30 08:25:11 d2.evaluation.evaluator]: Inference done 2459/5000. Dataloading: 0.0013 s/iter. Inference: 0.1942 s/iter. Eval: 0.0003 s/iter. Total: 0.1958 s/iter. ETA=0:08:17
[10/30 08:25:16 d2.evaluation.evaluator]: Inference done 2486/5000. Dataloading: 0.0012 s/iter. Inference: 0.1941 s/iter. Eval: 0.0003 s/iter. Total: 0.1957 s/iter. ETA=0:08:11
[10/30 08:25:21 d2.evaluation.evaluator]: Inference done 2512/5000. Dataloading: 0.0012 s/iter. Inference: 0.1941 s/iter. Eval: 0.0003 s/iter. Total: 0.1957 s/iter. ETA=0:08:06
[10/30 08:25:26 d2.evaluation.evaluator]: Inference done 2539/5000. Dataloading: 0.0012 s/iter. Inference: 0.1941 s/iter. Eval: 0.0003 s/iter. Total: 0.1956 s/iter. ETA=0:08:01
[10/30 08:25:31 d2.evaluation.evaluator]: Inference done 2565/5000. Dataloading: 0.0012 s/iter. Inference: 0.1941 s/iter. Eval: 0.0003 s/iter. Total: 0.1957 s/iter. ETA=0:07:56
[10/30 08:25:36 d2.evaluation.evaluator]: Inference done 2592/5000. Dataloading: 0.0012 s/iter. Inference: 0.1940 s/iter. Eval: 0.0003 s/iter. Total: 0.1956 s/iter. ETA=0:07:50
[10/30 08:25:42 d2.evaluation.evaluator]: Inference done 2618/5000. Dataloading: 0.0012 s/iter. Inference: 0.1940 s/iter. Eval: 0.0003 s/iter. Total: 0.1956 s/iter. ETA=0:07:45
[10/30 08:25:47 d2.evaluation.evaluator]: Inference done 2644/5000. Dataloading: 0.0012 s/iter. Inference: 0.1940 s/iter. Eval: 0.0003 s/iter. Total: 0.1956 s/iter. ETA=0:07:40
[10/30 08:25:52 d2.evaluation.evaluator]: Inference done 2670/5000. Dataloading: 0.0012 s/iter. Inference: 0.1940 s/iter. Eval: 0.0003 s/iter. Total: 0.1956 s/iter. ETA=0:07:35
[10/30 08:25:57 d2.evaluation.evaluator]: Inference done 2696/5000. Dataloading: 0.0012 s/iter. Inference: 0.1940 s/iter. Eval: 0.0003 s/iter. Total: 0.1956 s/iter. ETA=0:07:30
[10/30 08:26:02 d2.evaluation.evaluator]: Inference done 2722/5000. Dataloading: 0.0012 s/iter. Inference: 0.1940 s/iter. Eval: 0.0003 s/iter. Total: 0.1956 s/iter. ETA=0:07:25
[10/30 08:26:07 d2.evaluation.evaluator]: Inference done 2749/5000. Dataloading: 0.0012 s/iter. Inference: 0.1940 s/iter. Eval: 0.0003 s/iter. Total: 0.1955 s/iter. ETA=0:07:20
[10/30 08:26:12 d2.evaluation.evaluator]: Inference done 2775/5000. Dataloading: 0.0012 s/iter. Inference: 0.1940 s/iter. Eval: 0.0003 s/iter. Total: 0.1955 s/iter. ETA=0:07:15
[10/30 08:26:17 d2.evaluation.evaluator]: Inference done 2802/5000. Dataloading: 0.0012 s/iter. Inference: 0.1939 s/iter. Eval: 0.0003 s/iter. Total: 0.1955 s/iter. ETA=0:07:09
[10/30 08:26:22 d2.evaluation.evaluator]: Inference done 2828/5000. Dataloading: 0.0012 s/iter. Inference: 0.1939 s/iter. Eval: 0.0003 s/iter. Total: 0.1955 s/iter. ETA=0:07:04
[10/30 08:26:27 d2.evaluation.evaluator]: Inference done 2854/5000. Dataloading: 0.0012 s/iter. Inference: 0.1939 s/iter. Eval: 0.0003 s/iter. Total: 0.1955 s/iter. ETA=0:06:59
[10/30 08:26:33 d2.evaluation.evaluator]: Inference done 2879/5000. Dataloading: 0.0012 s/iter. Inference: 0.1940 s/iter. Eval: 0.0003 s/iter. Total: 0.1956 s/iter. ETA=0:06:54
[10/30 08:26:38 d2.evaluation.evaluator]: Inference done 2905/5000. Dataloading: 0.0012 s/iter. Inference: 0.1940 s/iter. Eval: 0.0003 s/iter. Total: 0.1956 s/iter. ETA=0:06:49
[10/30 08:26:43 d2.evaluation.evaluator]: Inference done 2931/5000. Dataloading: 0.0012 s/iter. Inference: 0.1940 s/iter. Eval: 0.0003 s/iter. Total: 0.1956 s/iter. ETA=0:06:44
[10/30 08:26:48 d2.evaluation.evaluator]: Inference done 2958/5000. Dataloading: 0.0012 s/iter. Inference: 0.1940 s/iter. Eval: 0.0003 s/iter. Total: 0.1956 s/iter. ETA=0:06:39
[10/30 08:26:53 d2.evaluation.evaluator]: Inference done 2984/5000. Dataloading: 0.0012 s/iter. Inference: 0.1940 s/iter. Eval: 0.0003 s/iter. Total: 0.1956 s/iter. ETA=0:06:34
[10/30 08:26:58 d2.evaluation.evaluator]: Inference done 3011/5000. Dataloading: 0.0012 s/iter. Inference: 0.1940 s/iter. Eval: 0.0003 s/iter. Total: 0.1955 s/iter. ETA=0:06:28
[10/30 08:27:03 d2.evaluation.evaluator]: Inference done 3037/5000. Dataloading: 0.0012 s/iter. Inference: 0.1940 s/iter. Eval: 0.0003 s/iter. Total: 0.1956 s/iter. ETA=0:06:23
[10/30 08:27:09 d2.evaluation.evaluator]: Inference done 3063/5000. Dataloading: 0.0012 s/iter. Inference: 0.1940 s/iter. Eval: 0.0003 s/iter. Total: 0.1956 s/iter. ETA=0:06:18
[10/30 08:27:14 d2.evaluation.evaluator]: Inference done 3089/5000. Dataloading: 0.0012 s/iter. Inference: 0.1941 s/iter. Eval: 0.0003 s/iter. Total: 0.1956 s/iter. ETA=0:06:13
[10/30 08:27:19 d2.evaluation.evaluator]: Inference done 3116/5000. Dataloading: 0.0012 s/iter. Inference: 0.1940 s/iter. Eval: 0.0003 s/iter. Total: 0.1956 s/iter. ETA=0:06:08
[10/30 08:27:24 d2.evaluation.evaluator]: Inference done 3142/5000. Dataloading: 0.0012 s/iter. Inference: 0.1940 s/iter. Eval: 0.0003 s/iter. Total: 0.1956 s/iter. ETA=0:06:03
[10/30 08:27:29 d2.evaluation.evaluator]: Inference done 3168/5000. Dataloading: 0.0012 s/iter. Inference: 0.1940 s/iter. Eval: 0.0003 s/iter. Total: 0.1956 s/iter. ETA=0:05:58
[10/30 08:27:34 d2.evaluation.evaluator]: Inference done 3194/5000. Dataloading: 0.0012 s/iter. Inference: 0.1940 s/iter. Eval: 0.0003 s/iter. Total: 0.1956 s/iter. ETA=0:05:53
[10/30 08:27:39 d2.evaluation.evaluator]: Inference done 3221/5000. Dataloading: 0.0012 s/iter. Inference: 0.1940 s/iter. Eval: 0.0003 s/iter. Total: 0.1955 s/iter. ETA=0:05:47
[10/30 08:27:44 d2.evaluation.evaluator]: Inference done 3247/5000. Dataloading: 0.0012 s/iter. Inference: 0.1940 s/iter. Eval: 0.0003 s/iter. Total: 0.1955 s/iter. ETA=0:05:42
[10/30 08:27:50 d2.evaluation.evaluator]: Inference done 3274/5000. Dataloading: 0.0012 s/iter. Inference: 0.1940 s/iter. Eval: 0.0003 s/iter. Total: 0.1955 s/iter. ETA=0:05:37
[10/30 08:27:55 d2.evaluation.evaluator]: Inference done 3300/5000. Dataloading: 0.0012 s/iter. Inference: 0.1940 s/iter. Eval: 0.0003 s/iter. Total: 0.1955 s/iter. ETA=0:05:32
[10/30 08:28:00 d2.evaluation.evaluator]: Inference done 3326/5000. Dataloading: 0.0012 s/iter. Inference: 0.1940 s/iter. Eval: 0.0003 s/iter. Total: 0.1955 s/iter. ETA=0:05:27
[10/30 08:28:05 d2.evaluation.evaluator]: Inference done 3352/5000. Dataloading: 0.0012 s/iter. Inference: 0.1940 s/iter. Eval: 0.0003 s/iter. Total: 0.1955 s/iter. ETA=0:05:22
[10/30 08:28:10 d2.evaluation.evaluator]: Inference done 3378/5000. Dataloading: 0.0012 s/iter. Inference: 0.1940 s/iter. Eval: 0.0003 s/iter. Total: 0.1955 s/iter. ETA=0:05:17
[10/30 08:28:15 d2.evaluation.evaluator]: Inference done 3405/5000. Dataloading: 0.0012 s/iter. Inference: 0.1939 s/iter. Eval: 0.0003 s/iter. Total: 0.1955 s/iter. ETA=0:05:11
[10/30 08:28:20 d2.evaluation.evaluator]: Inference done 3431/5000. Dataloading: 0.0012 s/iter. Inference: 0.1939 s/iter. Eval: 0.0003 s/iter. Total: 0.1955 s/iter. ETA=0:05:06
[10/30 08:28:25 d2.evaluation.evaluator]: Inference done 3457/5000. Dataloading: 0.0012 s/iter. Inference: 0.1939 s/iter. Eval: 0.0003 s/iter. Total: 0.1955 s/iter. ETA=0:05:01
[10/30 08:28:30 d2.evaluation.evaluator]: Inference done 3483/5000. Dataloading: 0.0012 s/iter. Inference: 0.1939 s/iter. Eval: 0.0003 s/iter. Total: 0.1955 s/iter. ETA=0:04:56
[10/30 08:28:36 d2.evaluation.evaluator]: Inference done 3510/5000. Dataloading: 0.0012 s/iter. Inference: 0.1939 s/iter. Eval: 0.0003 s/iter. Total: 0.1955 s/iter. ETA=0:04:51
[10/30 08:28:41 d2.evaluation.evaluator]: Inference done 3537/5000. Dataloading: 0.0012 s/iter. Inference: 0.1939 s/iter. Eval: 0.0003 s/iter. Total: 0.1954 s/iter. ETA=0:04:45
[10/30 08:28:46 d2.evaluation.evaluator]: Inference done 3563/5000. Dataloading: 0.0012 s/iter. Inference: 0.1939 s/iter. Eval: 0.0003 s/iter. Total: 0.1954 s/iter. ETA=0:04:40
[10/30 08:28:51 d2.evaluation.evaluator]: Inference done 3589/5000. Dataloading: 0.0012 s/iter. Inference: 0.1939 s/iter. Eval: 0.0003 s/iter. Total: 0.1954 s/iter. ETA=0:04:35
[10/30 08:28:56 d2.evaluation.evaluator]: Inference done 3615/5000. Dataloading: 0.0012 s/iter. Inference: 0.1939 s/iter. Eval: 0.0003 s/iter. Total: 0.1954 s/iter. ETA=0:04:30
[10/30 08:29:01 d2.evaluation.evaluator]: Inference done 3641/5000. Dataloading: 0.0012 s/iter. Inference: 0.1939 s/iter. Eval: 0.0003 s/iter. Total: 0.1954 s/iter. ETA=0:04:25
[10/30 08:29:06 d2.evaluation.evaluator]: Inference done 3667/5000. Dataloading: 0.0012 s/iter. Inference: 0.1939 s/iter. Eval: 0.0003 s/iter. Total: 0.1954 s/iter. ETA=0:04:20
[10/30 08:29:11 d2.evaluation.evaluator]: Inference done 3693/5000. Dataloading: 0.0012 s/iter. Inference: 0.1939 s/iter. Eval: 0.0003 s/iter. Total: 0.1954 s/iter. ETA=0:04:15
[10/30 08:29:16 d2.evaluation.evaluator]: Inference done 3719/5000. Dataloading: 0.0012 s/iter. Inference: 0.1938 s/iter. Eval: 0.0003 s/iter. Total: 0.1954 s/iter. ETA=0:04:10
[10/30 08:29:21 d2.evaluation.evaluator]: Inference done 3745/5000. Dataloading: 0.0012 s/iter. Inference: 0.1939 s/iter. Eval: 0.0003 s/iter. Total: 0.1954 s/iter. ETA=0:04:05
[10/30 08:29:26 d2.evaluation.evaluator]: Inference done 3772/5000. Dataloading: 0.0012 s/iter. Inference: 0.1938 s/iter. Eval: 0.0003 s/iter. Total: 0.1954 s/iter. ETA=0:03:59
[10/30 08:29:32 d2.evaluation.evaluator]: Inference done 3798/5000. Dataloading: 0.0012 s/iter. Inference: 0.1939 s/iter. Eval: 0.0003 s/iter. Total: 0.1954 s/iter. ETA=0:03:54
[10/30 08:29:37 d2.evaluation.evaluator]: Inference done 3824/5000. Dataloading: 0.0012 s/iter. Inference: 0.1939 s/iter. Eval: 0.0003 s/iter. Total: 0.1954 s/iter. ETA=0:03:49
[10/30 08:29:42 d2.evaluation.evaluator]: Inference done 3848/5000. Dataloading: 0.0012 s/iter. Inference: 0.1940 s/iter. Eval: 0.0003 s/iter. Total: 0.1955 s/iter. ETA=0:03:45
[10/30 08:29:47 d2.evaluation.evaluator]: Inference done 3874/5000. Dataloading: 0.0012 s/iter. Inference: 0.1940 s/iter. Eval: 0.0003 s/iter. Total: 0.1955 s/iter. ETA=0:03:40
[10/30 08:29:52 d2.evaluation.evaluator]: Inference done 3901/5000. Dataloading: 0.0012 s/iter. Inference: 0.1939 s/iter. Eval: 0.0003 s/iter. Total: 0.1955 s/iter. ETA=0:03:34
[10/30 08:29:57 d2.evaluation.evaluator]: Inference done 3927/5000. Dataloading: 0.0012 s/iter. Inference: 0.1939 s/iter. Eval: 0.0003 s/iter. Total: 0.1955 s/iter. ETA=0:03:29
[10/30 08:30:02 d2.evaluation.evaluator]: Inference done 3953/5000. Dataloading: 0.0012 s/iter. Inference: 0.1939 s/iter. Eval: 0.0003 s/iter. Total: 0.1954 s/iter. ETA=0:03:24
[10/30 08:30:07 d2.evaluation.evaluator]: Inference done 3980/5000. Dataloading: 0.0012 s/iter. Inference: 0.1939 s/iter. Eval: 0.0003 s/iter. Total: 0.1954 s/iter. ETA=0:03:19
[10/30 08:30:12 d2.evaluation.evaluator]: Inference done 4007/5000. Dataloading: 0.0012 s/iter. Inference: 0.1939 s/iter. Eval: 0.0003 s/iter. Total: 0.1954 s/iter. ETA=0:03:14
[10/30 08:30:17 d2.evaluation.evaluator]: Inference done 4033/5000. Dataloading: 0.0012 s/iter. Inference: 0.1938 s/iter. Eval: 0.0003 s/iter. Total: 0.1954 s/iter. ETA=0:03:08
[10/30 08:30:22 d2.evaluation.evaluator]: Inference done 4059/5000. Dataloading: 0.0012 s/iter. Inference: 0.1938 s/iter. Eval: 0.0003 s/iter. Total: 0.1954 s/iter. ETA=0:03:03
[10/30 08:30:28 d2.evaluation.evaluator]: Inference done 4085/5000. Dataloading: 0.0012 s/iter. Inference: 0.1938 s/iter. Eval: 0.0003 s/iter. Total: 0.1954 s/iter. ETA=0:02:58
[10/30 08:30:33 d2.evaluation.evaluator]: Inference done 4111/5000. Dataloading: 0.0012 s/iter. Inference: 0.1938 s/iter. Eval: 0.0003 s/iter. Total: 0.1954 s/iter. ETA=0:02:53
[10/30 08:30:38 d2.evaluation.evaluator]: Inference done 4136/5000. Dataloading: 0.0012 s/iter. Inference: 0.1939 s/iter. Eval: 0.0003 s/iter. Total: 0.1954 s/iter. ETA=0:02:48
[10/30 08:30:43 d2.evaluation.evaluator]: Inference done 4163/5000. Dataloading: 0.0012 s/iter. Inference: 0.1938 s/iter. Eval: 0.0003 s/iter. Total: 0.1954 s/iter. ETA=0:02:43
[10/30 08:30:48 d2.evaluation.evaluator]: Inference done 4189/5000. Dataloading: 0.0012 s/iter. Inference: 0.1938 s/iter. Eval: 0.0003 s/iter. Total: 0.1954 s/iter. ETA=0:02:38
[10/30 08:30:53 d2.evaluation.evaluator]: Inference done 4215/5000. Dataloading: 0.0012 s/iter. Inference: 0.1938 s/iter. Eval: 0.0003 s/iter. Total: 0.1953 s/iter. ETA=0:02:33
[10/30 08:30:58 d2.evaluation.evaluator]: Inference done 4242/5000. Dataloading: 0.0012 s/iter. Inference: 0.1938 s/iter. Eval: 0.0003 s/iter. Total: 0.1953 s/iter. ETA=0:02:28
[10/30 08:31:03 d2.evaluation.evaluator]: Inference done 4269/5000. Dataloading: 0.0012 s/iter. Inference: 0.1938 s/iter. Eval: 0.0003 s/iter. Total: 0.1953 s/iter. ETA=0:02:22
[10/30 08:31:08 d2.evaluation.evaluator]: Inference done 4295/5000. Dataloading: 0.0012 s/iter. Inference: 0.1937 s/iter. Eval: 0.0003 s/iter. Total: 0.1953 s/iter. ETA=0:02:17
[10/30 08:31:13 d2.evaluation.evaluator]: Inference done 4313/5000. Dataloading: 0.0013 s/iter. Inference: 0.1940 s/iter. Eval: 0.0003 s/iter. Total: 0.1956 s/iter. ETA=0:02:14
[10/30 08:31:18 d2.evaluation.evaluator]: Inference done 4340/5000. Dataloading: 0.0013 s/iter. Inference: 0.1940 s/iter. Eval: 0.0003 s/iter. Total: 0.1956 s/iter. ETA=0:02:09
[10/30 08:31:24 d2.evaluation.evaluator]: Inference done 4366/5000. Dataloading: 0.0013 s/iter. Inference: 0.1940 s/iter. Eval: 0.0003 s/iter. Total: 0.1956 s/iter. ETA=0:02:04
[10/30 08:31:29 d2.evaluation.evaluator]: Inference done 4393/5000. Dataloading: 0.0013 s/iter. Inference: 0.1940 s/iter. Eval: 0.0003 s/iter. Total: 0.1956 s/iter. ETA=0:01:58
[10/30 08:31:34 d2.evaluation.evaluator]: Inference done 4419/5000. Dataloading: 0.0013 s/iter. Inference: 0.1940 s/iter. Eval: 0.0003 s/iter. Total: 0.1956 s/iter. ETA=0:01:53
[10/30 08:31:39 d2.evaluation.evaluator]: Inference done 4445/5000. Dataloading: 0.0013 s/iter. Inference: 0.1940 s/iter. Eval: 0.0003 s/iter. Total: 0.1956 s/iter. ETA=0:01:48
[10/30 08:31:44 d2.evaluation.evaluator]: Inference done 4471/5000. Dataloading: 0.0013 s/iter. Inference: 0.1940 s/iter. Eval: 0.0003 s/iter. Total: 0.1956 s/iter. ETA=0:01:43
[10/30 08:31:49 d2.evaluation.evaluator]: Inference done 4497/5000. Dataloading: 0.0013 s/iter. Inference: 0.1939 s/iter. Eval: 0.0003 s/iter. Total: 0.1956 s/iter. ETA=0:01:38
[10/30 08:31:54 d2.evaluation.evaluator]: Inference done 4523/5000. Dataloading: 0.0013 s/iter. Inference: 0.1939 s/iter. Eval: 0.0003 s/iter. Total: 0.1956 s/iter. ETA=0:01:33
[10/30 08:31:59 d2.evaluation.evaluator]: Inference done 4550/5000. Dataloading: 0.0013 s/iter. Inference: 0.1939 s/iter. Eval: 0.0003 s/iter. Total: 0.1955 s/iter. ETA=0:01:27
[10/30 08:32:04 d2.evaluation.evaluator]: Inference done 4576/5000. Dataloading: 0.0013 s/iter. Inference: 0.1939 s/iter. Eval: 0.0003 s/iter. Total: 0.1955 s/iter. ETA=0:01:22
[10/30 08:32:09 d2.evaluation.evaluator]: Inference done 4602/5000. Dataloading: 0.0013 s/iter. Inference: 0.1939 s/iter. Eval: 0.0003 s/iter. Total: 0.1955 s/iter. ETA=0:01:17
[10/30 08:32:14 d2.evaluation.evaluator]: Inference done 4628/5000. Dataloading: 0.0013 s/iter. Inference: 0.1939 s/iter. Eval: 0.0003 s/iter. Total: 0.1955 s/iter. ETA=0:01:12
[10/30 08:32:20 d2.evaluation.evaluator]: Inference done 4654/5000. Dataloading: 0.0013 s/iter. Inference: 0.1939 s/iter. Eval: 0.0003 s/iter. Total: 0.1955 s/iter. ETA=0:01:07
[10/30 08:32:25 d2.evaluation.evaluator]: Inference done 4681/5000. Dataloading: 0.0013 s/iter. Inference: 0.1939 s/iter. Eval: 0.0003 s/iter. Total: 0.1955 s/iter. ETA=0:01:02
[10/30 08:32:30 d2.evaluation.evaluator]: Inference done 4707/5000. Dataloading: 0.0013 s/iter. Inference: 0.1939 s/iter. Eval: 0.0003 s/iter. Total: 0.1955 s/iter. ETA=0:00:57
[10/30 08:32:35 d2.evaluation.evaluator]: Inference done 4733/5000. Dataloading: 0.0013 s/iter. Inference: 0.1939 s/iter. Eval: 0.0003 s/iter. Total: 0.1955 s/iter. ETA=0:00:52
[10/30 08:32:40 d2.evaluation.evaluator]: Inference done 4759/5000. Dataloading: 0.0013 s/iter. Inference: 0.1939 s/iter. Eval: 0.0003 s/iter. Total: 0.1955 s/iter. ETA=0:00:47
[10/30 08:32:45 d2.evaluation.evaluator]: Inference done 4785/5000. Dataloading: 0.0013 s/iter. Inference: 0.1939 s/iter. Eval: 0.0003 s/iter. Total: 0.1955 s/iter. ETA=0:00:42
[10/30 08:32:50 d2.evaluation.evaluator]: Inference done 4811/5000. Dataloading: 0.0013 s/iter. Inference: 0.1939 s/iter. Eval: 0.0003 s/iter. Total: 0.1955 s/iter. ETA=0:00:36
[10/30 08:32:55 d2.evaluation.evaluator]: Inference done 4838/5000. Dataloading: 0.0013 s/iter. Inference: 0.1939 s/iter. Eval: 0.0003 s/iter. Total: 0.1955 s/iter. ETA=0:00:31
[10/30 08:33:00 d2.evaluation.evaluator]: Inference done 4863/5000. Dataloading: 0.0013 s/iter. Inference: 0.1939 s/iter. Eval: 0.0003 s/iter. Total: 0.1955 s/iter. ETA=0:00:26
[10/30 08:33:05 d2.evaluation.evaluator]: Inference done 4889/5000. Dataloading: 0.0013 s/iter. Inference: 0.1939 s/iter. Eval: 0.0003 s/iter. Total: 0.1955 s/iter. ETA=0:00:21
[10/30 08:33:10 d2.evaluation.evaluator]: Inference done 4915/5000. Dataloading: 0.0013 s/iter. Inference: 0.1939 s/iter. Eval: 0.0003 s/iter. Total: 0.1955 s/iter. ETA=0:00:16
[10/30 08:33:16 d2.evaluation.evaluator]: Inference done 4941/5000. Dataloading: 0.0013 s/iter. Inference: 0.1939 s/iter. Eval: 0.0003 s/iter. Total: 0.1955 s/iter. ETA=0:00:11
[10/30 08:33:21 d2.evaluation.evaluator]: Inference done 4967/5000. Dataloading: 0.0013 s/iter. Inference: 0.1939 s/iter. Eval: 0.0003 s/iter. Total: 0.1955 s/iter. ETA=0:00:06
[10/30 08:33:26 d2.evaluation.evaluator]: Inference done 4993/5000. Dataloading: 0.0013 s/iter. Inference: 0.1939 s/iter. Eval: 0.0003 s/iter. Total: 0.1955 s/iter. ETA=0:00:01
[10/30 08:33:27 d2.evaluation.evaluator]: Total inference time: 0:16:16.665148 (0.195529 s / iter per device, on 1 devices)
[10/30 08:33:27 d2.evaluation.evaluator]: Total inference pure compute time: 0:16:08 (0.193931 s / iter per device, on 1 devices)
[10/30 08:33:27 d2.evaluation.coco_evaluation]: Preparing results for COCO format ...
[10/30 08:33:27 d2.evaluation.coco_evaluation]: Evaluating predictions with unofficial COCO API...
Loading and preparing results...
DONE (t=2.64s)
creating index...
index created!
[10/30 08:33:30 d2.evaluation.fast_eval_api]: Evaluate annotation type *bbox*
[10/30 08:33:39 d2.evaluation.fast_eval_api]: COCOeval_opt.evaluate() finished in 9.27 seconds.
[10/30 08:33:40 d2.evaluation.fast_eval_api]: Accumulating evaluation results...
[10/30 08:33:42 d2.evaluation.fast_eval_api]: COCOeval_opt.accumulate() finished in 2.26 seconds.
 Average Precision  (AP) @[ IoU=0.50:0.95 | area=   all | maxDets=100 ] = 0.424
 Average Precision  (AP) @[ IoU=0.50      | area=   all | maxDets=100 ] = 0.602
 Average Precision  (AP) @[ IoU=0.75      | area=   all | maxDets=100 ] = 0.458
 Average Precision  (AP) @[ IoU=0.50:0.95 | area= small | maxDets=100 ] = 0.260
 Average Precision  (AP) @[ IoU=0.50:0.95 | area=medium | maxDets=100 ] = 0.458
 Average Precision  (AP) @[ IoU=0.50:0.95 | area= large | maxDets=100 ] = 0.574
 Average Recall     (AR) @[ IoU=0.50:0.95 | area=   all | maxDets=  1 ] = 0.356
 Average Recall     (AR) @[ IoU=0.50:0.95 | area=   all | maxDets= 10 ] = 0.593
 Average Recall     (AR) @[ IoU=0.50:0.95 | area=   all | maxDets=100 ] = 0.659
 Average Recall     (AR) @[ IoU=0.50:0.95 | area= small | maxDets=100 ] = 0.477
 Average Recall     (AR) @[ IoU=0.50:0.95 | area=medium | maxDets=100 ] = 0.698
 Average Recall     (AR) @[ IoU=0.50:0.95 | area= large | maxDets=100 ] = 0.825
[10/30 08:33:42 d2.evaluation.coco_evaluation]: Evaluation results for bbox: 
|   AP   |  AP50  |  AP75  |  APs   |  APm   |  APl   |
|:------:|:------:|:------:|:------:|:------:|:------:|
| 42.384 | 60.171 | 45.847 | 26.048 | 45.828 | 57.404 |
[10/30 08:33:42 d2.evaluation.coco_evaluation]: Per-category bbox AP: 
| category      | AP     | category     | AP     | category       | AP     |
|:--------------|:-------|:-------------|:-------|:---------------|:-------|
| person        | 53.471 | bicycle      | 31.970 | car            | 41.574 |
| motorcycle    | 46.713 | airplane     | 71.843 | bus            | 68.591 |
| train         | 69.005 | truck        | 39.114 | boat           | 28.055 |
| traffic light | 28.612 | fire hydrant | 63.595 | stop sign      | 70.881 |
| parking meter | 43.856 | bench        | 26.124 | bird           | 33.531 |
| cat           | 55.616 | dog          | 56.668 | horse          | 55.974 |
| sheep         | 46.738 | cow          | 52.344 | elephant       | 51.057 |
| bear          | 65.342 | zebra        | 67.345 | giraffe        | 70.947 |
| backpack      | 13.993 | umbrella     | 41.851 | handbag        | 15.297 |
| tie           | 40.240 | suitcase     | 38.236 | frisbee        | 70.022 |
| skis          | 27.092 | snowboard    | 38.841 | sports ball    | 43.966 |
| kite          | 46.845 | baseball bat | 41.822 | baseball glove | 40.845 |
| skateboard    | 52.922 | surfboard    | 41.633 | tennis racket  | 54.294 |
| bottle        | 38.181 | wine glass   | 34.390 | cup            | 40.406 |
| fork          | 43.115 | knife        | 27.143 | spoon          | 25.990 |
| bowl          | 35.507 | banana       | 22.250 | apple          | 14.010 |
| sandwich      | 34.831 | orange       | 27.234 | broccoli       | 16.591 |
| carrot        | 20.865 | hot dog      | 39.475 | pizza          | 54.964 |
| donut         | 47.259 | cake         | 39.600 | chair          | 29.049 |
| couch         | 43.252 | potted plant | 21.044 | bed            | 41.537 |
| dining table  | 29.417 | toilet       | 55.021 | tv             | 55.725 |
| laptop        | 63.613 | mouse        | 49.105 | remote         | 36.971 |
| keyboard      | 51.230 | cell phone   | 41.423 | microwave      | 59.053 |
| oven          | 31.267 | toaster      | 30.217 | sink           | 34.901 |
| refrigerator  | 54.778 | book         | 17.722 | clock          | 50.214 |
| vase          | 33.941 | scissors     | 42.857 | teddy bear     | 44.582 |
| hair drier    | 20.964 | toothbrush   | 44.137 |                |        |


------- Similarity and Timing Metrics -------
Total Parameters: 219019020
Average Attack Time: 0.1953
Average L2 Norm: 0.0000
Max Difference in Images: 0.0000
------------------------------------------------


[10/30 08:33:43 d2.evaluation.testing]: copypaste: Task: bbox
[10/30 08:33:43 d2.evaluation.testing]: copypaste: AP,AP50,AP75,APs,APm,APl
[10/30 08:33:43 d2.evaluation.testing]: copypaste: 42.3837,60.1710,45.8468,26.0480,45.8282,57.4040
OrderedDict({'bbox': {'AP': 42.38366046693782, 'AP50': 60.1710310557515, 'AP75': 45.84677886091954, 'APs': 26.048011186863995, 'APm': 45.82820951712156, 'APl': 57.40398989804223, 'AP-person': 53.470586558293085, 'AP-bicycle': 31.96992908408266, 'AP-car': 41.57386522127114, 'AP-motorcycle': 46.713251126277186, 'AP-airplane': 71.84330398224482, 'AP-bus': 68.5907945560436, 'AP-train': 69.00475608733782, 'AP-truck': 39.1144115624745, 'AP-boat': 28.054524620286287, 'AP-traffic light': 28.611750322843456, 'AP-fire hydrant': 63.59548040680576, 'AP-stop sign': 70.88106895054418, 'AP-parking meter': 43.8559929235244, 'AP-bench': 26.123634553734256, 'AP-bird': 33.53056114652031, 'AP-cat': 55.615936751795125, 'AP-dog': 56.66795309741762, 'AP-horse': 55.97393072211677, 'AP-sheep': 46.73826228475117, 'AP-cow': 52.34420839505022, 'AP-elephant': 51.05728659963159, 'AP-bear': 65.34213323074424, 'AP-zebra': 67.34480743549204, 'AP-giraffe': 70.94656981859627, 'AP-backpack': 13.9927845455167, 'AP-umbrella': 41.850511243039904, 'AP-handbag': 15.297060509538376, 'AP-tie': 40.239612104765285, 'AP-suitcase': 38.23594498580253, 'AP-frisbee': 70.02242228190244, 'AP-skis': 27.091639465034394, 'AP-snowboard': 38.84136807527309, 'AP-sports ball': 43.96585255879988, 'AP-kite': 46.845249522445144, 'AP-baseball bat': 41.82195492475251, 'AP-baseball glove': 40.84489812685565, 'AP-skateboard': 52.922051211826385, 'AP-surfboard': 41.63288463584132, 'AP-tennis racket': 54.29414403286552, 'AP-bottle': 38.18099296409785, 'AP-wine glass': 34.390247598072435, 'AP-cup': 40.40611234980271, 'AP-fork': 43.11457479066764, 'AP-knife': 27.14304113243975, 'AP-spoon': 25.990212395942354, 'AP-bowl': 35.50708413811052, 'AP-banana': 22.25021942421709, 'AP-apple': 14.00990504945147, 'AP-sandwich': 34.83050614954101, 'AP-orange': 27.234380568213563, 'AP-broccoli': 16.590536030429508, 'AP-carrot': 20.864692982625023, 'AP-hot dog': 39.47450584752803, 'AP-pizza': 54.96357288572435, 'AP-donut': 47.25942654863889, 'AP-cake': 39.59968807898994, 'AP-chair': 29.048857749725805, 'AP-couch': 43.25231510732198, 'AP-potted plant': 21.044339109648163, 'AP-bed': 41.537084811285204, 'AP-dining table': 29.416832659512256, 'AP-toilet': 55.02089447390447, 'AP-tv': 55.72547470747667, 'AP-laptop': 63.61347157634625, 'AP-mouse': 49.104833450273574, 'AP-remote': 36.970861209916464, 'AP-keyboard': 51.22988639837088, 'AP-cell phone': 41.42274392531667, 'AP-microwave': 59.05285108001513, 'AP-oven': 31.267259561642565, 'AP-toaster': 30.216875728926272, 'AP-sink': 34.90105880103678, 'AP-refrigerator': 54.77822532033257, 'AP-book': 17.72168125184412, 'AP-clock': 50.21350617105889, 'AP-vase': 33.940833113857835, 'AP-scissors': 42.85727036085415, 'AP-teddy bear': 44.58187127343543, 'AP-hair drier': 20.96407071848624, 'AP-toothbrush': 44.13666219780804}})
---------------------------------------
Begin Slurm Epilog: Oct-30-2024 08:33:47
Job ID:        896412
Array Job ID:  _4294967294
User ID:       zyahn3
Account:       scs
Job name:      TOG_Plus_ConvNext
Resources:     cpu=1,gres/gpu:a100=1,mem=128G,node=1
Rsrc Used:     cput=00:16:54,vmem=0,walltime=00:16:54,mem=3880916K,energy_used=0
Partition:     coc-gpu
Nodes:         atl1-1-03-007-33-0
---------------------------------------
