---------------------------------------
Begin Slurm Prolog: Oct-30-2024 08:30:04
Job ID:    896419
User ID:   zyahn3
Account:   scs
Job name:  TOG_Plus_InternImage
Partition: coc-gpu
---------------------------------------
no change     /usr/local/pace-apps/manual/packages/anaconda3/2023.03/condabin/conda
no change     /usr/local/pace-apps/manual/packages/anaconda3/2023.03/bin/conda
no change     /usr/local/pace-apps/manual/packages/anaconda3/2023.03/bin/conda-env
no change     /usr/local/pace-apps/manual/packages/anaconda3/2023.03/bin/activate
no change     /usr/local/pace-apps/manual/packages/anaconda3/2023.03/bin/deactivate
no change     /usr/local/pace-apps/manual/packages/anaconda3/2023.03/etc/profile.d/conda.sh
no change     /usr/local/pace-apps/manual/packages/anaconda3/2023.03/etc/fish/conf.d/conda.fish
no change     /usr/local/pace-apps/manual/packages/anaconda3/2023.03/shell/condabin/Conda.psm1
no change     /usr/local/pace-apps/manual/packages/anaconda3/2023.03/shell/condabin/conda-hook.ps1
no change     /usr/local/pace-apps/manual/packages/anaconda3/2023.03/lib/python3.10/site-packages/xontrib/conda.xsh
no change     /usr/local/pace-apps/manual/packages/anaconda3/2023.03/etc/profile.d/conda.csh
no change     /home/hice1/zyahn3/.bashrc
No action taken.
/storage/ice1/5/9/zyahn3/TOG_plus/detrex/detrex/layers/dcn_v3.py:23: FutureWarning: `torch.cuda.amp.custom_fwd(args...)` is deprecated. Please use `torch.amp.custom_fwd(args..., device_type='cuda')` instead.
  @custom_fwd
/storage/ice1/5/9/zyahn3/TOG_plus/detrex/detrex/layers/dcn_v3.py:52: FutureWarning: `torch.cuda.amp.custom_bwd(args...)` is deprecated. Please use `torch.amp.custom_bwd(args..., device_type='cuda')` instead.
  @custom_bwd
[10/30 08:30:16 detectron2]: Rank of current process: 0. World size: 1
[10/30 08:30:17 detectron2]: Environment info:
-------------------------------  ----------------------------------------------------------------------------------------
sys.platform                     linux
Python                           3.12.4 | packaged by Anaconda, Inc. | (main, Jun 18 2024, 15:12:24) [GCC 11.2.0]
numpy                            1.26.4
detectron2                       0.6 @/storage/ice1/5/9/zyahn3/TOG_plus/detrex/detectron2/detectron2
Compiler                         GCC 12.3
CUDA compiler                    not available
DETECTRON2_ENV_MODULE            <not set>
PyTorch                          2.4.1 @/home/hice1/zyahn3/.conda/envs/TOG_test/lib/python3.12/site-packages/torch
PyTorch debug build              False
torch._C._GLIBCXX_USE_CXX11_ABI  False
GPU available                    Yes
GPU 0                            NVIDIA A100 80GB PCIe (arch=8.0)
Driver version                   555.42.02
CUDA_HOME                        /usr/local/cuda
Pillow                           10.4.0
torchvision                      0.19.1 @/home/hice1/zyahn3/.conda/envs/TOG_test/lib/python3.12/site-packages/torchvision
torchvision arch flags           5.0, 6.0, 7.0, 7.5, 8.0, 8.6, 9.0
fvcore                           0.1.5.post20221221
iopath                           0.1.9
cv2                              4.10.0
-------------------------------  ----------------------------------------------------------------------------------------
PyTorch built with:
  - GCC 9.3
  - C++ Version: 201703
  - Intel(R) oneAPI Math Kernel Library Version 2023.1-Product Build 20230303 for Intel(R) 64 architecture applications
  - Intel(R) MKL-DNN v3.4.2 (Git Hash 1137e04ec0b5251ca2b4400a4fd3c667ce843d67)
  - OpenMP 201511 (a.k.a. OpenMP 4.5)
  - LAPACK is enabled (usually provided by MKL)
  - NNPACK is enabled
  - CPU capability usage: AVX2
  - CUDA Runtime 12.4
  - NVCC architecture flags: -gencode;arch=compute_50,code=sm_50;-gencode;arch=compute_60,code=sm_60;-gencode;arch=compute_61,code=sm_61;-gencode;arch=compute_70,code=sm_70;-gencode;arch=compute_75,code=sm_75;-gencode;arch=compute_80,code=sm_80;-gencode;arch=compute_86,code=sm_86;-gencode;arch=compute_90,code=sm_90
  - CuDNN 90.1
  - Magma 2.6.1
  - Build settings: BLAS_INFO=mkl, BUILD_TYPE=Release, CUDA_VERSION=12.4, CUDNN_VERSION=9.1.0, CXX_COMPILER=/opt/rh/devtoolset-9/root/usr/bin/c++, CXX_FLAGS= -D_GLIBCXX_USE_CXX11_ABI=0 -fabi-version=11 -fvisibility-inlines-hidden -DUSE_PTHREADPOOL -DNDEBUG -DUSE_KINETO -DLIBKINETO_NOROCTRACER -DUSE_FBGEMM -DUSE_PYTORCH_QNNPACK -DUSE_XNNPACK -DSYMBOLICATE_MOBILE_DEBUG_HANDLE -O2 -fPIC -Wall -Wextra -Werror=return-type -Werror=non-virtual-dtor -Werror=bool-operation -Wnarrowing -Wno-missing-field-initializers -Wno-type-limits -Wno-array-bounds -Wno-unknown-pragmas -Wno-unused-parameter -Wno-unused-function -Wno-unused-result -Wno-strict-overflow -Wno-strict-aliasing -Wno-stringop-overflow -Wsuggest-override -Wno-psabi -Wno-error=pedantic -Wno-error=old-style-cast -Wno-missing-braces -fdiagnostics-color=always -faligned-new -Wno-unused-but-set-variable -Wno-maybe-uninitialized -fno-math-errno -fno-trapping-math -Werror=format -Wno-stringop-overflow, LAPACK_INFO=mkl, PERF_WITH_AVX=1, PERF_WITH_AVX2=1, PERF_WITH_AVX512=1, TORCH_VERSION=2.4.1, USE_CUDA=ON, USE_CUDNN=ON, USE_CUSPARSELT=1, USE_EXCEPTION_PTR=1, USE_GFLAGS=OFF, USE_GLOG=OFF, USE_GLOO=ON, USE_MKL=ON, USE_MKLDNN=ON, USE_MPI=OFF, USE_NCCL=ON, USE_NNPACK=ON, USE_OPENMP=ON, USE_ROCM=OFF, USE_ROCM_KERNEL_ASSERT=OFF, 

[10/30 08:30:17 detectron2]: Command line arguments: Namespace(config_file='detrex/projects/dino/configs/dino-internimage/dino_internimage_large_4scale_12ep.py', resume=False, eval_only=True, num_gpus=1, num_machines=1, machine_rank=0, dist_url='tcp://127.0.0.1:53103', opts=['train.init_checkpoint=model_files/internimage.pth', 'attack=none', 'attack_mode=none', 'sample=1.0', 'save_attack=0.0', 'save_dir=', 'load_attack=1.0', 'load_dir=datasets/blackbox/focalnet_untargeted/'])
[10/30 08:30:17 detectron2]: Contents of args.config_file=detrex/projects/dino/configs/dino-internimage/dino_internimage_large_4scale_12ep.py:
[38;5;204mfrom[39m[38;5;15m [39m[38;5;15mdetrex[39m[38;5;15m.[39m[38;5;15mconfig[39m[38;5;15m [39m[38;5;204mimport[39m[38;5;15m [39m[38;5;15mget_config[39m
[38;5;204mfrom[39m[38;5;15m [39m[38;5;15m.[39m[38;5;15m.[39m[38;5;15mmodels[39m[38;5;15m.[39m[38;5;15mdino_internimage[39m[38;5;15m [39m[38;5;204mimport[39m[38;5;15m [39m[38;5;15mmodel[39m

[38;5;245m# get default config[39m
[38;5;15mdataloader[39m[38;5;15m [39m[38;5;204m=[39m[38;5;15m [39m[38;5;15mget_config[39m[38;5;15m([39m[38;5;186m"[39m[38;5;186mcommon/data/coco_detr.py[39m[38;5;186m"[39m[38;5;15m)[39m[38;5;204m.[39m[38;5;15mdataloader[39m
[38;5;15moptimizer[39m[38;5;15m [39m[38;5;204m=[39m[38;5;15m [39m[38;5;15mget_config[39m[38;5;15m([39m[38;5;186m"[39m[38;5;186mcommon/optim.py[39m[38;5;186m"[39m[38;5;15m)[39m[38;5;204m.[39m[38;5;15mAdamW[39m
[38;5;15mlr_multiplier[39m[38;5;15m [39m[38;5;204m=[39m[38;5;15m [39m[38;5;15mget_config[39m[38;5;15m([39m[38;5;186m"[39m[38;5;186mcommon/coco_schedule.py[39m[38;5;186m"[39m[38;5;15m)[39m[38;5;204m.[39m[38;5;15mlr_multiplier_12ep[39m
[38;5;15mtrain[39m[38;5;15m [39m[38;5;204m=[39m[38;5;15m [39m[38;5;15mget_config[39m[38;5;15m([39m[38;5;186m"[39m[38;5;186mcommon/train.py[39m[38;5;186m"[39m[38;5;15m)[39m[38;5;204m.[39m[38;5;15mtrain[39m

[38;5;245m# modify training config[39m
[38;5;15mtrain[39m[38;5;204m.[39m[38;5;15minit_checkpoint[39m[38;5;15m [39m[38;5;204m=[39m[38;5;15m [39m[38;5;186m"[39m[38;5;186m/path/to/internimage_l_22kto1k_384.pth[39m[38;5;186m"[39m
[38;5;15mtrain[39m[38;5;204m.[39m[38;5;15moutput_dir[39m[38;5;15m [39m[38;5;204m=[39m[38;5;15m [39m[38;5;186m"[39m[38;5;186m./output/dino_internimage_large_384_4scale_12ep[39m[38;5;186m"[39m

[38;5;245m# max training iterations[39m
[38;5;15mtrain[39m[38;5;204m.[39m[38;5;15mmax_iter[39m[38;5;15m [39m[38;5;204m=[39m[38;5;15m [39m[38;5;141m90000[39m
[38;5;15mtrain[39m[38;5;204m.[39m[38;5;15meval_period[39m[38;5;15m [39m[38;5;204m=[39m[38;5;15m [39m[38;5;141m5000[39m
[38;5;15mtrain[39m[38;5;204m.[39m[38;5;15mlog_period[39m[38;5;15m [39m[38;5;204m=[39m[38;5;15m [39m[38;5;141m20[39m
[38;5;15mtrain[39m[38;5;204m.[39m[38;5;15mcheckpointer[39m[38;5;204m.[39m[38;5;15mperiod[39m[38;5;15m [39m[38;5;204m=[39m[38;5;15m [39m[38;5;141m5000[39m

[38;5;245m# gradient clipping for training[39m
[38;5;15mtrain[39m[38;5;204m.[39m[38;5;15mclip_grad[39m[38;5;204m.[39m[38;5;15menabled[39m[38;5;15m [39m[38;5;204m=[39m[38;5;15m [39m[38;5;81mTrue[39m
[38;5;15mtrain[39m[38;5;204m.[39m[38;5;15mclip_grad[39m[38;5;204m.[39m[38;5;15mparams[39m[38;5;204m.[39m[38;5;15mmax_norm[39m[38;5;15m [39m[38;5;204m=[39m[38;5;15m [39m[38;5;141m0.1[39m
[38;5;15mtrain[39m[38;5;204m.[39m[38;5;15mclip_grad[39m[38;5;204m.[39m[38;5;15mparams[39m[38;5;204m.[39m[38;5;15mnorm_type[39m[38;5;15m [39m[38;5;204m=[39m[38;5;15m [39m[38;5;141m2[39m

[38;5;245m# set training devices[39m
[38;5;15mtrain[39m[38;5;204m.[39m[38;5;15mdevice[39m[38;5;15m [39m[38;5;204m=[39m[38;5;15m [39m[38;5;186m"[39m[38;5;186mcuda[39m[38;5;186m"[39m
[38;5;15mmodel[39m[38;5;204m.[39m[38;5;15mdevice[39m[38;5;15m [39m[38;5;204m=[39m[38;5;15m [39m[38;5;15mtrain[39m[38;5;204m.[39m[38;5;15mdevice[39m

[38;5;245m# modify optimizer config[39m
[38;5;15moptimizer[39m[38;5;204m.[39m[38;5;15mlr[39m[38;5;15m [39m[38;5;204m=[39m[38;5;15m [39m[38;5;141m1e-4[39m
[38;5;15moptimizer[39m[38;5;204m.[39m[38;5;15mbetas[39m[38;5;15m [39m[38;5;204m=[39m[38;5;15m [39m[38;5;15m([39m[38;5;141m0.9[39m[38;5;15m,[39m[38;5;15m [39m[38;5;141m0.999[39m[38;5;15m)[39m
[38;5;15moptimizer[39m[38;5;204m.[39m[38;5;15mweight_decay[39m[38;5;15m [39m[38;5;204m=[39m[38;5;15m [39m[38;5;141m1e-4[39m
[38;5;15moptimizer[39m[38;5;204m.[39m[38;5;15mparams[39m[38;5;204m.[39m[38;5;15mlr_factor_func[39m[38;5;15m [39m[38;5;204m=[39m[38;5;15m [39m[38;5;81mlambda[39m[38;5;15m [39m[38;5;15mmodule_name[39m[38;5;15m:[39m[38;5;15m [39m[38;5;141m0.1[39m[38;5;15m [39m[38;5;81mif[39m[38;5;15m [39m[38;5;186m"[39m[38;5;186mbackbone[39m[38;5;186m"[39m[38;5;15m [39m[38;5;204min[39m[38;5;15m [39m[38;5;15mmodule_name[39m[38;5;15m [39m[38;5;81melse[39m[38;5;15m [39m[38;5;141m1[39m

[38;5;245m# modify dataloader config[39m
[38;5;15mdataloader[39m[38;5;204m.[39m[38;5;15mtrain[39m[38;5;204m.[39m[38;5;15mnum_workers[39m[38;5;15m [39m[38;5;204m=[39m[38;5;15m [39m[38;5;141m16[39m

[38;5;245m# please notice that this is total batch size.[39m
[38;5;245m# surpose you're using 4 gpus for training and the batch size for[39m
[38;5;245m# each gpu is 16/4 = 4[39m
[38;5;15mdataloader[39m[38;5;204m.[39m[38;5;15mtrain[39m[38;5;204m.[39m[38;5;15mtotal_batch_size[39m[38;5;15m [39m[38;5;204m=[39m[38;5;15m [39m[38;5;141m16[39m

[38;5;15mattack[39m[38;5;204m=[39m[38;5;81mNone[39m
[38;5;15mattack_mode[39m[38;5;204m=[39m[38;5;81mNone[39m
[38;5;15msample[39m[38;5;204m=[39m[38;5;141m1.0[39m

WARNING [10/30 08:30:17 d2.config.lazy]: The config contains objects that cannot serialize to a valid yaml. ./output/dino_internimage_large_384_4scale_12ep/config.yaml is human-readable but cannot be loaded.
WARNING [10/30 08:30:17 d2.config.lazy]: Config is saved using cloudpickle at ./output/dino_internimage_large_384_4scale_12ep/config.yaml.pkl.
[10/30 08:30:17 detectron2]: Full config saved to ./output/dino_internimage_large_384_4scale_12ep/config.yaml
[10/30 08:30:17 d2.utils.env]: Using a generated random seed 19924289
[10/30 08:30:18 InternImage]: using core type: DCNv3
[10/30 08:30:18 InternImage]: using activation layer: GELU
[10/30 08:30:18 InternImage]: using main norm layer: LN
[10/30 08:30:18 InternImage]: using dpr: linear, 0.0
[10/30 08:30:18 InternImage]: level2_post_norm: False
[10/30 08:30:18 InternImage]: level2_post_norm_block_ids: None
[10/30 08:30:18 InternImage]: res_post_norm: False
[10/30 08:30:21 d2.checkpoint.detection_checkpoint]: [DetectionCheckpointer] Loading from model_files/internimage.pth ...
[10/30 08:30:21 fvcore.common.checkpoint]: [Checkpointer] Loading from model_files/internimage.pth ...
/home/hice1/zyahn3/.conda/envs/TOG_test/lib/python3.12/site-packages/fvcore/common/checkpoint.py:252: FutureWarning: You are using `torch.load` with `weights_only=False` (the current default value), which uses the default pickle module implicitly. It is possible to construct malicious pickle data which will execute arbitrary code during unpickling (See https://github.com/pytorch/pytorch/blob/main/SECURITY.md#untrusted-models for more details). In a future release, the default value for `weights_only` will be flipped to `True`. This limits the functions that could be executed during unpickling. Arbitrary objects will no longer be allowed to be loaded via this mode unless they are explicitly allowlisted by the user via `torch.serialization.add_safe_globals`. We recommend you start setting `weights_only=True` for any use case where you don't have full control of the loaded file. Please open an issue on GitHub for any issues related to this experimental feature.
  return torch.load(f, map_location=torch.device("cpu"))
[10/30 08:30:24 detectron2]: Run evaluation under eval-only mode
[10/30 08:30:24 detectron2]: Run evaluation without EMA.
[10/30 08:30:25 d2.data.datasets.coco]: Loaded 5000 images in COCO format from datasets/coco/annotations/instances_val2017.json
[10/30 08:30:25 d2.data.build]: Distribution of instances among all 80 categories:
|   category    | #instances   |   category   | #instances   |   category    | #instances   |
|:-------------:|:-------------|:------------:|:-------------|:-------------:|:-------------|
|    person     | 10777        |   bicycle    | 314          |      car      | 1918         |
|  motorcycle   | 367          |   airplane   | 143          |      bus      | 283          |
|     train     | 190          |    truck     | 414          |     boat      | 424          |
| traffic light | 634          | fire hydrant | 101          |   stop sign   | 75           |
| parking meter | 60           |    bench     | 411          |     bird      | 427          |
|      cat      | 202          |     dog      | 218          |     horse     | 272          |
|     sheep     | 354          |     cow      | 372          |   elephant    | 252          |
|     bear      | 71           |    zebra     | 266          |    giraffe    | 232          |
|   backpack    | 371          |   umbrella   | 407          |    handbag    | 540          |
|      tie      | 252          |   suitcase   | 299          |    frisbee    | 115          |
|     skis      | 241          |  snowboard   | 69           |  sports ball  | 260          |
|     kite      | 327          | baseball bat | 145          | baseball gl.. | 148          |
|  skateboard   | 179          |  surfboard   | 267          | tennis racket | 225          |
|    bottle     | 1013         |  wine glass  | 341          |      cup      | 895          |
|     fork      | 215          |    knife     | 325          |     spoon     | 253          |
|     bowl      | 623          |    banana    | 370          |     apple     | 236          |
|   sandwich    | 177          |    orange    | 285          |   broccoli    | 312          |
|    carrot     | 365          |   hot dog    | 125          |     pizza     | 284          |
|     donut     | 328          |     cake     | 310          |     chair     | 1771         |
|     couch     | 261          | potted plant | 342          |      bed      | 163          |
| dining table  | 695          |    toilet    | 179          |      tv       | 288          |
|    laptop     | 231          |    mouse     | 106          |    remote     | 283          |
|   keyboard    | 153          |  cell phone  | 262          |   microwave   | 55           |
|     oven      | 143          |   toaster    | 9            |     sink      | 225          |
| refrigerator  | 126          |     book     | 1129         |     clock     | 267          |
|     vase      | 274          |   scissors   | 36           |  teddy bear   | 190          |
|  hair drier   | 11           |  toothbrush  | 57           |               |              |
|     total     | 36335        |              |              |               |              |
[10/30 08:30:25 d2.data.common]: Serializing the dataset using: <class 'detectron2.data.common._TorchSerializedList'>
[10/30 08:30:25 d2.data.common]: Serializing 5000 elements to byte tensors and concatenating them all ...
[10/30 08:30:25 d2.data.common]: Serialized dataset takes 19.10 MiB
[10/30 08:30:26 d2.evaluation.evaluator]: Start inference on 5000 batches
Doing attack: None
/home/hice1/zyahn3/.conda/envs/TOG_test/lib/python3.12/site-packages/torch/functional.py:513: UserWarning: torch.meshgrid: in an upcoming release, it will be required to pass the indexing argument. (Triggered internally at /opt/conda/conda-bld/pytorch_1724789220573/work/aten/src/ATen/native/TensorShape.cpp:3609.)
  return _VF.meshgrid(tensors, **kwargs)  # type: ignore[attr-defined]
[10/30 08:30:30 d2.evaluation.evaluator]: Inference done 11/5000. Dataloading: 0.0011 s/iter. Inference: 0.2418 s/iter. Eval: 0.0003 s/iter. Total: 0.2432 s/iter. ETA=0:20:13
[10/30 08:30:35 d2.evaluation.evaluator]: Inference done 34/5000. Dataloading: 0.0012 s/iter. Inference: 0.2246 s/iter. Eval: 0.0003 s/iter. Total: 0.2261 s/iter. ETA=0:18:42
[10/30 08:30:40 d2.evaluation.evaluator]: Inference done 57/5000. Dataloading: 0.0012 s/iter. Inference: 0.2235 s/iter. Eval: 0.0003 s/iter. Total: 0.2251 s/iter. ETA=0:18:32
[10/30 08:30:45 d2.evaluation.evaluator]: Inference done 80/5000. Dataloading: 0.0012 s/iter. Inference: 0.2237 s/iter. Eval: 0.0003 s/iter. Total: 0.2253 s/iter. ETA=0:18:28
[10/30 08:30:50 d2.evaluation.evaluator]: Inference done 104/5000. Dataloading: 0.0012 s/iter. Inference: 0.2212 s/iter. Eval: 0.0003 s/iter. Total: 0.2228 s/iter. ETA=0:18:10
[10/30 08:30:56 d2.evaluation.evaluator]: Inference done 127/5000. Dataloading: 0.0012 s/iter. Inference: 0.2209 s/iter. Eval: 0.0003 s/iter. Total: 0.2225 s/iter. ETA=0:18:04
[10/30 08:31:01 d2.evaluation.evaluator]: Inference done 149/5000. Dataloading: 0.0012 s/iter. Inference: 0.2219 s/iter. Eval: 0.0003 s/iter. Total: 0.2236 s/iter. ETA=0:18:04
[10/30 08:31:06 d2.evaluation.evaluator]: Inference done 172/5000. Dataloading: 0.0012 s/iter. Inference: 0.2219 s/iter. Eval: 0.0003 s/iter. Total: 0.2235 s/iter. ETA=0:17:59
[10/30 08:31:11 d2.evaluation.evaluator]: Inference done 195/5000. Dataloading: 0.0012 s/iter. Inference: 0.2218 s/iter. Eval: 0.0003 s/iter. Total: 0.2234 s/iter. ETA=0:17:53
[10/30 08:31:16 d2.evaluation.evaluator]: Inference done 218/5000. Dataloading: 0.0012 s/iter. Inference: 0.2214 s/iter. Eval: 0.0003 s/iter. Total: 0.2231 s/iter. ETA=0:17:46
[10/30 08:31:21 d2.evaluation.evaluator]: Inference done 241/5000. Dataloading: 0.0012 s/iter. Inference: 0.2215 s/iter. Eval: 0.0003 s/iter. Total: 0.2231 s/iter. ETA=0:17:41
[10/30 08:31:26 d2.evaluation.evaluator]: Inference done 264/5000. Dataloading: 0.0012 s/iter. Inference: 0.2214 s/iter. Eval: 0.0003 s/iter. Total: 0.2231 s/iter. ETA=0:17:36
[10/30 08:31:31 d2.evaluation.evaluator]: Inference done 286/5000. Dataloading: 0.0012 s/iter. Inference: 0.2221 s/iter. Eval: 0.0003 s/iter. Total: 0.2237 s/iter. ETA=0:17:34
[10/30 08:31:36 d2.evaluation.evaluator]: Inference done 309/5000. Dataloading: 0.0012 s/iter. Inference: 0.2222 s/iter. Eval: 0.0003 s/iter. Total: 0.2238 s/iter. ETA=0:17:30
[10/30 08:31:42 d2.evaluation.evaluator]: Inference done 332/5000. Dataloading: 0.0012 s/iter. Inference: 0.2222 s/iter. Eval: 0.0003 s/iter. Total: 0.2238 s/iter. ETA=0:17:24
[10/30 08:31:47 d2.evaluation.evaluator]: Inference done 354/5000. Dataloading: 0.0012 s/iter. Inference: 0.2225 s/iter. Eval: 0.0003 s/iter. Total: 0.2241 s/iter. ETA=0:17:21
[10/30 08:31:52 d2.evaluation.evaluator]: Inference done 376/5000. Dataloading: 0.0012 s/iter. Inference: 0.2227 s/iter. Eval: 0.0003 s/iter. Total: 0.2243 s/iter. ETA=0:17:17
[10/30 08:31:57 d2.evaluation.evaluator]: Inference done 400/5000. Dataloading: 0.0012 s/iter. Inference: 0.2222 s/iter. Eval: 0.0003 s/iter. Total: 0.2238 s/iter. ETA=0:17:09
[10/30 08:32:02 d2.evaluation.evaluator]: Inference done 423/5000. Dataloading: 0.0012 s/iter. Inference: 0.2220 s/iter. Eval: 0.0003 s/iter. Total: 0.2236 s/iter. ETA=0:17:03
[10/30 08:32:07 d2.evaluation.evaluator]: Inference done 445/5000. Dataloading: 0.0012 s/iter. Inference: 0.2224 s/iter. Eval: 0.0003 s/iter. Total: 0.2240 s/iter. ETA=0:17:00
[10/30 08:32:12 d2.evaluation.evaluator]: Inference done 468/5000. Dataloading: 0.0012 s/iter. Inference: 0.2225 s/iter. Eval: 0.0003 s/iter. Total: 0.2241 s/iter. ETA=0:16:55
[10/30 08:32:17 d2.evaluation.evaluator]: Inference done 490/5000. Dataloading: 0.0012 s/iter. Inference: 0.2227 s/iter. Eval: 0.0003 s/iter. Total: 0.2243 s/iter. ETA=0:16:51
[10/30 08:32:22 d2.evaluation.evaluator]: Inference done 513/5000. Dataloading: 0.0012 s/iter. Inference: 0.2224 s/iter. Eval: 0.0003 s/iter. Total: 0.2240 s/iter. ETA=0:16:45
[10/30 08:32:27 d2.evaluation.evaluator]: Inference done 536/5000. Dataloading: 0.0012 s/iter. Inference: 0.2224 s/iter. Eval: 0.0003 s/iter. Total: 0.2240 s/iter. ETA=0:16:39
[10/30 08:32:32 d2.evaluation.evaluator]: Inference done 559/5000. Dataloading: 0.0012 s/iter. Inference: 0.2223 s/iter. Eval: 0.0003 s/iter. Total: 0.2240 s/iter. ETA=0:16:34
[10/30 08:32:38 d2.evaluation.evaluator]: Inference done 582/5000. Dataloading: 0.0012 s/iter. Inference: 0.2225 s/iter. Eval: 0.0003 s/iter. Total: 0.2241 s/iter. ETA=0:16:29
[10/30 08:32:43 d2.evaluation.evaluator]: Inference done 605/5000. Dataloading: 0.0012 s/iter. Inference: 0.2225 s/iter. Eval: 0.0003 s/iter. Total: 0.2241 s/iter. ETA=0:16:25
[10/30 08:32:48 d2.evaluation.evaluator]: Inference done 627/5000. Dataloading: 0.0012 s/iter. Inference: 0.2227 s/iter. Eval: 0.0003 s/iter. Total: 0.2243 s/iter. ETA=0:16:21
[10/30 08:32:53 d2.evaluation.evaluator]: Inference done 650/5000. Dataloading: 0.0012 s/iter. Inference: 0.2226 s/iter. Eval: 0.0003 s/iter. Total: 0.2242 s/iter. ETA=0:16:15
[10/30 08:32:58 d2.evaluation.evaluator]: Inference done 673/5000. Dataloading: 0.0012 s/iter. Inference: 0.2227 s/iter. Eval: 0.0003 s/iter. Total: 0.2243 s/iter. ETA=0:16:10
[10/30 08:33:03 d2.evaluation.evaluator]: Inference done 696/5000. Dataloading: 0.0012 s/iter. Inference: 0.2227 s/iter. Eval: 0.0003 s/iter. Total: 0.2244 s/iter. ETA=0:16:05
[10/30 08:33:08 d2.evaluation.evaluator]: Inference done 718/5000. Dataloading: 0.0012 s/iter. Inference: 0.2230 s/iter. Eval: 0.0003 s/iter. Total: 0.2246 s/iter. ETA=0:16:01
[10/30 08:33:14 d2.evaluation.evaluator]: Inference done 741/5000. Dataloading: 0.0012 s/iter. Inference: 0.2230 s/iter. Eval: 0.0003 s/iter. Total: 0.2246 s/iter. ETA=0:15:56
[10/30 08:33:19 d2.evaluation.evaluator]: Inference done 764/5000. Dataloading: 0.0012 s/iter. Inference: 0.2230 s/iter. Eval: 0.0003 s/iter. Total: 0.2246 s/iter. ETA=0:15:51
[10/30 08:33:24 d2.evaluation.evaluator]: Inference done 786/5000. Dataloading: 0.0012 s/iter. Inference: 0.2231 s/iter. Eval: 0.0003 s/iter. Total: 0.2248 s/iter. ETA=0:15:47
[10/30 08:33:29 d2.evaluation.evaluator]: Inference done 809/5000. Dataloading: 0.0012 s/iter. Inference: 0.2231 s/iter. Eval: 0.0003 s/iter. Total: 0.2248 s/iter. ETA=0:15:42
[10/30 08:33:34 d2.evaluation.evaluator]: Inference done 832/5000. Dataloading: 0.0012 s/iter. Inference: 0.2231 s/iter. Eval: 0.0003 s/iter. Total: 0.2247 s/iter. ETA=0:15:36
[10/30 08:33:39 d2.evaluation.evaluator]: Inference done 855/5000. Dataloading: 0.0012 s/iter. Inference: 0.2231 s/iter. Eval: 0.0003 s/iter. Total: 0.2248 s/iter. ETA=0:15:31
[10/30 08:33:45 d2.evaluation.evaluator]: Inference done 878/5000. Dataloading: 0.0012 s/iter. Inference: 0.2231 s/iter. Eval: 0.0003 s/iter. Total: 0.2248 s/iter. ETA=0:15:26
[10/30 08:33:50 d2.evaluation.evaluator]: Inference done 901/5000. Dataloading: 0.0012 s/iter. Inference: 0.2231 s/iter. Eval: 0.0003 s/iter. Total: 0.2247 s/iter. ETA=0:15:21
[10/30 08:33:55 d2.evaluation.evaluator]: Inference done 924/5000. Dataloading: 0.0012 s/iter. Inference: 0.2230 s/iter. Eval: 0.0003 s/iter. Total: 0.2246 s/iter. ETA=0:15:15
[10/30 08:34:00 d2.evaluation.evaluator]: Inference done 946/5000. Dataloading: 0.0012 s/iter. Inference: 0.2230 s/iter. Eval: 0.0003 s/iter. Total: 0.2247 s/iter. ETA=0:15:10
[10/30 08:34:05 d2.evaluation.evaluator]: Inference done 968/5000. Dataloading: 0.0012 s/iter. Inference: 0.2231 s/iter. Eval: 0.0003 s/iter. Total: 0.2248 s/iter. ETA=0:15:06
[10/30 08:34:10 d2.evaluation.evaluator]: Inference done 991/5000. Dataloading: 0.0012 s/iter. Inference: 0.2231 s/iter. Eval: 0.0003 s/iter. Total: 0.2247 s/iter. ETA=0:15:00
[10/30 08:34:15 d2.evaluation.evaluator]: Inference done 1014/5000. Dataloading: 0.0012 s/iter. Inference: 0.2230 s/iter. Eval: 0.0003 s/iter. Total: 0.2246 s/iter. ETA=0:14:55
[10/30 08:34:20 d2.evaluation.evaluator]: Inference done 1036/5000. Dataloading: 0.0012 s/iter. Inference: 0.2232 s/iter. Eval: 0.0003 s/iter. Total: 0.2248 s/iter. ETA=0:14:51
[10/30 08:34:25 d2.evaluation.evaluator]: Inference done 1059/5000. Dataloading: 0.0012 s/iter. Inference: 0.2233 s/iter. Eval: 0.0003 s/iter. Total: 0.2249 s/iter. ETA=0:14:46
[10/30 08:34:30 d2.evaluation.evaluator]: Inference done 1081/5000. Dataloading: 0.0012 s/iter. Inference: 0.2233 s/iter. Eval: 0.0003 s/iter. Total: 0.2250 s/iter. ETA=0:14:41
[10/30 08:34:36 d2.evaluation.evaluator]: Inference done 1104/5000. Dataloading: 0.0012 s/iter. Inference: 0.2234 s/iter. Eval: 0.0003 s/iter. Total: 0.2250 s/iter. ETA=0:14:36
[10/30 08:34:41 d2.evaluation.evaluator]: Inference done 1127/5000. Dataloading: 0.0012 s/iter. Inference: 0.2234 s/iter. Eval: 0.0003 s/iter. Total: 0.2250 s/iter. ETA=0:14:31
[10/30 08:34:46 d2.evaluation.evaluator]: Inference done 1149/5000. Dataloading: 0.0012 s/iter. Inference: 0.2234 s/iter. Eval: 0.0003 s/iter. Total: 0.2251 s/iter. ETA=0:14:26
[10/30 08:34:51 d2.evaluation.evaluator]: Inference done 1171/5000. Dataloading: 0.0012 s/iter. Inference: 0.2236 s/iter. Eval: 0.0003 s/iter. Total: 0.2252 s/iter. ETA=0:14:22
[10/30 08:34:56 d2.evaluation.evaluator]: Inference done 1194/5000. Dataloading: 0.0012 s/iter. Inference: 0.2236 s/iter. Eval: 0.0003 s/iter. Total: 0.2252 s/iter. ETA=0:14:17
[10/30 08:35:01 d2.evaluation.evaluator]: Inference done 1217/5000. Dataloading: 0.0012 s/iter. Inference: 0.2236 s/iter. Eval: 0.0003 s/iter. Total: 0.2252 s/iter. ETA=0:14:11
[10/30 08:35:07 d2.evaluation.evaluator]: Inference done 1240/5000. Dataloading: 0.0012 s/iter. Inference: 0.2236 s/iter. Eval: 0.0003 s/iter. Total: 0.2252 s/iter. ETA=0:14:06
[10/30 08:35:12 d2.evaluation.evaluator]: Inference done 1263/5000. Dataloading: 0.0012 s/iter. Inference: 0.2236 s/iter. Eval: 0.0003 s/iter. Total: 0.2252 s/iter. ETA=0:14:01
[10/30 08:35:17 d2.evaluation.evaluator]: Inference done 1286/5000. Dataloading: 0.0012 s/iter. Inference: 0.2236 s/iter. Eval: 0.0003 s/iter. Total: 0.2252 s/iter. ETA=0:13:56
[10/30 08:35:22 d2.evaluation.evaluator]: Inference done 1309/5000. Dataloading: 0.0012 s/iter. Inference: 0.2235 s/iter. Eval: 0.0003 s/iter. Total: 0.2251 s/iter. ETA=0:13:50
[10/30 08:35:27 d2.evaluation.evaluator]: Inference done 1332/5000. Dataloading: 0.0012 s/iter. Inference: 0.2234 s/iter. Eval: 0.0003 s/iter. Total: 0.2250 s/iter. ETA=0:13:45
[10/30 08:35:32 d2.evaluation.evaluator]: Inference done 1355/5000. Dataloading: 0.0012 s/iter. Inference: 0.2234 s/iter. Eval: 0.0003 s/iter. Total: 0.2250 s/iter. ETA=0:13:40
[10/30 08:35:37 d2.evaluation.evaluator]: Inference done 1378/5000. Dataloading: 0.0012 s/iter. Inference: 0.2234 s/iter. Eval: 0.0003 s/iter. Total: 0.2250 s/iter. ETA=0:13:35
[10/30 08:35:43 d2.evaluation.evaluator]: Inference done 1401/5000. Dataloading: 0.0012 s/iter. Inference: 0.2234 s/iter. Eval: 0.0003 s/iter. Total: 0.2250 s/iter. ETA=0:13:29
[10/30 08:35:48 d2.evaluation.evaluator]: Inference done 1425/5000. Dataloading: 0.0012 s/iter. Inference: 0.2233 s/iter. Eval: 0.0003 s/iter. Total: 0.2249 s/iter. ETA=0:13:24
[10/30 08:35:53 d2.evaluation.evaluator]: Inference done 1448/5000. Dataloading: 0.0012 s/iter. Inference: 0.2233 s/iter. Eval: 0.0003 s/iter. Total: 0.2249 s/iter. ETA=0:13:18
[10/30 08:35:58 d2.evaluation.evaluator]: Inference done 1472/5000. Dataloading: 0.0012 s/iter. Inference: 0.2231 s/iter. Eval: 0.0003 s/iter. Total: 0.2248 s/iter. ETA=0:13:12
[10/30 08:36:03 d2.evaluation.evaluator]: Inference done 1494/5000. Dataloading: 0.0012 s/iter. Inference: 0.2232 s/iter. Eval: 0.0003 s/iter. Total: 0.2248 s/iter. ETA=0:13:08
[10/30 08:36:08 d2.evaluation.evaluator]: Inference done 1518/5000. Dataloading: 0.0012 s/iter. Inference: 0.2230 s/iter. Eval: 0.0003 s/iter. Total: 0.2247 s/iter. ETA=0:13:02
[10/30 08:36:13 d2.evaluation.evaluator]: Inference done 1539/5000. Dataloading: 0.0012 s/iter. Inference: 0.2232 s/iter. Eval: 0.0003 s/iter. Total: 0.2249 s/iter. ETA=0:12:58
[10/30 08:36:19 d2.evaluation.evaluator]: Inference done 1562/5000. Dataloading: 0.0012 s/iter. Inference: 0.2233 s/iter. Eval: 0.0003 s/iter. Total: 0.2249 s/iter. ETA=0:12:53
[10/30 08:36:24 d2.evaluation.evaluator]: Inference done 1584/5000. Dataloading: 0.0013 s/iter. Inference: 0.2233 s/iter. Eval: 0.0003 s/iter. Total: 0.2249 s/iter. ETA=0:12:48
[10/30 08:36:29 d2.evaluation.evaluator]: Inference done 1606/5000. Dataloading: 0.0013 s/iter. Inference: 0.2233 s/iter. Eval: 0.0003 s/iter. Total: 0.2250 s/iter. ETA=0:12:43
[10/30 08:36:34 d2.evaluation.evaluator]: Inference done 1629/5000. Dataloading: 0.0013 s/iter. Inference: 0.2233 s/iter. Eval: 0.0003 s/iter. Total: 0.2250 s/iter. ETA=0:12:38
[10/30 08:36:39 d2.evaluation.evaluator]: Inference done 1652/5000. Dataloading: 0.0013 s/iter. Inference: 0.2233 s/iter. Eval: 0.0003 s/iter. Total: 0.2249 s/iter. ETA=0:12:33
[10/30 08:36:44 d2.evaluation.evaluator]: Inference done 1675/5000. Dataloading: 0.0013 s/iter. Inference: 0.2233 s/iter. Eval: 0.0003 s/iter. Total: 0.2249 s/iter. ETA=0:12:27
[10/30 08:36:49 d2.evaluation.evaluator]: Inference done 1698/5000. Dataloading: 0.0013 s/iter. Inference: 0.2233 s/iter. Eval: 0.0003 s/iter. Total: 0.2250 s/iter. ETA=0:12:22
[10/30 08:36:54 d2.evaluation.evaluator]: Inference done 1721/5000. Dataloading: 0.0013 s/iter. Inference: 0.2233 s/iter. Eval: 0.0003 s/iter. Total: 0.2249 s/iter. ETA=0:12:17
[10/30 08:37:00 d2.evaluation.evaluator]: Inference done 1744/5000. Dataloading: 0.0013 s/iter. Inference: 0.2233 s/iter. Eval: 0.0003 s/iter. Total: 0.2250 s/iter. ETA=0:12:12
[10/30 08:37:05 d2.evaluation.evaluator]: Inference done 1767/5000. Dataloading: 0.0012 s/iter. Inference: 0.2234 s/iter. Eval: 0.0003 s/iter. Total: 0.2250 s/iter. ETA=0:12:07
[10/30 08:37:10 d2.evaluation.evaluator]: Inference done 1791/5000. Dataloading: 0.0012 s/iter. Inference: 0.2232 s/iter. Eval: 0.0003 s/iter. Total: 0.2249 s/iter. ETA=0:12:01
[10/30 08:37:15 d2.evaluation.evaluator]: Inference done 1814/5000. Dataloading: 0.0012 s/iter. Inference: 0.2233 s/iter. Eval: 0.0003 s/iter. Total: 0.2249 s/iter. ETA=0:11:56
[10/30 08:37:20 d2.evaluation.evaluator]: Inference done 1837/5000. Dataloading: 0.0012 s/iter. Inference: 0.2233 s/iter. Eval: 0.0003 s/iter. Total: 0.2249 s/iter. ETA=0:11:51
[10/30 08:37:25 d2.evaluation.evaluator]: Inference done 1860/5000. Dataloading: 0.0012 s/iter. Inference: 0.2232 s/iter. Eval: 0.0003 s/iter. Total: 0.2249 s/iter. ETA=0:11:46
[10/30 08:37:30 d2.evaluation.evaluator]: Inference done 1882/5000. Dataloading: 0.0012 s/iter. Inference: 0.2232 s/iter. Eval: 0.0003 s/iter. Total: 0.2249 s/iter. ETA=0:11:41
[10/30 08:37:36 d2.evaluation.evaluator]: Inference done 1905/5000. Dataloading: 0.0012 s/iter. Inference: 0.2232 s/iter. Eval: 0.0003 s/iter. Total: 0.2249 s/iter. ETA=0:11:35
[10/30 08:37:41 d2.evaluation.evaluator]: Inference done 1927/5000. Dataloading: 0.0012 s/iter. Inference: 0.2233 s/iter. Eval: 0.0003 s/iter. Total: 0.2249 s/iter. ETA=0:11:31
[10/30 08:37:46 d2.evaluation.evaluator]: Inference done 1950/5000. Dataloading: 0.0012 s/iter. Inference: 0.2232 s/iter. Eval: 0.0003 s/iter. Total: 0.2249 s/iter. ETA=0:11:25
[10/30 08:37:51 d2.evaluation.evaluator]: Inference done 1973/5000. Dataloading: 0.0012 s/iter. Inference: 0.2232 s/iter. Eval: 0.0003 s/iter. Total: 0.2249 s/iter. ETA=0:11:20
[10/30 08:37:56 d2.evaluation.evaluator]: Inference done 1996/5000. Dataloading: 0.0012 s/iter. Inference: 0.2232 s/iter. Eval: 0.0003 s/iter. Total: 0.2249 s/iter. ETA=0:11:15
[10/30 08:38:01 d2.evaluation.evaluator]: Inference done 2018/5000. Dataloading: 0.0012 s/iter. Inference: 0.2233 s/iter. Eval: 0.0003 s/iter. Total: 0.2249 s/iter. ETA=0:11:10
[10/30 08:38:06 d2.evaluation.evaluator]: Inference done 2041/5000. Dataloading: 0.0012 s/iter. Inference: 0.2232 s/iter. Eval: 0.0003 s/iter. Total: 0.2249 s/iter. ETA=0:11:05
[10/30 08:38:11 d2.evaluation.evaluator]: Inference done 2064/5000. Dataloading: 0.0012 s/iter. Inference: 0.2232 s/iter. Eval: 0.0003 s/iter. Total: 0.2248 s/iter. ETA=0:11:00
[10/30 08:38:16 d2.evaluation.evaluator]: Inference done 2087/5000. Dataloading: 0.0012 s/iter. Inference: 0.2232 s/iter. Eval: 0.0003 s/iter. Total: 0.2248 s/iter. ETA=0:10:54
[10/30 08:38:22 d2.evaluation.evaluator]: Inference done 2110/5000. Dataloading: 0.0012 s/iter. Inference: 0.2232 s/iter. Eval: 0.0003 s/iter. Total: 0.2248 s/iter. ETA=0:10:49
[10/30 08:38:27 d2.evaluation.evaluator]: Inference done 2133/5000. Dataloading: 0.0012 s/iter. Inference: 0.2231 s/iter. Eval: 0.0003 s/iter. Total: 0.2248 s/iter. ETA=0:10:44
[10/30 08:38:32 d2.evaluation.evaluator]: Inference done 2155/5000. Dataloading: 0.0012 s/iter. Inference: 0.2232 s/iter. Eval: 0.0003 s/iter. Total: 0.2248 s/iter. ETA=0:10:39
[10/30 08:38:37 d2.evaluation.evaluator]: Inference done 2178/5000. Dataloading: 0.0012 s/iter. Inference: 0.2232 s/iter. Eval: 0.0003 s/iter. Total: 0.2248 s/iter. ETA=0:10:34
[10/30 08:38:42 d2.evaluation.evaluator]: Inference done 2201/5000. Dataloading: 0.0012 s/iter. Inference: 0.2232 s/iter. Eval: 0.0003 s/iter. Total: 0.2248 s/iter. ETA=0:10:29
[10/30 08:38:47 d2.evaluation.evaluator]: Inference done 2224/5000. Dataloading: 0.0012 s/iter. Inference: 0.2232 s/iter. Eval: 0.0003 s/iter. Total: 0.2248 s/iter. ETA=0:10:24
[10/30 08:38:52 d2.evaluation.evaluator]: Inference done 2247/5000. Dataloading: 0.0012 s/iter. Inference: 0.2232 s/iter. Eval: 0.0003 s/iter. Total: 0.2248 s/iter. ETA=0:10:18
[10/30 08:38:58 d2.evaluation.evaluator]: Inference done 2270/5000. Dataloading: 0.0012 s/iter. Inference: 0.2232 s/iter. Eval: 0.0003 s/iter. Total: 0.2248 s/iter. ETA=0:10:13
[10/30 08:39:03 d2.evaluation.evaluator]: Inference done 2293/5000. Dataloading: 0.0012 s/iter. Inference: 0.2232 s/iter. Eval: 0.0003 s/iter. Total: 0.2248 s/iter. ETA=0:10:08
[10/30 08:39:08 d2.evaluation.evaluator]: Inference done 2316/5000. Dataloading: 0.0012 s/iter. Inference: 0.2232 s/iter. Eval: 0.0003 s/iter. Total: 0.2248 s/iter. ETA=0:10:03
[10/30 08:39:13 d2.evaluation.evaluator]: Inference done 2338/5000. Dataloading: 0.0012 s/iter. Inference: 0.2232 s/iter. Eval: 0.0003 s/iter. Total: 0.2249 s/iter. ETA=0:09:58
[10/30 08:39:18 d2.evaluation.evaluator]: Inference done 2360/5000. Dataloading: 0.0012 s/iter. Inference: 0.2233 s/iter. Eval: 0.0003 s/iter. Total: 0.2249 s/iter. ETA=0:09:53
[10/30 08:39:23 d2.evaluation.evaluator]: Inference done 2383/5000. Dataloading: 0.0012 s/iter. Inference: 0.2233 s/iter. Eval: 0.0003 s/iter. Total: 0.2249 s/iter. ETA=0:09:48
[10/30 08:39:28 d2.evaluation.evaluator]: Inference done 2406/5000. Dataloading: 0.0012 s/iter. Inference: 0.2233 s/iter. Eval: 0.0003 s/iter. Total: 0.2249 s/iter. ETA=0:09:43
[10/30 08:39:33 d2.evaluation.evaluator]: Inference done 2428/5000. Dataloading: 0.0012 s/iter. Inference: 0.2233 s/iter. Eval: 0.0003 s/iter. Total: 0.2249 s/iter. ETA=0:09:38
[10/30 08:39:39 d2.evaluation.evaluator]: Inference done 2450/5000. Dataloading: 0.0012 s/iter. Inference: 0.2234 s/iter. Eval: 0.0003 s/iter. Total: 0.2250 s/iter. ETA=0:09:33
[10/30 08:39:44 d2.evaluation.evaluator]: Inference done 2472/5000. Dataloading: 0.0012 s/iter. Inference: 0.2234 s/iter. Eval: 0.0003 s/iter. Total: 0.2250 s/iter. ETA=0:09:28
[10/30 08:39:49 d2.evaluation.evaluator]: Inference done 2495/5000. Dataloading: 0.0012 s/iter. Inference: 0.2234 s/iter. Eval: 0.0003 s/iter. Total: 0.2250 s/iter. ETA=0:09:23
[10/30 08:39:54 d2.evaluation.evaluator]: Inference done 2518/5000. Dataloading: 0.0012 s/iter. Inference: 0.2234 s/iter. Eval: 0.0003 s/iter. Total: 0.2250 s/iter. ETA=0:09:18
[10/30 08:39:59 d2.evaluation.evaluator]: Inference done 2541/5000. Dataloading: 0.0012 s/iter. Inference: 0.2233 s/iter. Eval: 0.0003 s/iter. Total: 0.2250 s/iter. ETA=0:09:13
[10/30 08:40:04 d2.evaluation.evaluator]: Inference done 2563/5000. Dataloading: 0.0012 s/iter. Inference: 0.2234 s/iter. Eval: 0.0003 s/iter. Total: 0.2250 s/iter. ETA=0:09:08
[10/30 08:40:09 d2.evaluation.evaluator]: Inference done 2586/5000. Dataloading: 0.0012 s/iter. Inference: 0.2234 s/iter. Eval: 0.0003 s/iter. Total: 0.2250 s/iter. ETA=0:09:03
[10/30 08:40:14 d2.evaluation.evaluator]: Inference done 2609/5000. Dataloading: 0.0012 s/iter. Inference: 0.2234 s/iter. Eval: 0.0003 s/iter. Total: 0.2250 s/iter. ETA=0:08:57
[10/30 08:40:19 d2.evaluation.evaluator]: Inference done 2632/5000. Dataloading: 0.0012 s/iter. Inference: 0.2234 s/iter. Eval: 0.0003 s/iter. Total: 0.2250 s/iter. ETA=0:08:52
[10/30 08:40:25 d2.evaluation.evaluator]: Inference done 2654/5000. Dataloading: 0.0012 s/iter. Inference: 0.2234 s/iter. Eval: 0.0003 s/iter. Total: 0.2250 s/iter. ETA=0:08:47
[10/30 08:40:30 d2.evaluation.evaluator]: Inference done 2677/5000. Dataloading: 0.0012 s/iter. Inference: 0.2234 s/iter. Eval: 0.0003 s/iter. Total: 0.2251 s/iter. ETA=0:08:42
[10/30 08:40:35 d2.evaluation.evaluator]: Inference done 2699/5000. Dataloading: 0.0012 s/iter. Inference: 0.2235 s/iter. Eval: 0.0003 s/iter. Total: 0.2251 s/iter. ETA=0:08:37
[10/30 08:40:40 d2.evaluation.evaluator]: Inference done 2722/5000. Dataloading: 0.0012 s/iter. Inference: 0.2235 s/iter. Eval: 0.0003 s/iter. Total: 0.2251 s/iter. ETA=0:08:32
[10/30 08:40:45 d2.evaluation.evaluator]: Inference done 2745/5000. Dataloading: 0.0012 s/iter. Inference: 0.2234 s/iter. Eval: 0.0003 s/iter. Total: 0.2251 s/iter. ETA=0:08:27
[10/30 08:40:50 d2.evaluation.evaluator]: Inference done 2768/5000. Dataloading: 0.0012 s/iter. Inference: 0.2234 s/iter. Eval: 0.0003 s/iter. Total: 0.2250 s/iter. ETA=0:08:22
[10/30 08:40:55 d2.evaluation.evaluator]: Inference done 2790/5000. Dataloading: 0.0012 s/iter. Inference: 0.2234 s/iter. Eval: 0.0003 s/iter. Total: 0.2250 s/iter. ETA=0:08:17
[10/30 08:41:00 d2.evaluation.evaluator]: Inference done 2813/5000. Dataloading: 0.0012 s/iter. Inference: 0.2234 s/iter. Eval: 0.0003 s/iter. Total: 0.2250 s/iter. ETA=0:08:12
[10/30 08:41:05 d2.evaluation.evaluator]: Inference done 2835/5000. Dataloading: 0.0012 s/iter. Inference: 0.2234 s/iter. Eval: 0.0003 s/iter. Total: 0.2251 s/iter. ETA=0:08:07
[10/30 08:41:11 d2.evaluation.evaluator]: Inference done 2858/5000. Dataloading: 0.0012 s/iter. Inference: 0.2235 s/iter. Eval: 0.0003 s/iter. Total: 0.2251 s/iter. ETA=0:08:02
[10/30 08:41:16 d2.evaluation.evaluator]: Inference done 2881/5000. Dataloading: 0.0012 s/iter. Inference: 0.2235 s/iter. Eval: 0.0003 s/iter. Total: 0.2251 s/iter. ETA=0:07:56
[10/30 08:41:21 d2.evaluation.evaluator]: Inference done 2904/5000. Dataloading: 0.0012 s/iter. Inference: 0.2235 s/iter. Eval: 0.0003 s/iter. Total: 0.2251 s/iter. ETA=0:07:51
[10/30 08:41:26 d2.evaluation.evaluator]: Inference done 2927/5000. Dataloading: 0.0012 s/iter. Inference: 0.2235 s/iter. Eval: 0.0003 s/iter. Total: 0.2251 s/iter. ETA=0:07:46
[10/30 08:41:31 d2.evaluation.evaluator]: Inference done 2948/5000. Dataloading: 0.0012 s/iter. Inference: 0.2236 s/iter. Eval: 0.0003 s/iter. Total: 0.2253 s/iter. ETA=0:07:42
[10/30 08:41:36 d2.evaluation.evaluator]: Inference done 2970/5000. Dataloading: 0.0012 s/iter. Inference: 0.2237 s/iter. Eval: 0.0003 s/iter. Total: 0.2253 s/iter. ETA=0:07:37
[10/30 08:41:42 d2.evaluation.evaluator]: Inference done 2993/5000. Dataloading: 0.0012 s/iter. Inference: 0.2237 s/iter. Eval: 0.0003 s/iter. Total: 0.2253 s/iter. ETA=0:07:32
[10/30 08:41:47 d2.evaluation.evaluator]: Inference done 3015/5000. Dataloading: 0.0012 s/iter. Inference: 0.2237 s/iter. Eval: 0.0003 s/iter. Total: 0.2253 s/iter. ETA=0:07:27
[10/30 08:41:52 d2.evaluation.evaluator]: Inference done 3037/5000. Dataloading: 0.0012 s/iter. Inference: 0.2237 s/iter. Eval: 0.0003 s/iter. Total: 0.2254 s/iter. ETA=0:07:22
[10/30 08:41:57 d2.evaluation.evaluator]: Inference done 3059/5000. Dataloading: 0.0012 s/iter. Inference: 0.2238 s/iter. Eval: 0.0003 s/iter. Total: 0.2254 s/iter. ETA=0:07:17
[10/30 08:42:02 d2.evaluation.evaluator]: Inference done 3081/5000. Dataloading: 0.0012 s/iter. Inference: 0.2238 s/iter. Eval: 0.0003 s/iter. Total: 0.2254 s/iter. ETA=0:07:12
[10/30 08:42:07 d2.evaluation.evaluator]: Inference done 3104/5000. Dataloading: 0.0012 s/iter. Inference: 0.2238 s/iter. Eval: 0.0003 s/iter. Total: 0.2255 s/iter. ETA=0:07:07
[10/30 08:42:12 d2.evaluation.evaluator]: Inference done 3127/5000. Dataloading: 0.0012 s/iter. Inference: 0.2239 s/iter. Eval: 0.0003 s/iter. Total: 0.2255 s/iter. ETA=0:07:02
[10/30 08:42:17 d2.evaluation.evaluator]: Inference done 3149/5000. Dataloading: 0.0012 s/iter. Inference: 0.2239 s/iter. Eval: 0.0003 s/iter. Total: 0.2255 s/iter. ETA=0:06:57
[10/30 08:42:23 d2.evaluation.evaluator]: Inference done 3172/5000. Dataloading: 0.0012 s/iter. Inference: 0.2239 s/iter. Eval: 0.0003 s/iter. Total: 0.2255 s/iter. ETA=0:06:52
[10/30 08:42:28 d2.evaluation.evaluator]: Inference done 3195/5000. Dataloading: 0.0012 s/iter. Inference: 0.2239 s/iter. Eval: 0.0003 s/iter. Total: 0.2255 s/iter. ETA=0:06:47
[10/30 08:42:33 d2.evaluation.evaluator]: Inference done 3218/5000. Dataloading: 0.0012 s/iter. Inference: 0.2239 s/iter. Eval: 0.0003 s/iter. Total: 0.2255 s/iter. ETA=0:06:41
[10/30 08:42:38 d2.evaluation.evaluator]: Inference done 3240/5000. Dataloading: 0.0012 s/iter. Inference: 0.2239 s/iter. Eval: 0.0003 s/iter. Total: 0.2255 s/iter. ETA=0:06:36
[10/30 08:42:43 d2.evaluation.evaluator]: Inference done 3263/5000. Dataloading: 0.0012 s/iter. Inference: 0.2239 s/iter. Eval: 0.0003 s/iter. Total: 0.2255 s/iter. ETA=0:06:31
[10/30 08:42:48 d2.evaluation.evaluator]: Inference done 3285/5000. Dataloading: 0.0012 s/iter. Inference: 0.2240 s/iter. Eval: 0.0003 s/iter. Total: 0.2256 s/iter. ETA=0:06:26
[10/30 08:42:53 d2.evaluation.evaluator]: Inference done 3307/5000. Dataloading: 0.0012 s/iter. Inference: 0.2240 s/iter. Eval: 0.0003 s/iter. Total: 0.2256 s/iter. ETA=0:06:21
[10/30 08:42:58 d2.evaluation.evaluator]: Inference done 3329/5000. Dataloading: 0.0012 s/iter. Inference: 0.2240 s/iter. Eval: 0.0003 s/iter. Total: 0.2256 s/iter. ETA=0:06:16
[10/30 08:43:03 d2.evaluation.evaluator]: Inference done 3352/5000. Dataloading: 0.0012 s/iter. Inference: 0.2240 s/iter. Eval: 0.0003 s/iter. Total: 0.2256 s/iter. ETA=0:06:11
[10/30 08:43:09 d2.evaluation.evaluator]: Inference done 3374/5000. Dataloading: 0.0012 s/iter. Inference: 0.2240 s/iter. Eval: 0.0003 s/iter. Total: 0.2256 s/iter. ETA=0:06:06
[10/30 08:43:14 d2.evaluation.evaluator]: Inference done 3397/5000. Dataloading: 0.0012 s/iter. Inference: 0.2240 s/iter. Eval: 0.0003 s/iter. Total: 0.2256 s/iter. ETA=0:06:01
[10/30 08:43:19 d2.evaluation.evaluator]: Inference done 3420/5000. Dataloading: 0.0012 s/iter. Inference: 0.2240 s/iter. Eval: 0.0003 s/iter. Total: 0.2256 s/iter. ETA=0:05:56
[10/30 08:43:24 d2.evaluation.evaluator]: Inference done 3442/5000. Dataloading: 0.0012 s/iter. Inference: 0.2240 s/iter. Eval: 0.0003 s/iter. Total: 0.2256 s/iter. ETA=0:05:51
[10/30 08:43:29 d2.evaluation.evaluator]: Inference done 3464/5000. Dataloading: 0.0012 s/iter. Inference: 0.2240 s/iter. Eval: 0.0003 s/iter. Total: 0.2256 s/iter. ETA=0:05:46
[10/30 08:43:34 d2.evaluation.evaluator]: Inference done 3487/5000. Dataloading: 0.0012 s/iter. Inference: 0.2240 s/iter. Eval: 0.0003 s/iter. Total: 0.2256 s/iter. ETA=0:05:41
[10/30 08:43:39 d2.evaluation.evaluator]: Inference done 3510/5000. Dataloading: 0.0012 s/iter. Inference: 0.2240 s/iter. Eval: 0.0003 s/iter. Total: 0.2256 s/iter. ETA=0:05:36
[10/30 08:43:44 d2.evaluation.evaluator]: Inference done 3533/5000. Dataloading: 0.0012 s/iter. Inference: 0.2240 s/iter. Eval: 0.0003 s/iter. Total: 0.2256 s/iter. ETA=0:05:30
[10/30 08:43:49 d2.evaluation.evaluator]: Inference done 3556/5000. Dataloading: 0.0012 s/iter. Inference: 0.2240 s/iter. Eval: 0.0003 s/iter. Total: 0.2256 s/iter. ETA=0:05:25
[10/30 08:43:55 d2.evaluation.evaluator]: Inference done 3579/5000. Dataloading: 0.0012 s/iter. Inference: 0.2240 s/iter. Eval: 0.0003 s/iter. Total: 0.2256 s/iter. ETA=0:05:20
[10/30 08:44:00 d2.evaluation.evaluator]: Inference done 3602/5000. Dataloading: 0.0012 s/iter. Inference: 0.2240 s/iter. Eval: 0.0003 s/iter. Total: 0.2256 s/iter. ETA=0:05:15
[10/30 08:44:05 d2.evaluation.evaluator]: Inference done 3624/5000. Dataloading: 0.0012 s/iter. Inference: 0.2240 s/iter. Eval: 0.0003 s/iter. Total: 0.2256 s/iter. ETA=0:05:10
[10/30 08:44:10 d2.evaluation.evaluator]: Inference done 3646/5000. Dataloading: 0.0012 s/iter. Inference: 0.2240 s/iter. Eval: 0.0003 s/iter. Total: 0.2257 s/iter. ETA=0:05:05
[10/30 08:44:15 d2.evaluation.evaluator]: Inference done 3669/5000. Dataloading: 0.0012 s/iter. Inference: 0.2240 s/iter. Eval: 0.0003 s/iter. Total: 0.2257 s/iter. ETA=0:05:00
[10/30 08:44:20 d2.evaluation.evaluator]: Inference done 3692/5000. Dataloading: 0.0012 s/iter. Inference: 0.2240 s/iter. Eval: 0.0003 s/iter. Total: 0.2256 s/iter. ETA=0:04:55
[10/30 08:44:26 d2.evaluation.evaluator]: Inference done 3715/5000. Dataloading: 0.0012 s/iter. Inference: 0.2240 s/iter. Eval: 0.0003 s/iter. Total: 0.2256 s/iter. ETA=0:04:49
[10/30 08:44:31 d2.evaluation.evaluator]: Inference done 3737/5000. Dataloading: 0.0012 s/iter. Inference: 0.2240 s/iter. Eval: 0.0003 s/iter. Total: 0.2257 s/iter. ETA=0:04:45
[10/30 08:44:36 d2.evaluation.evaluator]: Inference done 3760/5000. Dataloading: 0.0012 s/iter. Inference: 0.2240 s/iter. Eval: 0.0003 s/iter. Total: 0.2257 s/iter. ETA=0:04:39
[10/30 08:44:41 d2.evaluation.evaluator]: Inference done 3782/5000. Dataloading: 0.0012 s/iter. Inference: 0.2240 s/iter. Eval: 0.0003 s/iter. Total: 0.2257 s/iter. ETA=0:04:34
[10/30 08:44:46 d2.evaluation.evaluator]: Inference done 3804/5000. Dataloading: 0.0012 s/iter. Inference: 0.2241 s/iter. Eval: 0.0003 s/iter. Total: 0.2257 s/iter. ETA=0:04:29
[10/30 08:44:51 d2.evaluation.evaluator]: Inference done 3827/5000. Dataloading: 0.0012 s/iter. Inference: 0.2241 s/iter. Eval: 0.0003 s/iter. Total: 0.2257 s/iter. ETA=0:04:24
[10/30 08:44:56 d2.evaluation.evaluator]: Inference done 3849/5000. Dataloading: 0.0012 s/iter. Inference: 0.2241 s/iter. Eval: 0.0003 s/iter. Total: 0.2257 s/iter. ETA=0:04:19
[10/30 08:45:01 d2.evaluation.evaluator]: Inference done 3872/5000. Dataloading: 0.0012 s/iter. Inference: 0.2241 s/iter. Eval: 0.0003 s/iter. Total: 0.2257 s/iter. ETA=0:04:14
[10/30 08:45:06 d2.evaluation.evaluator]: Inference done 3895/5000. Dataloading: 0.0012 s/iter. Inference: 0.2241 s/iter. Eval: 0.0003 s/iter. Total: 0.2257 s/iter. ETA=0:04:09
[10/30 08:45:11 d2.evaluation.evaluator]: Inference done 3917/5000. Dataloading: 0.0012 s/iter. Inference: 0.2241 s/iter. Eval: 0.0003 s/iter. Total: 0.2257 s/iter. ETA=0:04:04
[10/30 08:45:16 d2.evaluation.evaluator]: Inference done 3938/5000. Dataloading: 0.0012 s/iter. Inference: 0.2242 s/iter. Eval: 0.0003 s/iter. Total: 0.2258 s/iter. ETA=0:03:59
[10/30 08:45:22 d2.evaluation.evaluator]: Inference done 3961/5000. Dataloading: 0.0012 s/iter. Inference: 0.2242 s/iter. Eval: 0.0003 s/iter. Total: 0.2258 s/iter. ETA=0:03:54
[10/30 08:45:27 d2.evaluation.evaluator]: Inference done 3984/5000. Dataloading: 0.0012 s/iter. Inference: 0.2241 s/iter. Eval: 0.0003 s/iter. Total: 0.2258 s/iter. ETA=0:03:49
[10/30 08:45:32 d2.evaluation.evaluator]: Inference done 4007/5000. Dataloading: 0.0012 s/iter. Inference: 0.2241 s/iter. Eval: 0.0003 s/iter. Total: 0.2257 s/iter. ETA=0:03:44
[10/30 08:45:37 d2.evaluation.evaluator]: Inference done 4030/5000. Dataloading: 0.0012 s/iter. Inference: 0.2241 s/iter. Eval: 0.0003 s/iter. Total: 0.2257 s/iter. ETA=0:03:38
[10/30 08:45:42 d2.evaluation.evaluator]: Inference done 4052/5000. Dataloading: 0.0012 s/iter. Inference: 0.2241 s/iter. Eval: 0.0003 s/iter. Total: 0.2257 s/iter. ETA=0:03:33
[10/30 08:45:47 d2.evaluation.evaluator]: Inference done 4075/5000. Dataloading: 0.0012 s/iter. Inference: 0.2241 s/iter. Eval: 0.0003 s/iter. Total: 0.2257 s/iter. ETA=0:03:28
[10/30 08:45:52 d2.evaluation.evaluator]: Inference done 4097/5000. Dataloading: 0.0012 s/iter. Inference: 0.2241 s/iter. Eval: 0.0003 s/iter. Total: 0.2257 s/iter. ETA=0:03:23
[10/30 08:45:57 d2.evaluation.evaluator]: Inference done 4119/5000. Dataloading: 0.0012 s/iter. Inference: 0.2241 s/iter. Eval: 0.0003 s/iter. Total: 0.2257 s/iter. ETA=0:03:18
[10/30 08:46:02 d2.evaluation.evaluator]: Inference done 4141/5000. Dataloading: 0.0012 s/iter. Inference: 0.2241 s/iter. Eval: 0.0003 s/iter. Total: 0.2258 s/iter. ETA=0:03:13
[10/30 08:46:07 d2.evaluation.evaluator]: Inference done 4164/5000. Dataloading: 0.0012 s/iter. Inference: 0.2241 s/iter. Eval: 0.0003 s/iter. Total: 0.2257 s/iter. ETA=0:03:08
[10/30 08:46:12 d2.evaluation.evaluator]: Inference done 4187/5000. Dataloading: 0.0012 s/iter. Inference: 0.2241 s/iter. Eval: 0.0003 s/iter. Total: 0.2257 s/iter. ETA=0:03:03
[10/30 08:46:17 d2.evaluation.evaluator]: Inference done 4210/5000. Dataloading: 0.0012 s/iter. Inference: 0.2241 s/iter. Eval: 0.0003 s/iter. Total: 0.2257 s/iter. ETA=0:02:58
[10/30 08:46:23 d2.evaluation.evaluator]: Inference done 4233/5000. Dataloading: 0.0012 s/iter. Inference: 0.2241 s/iter. Eval: 0.0003 s/iter. Total: 0.2257 s/iter. ETA=0:02:53
[10/30 08:46:28 d2.evaluation.evaluator]: Inference done 4257/5000. Dataloading: 0.0012 s/iter. Inference: 0.2240 s/iter. Eval: 0.0003 s/iter. Total: 0.2256 s/iter. ETA=0:02:47
[10/30 08:46:33 d2.evaluation.evaluator]: Inference done 4280/5000. Dataloading: 0.0012 s/iter. Inference: 0.2240 s/iter. Eval: 0.0003 s/iter. Total: 0.2256 s/iter. ETA=0:02:42
[10/30 08:46:38 d2.evaluation.evaluator]: Inference done 4302/5000. Dataloading: 0.0012 s/iter. Inference: 0.2240 s/iter. Eval: 0.0003 s/iter. Total: 0.2256 s/iter. ETA=0:02:37
[10/30 08:46:43 d2.evaluation.evaluator]: Inference done 4325/5000. Dataloading: 0.0012 s/iter. Inference: 0.2240 s/iter. Eval: 0.0003 s/iter. Total: 0.2256 s/iter. ETA=0:02:32
[10/30 08:46:48 d2.evaluation.evaluator]: Inference done 4348/5000. Dataloading: 0.0012 s/iter. Inference: 0.2239 s/iter. Eval: 0.0003 s/iter. Total: 0.2256 s/iter. ETA=0:02:27
[10/30 08:46:53 d2.evaluation.evaluator]: Inference done 4371/5000. Dataloading: 0.0012 s/iter. Inference: 0.2239 s/iter. Eval: 0.0003 s/iter. Total: 0.2256 s/iter. ETA=0:02:21
[10/30 08:46:58 d2.evaluation.evaluator]: Inference done 4394/5000. Dataloading: 0.0012 s/iter. Inference: 0.2239 s/iter. Eval: 0.0003 s/iter. Total: 0.2255 s/iter. ETA=0:02:16
[10/30 08:47:03 d2.evaluation.evaluator]: Inference done 4417/5000. Dataloading: 0.0012 s/iter. Inference: 0.2239 s/iter. Eval: 0.0003 s/iter. Total: 0.2255 s/iter. ETA=0:02:11
[10/30 08:47:09 d2.evaluation.evaluator]: Inference done 4440/5000. Dataloading: 0.0012 s/iter. Inference: 0.2239 s/iter. Eval: 0.0003 s/iter. Total: 0.2255 s/iter. ETA=0:02:06
[10/30 08:47:14 d2.evaluation.evaluator]: Inference done 4462/5000. Dataloading: 0.0012 s/iter. Inference: 0.2239 s/iter. Eval: 0.0003 s/iter. Total: 0.2255 s/iter. ETA=0:02:01
[10/30 08:47:19 d2.evaluation.evaluator]: Inference done 4485/5000. Dataloading: 0.0012 s/iter. Inference: 0.2239 s/iter. Eval: 0.0003 s/iter. Total: 0.2255 s/iter. ETA=0:01:56
[10/30 08:47:24 d2.evaluation.evaluator]: Inference done 4508/5000. Dataloading: 0.0012 s/iter. Inference: 0.2239 s/iter. Eval: 0.0003 s/iter. Total: 0.2255 s/iter. ETA=0:01:50
[10/30 08:47:29 d2.evaluation.evaluator]: Inference done 4531/5000. Dataloading: 0.0012 s/iter. Inference: 0.2239 s/iter. Eval: 0.0003 s/iter. Total: 0.2255 s/iter. ETA=0:01:45
[10/30 08:47:34 d2.evaluation.evaluator]: Inference done 4554/5000. Dataloading: 0.0012 s/iter. Inference: 0.2239 s/iter. Eval: 0.0003 s/iter. Total: 0.2255 s/iter. ETA=0:01:40
[10/30 08:47:39 d2.evaluation.evaluator]: Inference done 4577/5000. Dataloading: 0.0012 s/iter. Inference: 0.2239 s/iter. Eval: 0.0003 s/iter. Total: 0.2255 s/iter. ETA=0:01:35
[10/30 08:47:44 d2.evaluation.evaluator]: Inference done 4599/5000. Dataloading: 0.0012 s/iter. Inference: 0.2239 s/iter. Eval: 0.0003 s/iter. Total: 0.2255 s/iter. ETA=0:01:30
[10/30 08:47:49 d2.evaluation.evaluator]: Inference done 4622/5000. Dataloading: 0.0012 s/iter. Inference: 0.2239 s/iter. Eval: 0.0003 s/iter. Total: 0.2255 s/iter. ETA=0:01:25
[10/30 08:47:55 d2.evaluation.evaluator]: Inference done 4645/5000. Dataloading: 0.0012 s/iter. Inference: 0.2239 s/iter. Eval: 0.0003 s/iter. Total: 0.2255 s/iter. ETA=0:01:20
[10/30 08:48:00 d2.evaluation.evaluator]: Inference done 4668/5000. Dataloading: 0.0012 s/iter. Inference: 0.2239 s/iter. Eval: 0.0003 s/iter. Total: 0.2255 s/iter. ETA=0:01:14
[10/30 08:48:05 d2.evaluation.evaluator]: Inference done 4691/5000. Dataloading: 0.0012 s/iter. Inference: 0.2238 s/iter. Eval: 0.0003 s/iter. Total: 0.2255 s/iter. ETA=0:01:09
[10/30 08:48:10 d2.evaluation.evaluator]: Inference done 4714/5000. Dataloading: 0.0012 s/iter. Inference: 0.2238 s/iter. Eval: 0.0003 s/iter. Total: 0.2255 s/iter. ETA=0:01:04
[10/30 08:48:15 d2.evaluation.evaluator]: Inference done 4736/5000. Dataloading: 0.0012 s/iter. Inference: 0.2238 s/iter. Eval: 0.0003 s/iter. Total: 0.2255 s/iter. ETA=0:00:59
[10/30 08:48:20 d2.evaluation.evaluator]: Inference done 4758/5000. Dataloading: 0.0012 s/iter. Inference: 0.2239 s/iter. Eval: 0.0003 s/iter. Total: 0.2255 s/iter. ETA=0:00:54
[10/30 08:48:25 d2.evaluation.evaluator]: Inference done 4781/5000. Dataloading: 0.0012 s/iter. Inference: 0.2238 s/iter. Eval: 0.0003 s/iter. Total: 0.2255 s/iter. ETA=0:00:49
[10/30 08:48:30 d2.evaluation.evaluator]: Inference done 4804/5000. Dataloading: 0.0012 s/iter. Inference: 0.2239 s/iter. Eval: 0.0003 s/iter. Total: 0.2255 s/iter. ETA=0:00:44
[10/30 08:48:36 d2.evaluation.evaluator]: Inference done 4828/5000. Dataloading: 0.0012 s/iter. Inference: 0.2238 s/iter. Eval: 0.0003 s/iter. Total: 0.2254 s/iter. ETA=0:00:38
[10/30 08:48:41 d2.evaluation.evaluator]: Inference done 4851/5000. Dataloading: 0.0012 s/iter. Inference: 0.2238 s/iter. Eval: 0.0003 s/iter. Total: 0.2254 s/iter. ETA=0:00:33
[10/30 08:48:46 d2.evaluation.evaluator]: Inference done 4873/5000. Dataloading: 0.0012 s/iter. Inference: 0.2238 s/iter. Eval: 0.0003 s/iter. Total: 0.2255 s/iter. ETA=0:00:28
[10/30 08:48:51 d2.evaluation.evaluator]: Inference done 4895/5000. Dataloading: 0.0012 s/iter. Inference: 0.2238 s/iter. Eval: 0.0003 s/iter. Total: 0.2255 s/iter. ETA=0:00:23
[10/30 08:48:56 d2.evaluation.evaluator]: Inference done 4918/5000. Dataloading: 0.0012 s/iter. Inference: 0.2238 s/iter. Eval: 0.0003 s/iter. Total: 0.2255 s/iter. ETA=0:00:18
[10/30 08:49:01 d2.evaluation.evaluator]: Inference done 4941/5000. Dataloading: 0.0012 s/iter. Inference: 0.2238 s/iter. Eval: 0.0003 s/iter. Total: 0.2255 s/iter. ETA=0:00:13
[10/30 08:49:06 d2.evaluation.evaluator]: Inference done 4963/5000. Dataloading: 0.0012 s/iter. Inference: 0.2239 s/iter. Eval: 0.0003 s/iter. Total: 0.2255 s/iter. ETA=0:00:08
[10/30 08:49:11 d2.evaluation.evaluator]: Inference done 4986/5000. Dataloading: 0.0012 s/iter. Inference: 0.2239 s/iter. Eval: 0.0003 s/iter. Total: 0.2255 s/iter. ETA=0:00:03
[10/30 08:49:15 d2.evaluation.evaluator]: Total inference time: 0:18:46.222458 (0.225470 s / iter per device, on 1 devices)
[10/30 08:49:15 d2.evaluation.evaluator]: Total inference pure compute time: 0:18:38 (0.223838 s / iter per device, on 1 devices)
[10/30 08:49:15 d2.evaluation.coco_evaluation]: Preparing results for COCO format ...
[10/30 08:49:15 d2.evaluation.coco_evaluation]: Evaluating predictions with unofficial COCO API...
Loading and preparing results...
DONE (t=3.14s)
creating index...
index created!
[10/30 08:49:18 d2.evaluation.fast_eval_api]: Evaluate annotation type *bbox*
[10/30 08:49:31 d2.evaluation.fast_eval_api]: COCOeval_opt.evaluate() finished in 12.45 seconds.
[10/30 08:49:31 d2.evaluation.fast_eval_api]: Accumulating evaluation results...
[10/30 08:49:34 d2.evaluation.fast_eval_api]: COCOeval_opt.accumulate() finished in 2.55 seconds.
 Average Precision  (AP) @[ IoU=0.50:0.95 | area=   all | maxDets=100 ] = 0.482
 Average Precision  (AP) @[ IoU=0.50      | area=   all | maxDets=100 ] = 0.667
 Average Precision  (AP) @[ IoU=0.75      | area=   all | maxDets=100 ] = 0.524
 Average Precision  (AP) @[ IoU=0.50:0.95 | area= small | maxDets=100 ] = 0.300
 Average Precision  (AP) @[ IoU=0.50:0.95 | area=medium | maxDets=100 ] = 0.517
 Average Precision  (AP) @[ IoU=0.50:0.95 | area= large | maxDets=100 ] = 0.647
 Average Recall     (AR) @[ IoU=0.50:0.95 | area=   all | maxDets=  1 ] = 0.377
 Average Recall     (AR) @[ IoU=0.50:0.95 | area=   all | maxDets= 10 ] = 0.623
 Average Recall     (AR) @[ IoU=0.50:0.95 | area=   all | maxDets=100 ] = 0.687
 Average Recall     (AR) @[ IoU=0.50:0.95 | area= small | maxDets=100 ] = 0.513
 Average Recall     (AR) @[ IoU=0.50:0.95 | area=medium | maxDets=100 ] = 0.723
 Average Recall     (AR) @[ IoU=0.50:0.95 | area= large | maxDets=100 ] = 0.852
[10/30 08:49:34 d2.evaluation.coco_evaluation]: Evaluation results for bbox: 
|   AP   |  AP50  |  AP75  |  APs   |  APm   |  APl   |
|:------:|:------:|:------:|:------:|:------:|:------:|
| 48.216 | 66.748 | 52.361 | 30.007 | 51.651 | 64.668 |
[10/30 08:49:34 d2.evaluation.coco_evaluation]: Per-category bbox AP: 
| category      | AP     | category     | AP     | category       | AP     |
|:--------------|:-------|:-------------|:-------|:---------------|:-------|
| person        | 57.189 | bicycle      | 35.249 | car            | 46.188 |
| motorcycle    | 49.985 | airplane     | 74.138 | bus            | 71.068 |
| train         | 73.339 | truck        | 41.145 | boat           | 31.650 |
| traffic light | 30.260 | fire hydrant | 69.938 | stop sign      | 73.304 |
| parking meter | 48.294 | bench        | 30.710 | bird           | 41.774 |
| cat           | 70.221 | dog          | 67.870 | horse          | 61.460 |
| sheep         | 53.876 | cow          | 60.153 | elephant       | 65.082 |
| bear          | 77.700 | zebra        | 74.787 | giraffe        | 76.007 |
| backpack      | 17.172 | umbrella     | 46.292 | handbag        | 22.002 |
| tie           | 43.689 | suitcase     | 46.267 | frisbee        | 73.285 |
| skis          | 31.700 | snowboard    | 47.347 | sports ball    | 49.401 |
| kite          | 52.205 | baseball bat | 48.506 | baseball glove | 40.876 |
| skateboard    | 59.844 | surfboard    | 46.331 | tennis racket  | 57.754 |
| bottle        | 41.809 | wine glass   | 40.451 | cup            | 46.401 |
| fork          | 50.728 | knife        | 34.745 | spoon          | 32.510 |
| bowl          | 43.793 | banana       | 31.309 | apple          | 22.049 |
| sandwich      | 42.703 | orange       | 30.459 | broccoli       | 22.562 |
| carrot        | 26.176 | hot dog      | 48.514 | pizza          | 59.135 |
| donut         | 51.939 | cake         | 43.323 | chair          | 35.238 |
| couch         | 49.711 | potted plant | 28.154 | bed            | 48.300 |
| dining table  | 34.429 | toilet       | 63.947 | tv             | 60.087 |
| laptop        | 65.597 | mouse        | 57.413 | remote         | 43.135 |
| keyboard      | 56.184 | cell phone   | 44.583 | microwave      | 64.272 |
| oven          | 35.476 | toaster      | 44.347 | sink           | 38.773 |
| refrigerator  | 62.885 | book         | 21.152 | clock          | 52.398 |
| vase          | 40.879 | scissors     | 46.979 | teddy bear     | 52.454 |
| hair drier    | 30.817 | toothbrush   | 47.382 |                |        |


------- Similarity and Timing Metrics -------
Total Parameters: 241034238
Average Attack Time: 0.2252
Average L2 Norm: 0.0000
Max Difference in Images: 0.0000
------------------------------------------------


[10/30 08:49:35 d2.evaluation.testing]: copypaste: Task: bbox
[10/30 08:49:35 d2.evaluation.testing]: copypaste: AP,AP50,AP75,APs,APm,APl
[10/30 08:49:35 d2.evaluation.testing]: copypaste: 48.2157,66.7481,52.3611,30.0066,51.6508,64.6682
OrderedDict({'bbox': {'AP': 48.21571788797145, 'AP50': 66.74811738845145, 'AP75': 52.36113586100753, 'APs': 30.00662438416987, 'APm': 51.65083862771437, 'APl': 64.6681622428238, 'AP-person': 57.18876032146149, 'AP-bicycle': 35.24882493028404, 'AP-car': 46.18780970796565, 'AP-motorcycle': 49.98485107631054, 'AP-airplane': 74.13795122200389, 'AP-bus': 71.06810861211459, 'AP-train': 73.33904777791636, 'AP-truck': 41.14482445695238, 'AP-boat': 31.65010657956205, 'AP-traffic light': 30.26027532070492, 'AP-fire hydrant': 69.93782629613708, 'AP-stop sign': 73.30367322277937, 'AP-parking meter': 48.29423948351892, 'AP-bench': 30.709609389908515, 'AP-bird': 41.77350388817231, 'AP-cat': 70.22093684160107, 'AP-dog': 67.8702940474442, 'AP-horse': 61.4599082321712, 'AP-sheep': 53.87555532215244, 'AP-cow': 60.15254798366713, 'AP-elephant': 65.08244359672557, 'AP-bear': 77.70024421744859, 'AP-zebra': 74.78728338200769, 'AP-giraffe': 76.006643325638, 'AP-backpack': 17.172335654865233, 'AP-umbrella': 46.291636840407065, 'AP-handbag': 22.002323724288964, 'AP-tie': 43.689342184708174, 'AP-suitcase': 46.266701948454354, 'AP-frisbee': 73.2846310025626, 'AP-skis': 31.699801578219883, 'AP-snowboard': 47.347355293694264, 'AP-sports ball': 49.401111306881944, 'AP-kite': 52.20457663325478, 'AP-baseball bat': 48.50567835846528, 'AP-baseball glove': 40.8761278375132, 'AP-skateboard': 59.84386550502923, 'AP-surfboard': 46.33069451402224, 'AP-tennis racket': 57.75365497354048, 'AP-bottle': 41.80894648850218, 'AP-wine glass': 40.4512225433089, 'AP-cup': 46.40148220690339, 'AP-fork': 50.72775734568978, 'AP-knife': 34.74474947597229, 'AP-spoon': 32.50982342733755, 'AP-bowl': 43.79347750103902, 'AP-banana': 31.30947694584994, 'AP-apple': 22.049135243948996, 'AP-sandwich': 42.70304498980724, 'AP-orange': 30.458779323011342, 'AP-broccoli': 22.56244008295008, 'AP-carrot': 26.17636110995436, 'AP-hot dog': 48.514445259378434, 'AP-pizza': 59.13481559265767, 'AP-donut': 51.93926916982344, 'AP-cake': 43.323003769954795, 'AP-chair': 35.23815963312435, 'AP-couch': 49.71140008194821, 'AP-potted plant': 28.153886413313668, 'AP-bed': 48.30029999855864, 'AP-dining table': 34.429473207209014, 'AP-toilet': 63.94684272913504, 'AP-tv': 60.08677700766564, 'AP-laptop': 65.59702363812482, 'AP-mouse': 57.413144184545914, 'AP-remote': 43.1346201096409, 'AP-keyboard': 56.1844827289048, 'AP-cell phone': 44.583329782375195, 'AP-microwave': 64.27176806385091, 'AP-oven': 35.475886539942344, 'AP-toaster': 44.347065520505545, 'AP-sink': 38.77318638608699, 'AP-refrigerator': 62.885127687686634, 'AP-book': 21.152152904379108, 'AP-clock': 52.397984088410254, 'AP-vase': 40.87885481155384, 'AP-scissors': 46.97938480191331, 'AP-teddy bear': 52.454329684060106, 'AP-hair drier': 30.8167465817601, 'AP-toothbrush': 47.38216738637557}})
---------------------------------------
Begin Slurm Epilog: Oct-30-2024 08:49:36
Job ID:        896419
Array Job ID:  _4294967294
User ID:       zyahn3
Account:       scs
Job name:      TOG_Plus_InternImage
Resources:     cpu=1,gres/gpu:a100=1,mem=128G,node=1
Rsrc Used:     cput=00:19:33,vmem=0,walltime=00:19:33,mem=6418356K,energy_used=0
Partition:     coc-gpu
Nodes:         atl1-1-01-005-15-0
---------------------------------------
