---------------------------------------
Begin Slurm Prolog: Oct-30-2024 00:54:23
Job ID:    895766
User ID:   zyahn3
Account:   scs
Job name:  TOG_Plus_ConvNext
Partition: coc-gpu
---------------------------------------
/storage/ice1/5/9/zyahn3/TOG_plus/detrex/detrex/layers/dcn_v3.py:23: FutureWarning: `torch.cuda.amp.custom_fwd(args...)` is deprecated. Please use `torch.amp.custom_fwd(args..., device_type='cuda')` instead.
  @custom_fwd
/storage/ice1/5/9/zyahn3/TOG_plus/detrex/detrex/layers/dcn_v3.py:52: FutureWarning: `torch.cuda.amp.custom_bwd(args...)` is deprecated. Please use `torch.amp.custom_bwd(args..., device_type='cuda')` instead.
  @custom_bwd
[10/30 00:54:53 detectron2]: Rank of current process: 0. World size: 1
[10/30 00:54:55 detectron2]: Environment info:
-------------------------------  ----------------------------------------------------------------------------------------
sys.platform                     linux
Python                           3.12.4 | packaged by Anaconda, Inc. | (main, Jun 18 2024, 15:12:24) [GCC 11.2.0]
numpy                            1.26.4
detectron2                       0.6 @/storage/ice1/5/9/zyahn3/TOG_plus/detrex/detectron2/detectron2
Compiler                         GCC 12.3
CUDA compiler                    not available
DETECTRON2_ENV_MODULE            <not set>
PyTorch                          2.4.1 @/home/hice1/zyahn3/.conda/envs/TOG_test/lib/python3.12/site-packages/torch
PyTorch debug build              False
torch._C._GLIBCXX_USE_CXX11_ABI  False
GPU available                    Yes
GPU 0                            NVIDIA A100 80GB PCIe (arch=8.0)
Driver version                   555.42.02
CUDA_HOME                        /usr/local/cuda
Pillow                           10.4.0
torchvision                      0.19.1 @/home/hice1/zyahn3/.conda/envs/TOG_test/lib/python3.12/site-packages/torchvision
torchvision arch flags           5.0, 6.0, 7.0, 7.5, 8.0, 8.6, 9.0
fvcore                           0.1.5.post20221221
iopath                           0.1.9
cv2                              4.10.0
-------------------------------  ----------------------------------------------------------------------------------------
PyTorch built with:
  - GCC 9.3
  - C++ Version: 201703
  - Intel(R) oneAPI Math Kernel Library Version 2023.1-Product Build 20230303 for Intel(R) 64 architecture applications
  - Intel(R) MKL-DNN v3.4.2 (Git Hash 1137e04ec0b5251ca2b4400a4fd3c667ce843d67)
  - OpenMP 201511 (a.k.a. OpenMP 4.5)
  - LAPACK is enabled (usually provided by MKL)
  - NNPACK is enabled
  - CPU capability usage: AVX2
  - CUDA Runtime 12.4
  - NVCC architecture flags: -gencode;arch=compute_50,code=sm_50;-gencode;arch=compute_60,code=sm_60;-gencode;arch=compute_61,code=sm_61;-gencode;arch=compute_70,code=sm_70;-gencode;arch=compute_75,code=sm_75;-gencode;arch=compute_80,code=sm_80;-gencode;arch=compute_86,code=sm_86;-gencode;arch=compute_90,code=sm_90
  - CuDNN 90.1
  - Magma 2.6.1
  - Build settings: BLAS_INFO=mkl, BUILD_TYPE=Release, CUDA_VERSION=12.4, CUDNN_VERSION=9.1.0, CXX_COMPILER=/opt/rh/devtoolset-9/root/usr/bin/c++, CXX_FLAGS= -D_GLIBCXX_USE_CXX11_ABI=0 -fabi-version=11 -fvisibility-inlines-hidden -DUSE_PTHREADPOOL -DNDEBUG -DUSE_KINETO -DLIBKINETO_NOROCTRACER -DUSE_FBGEMM -DUSE_PYTORCH_QNNPACK -DUSE_XNNPACK -DSYMBOLICATE_MOBILE_DEBUG_HANDLE -O2 -fPIC -Wall -Wextra -Werror=return-type -Werror=non-virtual-dtor -Werror=bool-operation -Wnarrowing -Wno-missing-field-initializers -Wno-type-limits -Wno-array-bounds -Wno-unknown-pragmas -Wno-unused-parameter -Wno-unused-function -Wno-unused-result -Wno-strict-overflow -Wno-strict-aliasing -Wno-stringop-overflow -Wsuggest-override -Wno-psabi -Wno-error=pedantic -Wno-error=old-style-cast -Wno-missing-braces -fdiagnostics-color=always -faligned-new -Wno-unused-but-set-variable -Wno-maybe-uninitialized -fno-math-errno -fno-trapping-math -Werror=format -Wno-stringop-overflow, LAPACK_INFO=mkl, PERF_WITH_AVX=1, PERF_WITH_AVX2=1, PERF_WITH_AVX512=1, TORCH_VERSION=2.4.1, USE_CUDA=ON, USE_CUDNN=ON, USE_CUSPARSELT=1, USE_EXCEPTION_PTR=1, USE_GFLAGS=OFF, USE_GLOG=OFF, USE_GLOO=ON, USE_MKL=ON, USE_MKLDNN=ON, USE_MPI=OFF, USE_NCCL=ON, USE_NNPACK=ON, USE_OPENMP=ON, USE_ROCM=OFF, USE_ROCM_KERNEL_ASSERT=OFF, 

[10/30 00:54:55 detectron2]: Command line arguments: Namespace(config_file='detrex/projects/dino/configs/dino-convnext/dino_convnext_large_384_4scale_12ep.py', resume=False, eval_only=True, num_gpus=1, num_machines=1, machine_rank=0, dist_url='tcp://127.0.0.1:53103', opts=['train.init_checkpoint=model_files/convnext.pth', 'attack=none', 'attack_mode=none', 'sample=1.0', 'load_dir=datasets/blackbox/dino_r50_untargeted/', 'load_attack=1.0', 'save_attack=0.0', 'save_dir='])
[10/30 00:54:55 detectron2]: Contents of args.config_file=detrex/projects/dino/configs/dino-convnext/dino_convnext_large_384_4scale_12ep.py:
[38;5;204mfrom[39m[38;5;15m [39m[38;5;15mdetrex[39m[38;5;15m.[39m[38;5;15mconfig[39m[38;5;15m [39m[38;5;204mimport[39m[38;5;15m [39m[38;5;15mget_config[39m
[38;5;204mfrom[39m[38;5;15m [39m[38;5;15m.[39m[38;5;15m.[39m[38;5;15mmodels[39m[38;5;15m.[39m[38;5;15mdino_convnext[39m[38;5;15m [39m[38;5;204mimport[39m[38;5;15m [39m[38;5;15mmodel[39m

[38;5;245m# get default config[39m
[38;5;15mdataloader[39m[38;5;15m [39m[38;5;204m=[39m[38;5;15m [39m[38;5;15mget_config[39m[38;5;15m([39m[38;5;186m"[39m[38;5;186mcommon/data/coco_detr.py[39m[38;5;186m"[39m[38;5;15m)[39m[38;5;204m.[39m[38;5;15mdataloader[39m
[38;5;15moptimizer[39m[38;5;15m [39m[38;5;204m=[39m[38;5;15m [39m[38;5;15mget_config[39m[38;5;15m([39m[38;5;186m"[39m[38;5;186mcommon/optim.py[39m[38;5;186m"[39m[38;5;15m)[39m[38;5;204m.[39m[38;5;15mAdamW[39m
[38;5;15mlr_multiplier[39m[38;5;15m [39m[38;5;204m=[39m[38;5;15m [39m[38;5;15mget_config[39m[38;5;15m([39m[38;5;186m"[39m[38;5;186mcommon/coco_schedule.py[39m[38;5;186m"[39m[38;5;15m)[39m[38;5;204m.[39m[38;5;15mlr_multiplier_12ep[39m
[38;5;15mtrain[39m[38;5;15m [39m[38;5;204m=[39m[38;5;15m [39m[38;5;15mget_config[39m[38;5;15m([39m[38;5;186m"[39m[38;5;186mcommon/train.py[39m[38;5;186m"[39m[38;5;15m)[39m[38;5;204m.[39m[38;5;15mtrain[39m

[38;5;245m# modify training config[39m
[38;5;245m# use convnext-large-384 as default[39m
[38;5;15mtrain[39m[38;5;204m.[39m[38;5;15minit_checkpoint[39m[38;5;15m [39m[38;5;204m=[39m[38;5;15m [39m[38;5;186m"[39m[38;5;186m/path/to/convnext_large_22k_1k_384.pth[39m[38;5;186m"[39m
[38;5;15mtrain[39m[38;5;204m.[39m[38;5;15moutput_dir[39m[38;5;15m [39m[38;5;204m=[39m[38;5;15m [39m[38;5;186m"[39m[38;5;186m./output/dino_convnext_large_4scale_12ep[39m[38;5;186m"[39m

[38;5;245m# max training iterations[39m
[38;5;15mtrain[39m[38;5;204m.[39m[38;5;15mmax_iter[39m[38;5;15m [39m[38;5;204m=[39m[38;5;15m [39m[38;5;141m90000[39m
[38;5;15mtrain[39m[38;5;204m.[39m[38;5;15meval_period[39m[38;5;15m [39m[38;5;204m=[39m[38;5;15m [39m[38;5;141m5000[39m
[38;5;15mtrain[39m[38;5;204m.[39m[38;5;15mlog_period[39m[38;5;15m [39m[38;5;204m=[39m[38;5;15m [39m[38;5;141m20[39m
[38;5;15mtrain[39m[38;5;204m.[39m[38;5;15mcheckpointer[39m[38;5;204m.[39m[38;5;15mperiod[39m[38;5;15m [39m[38;5;204m=[39m[38;5;15m [39m[38;5;141m5000[39m

[38;5;245m# gradient clipping for training[39m
[38;5;15mtrain[39m[38;5;204m.[39m[38;5;15mclip_grad[39m[38;5;204m.[39m[38;5;15menabled[39m[38;5;15m [39m[38;5;204m=[39m[38;5;15m [39m[38;5;81mTrue[39m
[38;5;15mtrain[39m[38;5;204m.[39m[38;5;15mclip_grad[39m[38;5;204m.[39m[38;5;15mparams[39m[38;5;204m.[39m[38;5;15mmax_norm[39m[38;5;15m [39m[38;5;204m=[39m[38;5;15m [39m[38;5;141m0.1[39m
[38;5;15mtrain[39m[38;5;204m.[39m[38;5;15mclip_grad[39m[38;5;204m.[39m[38;5;15mparams[39m[38;5;204m.[39m[38;5;15mnorm_type[39m[38;5;15m [39m[38;5;204m=[39m[38;5;15m [39m[38;5;141m2[39m

[38;5;245m# set training devices[39m
[38;5;15mtrain[39m[38;5;204m.[39m[38;5;15mdevice[39m[38;5;15m [39m[38;5;204m=[39m[38;5;15m [39m[38;5;186m"[39m[38;5;186mcuda[39m[38;5;186m"[39m
[38;5;15mmodel[39m[38;5;204m.[39m[38;5;15mdevice[39m[38;5;15m [39m[38;5;204m=[39m[38;5;15m [39m[38;5;15mtrain[39m[38;5;204m.[39m[38;5;15mdevice[39m

[38;5;245m# modify optimizer config[39m
[38;5;15moptimizer[39m[38;5;204m.[39m[38;5;15mlr[39m[38;5;15m [39m[38;5;204m=[39m[38;5;15m [39m[38;5;141m1e-4[39m
[38;5;15moptimizer[39m[38;5;204m.[39m[38;5;15mbetas[39m[38;5;15m [39m[38;5;204m=[39m[38;5;15m [39m[38;5;15m([39m[38;5;141m0.9[39m[38;5;15m,[39m[38;5;15m [39m[38;5;141m0.999[39m[38;5;15m)[39m
[38;5;15moptimizer[39m[38;5;204m.[39m[38;5;15mweight_decay[39m[38;5;15m [39m[38;5;204m=[39m[38;5;15m [39m[38;5;141m1e-4[39m
[38;5;15moptimizer[39m[38;5;204m.[39m[38;5;15mparams[39m[38;5;204m.[39m[38;5;15mlr_factor_func[39m[38;5;15m [39m[38;5;204m=[39m[38;5;15m [39m[38;5;81mlambda[39m[38;5;15m [39m[38;5;15mmodule_name[39m[38;5;15m:[39m[38;5;15m [39m[38;5;141m0.1[39m[38;5;15m [39m[38;5;81mif[39m[38;5;15m [39m[38;5;186m"[39m[38;5;186mbackbone[39m[38;5;186m"[39m[38;5;15m [39m[38;5;204min[39m[38;5;15m [39m[38;5;15mmodule_name[39m[38;5;15m [39m[38;5;81melse[39m[38;5;15m [39m[38;5;141m1[39m

[38;5;245m# modify dataloader config[39m
[38;5;15mdataloader[39m[38;5;204m.[39m[38;5;15mtrain[39m[38;5;204m.[39m[38;5;15mnum_workers[39m[38;5;15m [39m[38;5;204m=[39m[38;5;15m [39m[38;5;141m16[39m

[38;5;245m# please notice that this is total batch size.[39m
[38;5;245m# surpose you're using 4 gpus for training and the batch size for[39m
[38;5;245m# each gpu is 16/4 = 4[39m
[38;5;15mdataloader[39m[38;5;204m.[39m[38;5;15mtrain[39m[38;5;204m.[39m[38;5;15mtotal_batch_size[39m[38;5;15m [39m[38;5;204m=[39m[38;5;15m [39m[38;5;141m16[39m

[38;5;15mattack[39m[38;5;204m=[39m[38;5;81mNone[39m
[38;5;15mattack_mode[39m[38;5;204m=[39m[38;5;81mNone[39m
[38;5;15msample[39m[38;5;204m=[39m[38;5;141m1.0[39m

WARNING [10/30 00:54:55 d2.config.lazy]: The config contains objects that cannot serialize to a valid yaml. ./output/dino_convnext_large_4scale_12ep/config.yaml is human-readable but cannot be loaded.
WARNING [10/30 00:54:55 d2.config.lazy]: Config is saved using cloudpickle at ./output/dino_convnext_large_4scale_12ep/config.yaml.pkl.
[10/30 00:54:55 detectron2]: Full config saved to ./output/dino_convnext_large_4scale_12ep/config.yaml
[10/30 00:54:55 d2.utils.env]: Using a generated random seed 57473978
[10/30 00:54:59 d2.checkpoint.detection_checkpoint]: [DetectionCheckpointer] Loading from model_files/convnext.pth ...
[10/30 00:54:59 fvcore.common.checkpoint]: [Checkpointer] Loading from model_files/convnext.pth ...
/home/hice1/zyahn3/.conda/envs/TOG_test/lib/python3.12/site-packages/fvcore/common/checkpoint.py:252: FutureWarning: You are using `torch.load` with `weights_only=False` (the current default value), which uses the default pickle module implicitly. It is possible to construct malicious pickle data which will execute arbitrary code during unpickling (See https://github.com/pytorch/pytorch/blob/main/SECURITY.md#untrusted-models for more details). In a future release, the default value for `weights_only` will be flipped to `True`. This limits the functions that could be executed during unpickling. Arbitrary objects will no longer be allowed to be loaded via this mode unless they are explicitly allowlisted by the user via `torch.serialization.add_safe_globals`. We recommend you start setting `weights_only=True` for any use case where you don't have full control of the loaded file. Please open an issue on GitHub for any issues related to this experimental feature.
  return torch.load(f, map_location=torch.device("cpu"))
[10/30 00:55:02 detectron2]: Run evaluation under eval-only mode
[10/30 00:55:02 detectron2]: Run evaluation without EMA.
[10/30 00:55:02 d2.data.datasets.coco]: Loaded 5000 images in COCO format from datasets/coco/annotations/instances_val2017.json
[10/30 00:55:03 d2.data.build]: Distribution of instances among all 80 categories:
|   category    | #instances   |   category   | #instances   |   category    | #instances   |
|:-------------:|:-------------|:------------:|:-------------|:-------------:|:-------------|
|    person     | 10777        |   bicycle    | 314          |      car      | 1918         |
|  motorcycle   | 367          |   airplane   | 143          |      bus      | 283          |
|     train     | 190          |    truck     | 414          |     boat      | 424          |
| traffic light | 634          | fire hydrant | 101          |   stop sign   | 75           |
| parking meter | 60           |    bench     | 411          |     bird      | 427          |
|      cat      | 202          |     dog      | 218          |     horse     | 272          |
|     sheep     | 354          |     cow      | 372          |   elephant    | 252          |
|     bear      | 71           |    zebra     | 266          |    giraffe    | 232          |
|   backpack    | 371          |   umbrella   | 407          |    handbag    | 540          |
|      tie      | 252          |   suitcase   | 299          |    frisbee    | 115          |
|     skis      | 241          |  snowboard   | 69           |  sports ball  | 260          |
|     kite      | 327          | baseball bat | 145          | baseball gl.. | 148          |
|  skateboard   | 179          |  surfboard   | 267          | tennis racket | 225          |
|    bottle     | 1013         |  wine glass  | 341          |      cup      | 895          |
|     fork      | 215          |    knife     | 325          |     spoon     | 253          |
|     bowl      | 623          |    banana    | 370          |     apple     | 236          |
|   sandwich    | 177          |    orange    | 285          |   broccoli    | 312          |
|    carrot     | 365          |   hot dog    | 125          |     pizza     | 284          |
|     donut     | 328          |     cake     | 310          |     chair     | 1771         |
|     couch     | 261          | potted plant | 342          |      bed      | 163          |
| dining table  | 695          |    toilet    | 179          |      tv       | 288          |
|    laptop     | 231          |    mouse     | 106          |    remote     | 283          |
|   keyboard    | 153          |  cell phone  | 262          |   microwave   | 55           |
|     oven      | 143          |   toaster    | 9            |     sink      | 225          |
| refrigerator  | 126          |     book     | 1129         |     clock     | 267          |
|     vase      | 274          |   scissors   | 36           |  teddy bear   | 190          |
|  hair drier   | 11           |  toothbrush  | 57           |               |              |
|     total     | 36335        |              |              |               |              |
[10/30 00:55:03 d2.data.common]: Serializing the dataset using: <class 'detectron2.data.common._TorchSerializedList'>
[10/30 00:55:03 d2.data.common]: Serializing 5000 elements to byte tensors and concatenating them all ...
[10/30 00:55:03 d2.data.common]: Serialized dataset takes 19.10 MiB
[10/30 00:55:03 d2.evaluation.evaluator]: Start inference on 5000 batches
Doing attack: None
/home/hice1/zyahn3/.conda/envs/TOG_test/lib/python3.12/site-packages/torch/functional.py:513: UserWarning: torch.meshgrid: in an upcoming release, it will be required to pass the indexing argument. (Triggered internally at /opt/conda/conda-bld/pytorch_1724789220573/work/aten/src/ATen/native/TensorShape.cpp:3609.)
  return _VF.meshgrid(tensors, **kwargs)  # type: ignore[attr-defined]
[10/30 00:55:11 d2.evaluation.evaluator]: Inference done 1/5000. Dataloading: 1.2923 s/iter. Inference: 5.8361 s/iter. Eval: 0.0005 s/iter. Total: 7.1304 s/iter. ETA=9:54:05
[10/30 00:55:16 d2.evaluation.evaluator]: Inference done 26/5000. Dataloading: 0.0021 s/iter. Inference: 0.2063 s/iter. Eval: 0.0003 s/iter. Total: 0.2087 s/iter. ETA=0:17:18
[10/30 00:55:21 d2.evaluation.evaluator]: Inference done 51/5000. Dataloading: 0.0017 s/iter. Inference: 0.2029 s/iter. Eval: 0.0003 s/iter. Total: 0.2050 s/iter. ETA=0:16:54
[10/30 00:55:26 d2.evaluation.evaluator]: Inference done 76/5000. Dataloading: 0.0015 s/iter. Inference: 0.2034 s/iter. Eval: 0.0003 s/iter. Total: 0.2053 s/iter. ETA=0:16:50
[10/30 00:55:31 d2.evaluation.evaluator]: Inference done 102/5000. Dataloading: 0.0015 s/iter. Inference: 0.2010 s/iter. Eval: 0.0003 s/iter. Total: 0.2029 s/iter. ETA=0:16:33
[10/30 00:55:36 d2.evaluation.evaluator]: Inference done 128/5000. Dataloading: 0.0014 s/iter. Inference: 0.2004 s/iter. Eval: 0.0003 s/iter. Total: 0.2022 s/iter. ETA=0:16:25
[10/30 00:55:41 d2.evaluation.evaluator]: Inference done 153/5000. Dataloading: 0.0014 s/iter. Inference: 0.2011 s/iter. Eval: 0.0003 s/iter. Total: 0.2029 s/iter. ETA=0:16:23
[10/30 00:55:47 d2.evaluation.evaluator]: Inference done 179/5000. Dataloading: 0.0014 s/iter. Inference: 0.2005 s/iter. Eval: 0.0003 s/iter. Total: 0.2023 s/iter. ETA=0:16:15
[10/30 00:55:52 d2.evaluation.evaluator]: Inference done 204/5000. Dataloading: 0.0014 s/iter. Inference: 0.2003 s/iter. Eval: 0.0003 s/iter. Total: 0.2020 s/iter. ETA=0:16:09
[10/30 00:55:57 d2.evaluation.evaluator]: Inference done 230/5000. Dataloading: 0.0014 s/iter. Inference: 0.1998 s/iter. Eval: 0.0003 s/iter. Total: 0.2016 s/iter. ETA=0:16:01
[10/30 00:56:02 d2.evaluation.evaluator]: Inference done 255/5000. Dataloading: 0.0014 s/iter. Inference: 0.2000 s/iter. Eval: 0.0003 s/iter. Total: 0.2017 s/iter. ETA=0:15:57
[10/30 00:56:07 d2.evaluation.evaluator]: Inference done 279/5000. Dataloading: 0.0014 s/iter. Inference: 0.2006 s/iter. Eval: 0.0003 s/iter. Total: 0.2023 s/iter. ETA=0:15:55
[10/30 00:56:12 d2.evaluation.evaluator]: Inference done 304/5000. Dataloading: 0.0014 s/iter. Inference: 0.2008 s/iter. Eval: 0.0003 s/iter. Total: 0.2025 s/iter. ETA=0:15:51
[10/30 00:56:17 d2.evaluation.evaluator]: Inference done 329/5000. Dataloading: 0.0014 s/iter. Inference: 0.2007 s/iter. Eval: 0.0003 s/iter. Total: 0.2025 s/iter. ETA=0:15:45
[10/30 00:56:22 d2.evaluation.evaluator]: Inference done 354/5000. Dataloading: 0.0014 s/iter. Inference: 0.2009 s/iter. Eval: 0.0003 s/iter. Total: 0.2026 s/iter. ETA=0:15:41
[10/30 00:56:27 d2.evaluation.evaluator]: Inference done 379/5000. Dataloading: 0.0014 s/iter. Inference: 0.2010 s/iter. Eval: 0.0003 s/iter. Total: 0.2027 s/iter. ETA=0:15:36
[10/30 00:56:32 d2.evaluation.evaluator]: Inference done 404/5000. Dataloading: 0.0014 s/iter. Inference: 0.2009 s/iter. Eval: 0.0003 s/iter. Total: 0.2026 s/iter. ETA=0:15:31
[10/30 00:56:37 d2.evaluation.evaluator]: Inference done 430/5000. Dataloading: 0.0014 s/iter. Inference: 0.2008 s/iter. Eval: 0.0003 s/iter. Total: 0.2025 s/iter. ETA=0:15:25
[10/30 00:56:42 d2.evaluation.evaluator]: Inference done 454/5000. Dataloading: 0.0014 s/iter. Inference: 0.2011 s/iter. Eval: 0.0003 s/iter. Total: 0.2028 s/iter. ETA=0:15:22
[10/30 00:56:48 d2.evaluation.evaluator]: Inference done 477/5000. Dataloading: 0.0014 s/iter. Inference: 0.2019 s/iter. Eval: 0.0003 s/iter. Total: 0.2036 s/iter. ETA=0:15:20
[10/30 00:56:53 d2.evaluation.evaluator]: Inference done 501/5000. Dataloading: 0.0014 s/iter. Inference: 0.2024 s/iter. Eval: 0.0003 s/iter. Total: 0.2042 s/iter. ETA=0:15:18
[10/30 00:56:58 d2.evaluation.evaluator]: Inference done 526/5000. Dataloading: 0.0014 s/iter. Inference: 0.2024 s/iter. Eval: 0.0003 s/iter. Total: 0.2042 s/iter. ETA=0:15:13
[10/30 00:57:03 d2.evaluation.evaluator]: Inference done 550/5000. Dataloading: 0.0014 s/iter. Inference: 0.2027 s/iter. Eval: 0.0003 s/iter. Total: 0.2044 s/iter. ETA=0:15:09
[10/30 00:57:08 d2.evaluation.evaluator]: Inference done 575/5000. Dataloading: 0.0014 s/iter. Inference: 0.2029 s/iter. Eval: 0.0003 s/iter. Total: 0.2046 s/iter. ETA=0:15:05
[10/30 00:57:13 d2.evaluation.evaluator]: Inference done 599/5000. Dataloading: 0.0014 s/iter. Inference: 0.2033 s/iter. Eval: 0.0003 s/iter. Total: 0.2050 s/iter. ETA=0:15:02
[10/30 00:57:18 d2.evaluation.evaluator]: Inference done 623/5000. Dataloading: 0.0014 s/iter. Inference: 0.2037 s/iter. Eval: 0.0003 s/iter. Total: 0.2055 s/iter. ETA=0:14:59
[10/30 00:57:23 d2.evaluation.evaluator]: Inference done 648/5000. Dataloading: 0.0014 s/iter. Inference: 0.2035 s/iter. Eval: 0.0003 s/iter. Total: 0.2053 s/iter. ETA=0:14:53
[10/30 00:57:28 d2.evaluation.evaluator]: Inference done 673/5000. Dataloading: 0.0014 s/iter. Inference: 0.2034 s/iter. Eval: 0.0003 s/iter. Total: 0.2052 s/iter. ETA=0:14:47
[10/30 00:57:34 d2.evaluation.evaluator]: Inference done 698/5000. Dataloading: 0.0014 s/iter. Inference: 0.2034 s/iter. Eval: 0.0003 s/iter. Total: 0.2051 s/iter. ETA=0:14:42
[10/30 00:57:39 d2.evaluation.evaluator]: Inference done 722/5000. Dataloading: 0.0014 s/iter. Inference: 0.2035 s/iter. Eval: 0.0003 s/iter. Total: 0.2052 s/iter. ETA=0:14:37
[10/30 00:57:44 d2.evaluation.evaluator]: Inference done 747/5000. Dataloading: 0.0014 s/iter. Inference: 0.2033 s/iter. Eval: 0.0003 s/iter. Total: 0.2051 s/iter. ETA=0:14:32
[10/30 00:57:49 d2.evaluation.evaluator]: Inference done 772/5000. Dataloading: 0.0013 s/iter. Inference: 0.2033 s/iter. Eval: 0.0003 s/iter. Total: 0.2051 s/iter. ETA=0:14:26
[10/30 00:57:54 d2.evaluation.evaluator]: Inference done 797/5000. Dataloading: 0.0013 s/iter. Inference: 0.2033 s/iter. Eval: 0.0003 s/iter. Total: 0.2050 s/iter. ETA=0:14:21
[10/30 00:57:59 d2.evaluation.evaluator]: Inference done 822/5000. Dataloading: 0.0013 s/iter. Inference: 0.2033 s/iter. Eval: 0.0003 s/iter. Total: 0.2051 s/iter. ETA=0:14:16
[10/30 00:58:04 d2.evaluation.evaluator]: Inference done 848/5000. Dataloading: 0.0013 s/iter. Inference: 0.2031 s/iter. Eval: 0.0003 s/iter. Total: 0.2048 s/iter. ETA=0:14:10
[10/30 00:58:09 d2.evaluation.evaluator]: Inference done 873/5000. Dataloading: 0.0013 s/iter. Inference: 0.2031 s/iter. Eval: 0.0003 s/iter. Total: 0.2049 s/iter. ETA=0:14:05
[10/30 00:58:14 d2.evaluation.evaluator]: Inference done 898/5000. Dataloading: 0.0013 s/iter. Inference: 0.2030 s/iter. Eval: 0.0003 s/iter. Total: 0.2048 s/iter. ETA=0:13:59
[10/30 00:58:19 d2.evaluation.evaluator]: Inference done 924/5000. Dataloading: 0.0013 s/iter. Inference: 0.2029 s/iter. Eval: 0.0003 s/iter. Total: 0.2046 s/iter. ETA=0:13:53
[10/30 00:58:25 d2.evaluation.evaluator]: Inference done 949/5000. Dataloading: 0.0013 s/iter. Inference: 0.2029 s/iter. Eval: 0.0003 s/iter. Total: 0.2046 s/iter. ETA=0:13:49
[10/30 00:58:30 d2.evaluation.evaluator]: Inference done 974/5000. Dataloading: 0.0013 s/iter. Inference: 0.2029 s/iter. Eval: 0.0003 s/iter. Total: 0.2046 s/iter. ETA=0:13:43
[10/30 00:58:35 d2.evaluation.evaluator]: Inference done 998/5000. Dataloading: 0.0013 s/iter. Inference: 0.2031 s/iter. Eval: 0.0003 s/iter. Total: 0.2048 s/iter. ETA=0:13:39
[10/30 00:58:40 d2.evaluation.evaluator]: Inference done 1024/5000. Dataloading: 0.0013 s/iter. Inference: 0.2029 s/iter. Eval: 0.0003 s/iter. Total: 0.2046 s/iter. ETA=0:13:33
[10/30 00:58:45 d2.evaluation.evaluator]: Inference done 1049/5000. Dataloading: 0.0013 s/iter. Inference: 0.2029 s/iter. Eval: 0.0003 s/iter. Total: 0.2046 s/iter. ETA=0:13:28
[10/30 00:58:50 d2.evaluation.evaluator]: Inference done 1073/5000. Dataloading: 0.0013 s/iter. Inference: 0.2030 s/iter. Eval: 0.0003 s/iter. Total: 0.2047 s/iter. ETA=0:13:23
[10/30 00:58:55 d2.evaluation.evaluator]: Inference done 1098/5000. Dataloading: 0.0013 s/iter. Inference: 0.2029 s/iter. Eval: 0.0003 s/iter. Total: 0.2046 s/iter. ETA=0:13:18
[10/30 00:59:00 d2.evaluation.evaluator]: Inference done 1123/5000. Dataloading: 0.0013 s/iter. Inference: 0.2029 s/iter. Eval: 0.0003 s/iter. Total: 0.2046 s/iter. ETA=0:13:13
[10/30 00:59:05 d2.evaluation.evaluator]: Inference done 1147/5000. Dataloading: 0.0013 s/iter. Inference: 0.2030 s/iter. Eval: 0.0003 s/iter. Total: 0.2047 s/iter. ETA=0:13:08
[10/30 00:59:10 d2.evaluation.evaluator]: Inference done 1172/5000. Dataloading: 0.0013 s/iter. Inference: 0.2030 s/iter. Eval: 0.0003 s/iter. Total: 0.2047 s/iter. ETA=0:13:03
[10/30 00:59:15 d2.evaluation.evaluator]: Inference done 1197/5000. Dataloading: 0.0013 s/iter. Inference: 0.2030 s/iter. Eval: 0.0003 s/iter. Total: 0.2047 s/iter. ETA=0:12:58
[10/30 00:59:20 d2.evaluation.evaluator]: Inference done 1222/5000. Dataloading: 0.0013 s/iter. Inference: 0.2029 s/iter. Eval: 0.0003 s/iter. Total: 0.2047 s/iter. ETA=0:12:53
[10/30 00:59:26 d2.evaluation.evaluator]: Inference done 1247/5000. Dataloading: 0.0013 s/iter. Inference: 0.2029 s/iter. Eval: 0.0003 s/iter. Total: 0.2047 s/iter. ETA=0:12:48
[10/30 00:59:31 d2.evaluation.evaluator]: Inference done 1273/5000. Dataloading: 0.0013 s/iter. Inference: 0.2028 s/iter. Eval: 0.0003 s/iter. Total: 0.2045 s/iter. ETA=0:12:42
[10/30 00:59:36 d2.evaluation.evaluator]: Inference done 1298/5000. Dataloading: 0.0013 s/iter. Inference: 0.2028 s/iter. Eval: 0.0003 s/iter. Total: 0.2045 s/iter. ETA=0:12:37
[10/30 00:59:41 d2.evaluation.evaluator]: Inference done 1324/5000. Dataloading: 0.0013 s/iter. Inference: 0.2027 s/iter. Eval: 0.0003 s/iter. Total: 0.2044 s/iter. ETA=0:12:31
[10/30 00:59:46 d2.evaluation.evaluator]: Inference done 1349/5000. Dataloading: 0.0013 s/iter. Inference: 0.2027 s/iter. Eval: 0.0003 s/iter. Total: 0.2044 s/iter. ETA=0:12:26
[10/30 00:59:51 d2.evaluation.evaluator]: Inference done 1374/5000. Dataloading: 0.0013 s/iter. Inference: 0.2026 s/iter. Eval: 0.0003 s/iter. Total: 0.2043 s/iter. ETA=0:12:20
[10/30 00:59:56 d2.evaluation.evaluator]: Inference done 1399/5000. Dataloading: 0.0013 s/iter. Inference: 0.2026 s/iter. Eval: 0.0003 s/iter. Total: 0.2043 s/iter. ETA=0:12:15
[10/30 01:00:01 d2.evaluation.evaluator]: Inference done 1425/5000. Dataloading: 0.0013 s/iter. Inference: 0.2024 s/iter. Eval: 0.0003 s/iter. Total: 0.2042 s/iter. ETA=0:12:09
[10/30 01:00:06 d2.evaluation.evaluator]: Inference done 1450/5000. Dataloading: 0.0013 s/iter. Inference: 0.2024 s/iter. Eval: 0.0003 s/iter. Total: 0.2041 s/iter. ETA=0:12:04
[10/30 01:00:11 d2.evaluation.evaluator]: Inference done 1476/5000. Dataloading: 0.0013 s/iter. Inference: 0.2023 s/iter. Eval: 0.0003 s/iter. Total: 0.2040 s/iter. ETA=0:11:58
[10/30 01:00:16 d2.evaluation.evaluator]: Inference done 1499/5000. Dataloading: 0.0013 s/iter. Inference: 0.2025 s/iter. Eval: 0.0003 s/iter. Total: 0.2042 s/iter. ETA=0:11:54
[10/30 01:00:22 d2.evaluation.evaluator]: Inference done 1525/5000. Dataloading: 0.0013 s/iter. Inference: 0.2023 s/iter. Eval: 0.0003 s/iter. Total: 0.2040 s/iter. ETA=0:11:48
[10/30 01:00:27 d2.evaluation.evaluator]: Inference done 1550/5000. Dataloading: 0.0013 s/iter. Inference: 0.2024 s/iter. Eval: 0.0003 s/iter. Total: 0.2041 s/iter. ETA=0:11:44
[10/30 01:00:32 d2.evaluation.evaluator]: Inference done 1575/5000. Dataloading: 0.0013 s/iter. Inference: 0.2023 s/iter. Eval: 0.0003 s/iter. Total: 0.2040 s/iter. ETA=0:11:38
[10/30 01:00:37 d2.evaluation.evaluator]: Inference done 1597/5000. Dataloading: 0.0013 s/iter. Inference: 0.2027 s/iter. Eval: 0.0003 s/iter. Total: 0.2045 s/iter. ETA=0:11:35
[10/30 01:00:42 d2.evaluation.evaluator]: Inference done 1619/5000. Dataloading: 0.0013 s/iter. Inference: 0.2031 s/iter. Eval: 0.0003 s/iter. Total: 0.2048 s/iter. ETA=0:11:32
[10/30 01:00:47 d2.evaluation.evaluator]: Inference done 1642/5000. Dataloading: 0.0013 s/iter. Inference: 0.2034 s/iter. Eval: 0.0003 s/iter. Total: 0.2051 s/iter. ETA=0:11:28
[10/30 01:00:52 d2.evaluation.evaluator]: Inference done 1666/5000. Dataloading: 0.0013 s/iter. Inference: 0.2035 s/iter. Eval: 0.0003 s/iter. Total: 0.2052 s/iter. ETA=0:11:24
[10/30 01:00:57 d2.evaluation.evaluator]: Inference done 1690/5000. Dataloading: 0.0013 s/iter. Inference: 0.2036 s/iter. Eval: 0.0003 s/iter. Total: 0.2053 s/iter. ETA=0:11:19
[10/30 01:01:02 d2.evaluation.evaluator]: Inference done 1715/5000. Dataloading: 0.0014 s/iter. Inference: 0.2035 s/iter. Eval: 0.0003 s/iter. Total: 0.2053 s/iter. ETA=0:11:14
[10/30 01:01:08 d2.evaluation.evaluator]: Inference done 1740/5000. Dataloading: 0.0014 s/iter. Inference: 0.2035 s/iter. Eval: 0.0003 s/iter. Total: 0.2053 s/iter. ETA=0:11:09
[10/30 01:01:13 d2.evaluation.evaluator]: Inference done 1765/5000. Dataloading: 0.0015 s/iter. Inference: 0.2035 s/iter. Eval: 0.0003 s/iter. Total: 0.2053 s/iter. ETA=0:11:04
[10/30 01:01:18 d2.evaluation.evaluator]: Inference done 1791/5000. Dataloading: 0.0015 s/iter. Inference: 0.2033 s/iter. Eval: 0.0003 s/iter. Total: 0.2052 s/iter. ETA=0:10:58
[10/30 01:01:23 d2.evaluation.evaluator]: Inference done 1816/5000. Dataloading: 0.0015 s/iter. Inference: 0.2033 s/iter. Eval: 0.0003 s/iter. Total: 0.2052 s/iter. ETA=0:10:53
[10/30 01:01:28 d2.evaluation.evaluator]: Inference done 1841/5000. Dataloading: 0.0015 s/iter. Inference: 0.2033 s/iter. Eval: 0.0003 s/iter. Total: 0.2052 s/iter. ETA=0:10:48
[10/30 01:01:33 d2.evaluation.evaluator]: Inference done 1867/5000. Dataloading: 0.0015 s/iter. Inference: 0.2032 s/iter. Eval: 0.0003 s/iter. Total: 0.2051 s/iter. ETA=0:10:42
[10/30 01:01:38 d2.evaluation.evaluator]: Inference done 1892/5000. Dataloading: 0.0015 s/iter. Inference: 0.2032 s/iter. Eval: 0.0003 s/iter. Total: 0.2051 s/iter. ETA=0:10:37
[10/30 01:01:43 d2.evaluation.evaluator]: Inference done 1917/5000. Dataloading: 0.0015 s/iter. Inference: 0.2032 s/iter. Eval: 0.0003 s/iter. Total: 0.2050 s/iter. ETA=0:10:32
[10/30 01:01:48 d2.evaluation.evaluator]: Inference done 1942/5000. Dataloading: 0.0015 s/iter. Inference: 0.2031 s/iter. Eval: 0.0003 s/iter. Total: 0.2050 s/iter. ETA=0:10:26
[10/30 01:01:54 d2.evaluation.evaluator]: Inference done 1967/5000. Dataloading: 0.0015 s/iter. Inference: 0.2031 s/iter. Eval: 0.0003 s/iter. Total: 0.2049 s/iter. ETA=0:10:21
[10/30 01:01:59 d2.evaluation.evaluator]: Inference done 1992/5000. Dataloading: 0.0015 s/iter. Inference: 0.2030 s/iter. Eval: 0.0003 s/iter. Total: 0.2049 s/iter. ETA=0:10:16
[10/30 01:02:04 d2.evaluation.evaluator]: Inference done 2017/5000. Dataloading: 0.0015 s/iter. Inference: 0.2030 s/iter. Eval: 0.0003 s/iter. Total: 0.2049 s/iter. ETA=0:10:11
[10/30 01:02:09 d2.evaluation.evaluator]: Inference done 2042/5000. Dataloading: 0.0015 s/iter. Inference: 0.2030 s/iter. Eval: 0.0003 s/iter. Total: 0.2049 s/iter. ETA=0:10:05
[10/30 01:02:14 d2.evaluation.evaluator]: Inference done 2067/5000. Dataloading: 0.0015 s/iter. Inference: 0.2029 s/iter. Eval: 0.0003 s/iter. Total: 0.2048 s/iter. ETA=0:10:00
[10/30 01:02:19 d2.evaluation.evaluator]: Inference done 2093/5000. Dataloading: 0.0015 s/iter. Inference: 0.2029 s/iter. Eval: 0.0003 s/iter. Total: 0.2047 s/iter. ETA=0:09:55
[10/30 01:02:24 d2.evaluation.evaluator]: Inference done 2116/5000. Dataloading: 0.0015 s/iter. Inference: 0.2030 s/iter. Eval: 0.0003 s/iter. Total: 0.2049 s/iter. ETA=0:09:50
[10/30 01:02:29 d2.evaluation.evaluator]: Inference done 2142/5000. Dataloading: 0.0015 s/iter. Inference: 0.2030 s/iter. Eval: 0.0003 s/iter. Total: 0.2048 s/iter. ETA=0:09:45
[10/30 01:02:34 d2.evaluation.evaluator]: Inference done 2167/5000. Dataloading: 0.0015 s/iter. Inference: 0.2029 s/iter. Eval: 0.0003 s/iter. Total: 0.2048 s/iter. ETA=0:09:40
[10/30 01:02:39 d2.evaluation.evaluator]: Inference done 2193/5000. Dataloading: 0.0015 s/iter. Inference: 0.2028 s/iter. Eval: 0.0003 s/iter. Total: 0.2047 s/iter. ETA=0:09:34
[10/30 01:02:44 d2.evaluation.evaluator]: Inference done 2218/5000. Dataloading: 0.0015 s/iter. Inference: 0.2028 s/iter. Eval: 0.0003 s/iter. Total: 0.2047 s/iter. ETA=0:09:29
[10/30 01:02:49 d2.evaluation.evaluator]: Inference done 2243/5000. Dataloading: 0.0015 s/iter. Inference: 0.2028 s/iter. Eval: 0.0003 s/iter. Total: 0.2047 s/iter. ETA=0:09:24
[10/30 01:02:55 d2.evaluation.evaluator]: Inference done 2268/5000. Dataloading: 0.0015 s/iter. Inference: 0.2029 s/iter. Eval: 0.0003 s/iter. Total: 0.2047 s/iter. ETA=0:09:19
[10/30 01:03:00 d2.evaluation.evaluator]: Inference done 2293/5000. Dataloading: 0.0015 s/iter. Inference: 0.2028 s/iter. Eval: 0.0003 s/iter. Total: 0.2047 s/iter. ETA=0:09:14
[10/30 01:03:05 d2.evaluation.evaluator]: Inference done 2318/5000. Dataloading: 0.0015 s/iter. Inference: 0.2028 s/iter. Eval: 0.0003 s/iter. Total: 0.2047 s/iter. ETA=0:09:08
[10/30 01:03:10 d2.evaluation.evaluator]: Inference done 2343/5000. Dataloading: 0.0015 s/iter. Inference: 0.2028 s/iter. Eval: 0.0003 s/iter. Total: 0.2046 s/iter. ETA=0:09:03
[10/30 01:03:15 d2.evaluation.evaluator]: Inference done 2368/5000. Dataloading: 0.0015 s/iter. Inference: 0.2028 s/iter. Eval: 0.0003 s/iter. Total: 0.2046 s/iter. ETA=0:08:58
[10/30 01:03:20 d2.evaluation.evaluator]: Inference done 2393/5000. Dataloading: 0.0015 s/iter. Inference: 0.2028 s/iter. Eval: 0.0003 s/iter. Total: 0.2046 s/iter. ETA=0:08:53
[10/30 01:03:25 d2.evaluation.evaluator]: Inference done 2418/5000. Dataloading: 0.0015 s/iter. Inference: 0.2027 s/iter. Eval: 0.0003 s/iter. Total: 0.2046 s/iter. ETA=0:08:48
[10/30 01:03:30 d2.evaluation.evaluator]: Inference done 2442/5000. Dataloading: 0.0015 s/iter. Inference: 0.2028 s/iter. Eval: 0.0003 s/iter. Total: 0.2046 s/iter. ETA=0:08:43
[10/30 01:03:35 d2.evaluation.evaluator]: Inference done 2467/5000. Dataloading: 0.0015 s/iter. Inference: 0.2028 s/iter. Eval: 0.0003 s/iter. Total: 0.2046 s/iter. ETA=0:08:38
[10/30 01:03:40 d2.evaluation.evaluator]: Inference done 2493/5000. Dataloading: 0.0015 s/iter. Inference: 0.2027 s/iter. Eval: 0.0003 s/iter. Total: 0.2046 s/iter. ETA=0:08:32
[10/30 01:03:45 d2.evaluation.evaluator]: Inference done 2518/5000. Dataloading: 0.0015 s/iter. Inference: 0.2027 s/iter. Eval: 0.0003 s/iter. Total: 0.2045 s/iter. ETA=0:08:27
[10/30 01:03:50 d2.evaluation.evaluator]: Inference done 2543/5000. Dataloading: 0.0015 s/iter. Inference: 0.2026 s/iter. Eval: 0.0003 s/iter. Total: 0.2045 s/iter. ETA=0:08:22
[10/30 01:03:55 d2.evaluation.evaluator]: Inference done 2568/5000. Dataloading: 0.0015 s/iter. Inference: 0.2026 s/iter. Eval: 0.0003 s/iter. Total: 0.2045 s/iter. ETA=0:08:17
[10/30 01:04:01 d2.evaluation.evaluator]: Inference done 2594/5000. Dataloading: 0.0015 s/iter. Inference: 0.2025 s/iter. Eval: 0.0003 s/iter. Total: 0.2044 s/iter. ETA=0:08:11
[10/30 01:04:06 d2.evaluation.evaluator]: Inference done 2619/5000. Dataloading: 0.0015 s/iter. Inference: 0.2025 s/iter. Eval: 0.0003 s/iter. Total: 0.2044 s/iter. ETA=0:08:06
[10/30 01:04:11 d2.evaluation.evaluator]: Inference done 2644/5000. Dataloading: 0.0015 s/iter. Inference: 0.2026 s/iter. Eval: 0.0003 s/iter. Total: 0.2044 s/iter. ETA=0:08:01
[10/30 01:04:16 d2.evaluation.evaluator]: Inference done 2669/5000. Dataloading: 0.0015 s/iter. Inference: 0.2026 s/iter. Eval: 0.0003 s/iter. Total: 0.2044 s/iter. ETA=0:07:56
[10/30 01:04:21 d2.evaluation.evaluator]: Inference done 2694/5000. Dataloading: 0.0015 s/iter. Inference: 0.2025 s/iter. Eval: 0.0003 s/iter. Total: 0.2044 s/iter. ETA=0:07:51
[10/30 01:04:26 d2.evaluation.evaluator]: Inference done 2719/5000. Dataloading: 0.0015 s/iter. Inference: 0.2025 s/iter. Eval: 0.0003 s/iter. Total: 0.2044 s/iter. ETA=0:07:46
[10/30 01:04:31 d2.evaluation.evaluator]: Inference done 2745/5000. Dataloading: 0.0015 s/iter. Inference: 0.2025 s/iter. Eval: 0.0003 s/iter. Total: 0.2043 s/iter. ETA=0:07:40
[10/30 01:04:36 d2.evaluation.evaluator]: Inference done 2771/5000. Dataloading: 0.0014 s/iter. Inference: 0.2025 s/iter. Eval: 0.0003 s/iter. Total: 0.2043 s/iter. ETA=0:07:35
[10/30 01:04:42 d2.evaluation.evaluator]: Inference done 2797/5000. Dataloading: 0.0014 s/iter. Inference: 0.2024 s/iter. Eval: 0.0003 s/iter. Total: 0.2042 s/iter. ETA=0:07:29
[10/30 01:04:47 d2.evaluation.evaluator]: Inference done 2822/5000. Dataloading: 0.0014 s/iter. Inference: 0.2024 s/iter. Eval: 0.0003 s/iter. Total: 0.2042 s/iter. ETA=0:07:24
[10/30 01:04:52 d2.evaluation.evaluator]: Inference done 2846/5000. Dataloading: 0.0014 s/iter. Inference: 0.2025 s/iter. Eval: 0.0003 s/iter. Total: 0.2043 s/iter. ETA=0:07:20
[10/30 01:04:57 d2.evaluation.evaluator]: Inference done 2871/5000. Dataloading: 0.0014 s/iter. Inference: 0.2025 s/iter. Eval: 0.0003 s/iter. Total: 0.2043 s/iter. ETA=0:07:15
[10/30 01:05:02 d2.evaluation.evaluator]: Inference done 2893/5000. Dataloading: 0.0014 s/iter. Inference: 0.2027 s/iter. Eval: 0.0003 s/iter. Total: 0.2045 s/iter. ETA=0:07:10
[10/30 01:05:07 d2.evaluation.evaluator]: Inference done 2918/5000. Dataloading: 0.0014 s/iter. Inference: 0.2027 s/iter. Eval: 0.0003 s/iter. Total: 0.2045 s/iter. ETA=0:07:05
[10/30 01:05:12 d2.evaluation.evaluator]: Inference done 2943/5000. Dataloading: 0.0014 s/iter. Inference: 0.2026 s/iter. Eval: 0.0003 s/iter. Total: 0.2045 s/iter. ETA=0:07:00
[10/30 01:05:17 d2.evaluation.evaluator]: Inference done 2968/5000. Dataloading: 0.0014 s/iter. Inference: 0.2026 s/iter. Eval: 0.0003 s/iter. Total: 0.2044 s/iter. ETA=0:06:55
[10/30 01:05:22 d2.evaluation.evaluator]: Inference done 2993/5000. Dataloading: 0.0014 s/iter. Inference: 0.2026 s/iter. Eval: 0.0003 s/iter. Total: 0.2044 s/iter. ETA=0:06:50
[10/30 01:05:27 d2.evaluation.evaluator]: Inference done 3018/5000. Dataloading: 0.0014 s/iter. Inference: 0.2026 s/iter. Eval: 0.0003 s/iter. Total: 0.2044 s/iter. ETA=0:06:45
[10/30 01:05:32 d2.evaluation.evaluator]: Inference done 3043/5000. Dataloading: 0.0014 s/iter. Inference: 0.2026 s/iter. Eval: 0.0003 s/iter. Total: 0.2044 s/iter. ETA=0:06:40
[10/30 01:05:38 d2.evaluation.evaluator]: Inference done 3068/5000. Dataloading: 0.0014 s/iter. Inference: 0.2026 s/iter. Eval: 0.0003 s/iter. Total: 0.2044 s/iter. ETA=0:06:34
[10/30 01:05:43 d2.evaluation.evaluator]: Inference done 3093/5000. Dataloading: 0.0014 s/iter. Inference: 0.2026 s/iter. Eval: 0.0003 s/iter. Total: 0.2044 s/iter. ETA=0:06:29
[10/30 01:05:48 d2.evaluation.evaluator]: Inference done 3119/5000. Dataloading: 0.0014 s/iter. Inference: 0.2026 s/iter. Eval: 0.0003 s/iter. Total: 0.2044 s/iter. ETA=0:06:24
[10/30 01:05:53 d2.evaluation.evaluator]: Inference done 3144/5000. Dataloading: 0.0014 s/iter. Inference: 0.2026 s/iter. Eval: 0.0003 s/iter. Total: 0.2044 s/iter. ETA=0:06:19
[10/30 01:05:58 d2.evaluation.evaluator]: Inference done 3169/5000. Dataloading: 0.0014 s/iter. Inference: 0.2026 s/iter. Eval: 0.0003 s/iter. Total: 0.2044 s/iter. ETA=0:06:14
[10/30 01:06:03 d2.evaluation.evaluator]: Inference done 3194/5000. Dataloading: 0.0014 s/iter. Inference: 0.2025 s/iter. Eval: 0.0003 s/iter. Total: 0.2044 s/iter. ETA=0:06:09
[10/30 01:06:08 d2.evaluation.evaluator]: Inference done 3219/5000. Dataloading: 0.0014 s/iter. Inference: 0.2025 s/iter. Eval: 0.0003 s/iter. Total: 0.2043 s/iter. ETA=0:06:03
[10/30 01:06:13 d2.evaluation.evaluator]: Inference done 3244/5000. Dataloading: 0.0014 s/iter. Inference: 0.2025 s/iter. Eval: 0.0003 s/iter. Total: 0.2043 s/iter. ETA=0:05:58
[10/30 01:06:18 d2.evaluation.evaluator]: Inference done 3270/5000. Dataloading: 0.0014 s/iter. Inference: 0.2025 s/iter. Eval: 0.0003 s/iter. Total: 0.2043 s/iter. ETA=0:05:53
[10/30 01:06:23 d2.evaluation.evaluator]: Inference done 3294/5000. Dataloading: 0.0014 s/iter. Inference: 0.2025 s/iter. Eval: 0.0003 s/iter. Total: 0.2043 s/iter. ETA=0:05:48
[10/30 01:06:28 d2.evaluation.evaluator]: Inference done 3319/5000. Dataloading: 0.0014 s/iter. Inference: 0.2025 s/iter. Eval: 0.0003 s/iter. Total: 0.2043 s/iter. ETA=0:05:43
[10/30 01:06:34 d2.evaluation.evaluator]: Inference done 3345/5000. Dataloading: 0.0014 s/iter. Inference: 0.2025 s/iter. Eval: 0.0003 s/iter. Total: 0.2043 s/iter. ETA=0:05:38
[10/30 01:06:39 d2.evaluation.evaluator]: Inference done 3370/5000. Dataloading: 0.0014 s/iter. Inference: 0.2025 s/iter. Eval: 0.0003 s/iter. Total: 0.2043 s/iter. ETA=0:05:32
[10/30 01:06:44 d2.evaluation.evaluator]: Inference done 3395/5000. Dataloading: 0.0014 s/iter. Inference: 0.2024 s/iter. Eval: 0.0003 s/iter. Total: 0.2043 s/iter. ETA=0:05:27
[10/30 01:06:49 d2.evaluation.evaluator]: Inference done 3421/5000. Dataloading: 0.0014 s/iter. Inference: 0.2024 s/iter. Eval: 0.0003 s/iter. Total: 0.2042 s/iter. ETA=0:05:22
[10/30 01:06:54 d2.evaluation.evaluator]: Inference done 3446/5000. Dataloading: 0.0014 s/iter. Inference: 0.2024 s/iter. Eval: 0.0003 s/iter. Total: 0.2042 s/iter. ETA=0:05:17
[10/30 01:06:59 d2.evaluation.evaluator]: Inference done 3471/5000. Dataloading: 0.0014 s/iter. Inference: 0.2024 s/iter. Eval: 0.0003 s/iter. Total: 0.2042 s/iter. ETA=0:05:12
[10/30 01:07:04 d2.evaluation.evaluator]: Inference done 3497/5000. Dataloading: 0.0014 s/iter. Inference: 0.2024 s/iter. Eval: 0.0003 s/iter. Total: 0.2042 s/iter. ETA=0:05:06
[10/30 01:07:09 d2.evaluation.evaluator]: Inference done 3522/5000. Dataloading: 0.0014 s/iter. Inference: 0.2024 s/iter. Eval: 0.0003 s/iter. Total: 0.2042 s/iter. ETA=0:05:01
[10/30 01:07:14 d2.evaluation.evaluator]: Inference done 3547/5000. Dataloading: 0.0014 s/iter. Inference: 0.2023 s/iter. Eval: 0.0003 s/iter. Total: 0.2041 s/iter. ETA=0:04:56
[10/30 01:07:20 d2.evaluation.evaluator]: Inference done 3572/5000. Dataloading: 0.0014 s/iter. Inference: 0.2023 s/iter. Eval: 0.0003 s/iter. Total: 0.2041 s/iter. ETA=0:04:51
[10/30 01:07:25 d2.evaluation.evaluator]: Inference done 3597/5000. Dataloading: 0.0014 s/iter. Inference: 0.2023 s/iter. Eval: 0.0003 s/iter. Total: 0.2041 s/iter. ETA=0:04:46
[10/30 01:07:30 d2.evaluation.evaluator]: Inference done 3622/5000. Dataloading: 0.0014 s/iter. Inference: 0.2024 s/iter. Eval: 0.0003 s/iter. Total: 0.2042 s/iter. ETA=0:04:41
[10/30 01:07:35 d2.evaluation.evaluator]: Inference done 3646/5000. Dataloading: 0.0014 s/iter. Inference: 0.2024 s/iter. Eval: 0.0003 s/iter. Total: 0.2042 s/iter. ETA=0:04:36
[10/30 01:07:40 d2.evaluation.evaluator]: Inference done 3671/5000. Dataloading: 0.0014 s/iter. Inference: 0.2024 s/iter. Eval: 0.0003 s/iter. Total: 0.2042 s/iter. ETA=0:04:31
[10/30 01:07:45 d2.evaluation.evaluator]: Inference done 3696/5000. Dataloading: 0.0014 s/iter. Inference: 0.2024 s/iter. Eval: 0.0003 s/iter. Total: 0.2042 s/iter. ETA=0:04:26
[10/30 01:07:50 d2.evaluation.evaluator]: Inference done 3721/5000. Dataloading: 0.0014 s/iter. Inference: 0.2024 s/iter. Eval: 0.0003 s/iter. Total: 0.2042 s/iter. ETA=0:04:21
[10/30 01:07:55 d2.evaluation.evaluator]: Inference done 3746/5000. Dataloading: 0.0014 s/iter. Inference: 0.2024 s/iter. Eval: 0.0003 s/iter. Total: 0.2042 s/iter. ETA=0:04:16
[10/30 01:08:00 d2.evaluation.evaluator]: Inference done 3771/5000. Dataloading: 0.0014 s/iter. Inference: 0.2024 s/iter. Eval: 0.0003 s/iter. Total: 0.2042 s/iter. ETA=0:04:10
[10/30 01:08:05 d2.evaluation.evaluator]: Inference done 3796/5000. Dataloading: 0.0014 s/iter. Inference: 0.2024 s/iter. Eval: 0.0003 s/iter. Total: 0.2042 s/iter. ETA=0:04:05
[10/30 01:08:11 d2.evaluation.evaluator]: Inference done 3821/5000. Dataloading: 0.0014 s/iter. Inference: 0.2024 s/iter. Eval: 0.0003 s/iter. Total: 0.2042 s/iter. ETA=0:04:00
[10/30 01:08:16 d2.evaluation.evaluator]: Inference done 3843/5000. Dataloading: 0.0014 s/iter. Inference: 0.2026 s/iter. Eval: 0.0003 s/iter. Total: 0.2044 s/iter. ETA=0:03:56
[10/30 01:08:21 d2.evaluation.evaluator]: Inference done 3867/5000. Dataloading: 0.0014 s/iter. Inference: 0.2026 s/iter. Eval: 0.0003 s/iter. Total: 0.2044 s/iter. ETA=0:03:51
[10/30 01:08:26 d2.evaluation.evaluator]: Inference done 3892/5000. Dataloading: 0.0014 s/iter. Inference: 0.2026 s/iter. Eval: 0.0003 s/iter. Total: 0.2044 s/iter. ETA=0:03:46
[10/30 01:08:31 d2.evaluation.evaluator]: Inference done 3917/5000. Dataloading: 0.0014 s/iter. Inference: 0.2026 s/iter. Eval: 0.0003 s/iter. Total: 0.2044 s/iter. ETA=0:03:41
[10/30 01:08:36 d2.evaluation.evaluator]: Inference done 3943/5000. Dataloading: 0.0014 s/iter. Inference: 0.2025 s/iter. Eval: 0.0003 s/iter. Total: 0.2043 s/iter. ETA=0:03:35
[10/30 01:08:41 d2.evaluation.evaluator]: Inference done 3968/5000. Dataloading: 0.0014 s/iter. Inference: 0.2025 s/iter. Eval: 0.0003 s/iter. Total: 0.2043 s/iter. ETA=0:03:30
[10/30 01:08:46 d2.evaluation.evaluator]: Inference done 3994/5000. Dataloading: 0.0014 s/iter. Inference: 0.2025 s/iter. Eval: 0.0003 s/iter. Total: 0.2043 s/iter. ETA=0:03:25
[10/30 01:08:51 d2.evaluation.evaluator]: Inference done 4019/5000. Dataloading: 0.0014 s/iter. Inference: 0.2025 s/iter. Eval: 0.0003 s/iter. Total: 0.2043 s/iter. ETA=0:03:20
[10/30 01:08:57 d2.evaluation.evaluator]: Inference done 4044/5000. Dataloading: 0.0014 s/iter. Inference: 0.2025 s/iter. Eval: 0.0003 s/iter. Total: 0.2043 s/iter. ETA=0:03:15
[10/30 01:09:02 d2.evaluation.evaluator]: Inference done 4069/5000. Dataloading: 0.0014 s/iter. Inference: 0.2025 s/iter. Eval: 0.0003 s/iter. Total: 0.2043 s/iter. ETA=0:03:10
[10/30 01:09:07 d2.evaluation.evaluator]: Inference done 4094/5000. Dataloading: 0.0014 s/iter. Inference: 0.2025 s/iter. Eval: 0.0003 s/iter. Total: 0.2043 s/iter. ETA=0:03:05
[10/30 01:09:12 d2.evaluation.evaluator]: Inference done 4119/5000. Dataloading: 0.0014 s/iter. Inference: 0.2025 s/iter. Eval: 0.0003 s/iter. Total: 0.2043 s/iter. ETA=0:02:59
[10/30 01:09:17 d2.evaluation.evaluator]: Inference done 4144/5000. Dataloading: 0.0014 s/iter. Inference: 0.2025 s/iter. Eval: 0.0003 s/iter. Total: 0.2043 s/iter. ETA=0:02:54
[10/30 01:09:22 d2.evaluation.evaluator]: Inference done 4170/5000. Dataloading: 0.0014 s/iter. Inference: 0.2025 s/iter. Eval: 0.0003 s/iter. Total: 0.2043 s/iter. ETA=0:02:49
[10/30 01:09:27 d2.evaluation.evaluator]: Inference done 4195/5000. Dataloading: 0.0014 s/iter. Inference: 0.2025 s/iter. Eval: 0.0003 s/iter. Total: 0.2042 s/iter. ETA=0:02:44
[10/30 01:09:32 d2.evaluation.evaluator]: Inference done 4220/5000. Dataloading: 0.0014 s/iter. Inference: 0.2024 s/iter. Eval: 0.0003 s/iter. Total: 0.2042 s/iter. ETA=0:02:39
[10/30 01:09:37 d2.evaluation.evaluator]: Inference done 4246/5000. Dataloading: 0.0014 s/iter. Inference: 0.2024 s/iter. Eval: 0.0003 s/iter. Total: 0.2042 s/iter. ETA=0:02:33
[10/30 01:09:42 d2.evaluation.evaluator]: Inference done 4272/5000. Dataloading: 0.0014 s/iter. Inference: 0.2023 s/iter. Eval: 0.0003 s/iter. Total: 0.2041 s/iter. ETA=0:02:28
[10/30 01:09:48 d2.evaluation.evaluator]: Inference done 4298/5000. Dataloading: 0.0014 s/iter. Inference: 0.2023 s/iter. Eval: 0.0003 s/iter. Total: 0.2041 s/iter. ETA=0:02:23
[10/30 01:09:53 d2.evaluation.evaluator]: Inference done 4323/5000. Dataloading: 0.0014 s/iter. Inference: 0.2023 s/iter. Eval: 0.0003 s/iter. Total: 0.2041 s/iter. ETA=0:02:18
[10/30 01:09:58 d2.evaluation.evaluator]: Inference done 4349/5000. Dataloading: 0.0014 s/iter. Inference: 0.2023 s/iter. Eval: 0.0003 s/iter. Total: 0.2041 s/iter. ETA=0:02:12
[10/30 01:10:03 d2.evaluation.evaluator]: Inference done 4374/5000. Dataloading: 0.0014 s/iter. Inference: 0.2023 s/iter. Eval: 0.0003 s/iter. Total: 0.2041 s/iter. ETA=0:02:07
[10/30 01:10:08 d2.evaluation.evaluator]: Inference done 4400/5000. Dataloading: 0.0014 s/iter. Inference: 0.2022 s/iter. Eval: 0.0003 s/iter. Total: 0.2040 s/iter. ETA=0:02:02
[10/30 01:10:13 d2.evaluation.evaluator]: Inference done 4425/5000. Dataloading: 0.0014 s/iter. Inference: 0.2022 s/iter. Eval: 0.0003 s/iter. Total: 0.2040 s/iter. ETA=0:01:57
[10/30 01:10:18 d2.evaluation.evaluator]: Inference done 4450/5000. Dataloading: 0.0014 s/iter. Inference: 0.2022 s/iter. Eval: 0.0003 s/iter. Total: 0.2040 s/iter. ETA=0:01:52
[10/30 01:10:23 d2.evaluation.evaluator]: Inference done 4475/5000. Dataloading: 0.0014 s/iter. Inference: 0.2022 s/iter. Eval: 0.0003 s/iter. Total: 0.2040 s/iter. ETA=0:01:47
[10/30 01:10:28 d2.evaluation.evaluator]: Inference done 4500/5000. Dataloading: 0.0014 s/iter. Inference: 0.2022 s/iter. Eval: 0.0003 s/iter. Total: 0.2040 s/iter. ETA=0:01:41
[10/30 01:10:33 d2.evaluation.evaluator]: Inference done 4525/5000. Dataloading: 0.0014 s/iter. Inference: 0.2022 s/iter. Eval: 0.0003 s/iter. Total: 0.2040 s/iter. ETA=0:01:36
[10/30 01:10:38 d2.evaluation.evaluator]: Inference done 4551/5000. Dataloading: 0.0014 s/iter. Inference: 0.2022 s/iter. Eval: 0.0003 s/iter. Total: 0.2039 s/iter. ETA=0:01:31
[10/30 01:10:44 d2.evaluation.evaluator]: Inference done 4576/5000. Dataloading: 0.0014 s/iter. Inference: 0.2021 s/iter. Eval: 0.0003 s/iter. Total: 0.2039 s/iter. ETA=0:01:26
[10/30 01:10:49 d2.evaluation.evaluator]: Inference done 4601/5000. Dataloading: 0.0014 s/iter. Inference: 0.2022 s/iter. Eval: 0.0003 s/iter. Total: 0.2039 s/iter. ETA=0:01:21
[10/30 01:10:54 d2.evaluation.evaluator]: Inference done 4626/5000. Dataloading: 0.0014 s/iter. Inference: 0.2021 s/iter. Eval: 0.0003 s/iter. Total: 0.2039 s/iter. ETA=0:01:16
[10/30 01:10:59 d2.evaluation.evaluator]: Inference done 4651/5000. Dataloading: 0.0014 s/iter. Inference: 0.2021 s/iter. Eval: 0.0003 s/iter. Total: 0.2039 s/iter. ETA=0:01:11
[10/30 01:11:04 d2.evaluation.evaluator]: Inference done 4677/5000. Dataloading: 0.0014 s/iter. Inference: 0.2021 s/iter. Eval: 0.0003 s/iter. Total: 0.2039 s/iter. ETA=0:01:05
[10/30 01:11:09 d2.evaluation.evaluator]: Inference done 4702/5000. Dataloading: 0.0014 s/iter. Inference: 0.2021 s/iter. Eval: 0.0003 s/iter. Total: 0.2039 s/iter. ETA=0:01:00
[10/30 01:11:14 d2.evaluation.evaluator]: Inference done 4727/5000. Dataloading: 0.0014 s/iter. Inference: 0.2021 s/iter. Eval: 0.0003 s/iter. Total: 0.2039 s/iter. ETA=0:00:55
[10/30 01:11:19 d2.evaluation.evaluator]: Inference done 4752/5000. Dataloading: 0.0014 s/iter. Inference: 0.2021 s/iter. Eval: 0.0003 s/iter. Total: 0.2039 s/iter. ETA=0:00:50
[10/30 01:11:24 d2.evaluation.evaluator]: Inference done 4777/5000. Dataloading: 0.0014 s/iter. Inference: 0.2021 s/iter. Eval: 0.0003 s/iter. Total: 0.2039 s/iter. ETA=0:00:45
[10/30 01:11:29 d2.evaluation.evaluator]: Inference done 4802/5000. Dataloading: 0.0014 s/iter. Inference: 0.2021 s/iter. Eval: 0.0003 s/iter. Total: 0.2039 s/iter. ETA=0:00:40
[10/30 01:11:34 d2.evaluation.evaluator]: Inference done 4828/5000. Dataloading: 0.0014 s/iter. Inference: 0.2021 s/iter. Eval: 0.0003 s/iter. Total: 0.2038 s/iter. ETA=0:00:35
[10/30 01:11:40 d2.evaluation.evaluator]: Inference done 4853/5000. Dataloading: 0.0014 s/iter. Inference: 0.2021 s/iter. Eval: 0.0003 s/iter. Total: 0.2038 s/iter. ETA=0:00:29
[10/30 01:11:45 d2.evaluation.evaluator]: Inference done 4878/5000. Dataloading: 0.0014 s/iter. Inference: 0.2021 s/iter. Eval: 0.0003 s/iter. Total: 0.2039 s/iter. ETA=0:00:24
[10/30 01:11:50 d2.evaluation.evaluator]: Inference done 4903/5000. Dataloading: 0.0014 s/iter. Inference: 0.2021 s/iter. Eval: 0.0003 s/iter. Total: 0.2038 s/iter. ETA=0:00:19
[10/30 01:11:55 d2.evaluation.evaluator]: Inference done 4928/5000. Dataloading: 0.0014 s/iter. Inference: 0.2021 s/iter. Eval: 0.0003 s/iter. Total: 0.2039 s/iter. ETA=0:00:14
[10/30 01:12:00 d2.evaluation.evaluator]: Inference done 4953/5000. Dataloading: 0.0014 s/iter. Inference: 0.2021 s/iter. Eval: 0.0003 s/iter. Total: 0.2039 s/iter. ETA=0:00:09
[10/30 01:12:05 d2.evaluation.evaluator]: Inference done 4978/5000. Dataloading: 0.0014 s/iter. Inference: 0.2021 s/iter. Eval: 0.0003 s/iter. Total: 0.2039 s/iter. ETA=0:00:04
[10/30 01:12:10 d2.evaluation.evaluator]: Total inference time: 0:16:58.244274 (0.203853 s / iter per device, on 1 devices)
[10/30 01:12:10 d2.evaluation.evaluator]: Total inference pure compute time: 0:16:49 (0.202071 s / iter per device, on 1 devices)
[10/30 01:12:10 d2.evaluation.coco_evaluation]: Preparing results for COCO format ...
[10/30 01:12:10 d2.evaluation.coco_evaluation]: Evaluating predictions with unofficial COCO API...
Loading and preparing results...
DONE (t=3.16s)
creating index...
index created!
[10/30 01:12:13 d2.evaluation.fast_eval_api]: Evaluate annotation type *bbox*
[10/30 01:12:26 d2.evaluation.fast_eval_api]: COCOeval_opt.evaluate() finished in 12.26 seconds.
[10/30 01:12:26 d2.evaluation.fast_eval_api]: Accumulating evaluation results...
[10/30 01:12:29 d2.evaluation.fast_eval_api]: COCOeval_opt.accumulate() finished in 2.40 seconds.
 Average Precision  (AP) @[ IoU=0.50:0.95 | area=   all | maxDets=100 ] = 0.511
 Average Precision  (AP) @[ IoU=0.50      | area=   all | maxDets=100 ] = 0.707
 Average Precision  (AP) @[ IoU=0.75      | area=   all | maxDets=100 ] = 0.554
 Average Precision  (AP) @[ IoU=0.50:0.95 | area= small | maxDets=100 ] = 0.337
 Average Precision  (AP) @[ IoU=0.50:0.95 | area=medium | maxDets=100 ] = 0.549
 Average Precision  (AP) @[ IoU=0.50:0.95 | area= large | maxDets=100 ] = 0.670
 Average Recall     (AR) @[ IoU=0.50:0.95 | area=   all | maxDets=  1 ] = 0.383
 Average Recall     (AR) @[ IoU=0.50:0.95 | area=   all | maxDets= 10 ] = 0.650
 Average Recall     (AR) @[ IoU=0.50:0.95 | area=   all | maxDets=100 ] = 0.720
 Average Recall     (AR) @[ IoU=0.50:0.95 | area= small | maxDets=100 ] = 0.553
 Average Recall     (AR) @[ IoU=0.50:0.95 | area=medium | maxDets=100 ] = 0.762
 Average Recall     (AR) @[ IoU=0.50:0.95 | area= large | maxDets=100 ] = 0.877
[10/30 01:12:29 d2.evaluation.coco_evaluation]: Evaluation results for bbox: 
|   AP   |  AP50  |  AP75  |  APs   |  APm   |  APl   |
|:------:|:------:|:------:|:------:|:------:|:------:|
| 51.089 | 70.702 | 55.357 | 33.712 | 54.928 | 66.969 |
[10/30 01:12:29 d2.evaluation.coco_evaluation]: Per-category bbox AP: 
| category      | AP     | category     | AP     | category       | AP     |
|:--------------|:-------|:-------------|:-------|:---------------|:-------|
| person        | 59.606 | bicycle      | 39.439 | car            | 49.345 |
| motorcycle    | 53.359 | airplane     | 73.556 | bus            | 72.852 |
| train         | 74.923 | truck        | 46.615 | boat           | 33.589 |
| traffic light | 31.403 | fire hydrant | 70.898 | stop sign      | 72.230 |
| parking meter | 47.312 | bench        | 33.880 | bird           | 45.030 |
| cat           | 78.058 | dog          | 72.968 | horse          | 65.327 |
| sheep         | 60.223 | cow          | 64.948 | elephant       | 70.685 |
| bear          | 78.133 | zebra        | 74.714 | giraffe        | 77.674 |
| backpack      | 24.606 | umbrella     | 50.509 | handbag        | 24.587 |
| tie           | 46.720 | suitcase     | 51.452 | frisbee        | 74.130 |
| skis          | 32.880 | snowboard    | 49.583 | sports ball    | 49.665 |
| kite          | 49.026 | baseball bat | 49.635 | baseball glove | 46.596 |
| skateboard    | 62.810 | surfboard    | 48.516 | tennis racket  | 61.933 |
| bottle        | 46.744 | wine glass   | 45.500 | cup            | 50.736 |
| fork          | 52.434 | knife        | 32.069 | spoon          | 31.357 |
| bowl          | 49.359 | banana       | 30.500 | apple          | 28.250 |
| sandwich      | 51.489 | orange       | 39.993 | broccoli       | 26.509 |
| carrot        | 28.035 | hot dog      | 46.995 | pizza          | 61.138 |
| donut         | 58.870 | cake         | 48.318 | chair          | 38.955 |
| couch         | 51.260 | potted plant | 32.926 | bed            | 53.846 |
| dining table  | 34.056 | toilet       | 65.276 | tv             | 63.629 |
| laptop        | 72.291 | mouse        | 63.670 | remote         | 43.861 |
| keyboard      | 58.508 | cell phone   | 48.589 | microwave      | 70.563 |
| oven          | 41.435 | toaster      | 50.089 | sink           | 44.088 |
| refrigerator  | 66.185 | book         | 23.319 | clock          | 54.809 |
| vase          | 41.810 | scissors     | 49.106 | teddy bear     | 55.968 |
| hair drier    | 22.070 | toothbrush   | 43.077 |                |        |


------- Similarity and Timing Metrics -------
Total Parameters: 219019020
Average Attack Time: 0.2036
Average L2 Norm: 0.0000
Max Difference in Images: 0.0000
------------------------------------------------


[10/30 01:12:30 d2.evaluation.testing]: copypaste: Task: bbox
[10/30 01:12:30 d2.evaluation.testing]: copypaste: AP,AP50,AP75,APs,APm,APl
[10/30 01:12:30 d2.evaluation.testing]: copypaste: 51.0887,70.7023,55.3572,33.7118,54.9279,66.9692
OrderedDict({'bbox': {'AP': 51.088720385642894, 'AP50': 70.70227772847947, 'AP75': 55.357221533468525, 'APs': 33.71177674235776, 'APm': 54.927860436342826, 'APl': 66.9691838443696, 'AP-person': 59.60629436829677, 'AP-bicycle': 39.439037764891246, 'AP-car': 49.345161873006475, 'AP-motorcycle': 53.35899733870152, 'AP-airplane': 73.5564415696159, 'AP-bus': 72.85172869615846, 'AP-train': 74.92329073189251, 'AP-truck': 46.61547834607261, 'AP-boat': 33.588602393373144, 'AP-traffic light': 31.402504751647207, 'AP-fire hydrant': 70.89847123085042, 'AP-stop sign': 72.23018981677262, 'AP-parking meter': 47.311834856197684, 'AP-bench': 33.880241350197146, 'AP-bird': 45.03022614095252, 'AP-cat': 78.05757130332091, 'AP-dog': 72.96799344056015, 'AP-horse': 65.32721352436629, 'AP-sheep': 60.223369739523534, 'AP-cow': 64.94831463178798, 'AP-elephant': 70.68456124714616, 'AP-bear': 78.13343336407016, 'AP-zebra': 74.71352088600054, 'AP-giraffe': 77.67379319211646, 'AP-backpack': 24.606495416237784, 'AP-umbrella': 50.50880620320781, 'AP-handbag': 24.586935945073346, 'AP-tie': 46.72046572167595, 'AP-suitcase': 51.45186120515982, 'AP-frisbee': 74.12995129321389, 'AP-skis': 32.87951355098242, 'AP-snowboard': 49.58302394932812, 'AP-sports ball': 49.66521237825774, 'AP-kite': 49.02620906519727, 'AP-baseball bat': 49.634655010729915, 'AP-baseball glove': 46.59647659281637, 'AP-skateboard': 62.81022806511589, 'AP-surfboard': 48.51596521584901, 'AP-tennis racket': 61.932934107300106, 'AP-bottle': 46.74441171637075, 'AP-wine glass': 45.49957672392973, 'AP-cup': 50.735700109773894, 'AP-fork': 52.43382568589631, 'AP-knife': 32.06917883090667, 'AP-spoon': 31.357312587729368, 'AP-bowl': 49.35908067675639, 'AP-banana': 30.500118229473433, 'AP-apple': 28.24974586995973, 'AP-sandwich': 51.489059823049885, 'AP-orange': 39.99324613528708, 'AP-broccoli': 26.508676691980764, 'AP-carrot': 28.035157215966173, 'AP-hot dog': 46.994523880980985, 'AP-pizza': 61.137744440654, 'AP-donut': 58.869604932502874, 'AP-cake': 48.31828355708712, 'AP-chair': 38.955335640738845, 'AP-couch': 51.26041632683632, 'AP-potted plant': 32.92603376064208, 'AP-bed': 53.84604780357656, 'AP-dining table': 34.05557896474841, 'AP-toilet': 65.27596399752926, 'AP-tv': 63.62868535153755, 'AP-laptop': 72.29063909604731, 'AP-mouse': 63.66962187635211, 'AP-remote': 43.86060897963875, 'AP-keyboard': 58.50801892523445, 'AP-cell phone': 48.588727031679156, 'AP-microwave': 70.56258471552988, 'AP-oven': 41.434792224690185, 'AP-toaster': 50.08869952916015, 'AP-sink': 44.088399119058224, 'AP-refrigerator': 66.18503506481085, 'AP-book': 23.319119434610826, 'AP-clock': 54.80939286081483, 'AP-vase': 41.810386839715015, 'AP-scissors': 49.10591941089644, 'AP-teddy bear': 55.968016072695015, 'AP-hair drier': 22.069999729511718, 'AP-toothbrush': 43.0773547094086}})
---------------------------------------
Begin Slurm Epilog: Oct-30-2024 01:12:32
Job ID:        895766
Array Job ID:  _4294967294
User ID:       zyahn3
Account:       scs
Job name:      TOG_Plus_ConvNext
Resources:     cpu=1,gres/gpu:a100=1,mem=128G,node=1
Rsrc Used:     cput=00:18:10,vmem=0,walltime=00:18:10,mem=4890612K,energy_used=0
Partition:     coc-gpu
Nodes:         atl1-1-01-005-13-0
---------------------------------------
