---------------------------------------
Begin Slurm Prolog: Oct-30-2024 01:39:58
Job ID:    895772
User ID:   zyahn3
Account:   scs
Job name:  TOG_Plus_R50
Partition: coc-gpu
---------------------------------------
/storage/ice1/5/9/zyahn3/TOG_plus/detrex/detrex/layers/dcn_v3.py:23: FutureWarning: `torch.cuda.amp.custom_fwd(args...)` is deprecated. Please use `torch.amp.custom_fwd(args..., device_type='cuda')` instead.
  @custom_fwd
/storage/ice1/5/9/zyahn3/TOG_plus/detrex/detrex/layers/dcn_v3.py:52: FutureWarning: `torch.cuda.amp.custom_bwd(args...)` is deprecated. Please use `torch.amp.custom_bwd(args..., device_type='cuda')` instead.
  @custom_bwd
[10/30 01:40:06 detectron2]: Rank of current process: 0. World size: 1
[10/30 01:40:07 detectron2]: Environment info:
-------------------------------  ----------------------------------------------------------------------------------------
sys.platform                     linux
Python                           3.12.4 | packaged by Anaconda, Inc. | (main, Jun 18 2024, 15:12:24) [GCC 11.2.0]
numpy                            1.26.4
detectron2                       0.6 @/storage/ice1/5/9/zyahn3/TOG_plus/detrex/detectron2/detectron2
Compiler                         GCC 12.3
CUDA compiler                    not available
DETECTRON2_ENV_MODULE            <not set>
PyTorch                          2.4.1 @/home/hice1/zyahn3/.conda/envs/TOG_test/lib/python3.12/site-packages/torch
PyTorch debug build              False
torch._C._GLIBCXX_USE_CXX11_ABI  False
GPU available                    Yes
GPU 0                            NVIDIA A100 80GB PCIe (arch=8.0)
Driver version                   555.42.02
CUDA_HOME                        /usr/local/cuda
Pillow                           10.4.0
torchvision                      0.19.1 @/home/hice1/zyahn3/.conda/envs/TOG_test/lib/python3.12/site-packages/torchvision
torchvision arch flags           5.0, 6.0, 7.0, 7.5, 8.0, 8.6, 9.0
fvcore                           0.1.5.post20221221
iopath                           0.1.9
cv2                              4.10.0
-------------------------------  ----------------------------------------------------------------------------------------
PyTorch built with:
  - GCC 9.3
  - C++ Version: 201703
  - Intel(R) oneAPI Math Kernel Library Version 2023.1-Product Build 20230303 for Intel(R) 64 architecture applications
  - Intel(R) MKL-DNN v3.4.2 (Git Hash 1137e04ec0b5251ca2b4400a4fd3c667ce843d67)
  - OpenMP 201511 (a.k.a. OpenMP 4.5)
  - LAPACK is enabled (usually provided by MKL)
  - NNPACK is enabled
  - CPU capability usage: AVX2
  - CUDA Runtime 12.4
  - NVCC architecture flags: -gencode;arch=compute_50,code=sm_50;-gencode;arch=compute_60,code=sm_60;-gencode;arch=compute_61,code=sm_61;-gencode;arch=compute_70,code=sm_70;-gencode;arch=compute_75,code=sm_75;-gencode;arch=compute_80,code=sm_80;-gencode;arch=compute_86,code=sm_86;-gencode;arch=compute_90,code=sm_90
  - CuDNN 90.1
  - Magma 2.6.1
  - Build settings: BLAS_INFO=mkl, BUILD_TYPE=Release, CUDA_VERSION=12.4, CUDNN_VERSION=9.1.0, CXX_COMPILER=/opt/rh/devtoolset-9/root/usr/bin/c++, CXX_FLAGS= -D_GLIBCXX_USE_CXX11_ABI=0 -fabi-version=11 -fvisibility-inlines-hidden -DUSE_PTHREADPOOL -DNDEBUG -DUSE_KINETO -DLIBKINETO_NOROCTRACER -DUSE_FBGEMM -DUSE_PYTORCH_QNNPACK -DUSE_XNNPACK -DSYMBOLICATE_MOBILE_DEBUG_HANDLE -O2 -fPIC -Wall -Wextra -Werror=return-type -Werror=non-virtual-dtor -Werror=bool-operation -Wnarrowing -Wno-missing-field-initializers -Wno-type-limits -Wno-array-bounds -Wno-unknown-pragmas -Wno-unused-parameter -Wno-unused-function -Wno-unused-result -Wno-strict-overflow -Wno-strict-aliasing -Wno-stringop-overflow -Wsuggest-override -Wno-psabi -Wno-error=pedantic -Wno-error=old-style-cast -Wno-missing-braces -fdiagnostics-color=always -faligned-new -Wno-unused-but-set-variable -Wno-maybe-uninitialized -fno-math-errno -fno-trapping-math -Werror=format -Wno-stringop-overflow, LAPACK_INFO=mkl, PERF_WITH_AVX=1, PERF_WITH_AVX2=1, PERF_WITH_AVX512=1, TORCH_VERSION=2.4.1, USE_CUDA=ON, USE_CUDNN=ON, USE_CUSPARSELT=1, USE_EXCEPTION_PTR=1, USE_GFLAGS=OFF, USE_GLOG=OFF, USE_GLOO=ON, USE_MKL=ON, USE_MKLDNN=ON, USE_MPI=OFF, USE_NCCL=ON, USE_NNPACK=ON, USE_OPENMP=ON, USE_ROCM=OFF, USE_ROCM_KERNEL_ASSERT=OFF, 

[10/30 01:40:07 detectron2]: Command line arguments: Namespace(config_file='detrex/projects/dino/configs/dino-resnet/dino_r50_4scale_12ep.py', resume=False, eval_only=True, num_gpus=1, num_machines=1, machine_rank=0, dist_url='tcp://127.0.0.1:53103', opts=['train.init_checkpoint=model_files/dino_r50_4scale.pth', 'attack=none', 'attack_mode=none', 'sample=1.0', 'save_attack=0.0', 'save_dir=datasets/blackbox/dino_r50_untargeted/', 'load_attack=1.0', 'load_dir=datasets/blackbox/dino_r50_untargeted/'])
[10/30 01:40:07 detectron2]: Contents of args.config_file=detrex/projects/dino/configs/dino-resnet/dino_r50_4scale_12ep.py:
[38;5;204mfrom[39m[38;5;15m [39m[38;5;15mdetrex[39m[38;5;15m.[39m[38;5;15mconfig[39m[38;5;15m [39m[38;5;204mimport[39m[38;5;15m [39m[38;5;15mget_config[39m
[38;5;204mfrom[39m[38;5;15m [39m[38;5;15m.[39m[38;5;15m.[39m[38;5;15mmodels[39m[38;5;15m.[39m[38;5;15mdino_r50[39m[38;5;15m [39m[38;5;204mimport[39m[38;5;15m [39m[38;5;15mmodel[39m

[38;5;245m# get default config[39m
[38;5;15mdataloader[39m[38;5;15m [39m[38;5;204m=[39m[38;5;15m [39m[38;5;15mget_config[39m[38;5;15m([39m[38;5;186m"[39m[38;5;186mcommon/data/coco_detr.py[39m[38;5;186m"[39m[38;5;15m)[39m[38;5;204m.[39m[38;5;15mdataloader[39m
[38;5;15moptimizer[39m[38;5;15m [39m[38;5;204m=[39m[38;5;15m [39m[38;5;15mget_config[39m[38;5;15m([39m[38;5;186m"[39m[38;5;186mcommon/optim.py[39m[38;5;186m"[39m[38;5;15m)[39m[38;5;204m.[39m[38;5;15mAdamW[39m
[38;5;15mlr_multiplier[39m[38;5;15m [39m[38;5;204m=[39m[38;5;15m [39m[38;5;15mget_config[39m[38;5;15m([39m[38;5;186m"[39m[38;5;186mcommon/coco_schedule.py[39m[38;5;186m"[39m[38;5;15m)[39m[38;5;204m.[39m[38;5;15mlr_multiplier_12ep[39m
[38;5;15mtrain[39m[38;5;15m [39m[38;5;204m=[39m[38;5;15m [39m[38;5;15mget_config[39m[38;5;15m([39m[38;5;186m"[39m[38;5;186mcommon/train.py[39m[38;5;186m"[39m[38;5;15m)[39m[38;5;204m.[39m[38;5;15mtrain[39m

[38;5;245m# modify training config[39m
[38;5;15mtrain[39m[38;5;204m.[39m[38;5;15minit_checkpoint[39m[38;5;15m [39m[38;5;204m=[39m[38;5;15m [39m[38;5;186m"[39m[38;5;186mdetectron2://ImageNetPretrained/torchvision/R-50.pkl[39m[38;5;186m"[39m
[38;5;15mtrain[39m[38;5;204m.[39m[38;5;15moutput_dir[39m[38;5;15m [39m[38;5;204m=[39m[38;5;15m [39m[38;5;186m"[39m[38;5;186m./output/dino_r50_4scale_12ep[39m[38;5;186m"[39m

[38;5;245m# max training iterations[39m
[38;5;15mtrain[39m[38;5;204m.[39m[38;5;15mmax_iter[39m[38;5;15m [39m[38;5;204m=[39m[38;5;15m [39m[38;5;141m90000[39m
[38;5;15mtrain[39m[38;5;204m.[39m[38;5;15meval_period[39m[38;5;15m [39m[38;5;204m=[39m[38;5;15m [39m[38;5;141m5000[39m
[38;5;15mtrain[39m[38;5;204m.[39m[38;5;15mlog_period[39m[38;5;15m [39m[38;5;204m=[39m[38;5;15m [39m[38;5;141m20[39m
[38;5;15mtrain[39m[38;5;204m.[39m[38;5;15mcheckpointer[39m[38;5;204m.[39m[38;5;15mperiod[39m[38;5;15m [39m[38;5;204m=[39m[38;5;15m [39m[38;5;141m5000[39m

[38;5;245m# gradient clipping for training[39m
[38;5;15mtrain[39m[38;5;204m.[39m[38;5;15mclip_grad[39m[38;5;204m.[39m[38;5;15menabled[39m[38;5;15m [39m[38;5;204m=[39m[38;5;15m [39m[38;5;81mTrue[39m
[38;5;15mtrain[39m[38;5;204m.[39m[38;5;15mclip_grad[39m[38;5;204m.[39m[38;5;15mparams[39m[38;5;204m.[39m[38;5;15mmax_norm[39m[38;5;15m [39m[38;5;204m=[39m[38;5;15m [39m[38;5;141m0.1[39m
[38;5;15mtrain[39m[38;5;204m.[39m[38;5;15mclip_grad[39m[38;5;204m.[39m[38;5;15mparams[39m[38;5;204m.[39m[38;5;15mnorm_type[39m[38;5;15m [39m[38;5;204m=[39m[38;5;15m [39m[38;5;141m2[39m

[38;5;245m# set training devices[39m
[38;5;15mtrain[39m[38;5;204m.[39m[38;5;15mdevice[39m[38;5;15m [39m[38;5;204m=[39m[38;5;15m [39m[38;5;186m"[39m[38;5;186mcuda[39m[38;5;186m"[39m
[38;5;15mmodel[39m[38;5;204m.[39m[38;5;15mdevice[39m[38;5;15m [39m[38;5;204m=[39m[38;5;15m [39m[38;5;15mtrain[39m[38;5;204m.[39m[38;5;15mdevice[39m

[38;5;245m# modify optimizer config[39m
[38;5;15moptimizer[39m[38;5;204m.[39m[38;5;15mlr[39m[38;5;15m [39m[38;5;204m=[39m[38;5;15m [39m[38;5;141m1e-4[39m
[38;5;15moptimizer[39m[38;5;204m.[39m[38;5;15mbetas[39m[38;5;15m [39m[38;5;204m=[39m[38;5;15m [39m[38;5;15m([39m[38;5;141m0.9[39m[38;5;15m,[39m[38;5;15m [39m[38;5;141m0.999[39m[38;5;15m)[39m
[38;5;15moptimizer[39m[38;5;204m.[39m[38;5;15mweight_decay[39m[38;5;15m [39m[38;5;204m=[39m[38;5;15m [39m[38;5;141m1e-4[39m
[38;5;15moptimizer[39m[38;5;204m.[39m[38;5;15mparams[39m[38;5;204m.[39m[38;5;15mlr_factor_func[39m[38;5;15m [39m[38;5;204m=[39m[38;5;15m [39m[38;5;81mlambda[39m[38;5;15m [39m[38;5;15mmodule_name[39m[38;5;15m:[39m[38;5;15m [39m[38;5;141m0.1[39m[38;5;15m [39m[38;5;81mif[39m[38;5;15m [39m[38;5;186m"[39m[38;5;186mbackbone[39m[38;5;186m"[39m[38;5;15m [39m[38;5;204min[39m[38;5;15m [39m[38;5;15mmodule_name[39m[38;5;15m [39m[38;5;81melse[39m[38;5;15m [39m[38;5;141m1[39m

[38;5;245m# modify dataloader config[39m
[38;5;15mdataloader[39m[38;5;204m.[39m[38;5;15mtrain[39m[38;5;204m.[39m[38;5;15mnum_workers[39m[38;5;15m [39m[38;5;204m=[39m[38;5;15m [39m[38;5;141m16[39m

[38;5;245m# please notice that this is total batch size.[39m
[38;5;245m# surpose you're using 4 gpus for training and the batch size for[39m
[38;5;245m# each gpu is 16/4 = 4[39m
[38;5;15mdataloader[39m[38;5;204m.[39m[38;5;15mtrain[39m[38;5;204m.[39m[38;5;15mtotal_batch_size[39m[38;5;15m [39m[38;5;204m=[39m[38;5;15m [39m[38;5;141m16[39m

[38;5;245m# dump the testing results into output_dir for visualization[39m
[38;5;15mdataloader[39m[38;5;204m.[39m[38;5;15mevaluator[39m[38;5;204m.[39m[38;5;15moutput_dir[39m[38;5;15m [39m[38;5;204m=[39m[38;5;15m [39m[38;5;15mtrain[39m[38;5;204m.[39m[38;5;15moutput_dir[39m

[38;5;15mattack[39m[38;5;204m=[39m[38;5;81mNone[39m
[38;5;15mattack_mode[39m[38;5;204m=[39m[38;5;81mNone[39m
[38;5;15msample[39m[38;5;204m=[39m[38;5;141m1.0[39m
[38;5;15msave_attack[39m[38;5;204m=[39m[38;5;81mNone[39m
[38;5;15msave_dir[39m[38;5;204m=[39m[38;5;81mNone[39m

WARNING [10/30 01:40:07 d2.config.lazy]: The config contains objects that cannot serialize to a valid yaml. ./output/dino_r50_4scale_12ep/config.yaml is human-readable but cannot be loaded.
WARNING [10/30 01:40:07 d2.config.lazy]: Config is saved using cloudpickle at ./output/dino_r50_4scale_12ep/config.yaml.pkl.
[10/30 01:40:07 detectron2]: Full config saved to ./output/dino_r50_4scale_12ep/config.yaml
[10/30 01:40:07 d2.utils.env]: Using a generated random seed 10024040
[10/30 01:40:08 d2.checkpoint.detection_checkpoint]: [DetectionCheckpointer] Loading from model_files/dino_r50_4scale.pth ...
[10/30 01:40:08 fvcore.common.checkpoint]: [Checkpointer] Loading from model_files/dino_r50_4scale.pth ...
/home/hice1/zyahn3/.conda/envs/TOG_test/lib/python3.12/site-packages/fvcore/common/checkpoint.py:252: FutureWarning: You are using `torch.load` with `weights_only=False` (the current default value), which uses the default pickle module implicitly. It is possible to construct malicious pickle data which will execute arbitrary code during unpickling (See https://github.com/pytorch/pytorch/blob/main/SECURITY.md#untrusted-models for more details). In a future release, the default value for `weights_only` will be flipped to `True`. This limits the functions that could be executed during unpickling. Arbitrary objects will no longer be allowed to be loaded via this mode unless they are explicitly allowlisted by the user via `torch.serialization.add_safe_globals`. We recommend you start setting `weights_only=True` for any use case where you don't have full control of the loaded file. Please open an issue on GitHub for any issues related to this experimental feature.
  return torch.load(f, map_location=torch.device("cpu"))
[10/30 01:40:11 detectron2]: Run evaluation under eval-only mode
[10/30 01:40:11 detectron2]: Run evaluation without EMA.
[10/30 01:40:11 d2.data.datasets.coco]: Loaded 5000 images in COCO format from /home/hice1/zyahn3/scratch/TOG_plus/datasets/coco/annotations/instances_val2017.json
[10/30 01:40:11 d2.data.build]: Distribution of instances among all 80 categories:
|   category    | #instances   |   category   | #instances   |   category    | #instances   |
|:-------------:|:-------------|:------------:|:-------------|:-------------:|:-------------|
|    person     | 10777        |   bicycle    | 314          |      car      | 1918         |
|  motorcycle   | 367          |   airplane   | 143          |      bus      | 283          |
|     train     | 190          |    truck     | 414          |     boat      | 424          |
| traffic light | 634          | fire hydrant | 101          |   stop sign   | 75           |
| parking meter | 60           |    bench     | 411          |     bird      | 427          |
|      cat      | 202          |     dog      | 218          |     horse     | 272          |
|     sheep     | 354          |     cow      | 372          |   elephant    | 252          |
|     bear      | 71           |    zebra     | 266          |    giraffe    | 232          |
|   backpack    | 371          |   umbrella   | 407          |    handbag    | 540          |
|      tie      | 252          |   suitcase   | 299          |    frisbee    | 115          |
|     skis      | 241          |  snowboard   | 69           |  sports ball  | 260          |
|     kite      | 327          | baseball bat | 145          | baseball gl.. | 148          |
|  skateboard   | 179          |  surfboard   | 267          | tennis racket | 225          |
|    bottle     | 1013         |  wine glass  | 341          |      cup      | 895          |
|     fork      | 215          |    knife     | 325          |     spoon     | 253          |
|     bowl      | 623          |    banana    | 370          |     apple     | 236          |
|   sandwich    | 177          |    orange    | 285          |   broccoli    | 312          |
|    carrot     | 365          |   hot dog    | 125          |     pizza     | 284          |
|     donut     | 328          |     cake     | 310          |     chair     | 1771         |
|     couch     | 261          | potted plant | 342          |      bed      | 163          |
| dining table  | 695          |    toilet    | 179          |      tv       | 288          |
|    laptop     | 231          |    mouse     | 106          |    remote     | 283          |
|   keyboard    | 153          |  cell phone  | 262          |   microwave   | 55           |
|     oven      | 143          |   toaster    | 9            |     sink      | 225          |
| refrigerator  | 126          |     book     | 1129         |     clock     | 267          |
|     vase      | 274          |   scissors   | 36           |  teddy bear   | 190          |
|  hair drier   | 11           |  toothbrush  | 57           |               |              |
|     total     | 36335        |              |              |               |              |
[10/30 01:40:11 d2.data.common]: Serializing the dataset using: <class 'detectron2.data.common._TorchSerializedList'>
[10/30 01:40:11 d2.data.common]: Serializing 5000 elements to byte tensors and concatenating them all ...
[10/30 01:40:12 d2.data.common]: Serialized dataset takes 19.27 MiB
[10/30 01:40:12 d2.evaluation.evaluator]: Start inference on 5000 batches
Doing attack: None
/home/hice1/zyahn3/.conda/envs/TOG_test/lib/python3.12/site-packages/torch/functional.py:513: UserWarning: torch.meshgrid: in an upcoming release, it will be required to pass the indexing argument. (Triggered internally at /opt/conda/conda-bld/pytorch_1724789220573/work/aten/src/ATen/native/TensorShape.cpp:3609.)
  return _VF.meshgrid(tensors, **kwargs)  # type: ignore[attr-defined]
[10/30 01:40:16 d2.evaluation.evaluator]: Inference done 11/5000. Dataloading: 0.0012 s/iter. Inference: 0.1303 s/iter. Eval: 0.0003 s/iter. Total: 0.1319 s/iter. ETA=0:10:57
[10/30 01:40:21 d2.evaluation.evaluator]: Inference done 52/5000. Dataloading: 0.0013 s/iter. Inference: 0.1243 s/iter. Eval: 0.0003 s/iter. Total: 0.1260 s/iter. ETA=0:10:23
[10/30 01:40:26 d2.evaluation.evaluator]: Inference done 93/5000. Dataloading: 0.0013 s/iter. Inference: 0.1235 s/iter. Eval: 0.0003 s/iter. Total: 0.1252 s/iter. ETA=0:10:14
[10/30 01:40:31 d2.evaluation.evaluator]: Inference done 134/5000. Dataloading: 0.0014 s/iter. Inference: 0.1229 s/iter. Eval: 0.0003 s/iter. Total: 0.1247 s/iter. ETA=0:10:06
[10/30 01:40:36 d2.evaluation.evaluator]: Inference done 175/5000. Dataloading: 0.0014 s/iter. Inference: 0.1228 s/iter. Eval: 0.0003 s/iter. Total: 0.1246 s/iter. ETA=0:10:01
[10/30 01:40:41 d2.evaluation.evaluator]: Inference done 216/5000. Dataloading: 0.0014 s/iter. Inference: 0.1224 s/iter. Eval: 0.0003 s/iter. Total: 0.1242 s/iter. ETA=0:09:54
[10/30 01:40:46 d2.evaluation.evaluator]: Inference done 257/5000. Dataloading: 0.0014 s/iter. Inference: 0.1221 s/iter. Eval: 0.0003 s/iter. Total: 0.1239 s/iter. ETA=0:09:47
[10/30 01:40:51 d2.evaluation.evaluator]: Inference done 296/5000. Dataloading: 0.0014 s/iter. Inference: 0.1220 s/iter. Eval: 0.0011 s/iter. Total: 0.1245 s/iter. ETA=0:09:45
[10/30 01:40:56 d2.evaluation.evaluator]: Inference done 337/5000. Dataloading: 0.0015 s/iter. Inference: 0.1219 s/iter. Eval: 0.0010 s/iter. Total: 0.1244 s/iter. ETA=0:09:40
[10/30 01:41:01 d2.evaluation.evaluator]: Inference done 377/5000. Dataloading: 0.0014 s/iter. Inference: 0.1224 s/iter. Eval: 0.0009 s/iter. Total: 0.1248 s/iter. ETA=0:09:36
[10/30 01:41:06 d2.evaluation.evaluator]: Inference done 417/5000. Dataloading: 0.0014 s/iter. Inference: 0.1226 s/iter. Eval: 0.0008 s/iter. Total: 0.1250 s/iter. ETA=0:09:32
[10/30 01:41:12 d2.evaluation.evaluator]: Inference done 455/5000. Dataloading: 0.0014 s/iter. Inference: 0.1235 s/iter. Eval: 0.0008 s/iter. Total: 0.1258 s/iter. ETA=0:09:31
[10/30 01:41:17 d2.evaluation.evaluator]: Inference done 492/5000. Dataloading: 0.0014 s/iter. Inference: 0.1242 s/iter. Eval: 0.0008 s/iter. Total: 0.1265 s/iter. ETA=0:09:30
[10/30 01:41:22 d2.evaluation.evaluator]: Inference done 532/5000. Dataloading: 0.0014 s/iter. Inference: 0.1244 s/iter. Eval: 0.0007 s/iter. Total: 0.1266 s/iter. ETA=0:09:25
[10/30 01:41:27 d2.evaluation.evaluator]: Inference done 571/5000. Dataloading: 0.0014 s/iter. Inference: 0.1247 s/iter. Eval: 0.0007 s/iter. Total: 0.1269 s/iter. ETA=0:09:21
[10/30 01:41:32 d2.evaluation.evaluator]: Inference done 608/5000. Dataloading: 0.0014 s/iter. Inference: 0.1253 s/iter. Eval: 0.0007 s/iter. Total: 0.1275 s/iter. ETA=0:09:19
[10/30 01:41:37 d2.evaluation.evaluator]: Inference done 646/5000. Dataloading: 0.0014 s/iter. Inference: 0.1256 s/iter. Eval: 0.0007 s/iter. Total: 0.1277 s/iter. ETA=0:09:16
[10/30 01:41:42 d2.evaluation.evaluator]: Inference done 684/5000. Dataloading: 0.0014 s/iter. Inference: 0.1259 s/iter. Eval: 0.0006 s/iter. Total: 0.1280 s/iter. ETA=0:09:12
[10/30 01:41:47 d2.evaluation.evaluator]: Inference done 721/5000. Dataloading: 0.0014 s/iter. Inference: 0.1263 s/iter. Eval: 0.0006 s/iter. Total: 0.1284 s/iter. ETA=0:09:09
[10/30 01:41:52 d2.evaluation.evaluator]: Inference done 758/5000. Dataloading: 0.0014 s/iter. Inference: 0.1267 s/iter. Eval: 0.0006 s/iter. Total: 0.1288 s/iter. ETA=0:09:06
[10/30 01:41:57 d2.evaluation.evaluator]: Inference done 795/5000. Dataloading: 0.0014 s/iter. Inference: 0.1271 s/iter. Eval: 0.0006 s/iter. Total: 0.1291 s/iter. ETA=0:09:02
[10/30 01:42:02 d2.evaluation.evaluator]: Inference done 832/5000. Dataloading: 0.0014 s/iter. Inference: 0.1275 s/iter. Eval: 0.0006 s/iter. Total: 0.1296 s/iter. ETA=0:09:00
[10/30 01:42:07 d2.evaluation.evaluator]: Inference done 869/5000. Dataloading: 0.0014 s/iter. Inference: 0.1279 s/iter. Eval: 0.0006 s/iter. Total: 0.1300 s/iter. ETA=0:08:56
[10/30 01:42:12 d2.evaluation.evaluator]: Inference done 907/5000. Dataloading: 0.0014 s/iter. Inference: 0.1282 s/iter. Eval: 0.0006 s/iter. Total: 0.1302 s/iter. ETA=0:08:52
[10/30 01:42:18 d2.evaluation.evaluator]: Inference done 945/5000. Dataloading: 0.0014 s/iter. Inference: 0.1283 s/iter. Eval: 0.0006 s/iter. Total: 0.1303 s/iter. ETA=0:08:48
[10/30 01:42:23 d2.evaluation.evaluator]: Inference done 980/5000. Dataloading: 0.0014 s/iter. Inference: 0.1289 s/iter. Eval: 0.0005 s/iter. Total: 0.1308 s/iter. ETA=0:08:45
[10/30 01:42:28 d2.evaluation.evaluator]: Inference done 1018/5000. Dataloading: 0.0014 s/iter. Inference: 0.1289 s/iter. Eval: 0.0005 s/iter. Total: 0.1309 s/iter. ETA=0:08:41
[10/30 01:42:33 d2.evaluation.evaluator]: Inference done 1055/5000. Dataloading: 0.0014 s/iter. Inference: 0.1292 s/iter. Eval: 0.0005 s/iter. Total: 0.1312 s/iter. ETA=0:08:37
[10/30 01:42:38 d2.evaluation.evaluator]: Inference done 1092/5000. Dataloading: 0.0014 s/iter. Inference: 0.1293 s/iter. Eval: 0.0005 s/iter. Total: 0.1313 s/iter. ETA=0:08:33
[10/30 01:42:43 d2.evaluation.evaluator]: Inference done 1129/5000. Dataloading: 0.0014 s/iter. Inference: 0.1295 s/iter. Eval: 0.0005 s/iter. Total: 0.1315 s/iter. ETA=0:08:28
[10/30 01:42:48 d2.evaluation.evaluator]: Inference done 1167/5000. Dataloading: 0.0014 s/iter. Inference: 0.1296 s/iter. Eval: 0.0005 s/iter. Total: 0.1315 s/iter. ETA=0:08:24
[10/30 01:42:53 d2.evaluation.evaluator]: Inference done 1203/5000. Dataloading: 0.0014 s/iter. Inference: 0.1298 s/iter. Eval: 0.0005 s/iter. Total: 0.1318 s/iter. ETA=0:08:20
[10/30 01:42:58 d2.evaluation.evaluator]: Inference done 1240/5000. Dataloading: 0.0014 s/iter. Inference: 0.1301 s/iter. Eval: 0.0005 s/iter. Total: 0.1320 s/iter. ETA=0:08:16
[10/30 01:43:03 d2.evaluation.evaluator]: Inference done 1278/5000. Dataloading: 0.0014 s/iter. Inference: 0.1301 s/iter. Eval: 0.0005 s/iter. Total: 0.1320 s/iter. ETA=0:08:11
[10/30 01:43:08 d2.evaluation.evaluator]: Inference done 1316/5000. Dataloading: 0.0014 s/iter. Inference: 0.1301 s/iter. Eval: 0.0005 s/iter. Total: 0.1320 s/iter. ETA=0:08:06
[10/30 01:43:13 d2.evaluation.evaluator]: Inference done 1355/5000. Dataloading: 0.0014 s/iter. Inference: 0.1301 s/iter. Eval: 0.0005 s/iter. Total: 0.1320 s/iter. ETA=0:08:01
[10/30 01:43:18 d2.evaluation.evaluator]: Inference done 1392/5000. Dataloading: 0.0014 s/iter. Inference: 0.1302 s/iter. Eval: 0.0005 s/iter. Total: 0.1321 s/iter. ETA=0:07:56
[10/30 01:43:23 d2.evaluation.evaluator]: Inference done 1430/5000. Dataloading: 0.0014 s/iter. Inference: 0.1302 s/iter. Eval: 0.0005 s/iter. Total: 0.1321 s/iter. ETA=0:07:51
[10/30 01:43:28 d2.evaluation.evaluator]: Inference done 1468/5000. Dataloading: 0.0014 s/iter. Inference: 0.1302 s/iter. Eval: 0.0005 s/iter. Total: 0.1321 s/iter. ETA=0:07:46
[10/30 01:43:33 d2.evaluation.evaluator]: Inference done 1504/5000. Dataloading: 0.0014 s/iter. Inference: 0.1304 s/iter. Eval: 0.0005 s/iter. Total: 0.1323 s/iter. ETA=0:07:42
[10/30 01:43:38 d2.evaluation.evaluator]: Inference done 1540/5000. Dataloading: 0.0014 s/iter. Inference: 0.1306 s/iter. Eval: 0.0005 s/iter. Total: 0.1325 s/iter. ETA=0:07:38
[10/30 01:43:43 d2.evaluation.evaluator]: Inference done 1577/5000. Dataloading: 0.0014 s/iter. Inference: 0.1306 s/iter. Eval: 0.0005 s/iter. Total: 0.1326 s/iter. ETA=0:07:33
[10/30 01:43:49 d2.evaluation.evaluator]: Inference done 1617/5000. Dataloading: 0.0014 s/iter. Inference: 0.1305 s/iter. Eval: 0.0005 s/iter. Total: 0.1325 s/iter. ETA=0:07:28
[10/30 01:43:54 d2.evaluation.evaluator]: Inference done 1657/5000. Dataloading: 0.0014 s/iter. Inference: 0.1303 s/iter. Eval: 0.0005 s/iter. Total: 0.1323 s/iter. ETA=0:07:22
[10/30 01:43:59 d2.evaluation.evaluator]: Inference done 1695/5000. Dataloading: 0.0014 s/iter. Inference: 0.1304 s/iter. Eval: 0.0005 s/iter. Total: 0.1323 s/iter. ETA=0:07:17
[10/30 01:44:04 d2.evaluation.evaluator]: Inference done 1733/5000. Dataloading: 0.0014 s/iter. Inference: 0.1304 s/iter. Eval: 0.0005 s/iter. Total: 0.1323 s/iter. ETA=0:07:12
[10/30 01:44:09 d2.evaluation.evaluator]: Inference done 1771/5000. Dataloading: 0.0014 s/iter. Inference: 0.1304 s/iter. Eval: 0.0005 s/iter. Total: 0.1323 s/iter. ETA=0:07:07
[10/30 01:44:14 d2.evaluation.evaluator]: Inference done 1808/5000. Dataloading: 0.0014 s/iter. Inference: 0.1305 s/iter. Eval: 0.0004 s/iter. Total: 0.1324 s/iter. ETA=0:07:02
[10/30 01:44:19 d2.evaluation.evaluator]: Inference done 1847/5000. Dataloading: 0.0014 s/iter. Inference: 0.1304 s/iter. Eval: 0.0004 s/iter. Total: 0.1324 s/iter. ETA=0:06:57
[10/30 01:44:24 d2.evaluation.evaluator]: Inference done 1885/5000. Dataloading: 0.0014 s/iter. Inference: 0.1305 s/iter. Eval: 0.0004 s/iter. Total: 0.1324 s/iter. ETA=0:06:52
[10/30 01:44:29 d2.evaluation.evaluator]: Inference done 1922/5000. Dataloading: 0.0014 s/iter. Inference: 0.1306 s/iter. Eval: 0.0004 s/iter. Total: 0.1325 s/iter. ETA=0:06:47
[10/30 01:44:34 d2.evaluation.evaluator]: Inference done 1961/5000. Dataloading: 0.0014 s/iter. Inference: 0.1305 s/iter. Eval: 0.0004 s/iter. Total: 0.1324 s/iter. ETA=0:06:42
[10/30 01:44:39 d2.evaluation.evaluator]: Inference done 1999/5000. Dataloading: 0.0014 s/iter. Inference: 0.1306 s/iter. Eval: 0.0004 s/iter. Total: 0.1325 s/iter. ETA=0:06:37
[10/30 01:44:44 d2.evaluation.evaluator]: Inference done 2035/5000. Dataloading: 0.0014 s/iter. Inference: 0.1307 s/iter. Eval: 0.0004 s/iter. Total: 0.1326 s/iter. ETA=0:06:33
[10/30 01:44:49 d2.evaluation.evaluator]: Inference done 2074/5000. Dataloading: 0.0014 s/iter. Inference: 0.1307 s/iter. Eval: 0.0004 s/iter. Total: 0.1326 s/iter. ETA=0:06:27
[10/30 01:44:54 d2.evaluation.evaluator]: Inference done 2111/5000. Dataloading: 0.0014 s/iter. Inference: 0.1308 s/iter. Eval: 0.0004 s/iter. Total: 0.1327 s/iter. ETA=0:06:23
[10/30 01:44:59 d2.evaluation.evaluator]: Inference done 2150/5000. Dataloading: 0.0014 s/iter. Inference: 0.1307 s/iter. Eval: 0.0004 s/iter. Total: 0.1326 s/iter. ETA=0:06:17
[10/30 01:45:05 d2.evaluation.evaluator]: Inference done 2190/5000. Dataloading: 0.0014 s/iter. Inference: 0.1306 s/iter. Eval: 0.0004 s/iter. Total: 0.1325 s/iter. ETA=0:06:12
[10/30 01:45:10 d2.evaluation.evaluator]: Inference done 2229/5000. Dataloading: 0.0014 s/iter. Inference: 0.1306 s/iter. Eval: 0.0004 s/iter. Total: 0.1325 s/iter. ETA=0:06:07
[10/30 01:45:15 d2.evaluation.evaluator]: Inference done 2268/5000. Dataloading: 0.0014 s/iter. Inference: 0.1305 s/iter. Eval: 0.0004 s/iter. Total: 0.1324 s/iter. ETA=0:06:01
[10/30 01:45:20 d2.evaluation.evaluator]: Inference done 2308/5000. Dataloading: 0.0014 s/iter. Inference: 0.1304 s/iter. Eval: 0.0004 s/iter. Total: 0.1323 s/iter. ETA=0:05:56
[10/30 01:45:25 d2.evaluation.evaluator]: Inference done 2347/5000. Dataloading: 0.0014 s/iter. Inference: 0.1304 s/iter. Eval: 0.0004 s/iter. Total: 0.1323 s/iter. ETA=0:05:50
[10/30 01:45:30 d2.evaluation.evaluator]: Inference done 2386/5000. Dataloading: 0.0014 s/iter. Inference: 0.1303 s/iter. Eval: 0.0004 s/iter. Total: 0.1322 s/iter. ETA=0:05:45
[10/30 01:45:35 d2.evaluation.evaluator]: Inference done 2426/5000. Dataloading: 0.0014 s/iter. Inference: 0.1303 s/iter. Eval: 0.0004 s/iter. Total: 0.1321 s/iter. ETA=0:05:40
[10/30 01:45:40 d2.evaluation.evaluator]: Inference done 2466/5000. Dataloading: 0.0014 s/iter. Inference: 0.1302 s/iter. Eval: 0.0004 s/iter. Total: 0.1321 s/iter. ETA=0:05:34
[10/30 01:45:45 d2.evaluation.evaluator]: Inference done 2506/5000. Dataloading: 0.0014 s/iter. Inference: 0.1301 s/iter. Eval: 0.0004 s/iter. Total: 0.1320 s/iter. ETA=0:05:29
[10/30 01:45:50 d2.evaluation.evaluator]: Inference done 2547/5000. Dataloading: 0.0014 s/iter. Inference: 0.1300 s/iter. Eval: 0.0004 s/iter. Total: 0.1319 s/iter. ETA=0:05:23
[10/30 01:45:55 d2.evaluation.evaluator]: Inference done 2587/5000. Dataloading: 0.0014 s/iter. Inference: 0.1299 s/iter. Eval: 0.0004 s/iter. Total: 0.1318 s/iter. ETA=0:05:17
[10/30 01:46:00 d2.evaluation.evaluator]: Inference done 2626/5000. Dataloading: 0.0014 s/iter. Inference: 0.1298 s/iter. Eval: 0.0004 s/iter. Total: 0.1317 s/iter. ETA=0:05:12
[10/30 01:46:05 d2.evaluation.evaluator]: Inference done 2664/5000. Dataloading: 0.0014 s/iter. Inference: 0.1298 s/iter. Eval: 0.0004 s/iter. Total: 0.1317 s/iter. ETA=0:05:07
[10/30 01:46:10 d2.evaluation.evaluator]: Inference done 2703/5000. Dataloading: 0.0014 s/iter. Inference: 0.1298 s/iter. Eval: 0.0004 s/iter. Total: 0.1317 s/iter. ETA=0:05:02
[10/30 01:46:15 d2.evaluation.evaluator]: Inference done 2743/5000. Dataloading: 0.0014 s/iter. Inference: 0.1297 s/iter. Eval: 0.0004 s/iter. Total: 0.1316 s/iter. ETA=0:04:57
[10/30 01:46:20 d2.evaluation.evaluator]: Inference done 2783/5000. Dataloading: 0.0014 s/iter. Inference: 0.1297 s/iter. Eval: 0.0004 s/iter. Total: 0.1316 s/iter. ETA=0:04:51
[10/30 01:46:26 d2.evaluation.evaluator]: Inference done 2822/5000. Dataloading: 0.0014 s/iter. Inference: 0.1296 s/iter. Eval: 0.0004 s/iter. Total: 0.1315 s/iter. ETA=0:04:46
[10/30 01:46:31 d2.evaluation.evaluator]: Inference done 2858/5000. Dataloading: 0.0014 s/iter. Inference: 0.1298 s/iter. Eval: 0.0004 s/iter. Total: 0.1317 s/iter. ETA=0:04:42
[10/30 01:46:36 d2.evaluation.evaluator]: Inference done 2896/5000. Dataloading: 0.0014 s/iter. Inference: 0.1298 s/iter. Eval: 0.0004 s/iter. Total: 0.1317 s/iter. ETA=0:04:37
[10/30 01:46:41 d2.evaluation.evaluator]: Inference done 2934/5000. Dataloading: 0.0014 s/iter. Inference: 0.1298 s/iter. Eval: 0.0004 s/iter. Total: 0.1317 s/iter. ETA=0:04:32
[10/30 01:46:46 d2.evaluation.evaluator]: Inference done 2972/5000. Dataloading: 0.0014 s/iter. Inference: 0.1298 s/iter. Eval: 0.0004 s/iter. Total: 0.1317 s/iter. ETA=0:04:27
[10/30 01:46:51 d2.evaluation.evaluator]: Inference done 3012/5000. Dataloading: 0.0014 s/iter. Inference: 0.1297 s/iter. Eval: 0.0004 s/iter. Total: 0.1316 s/iter. ETA=0:04:21
[10/30 01:46:56 d2.evaluation.evaluator]: Inference done 3051/5000. Dataloading: 0.0015 s/iter. Inference: 0.1297 s/iter. Eval: 0.0004 s/iter. Total: 0.1316 s/iter. ETA=0:04:16
[10/30 01:47:01 d2.evaluation.evaluator]: Inference done 3089/5000. Dataloading: 0.0015 s/iter. Inference: 0.1297 s/iter. Eval: 0.0004 s/iter. Total: 0.1316 s/iter. ETA=0:04:11
[10/30 01:47:06 d2.evaluation.evaluator]: Inference done 3129/5000. Dataloading: 0.0015 s/iter. Inference: 0.1296 s/iter. Eval: 0.0004 s/iter. Total: 0.1316 s/iter. ETA=0:04:06
[10/30 01:47:11 d2.evaluation.evaluator]: Inference done 3169/5000. Dataloading: 0.0015 s/iter. Inference: 0.1296 s/iter. Eval: 0.0004 s/iter. Total: 0.1315 s/iter. ETA=0:04:00
[10/30 01:47:16 d2.evaluation.evaluator]: Inference done 3209/5000. Dataloading: 0.0015 s/iter. Inference: 0.1295 s/iter. Eval: 0.0004 s/iter. Total: 0.1315 s/iter. ETA=0:03:55
[10/30 01:47:21 d2.evaluation.evaluator]: Inference done 3248/5000. Dataloading: 0.0015 s/iter. Inference: 0.1295 s/iter. Eval: 0.0004 s/iter. Total: 0.1314 s/iter. ETA=0:03:50
[10/30 01:47:26 d2.evaluation.evaluator]: Inference done 3287/5000. Dataloading: 0.0015 s/iter. Inference: 0.1295 s/iter. Eval: 0.0004 s/iter. Total: 0.1314 s/iter. ETA=0:03:45
[10/30 01:47:31 d2.evaluation.evaluator]: Inference done 3326/5000. Dataloading: 0.0015 s/iter. Inference: 0.1295 s/iter. Eval: 0.0004 s/iter. Total: 0.1314 s/iter. ETA=0:03:39
[10/30 01:47:36 d2.evaluation.evaluator]: Inference done 3367/5000. Dataloading: 0.0015 s/iter. Inference: 0.1293 s/iter. Eval: 0.0004 s/iter. Total: 0.1313 s/iter. ETA=0:03:34
[10/30 01:47:41 d2.evaluation.evaluator]: Inference done 3406/5000. Dataloading: 0.0015 s/iter. Inference: 0.1294 s/iter. Eval: 0.0004 s/iter. Total: 0.1313 s/iter. ETA=0:03:29
[10/30 01:47:47 d2.evaluation.evaluator]: Inference done 3444/5000. Dataloading: 0.0015 s/iter. Inference: 0.1294 s/iter. Eval: 0.0004 s/iter. Total: 0.1313 s/iter. ETA=0:03:24
[10/30 01:47:52 d2.evaluation.evaluator]: Inference done 3482/5000. Dataloading: 0.0015 s/iter. Inference: 0.1294 s/iter. Eval: 0.0004 s/iter. Total: 0.1313 s/iter. ETA=0:03:19
[10/30 01:47:57 d2.evaluation.evaluator]: Inference done 3523/5000. Dataloading: 0.0015 s/iter. Inference: 0.1293 s/iter. Eval: 0.0004 s/iter. Total: 0.1312 s/iter. ETA=0:03:13
[10/30 01:48:02 d2.evaluation.evaluator]: Inference done 3563/5000. Dataloading: 0.0015 s/iter. Inference: 0.1293 s/iter. Eval: 0.0004 s/iter. Total: 0.1312 s/iter. ETA=0:03:08
[10/30 01:48:07 d2.evaluation.evaluator]: Inference done 3603/5000. Dataloading: 0.0015 s/iter. Inference: 0.1292 s/iter. Eval: 0.0004 s/iter. Total: 0.1311 s/iter. ETA=0:03:03
[10/30 01:48:12 d2.evaluation.evaluator]: Inference done 3642/5000. Dataloading: 0.0015 s/iter. Inference: 0.1292 s/iter. Eval: 0.0004 s/iter. Total: 0.1311 s/iter. ETA=0:02:58
[10/30 01:48:17 d2.evaluation.evaluator]: Inference done 3682/5000. Dataloading: 0.0015 s/iter. Inference: 0.1292 s/iter. Eval: 0.0004 s/iter. Total: 0.1311 s/iter. ETA=0:02:52
[10/30 01:48:22 d2.evaluation.evaluator]: Inference done 3722/5000. Dataloading: 0.0015 s/iter. Inference: 0.1292 s/iter. Eval: 0.0004 s/iter. Total: 0.1311 s/iter. ETA=0:02:47
[10/30 01:48:27 d2.evaluation.evaluator]: Inference done 3760/5000. Dataloading: 0.0015 s/iter. Inference: 0.1292 s/iter. Eval: 0.0004 s/iter. Total: 0.1311 s/iter. ETA=0:02:42
[10/30 01:48:32 d2.evaluation.evaluator]: Inference done 3798/5000. Dataloading: 0.0015 s/iter. Inference: 0.1292 s/iter. Eval: 0.0004 s/iter. Total: 0.1311 s/iter. ETA=0:02:37
[10/30 01:48:37 d2.evaluation.evaluator]: Inference done 3834/5000. Dataloading: 0.0014 s/iter. Inference: 0.1293 s/iter. Eval: 0.0004 s/iter. Total: 0.1312 s/iter. ETA=0:02:32
[10/30 01:48:42 d2.evaluation.evaluator]: Inference done 3874/5000. Dataloading: 0.0014 s/iter. Inference: 0.1293 s/iter. Eval: 0.0004 s/iter. Total: 0.1312 s/iter. ETA=0:02:27
[10/30 01:48:47 d2.evaluation.evaluator]: Inference done 3914/5000. Dataloading: 0.0014 s/iter. Inference: 0.1292 s/iter. Eval: 0.0004 s/iter. Total: 0.1311 s/iter. ETA=0:02:22
[10/30 01:48:53 d2.evaluation.evaluator]: Inference done 3955/5000. Dataloading: 0.0014 s/iter. Inference: 0.1291 s/iter. Eval: 0.0004 s/iter. Total: 0.1310 s/iter. ETA=0:02:16
[10/30 01:48:58 d2.evaluation.evaluator]: Inference done 3995/5000. Dataloading: 0.0014 s/iter. Inference: 0.1291 s/iter. Eval: 0.0004 s/iter. Total: 0.1310 s/iter. ETA=0:02:11
[10/30 01:49:03 d2.evaluation.evaluator]: Inference done 4036/5000. Dataloading: 0.0014 s/iter. Inference: 0.1290 s/iter. Eval: 0.0004 s/iter. Total: 0.1309 s/iter. ETA=0:02:06
[10/30 01:49:08 d2.evaluation.evaluator]: Inference done 4077/5000. Dataloading: 0.0014 s/iter. Inference: 0.1289 s/iter. Eval: 0.0004 s/iter. Total: 0.1308 s/iter. ETA=0:02:00
[10/30 01:49:13 d2.evaluation.evaluator]: Inference done 4117/5000. Dataloading: 0.0014 s/iter. Inference: 0.1289 s/iter. Eval: 0.0004 s/iter. Total: 0.1308 s/iter. ETA=0:01:55
[10/30 01:49:18 d2.evaluation.evaluator]: Inference done 4157/5000. Dataloading: 0.0014 s/iter. Inference: 0.1289 s/iter. Eval: 0.0004 s/iter. Total: 0.1307 s/iter. ETA=0:01:50
[10/30 01:49:23 d2.evaluation.evaluator]: Inference done 4196/5000. Dataloading: 0.0014 s/iter. Inference: 0.1289 s/iter. Eval: 0.0004 s/iter. Total: 0.1307 s/iter. ETA=0:01:45
[10/30 01:49:28 d2.evaluation.evaluator]: Inference done 4236/5000. Dataloading: 0.0014 s/iter. Inference: 0.1288 s/iter. Eval: 0.0004 s/iter. Total: 0.1307 s/iter. ETA=0:01:39
[10/30 01:49:33 d2.evaluation.evaluator]: Inference done 4275/5000. Dataloading: 0.0014 s/iter. Inference: 0.1288 s/iter. Eval: 0.0004 s/iter. Total: 0.1307 s/iter. ETA=0:01:34
[10/30 01:49:38 d2.evaluation.evaluator]: Inference done 4309/5000. Dataloading: 0.0014 s/iter. Inference: 0.1289 s/iter. Eval: 0.0004 s/iter. Total: 0.1308 s/iter. ETA=0:01:30
[10/30 01:49:43 d2.evaluation.evaluator]: Inference done 4349/5000. Dataloading: 0.0014 s/iter. Inference: 0.1289 s/iter. Eval: 0.0004 s/iter. Total: 0.1308 s/iter. ETA=0:01:25
[10/30 01:49:48 d2.evaluation.evaluator]: Inference done 4389/5000. Dataloading: 0.0014 s/iter. Inference: 0.1289 s/iter. Eval: 0.0004 s/iter. Total: 0.1307 s/iter. ETA=0:01:19
[10/30 01:49:53 d2.evaluation.evaluator]: Inference done 4428/5000. Dataloading: 0.0014 s/iter. Inference: 0.1289 s/iter. Eval: 0.0004 s/iter. Total: 0.1307 s/iter. ETA=0:01:14
[10/30 01:49:58 d2.evaluation.evaluator]: Inference done 4466/5000. Dataloading: 0.0014 s/iter. Inference: 0.1289 s/iter. Eval: 0.0004 s/iter. Total: 0.1308 s/iter. ETA=0:01:09
[10/30 01:50:03 d2.evaluation.evaluator]: Inference done 4504/5000. Dataloading: 0.0014 s/iter. Inference: 0.1289 s/iter. Eval: 0.0004 s/iter. Total: 0.1308 s/iter. ETA=0:01:04
[10/30 01:50:08 d2.evaluation.evaluator]: Inference done 4543/5000. Dataloading: 0.0014 s/iter. Inference: 0.1289 s/iter. Eval: 0.0004 s/iter. Total: 0.1308 s/iter. ETA=0:00:59
[10/30 01:50:13 d2.evaluation.evaluator]: Inference done 4580/5000. Dataloading: 0.0014 s/iter. Inference: 0.1289 s/iter. Eval: 0.0004 s/iter. Total: 0.1308 s/iter. ETA=0:00:54
[10/30 01:50:19 d2.evaluation.evaluator]: Inference done 4619/5000. Dataloading: 0.0014 s/iter. Inference: 0.1289 s/iter. Eval: 0.0004 s/iter. Total: 0.1308 s/iter. ETA=0:00:49
[10/30 01:50:24 d2.evaluation.evaluator]: Inference done 4658/5000. Dataloading: 0.0014 s/iter. Inference: 0.1289 s/iter. Eval: 0.0004 s/iter. Total: 0.1308 s/iter. ETA=0:00:44
[10/30 01:50:29 d2.evaluation.evaluator]: Inference done 4696/5000. Dataloading: 0.0014 s/iter. Inference: 0.1289 s/iter. Eval: 0.0004 s/iter. Total: 0.1308 s/iter. ETA=0:00:39
[10/30 01:50:34 d2.evaluation.evaluator]: Inference done 4735/5000. Dataloading: 0.0014 s/iter. Inference: 0.1289 s/iter. Eval: 0.0004 s/iter. Total: 0.1308 s/iter. ETA=0:00:34
[10/30 01:50:39 d2.evaluation.evaluator]: Inference done 4773/5000. Dataloading: 0.0014 s/iter. Inference: 0.1289 s/iter. Eval: 0.0004 s/iter. Total: 0.1308 s/iter. ETA=0:00:29
[10/30 01:50:44 d2.evaluation.evaluator]: Inference done 4812/5000. Dataloading: 0.0014 s/iter. Inference: 0.1289 s/iter. Eval: 0.0004 s/iter. Total: 0.1308 s/iter. ETA=0:00:24
[10/30 01:50:49 d2.evaluation.evaluator]: Inference done 4851/5000. Dataloading: 0.0014 s/iter. Inference: 0.1289 s/iter. Eval: 0.0004 s/iter. Total: 0.1308 s/iter. ETA=0:00:19
[10/30 01:50:54 d2.evaluation.evaluator]: Inference done 4888/5000. Dataloading: 0.0014 s/iter. Inference: 0.1289 s/iter. Eval: 0.0004 s/iter. Total: 0.1308 s/iter. ETA=0:00:14
[10/30 01:50:59 d2.evaluation.evaluator]: Inference done 4927/5000. Dataloading: 0.0014 s/iter. Inference: 0.1289 s/iter. Eval: 0.0004 s/iter. Total: 0.1308 s/iter. ETA=0:00:09
[10/30 01:51:04 d2.evaluation.evaluator]: Inference done 4965/5000. Dataloading: 0.0014 s/iter. Inference: 0.1290 s/iter. Eval: 0.0004 s/iter. Total: 0.1308 s/iter. ETA=0:00:04
[10/30 01:51:09 d2.evaluation.evaluator]: Inference done 5000/5000. Dataloading: 0.0014 s/iter. Inference: 0.1290 s/iter. Eval: 0.0005 s/iter. Total: 0.1310 s/iter. ETA=0:00:00
[10/30 01:51:09 d2.evaluation.evaluator]: Total inference time: 0:10:54.121529 (0.130955 s / iter per device, on 1 devices)
[10/30 01:51:09 d2.evaluation.evaluator]: Total inference pure compute time: 0:10:44 (0.128957 s / iter per device, on 1 devices)
[10/30 01:51:15 d2.evaluation.coco_evaluation]: Preparing results for COCO format ...
[10/30 01:51:15 d2.evaluation.coco_evaluation]: Saving results to ./output/dino_r50_4scale_12ep/coco_instances_results.json
[10/30 01:51:20 d2.evaluation.coco_evaluation]: Evaluating predictions with unofficial COCO API...
Loading and preparing results...
DONE (t=2.61s)
creating index...
index created!
[10/30 01:51:23 d2.evaluation.fast_eval_api]: Evaluate annotation type *bbox*
[10/30 01:51:35 d2.evaluation.fast_eval_api]: COCOeval_opt.evaluate() finished in 12.29 seconds.
[10/30 01:51:36 d2.evaluation.fast_eval_api]: Accumulating evaluation results...
[10/30 01:51:39 d2.evaluation.fast_eval_api]: COCOeval_opt.accumulate() finished in 2.75 seconds.
 Average Precision  (AP) @[ IoU=0.50:0.95 | area=   all | maxDets=100 ] = 0.027
 Average Precision  (AP) @[ IoU=0.50      | area=   all | maxDets=100 ] = 0.047
 Average Precision  (AP) @[ IoU=0.75      | area=   all | maxDets=100 ] = 0.027
 Average Precision  (AP) @[ IoU=0.50:0.95 | area= small | maxDets=100 ] = 0.027
 Average Precision  (AP) @[ IoU=0.50:0.95 | area=medium | maxDets=100 ] = 0.041
 Average Precision  (AP) @[ IoU=0.50:0.95 | area= large | maxDets=100 ] = 0.041
 Average Recall     (AR) @[ IoU=0.50:0.95 | area=   all | maxDets=  1 ] = 0.085
 Average Recall     (AR) @[ IoU=0.50:0.95 | area=   all | maxDets= 10 ] = 0.127
 Average Recall     (AR) @[ IoU=0.50:0.95 | area=   all | maxDets=100 ] = 0.132
 Average Recall     (AR) @[ IoU=0.50:0.95 | area= small | maxDets=100 ] = 0.096
 Average Recall     (AR) @[ IoU=0.50:0.95 | area=medium | maxDets=100 ] = 0.165
 Average Recall     (AR) @[ IoU=0.50:0.95 | area= large | maxDets=100 ] = 0.130
[10/30 01:51:39 d2.evaluation.coco_evaluation]: Evaluation results for bbox: 
|  AP   |  AP50  |  AP75  |  APs  |  APm  |  APl  |
|:-----:|:------:|:------:|:-----:|:-----:|:-----:|
| 2.722 | 4.690  | 2.660  | 2.718 | 4.147 | 4.070 |
[10/30 01:51:39 d2.evaluation.coco_evaluation]: Per-category bbox AP: 
| category      | AP    | category     | AP    | category       | AP     |
|:--------------|:------|:-------------|:------|:---------------|:-------|
| person        | 7.004 | bicycle      | 0.865 | car            | 3.995  |
| motorcycle    | 1.536 | airplane     | 8.892 | bus            | 2.689  |
| train         | 3.786 | truck        | 1.298 | boat           | 0.540  |
| traffic light | 3.880 | fire hydrant | 5.667 | stop sign      | 8.737  |
| parking meter | 9.099 | bench        | 0.675 | bird           | 2.577  |
| cat           | 1.497 | dog          | 1.404 | horse          | 0.237  |
| sheep         | 0.455 | cow          | 0.638 | elephant       | 0.230  |
| bear          | 1.382 | zebra        | 1.630 | giraffe        | 1.118  |
| backpack      | 0.822 | umbrella     | 0.197 | handbag        | 0.443  |
| tie           | 7.924 | suitcase     | 0.538 | frisbee        | 15.396 |
| skis          | 2.009 | snowboard    | 4.620 | sports ball    | 6.181  |
| kite          | 3.723 | baseball bat | 2.754 | baseball glove | 5.834  |
| skateboard    | 3.623 | surfboard    | 2.527 | tennis racket  | 12.602 |
| bottle        | 4.611 | wine glass   | 1.427 | cup            | 1.201  |
| fork          | 3.651 | knife        | 0.718 | spoon          | 0.453  |
| bowl          | 1.009 | banana       | 1.142 | apple          | 0.922  |
| sandwich      | 1.823 | orange       | 2.627 | broccoli       | 0.399  |
| carrot        | 0.752 | hot dog      | 2.826 | pizza          | 0.864  |
| donut         | 6.172 | cake         | 2.059 | chair          | 0.118  |
| couch         | 0.026 | potted plant | 1.403 | bed            | 0.214  |
| dining table  | 0.100 | toilet       | 1.792 | tv             | 5.589  |
| laptop        | 1.417 | mouse        | 3.191 | remote         | 2.380  |
| keyboard      | 2.143 | cell phone   | 3.347 | microwave      | 1.060  |
| oven          | 0.871 | toaster      | 0.038 | sink           | 1.468  |
| refrigerator  | 0.326 | book         | 1.051 | clock          | 11.338 |
| vase          | 2.007 | scissors     | 0.000 | teddy bear     | 1.761  |
| hair drier    | 0.000 | toothbrush   | 4.462 |                |        |


------- Similarity and Timing Metrics -------
Total Parameters: 47650316
Average Attack Time: 0.1308
Average L2 Norm: 0.0000
Max Difference in Images: 0.0000
------------------------------------------------


[10/30 01:51:40 d2.evaluation.testing]: copypaste: Task: bbox
[10/30 01:51:40 d2.evaluation.testing]: copypaste: AP,AP50,AP75,APs,APm,APl
[10/30 01:51:40 d2.evaluation.testing]: copypaste: 2.7223,4.6898,2.6597,2.7178,4.1475,4.0697
OrderedDict({'bbox': {'AP': 2.7222527829945777, 'AP50': 4.689822045914426, 'AP75': 2.659664727981255, 'APs': 2.7177992727522158, 'APm': 4.147469730602229, 'APl': 4.069744357205896, 'AP-person': 7.004140286289254, 'AP-bicycle': 0.8652373301802003, 'AP-car': 3.995015614907755, 'AP-motorcycle': 1.536155522946177, 'AP-airplane': 8.891761779809764, 'AP-bus': 2.6887343509094364, 'AP-train': 3.785934273780355, 'AP-truck': 1.2982440239961397, 'AP-boat': 0.5395652371304812, 'AP-traffic light': 3.879507205454492, 'AP-fire hydrant': 5.667458943576002, 'AP-stop sign': 8.736708617864707, 'AP-parking meter': 9.099438358408523, 'AP-bench': 0.6752440686950462, 'AP-bird': 2.576675417550344, 'AP-cat': 1.4970268195696013, 'AP-dog': 1.4041171557859122, 'AP-horse': 0.23691326350422956, 'AP-sheep': 0.455152331835178, 'AP-cow': 0.6375603998698459, 'AP-elephant': 0.2297948134595262, 'AP-bear': 1.381949390436351, 'AP-zebra': 1.6299118979100167, 'AP-giraffe': 1.1175150557525932, 'AP-backpack': 0.8216076828930713, 'AP-umbrella': 0.19699576944686223, 'AP-handbag': 0.44261040283212594, 'AP-tie': 7.924067219031632, 'AP-suitcase': 0.5379626385038934, 'AP-frisbee': 15.39641757841752, 'AP-skis': 2.0086143280893873, 'AP-snowboard': 4.619956027565433, 'AP-sports ball': 6.181117456346659, 'AP-kite': 3.7233914347583275, 'AP-baseball bat': 2.754183238458132, 'AP-baseball glove': 5.834321818252172, 'AP-skateboard': 3.6229544025634253, 'AP-surfboard': 2.526524021268845, 'AP-tennis racket': 12.602460308193619, 'AP-bottle': 4.610902450738363, 'AP-wine glass': 1.427459240035103, 'AP-cup': 1.2014255542382803, 'AP-fork': 3.651134779408998, 'AP-knife': 0.7183852749040662, 'AP-spoon': 0.45327443030981085, 'AP-bowl': 1.0088241571100662, 'AP-banana': 1.1424291944443887, 'AP-apple': 0.9217266791299503, 'AP-sandwich': 1.8232154422982145, 'AP-orange': 2.6268615544655227, 'AP-broccoli': 0.3986936563368524, 'AP-carrot': 0.7524661573156624, 'AP-hot dog': 2.825879911193925, 'AP-pizza': 0.8637783507257043, 'AP-donut': 6.171595180507407, 'AP-cake': 2.0592427673657543, 'AP-chair': 0.11752302736863234, 'AP-couch': 0.025958215023075954, 'AP-potted plant': 1.4033772748508715, 'AP-bed': 0.2137736186721055, 'AP-dining table': 0.09957261496182906, 'AP-toilet': 1.7922938037980958, 'AP-tv': 5.5890834530988425, 'AP-laptop': 1.4168367000371682, 'AP-mouse': 3.1905722509075765, 'AP-remote': 2.379644575415448, 'AP-keyboard': 2.1433175848393358, 'AP-cell phone': 3.347027043749888, 'AP-microwave': 1.0598739291401353, 'AP-oven': 0.8707814121648592, 'AP-toaster': 0.037691827512510455, 'AP-sink': 1.467695706976587, 'AP-refrigerator': 0.32553007598541517, 'AP-book': 1.0511545333522825, 'AP-clock': 11.337554120056152, 'AP-vase': 2.0074241885759454, 'AP-scissors': 0.0, 'AP-teddy bear': 1.760901909760335, 'AP-hair drier': 0.0, 'AP-toothbrush': 4.462393506548068}})
---------------------------------------
Begin Slurm Epilog: Oct-30-2024 01:51:42
Job ID:        895772
Array Job ID:  _4294967294
User ID:       zyahn3
Account:       scs
Job name:      TOG_Plus_R50
Resources:     cpu=1,gres/gpu:a100=1,mem=128G,node=1
Rsrc Used:     cput=00:11:44,vmem=0,walltime=00:11:44,mem=9889852K,energy_used=0
Partition:     coc-gpu
Nodes:         atl1-1-01-005-13-0
---------------------------------------
