---------------------------------------
Begin Slurm Prolog: Oct-09-2024 13:56:25
Job ID:    725245
User ID:   zyahn3
Account:   scs
Job name:  TOG_Plus_DETR
Partition: coc-gpu
---------------------------------------
/home/hice1/zyahn3/.conda/envs/TOG_test/lib/python3.12/site-packages/torchvision/models/_utils.py:208: UserWarning: The parameter 'pretrained' is deprecated since 0.13 and may be removed in the future, please use 'weights' instead.
  warnings.warn(
/home/hice1/zyahn3/.conda/envs/TOG_test/lib/python3.12/site-packages/torchvision/models/_utils.py:223: UserWarning: Arguments other than a weight enum or `None` for 'weights' are deprecated since 0.13 and may be removed in the future. The current behavior is equivalent to passing `weights=ResNet50_Weights.IMAGENET1K_V1`. You can also use `weights=ResNet50_Weights.DEFAULT` to get the most up-to-date weights.
  warnings.warn(msg)
Namespace(lr=0.0001, lr_backbone=1e-05, batch_size=1, weight_decay=0.0001, epochs=300, lr_drop=200, clip_max_norm=0.1, frozen_weights=None, backbone='resnet50', dilation=False, position_embedding='sine', enc_layers=6, dec_layers=6, dim_feedforward=2048, hidden_dim=256, dropout=0.1, nheads=8, num_queries=100, pre_norm=False, masks=False, aux_loss=False, set_cost_class=1, set_cost_bbox=5, set_cost_giou=2, mask_loss_coef=1, dice_loss_coef=1, bbox_loss_coef=5, giou_loss_coef=2, eos_coef=0.1, dataset_file='coco', coco_path='dataset/coco', coco_panoptic_path=None, remove_difficult=False, output_dir='', device='cuda', seed=42, resume='model_files/detr-r50.pth', start_epoch=0, eval=True, num_workers=1, world_size=1, dist_url='env://', distributed=False, attack='untargeted', attack_mode='vanishing')
number of params: 41302368
loading annotations into memory...
Done (t=0.38s)
creating index...
index created!
--- Attacking with <function tog_untargeted at 0x1554825bcd60> ----
Test:  [   0/5000]  eta: 13:46:08  class_error: 90.00  loss: 11.9149 (11.9149)  loss_ce: 8.8552 (8.8552)  loss_bbox: 1.0540 (1.0540)  loss_giou: 2.0057 (2.0057)  loss_ce_unscaled: 8.8552 (8.8552)  class_error_unscaled: 90.0000 (90.0000)  loss_bbox_unscaled: 0.2108 (0.2108)  loss_giou_unscaled: 1.0029 (1.0029)  cardinality_error_unscaled: 9.0000 (9.0000)  time: 9.9137  data: 1.5930  max mem: 2547
Test:  [  10/5000]  eta: 2:35:18  class_error: 81.82  loss: 3.8338 (6.4687)  loss_ce: 3.5156 (4.7982)  loss_bbox: 0.4922 (0.5976)  loss_giou: 0.7317 (1.0729)  loss_ce_unscaled: 3.5156 (4.7982)  class_error_unscaled: 90.0000 (81.2318)  loss_bbox_unscaled: 0.0984 (0.1195)  loss_giou_unscaled: 0.3658 (0.5365)  cardinality_error_unscaled: 9.0000 (8.6364)  time: 1.8673  data: 0.1491  max mem: 2555
Test:  [  20/5000]  eta: 2:02:27  class_error: 0.00  loss: 3.9934 (5.8562)  loss_ce: 3.2541 (4.2183)  loss_bbox: 0.4792 (0.6668)  loss_giou: 0.7317 (0.9711)  loss_ce_unscaled: 3.2541 (4.2183)  class_error_unscaled: 85.7143 (78.4344)  loss_bbox_unscaled: 0.0958 (0.1334)  loss_giou_unscaled: 0.3658 (0.4856)  cardinality_error_unscaled: 7.0000 (9.0000)  time: 1.0535  data: 0.0043  max mem: 2555
Test:  [  30/5000]  eta: 1:52:26  class_error: 0.00  loss: 4.6354 (5.3858)  loss_ce: 3.2541 (3.8559)  loss_bbox: 0.4414 (0.6331)  loss_giou: 0.8522 (0.8968)  loss_ce_unscaled: 3.2541 (3.8559)  class_error_unscaled: 75.0000 (71.2313)  loss_bbox_unscaled: 0.0883 (0.1266)  loss_giou_unscaled: 0.4261 (0.4484)  cardinality_error_unscaled: 7.0000 (14.0645)  time: 1.0770  data: 0.0038  max mem: 2804
Test:  [  40/5000]  eta: 1:46:32  class_error: 83.33  loss: 5.3145 (5.6274)  loss_ce: 2.9286 (3.9212)  loss_bbox: 0.7678 (0.7666)  loss_giou: 0.8829 (0.9396)  loss_ce_unscaled: 2.9286 (3.9212)  class_error_unscaled: 75.0000 (72.8693)  loss_bbox_unscaled: 0.1536 (0.1533)  loss_giou_unscaled: 0.4415 (0.4698)  cardinality_error_unscaled: 9.0000 (13.9756)  time: 1.0929  data: 0.0036  max mem: 2816
Test:  [  50/5000]  eta: 1:42:41  class_error: 55.56  loss: 5.1733 (5.4536)  loss_ce: 2.9286 (3.7749)  loss_bbox: 0.8260 (0.7463)  loss_giou: 1.0740 (0.9323)  loss_ce_unscaled: 2.9286 (3.7749)  class_error_unscaled: 70.0000 (72.1432)  loss_bbox_unscaled: 0.1652 (0.1493)  loss_giou_unscaled: 0.5370 (0.4662)  cardinality_error_unscaled: 7.0000 (13.6078)  time: 1.0702  data: 0.0036  max mem: 2816
Test:  [  60/5000]  eta: 1:40:48  class_error: 100.00  loss: 4.9987 (5.4411)  loss_ce: 2.9050 (3.7405)  loss_bbox: 0.6035 (0.7403)  loss_giou: 0.7758 (0.9602)  loss_ce_unscaled: 2.9050 (3.7405)  class_error_unscaled: 85.7143 (73.8606)  loss_bbox_unscaled: 0.1207 (0.1481)  loss_giou_unscaled: 0.3879 (0.4801)  cardinality_error_unscaled: 8.0000 (14.6066)  time: 1.0925  data: 0.0037  max mem: 2816
Test:  [  70/5000]  eta: 1:39:03  class_error: 80.00  loss: 4.6933 (5.2644)  loss_ce: 2.9050 (3.6179)  loss_bbox: 0.5792 (0.7212)  loss_giou: 0.6844 (0.9254)  loss_ce_unscaled: 2.9050 (3.6179)  class_error_unscaled: 85.7143 (73.2406)  loss_bbox_unscaled: 0.1158 (0.1442)  loss_giou_unscaled: 0.3422 (0.4627)  cardinality_error_unscaled: 6.0000 (14.2535)  time: 1.1055  data: 0.0037  max mem: 2816
Test:  [  80/5000]  eta: 1:37:39  class_error: 100.00  loss: 4.0795 (5.3610)  loss_ce: 3.1278 (3.6544)  loss_bbox: 0.4811 (0.7371)  loss_giou: 0.8484 (0.9695)  loss_ce_unscaled: 3.1278 (3.6544)  class_error_unscaled: 83.3333 (73.3862)  loss_bbox_unscaled: 0.0962 (0.1474)  loss_giou_unscaled: 0.4242 (0.4847)  cardinality_error_unscaled: 5.0000 (14.8395)  time: 1.0886  data: 0.0036  max mem: 2816
Test:  [  90/5000]  eta: 1:36:20  class_error: 100.00  loss: 4.5944 (5.5204)  loss_ce: 3.2716 (3.7948)  loss_bbox: 0.4910 (0.7608)  loss_giou: 1.1026 (0.9647)  loss_ce_unscaled: 3.2716 (3.7948)  class_error_unscaled: 85.7143 (73.2287)  loss_bbox_unscaled: 0.0982 (0.1522)  loss_giou_unscaled: 0.5513 (0.4824)  cardinality_error_unscaled: 5.0000 (14.0549)  time: 1.0767  data: 0.0036  max mem: 2816
Test:  [ 100/5000]  eta: 1:35:04  class_error: 71.43  loss: 5.8248 (5.7011)  loss_ce: 3.9660 (3.9507)  loss_bbox: 0.6762 (0.7657)  loss_giou: 1.0143 (0.9846)  loss_ce_unscaled: 3.9660 (3.9507)  class_error_unscaled: 71.4286 (73.0584)  loss_bbox_unscaled: 0.1352 (0.1531)  loss_giou_unscaled: 0.5071 (0.4923)  cardinality_error_unscaled: 5.0000 (14.3564)  time: 1.0562  data: 0.0036  max mem: 2816
Test:  [ 110/5000]  eta: 1:34:04  class_error: 20.00  loss: 5.0721 (5.5892)  loss_ce: 2.8999 (3.8720)  loss_bbox: 0.7339 (0.7579)  loss_giou: 0.8836 (0.9594)  loss_ce_unscaled: 2.8999 (3.8720)  class_error_unscaled: 84.6154 (73.1433)  loss_bbox_unscaled: 0.1468 (0.1516)  loss_giou_unscaled: 0.4418 (0.4797)  cardinality_error_unscaled: 6.0000 (14.5405)  time: 1.0496  data: 0.0036  max mem: 2816
Test:  [ 120/5000]  eta: 1:33:29  class_error: 93.33  loss: 5.0367 (5.7239)  loss_ce: 2.8999 (3.9599)  loss_bbox: 0.7339 (0.7741)  loss_giou: 0.8836 (0.9898)  loss_ce_unscaled: 2.8999 (3.9599)  class_error_unscaled: 93.3333 (73.6445)  loss_bbox_unscaled: 0.1468 (0.1548)  loss_giou_unscaled: 0.4418 (0.4949)  cardinality_error_unscaled: 5.0000 (14.8595)  time: 1.0744  data: 0.0037  max mem: 2816
Test:  [ 130/5000]  eta: 1:33:07  class_error: 75.00  loss: 5.5353 (5.6745)  loss_ce: 3.3211 (3.8998)  loss_bbox: 0.7759 (0.7863)  loss_giou: 1.2510 (0.9884)  loss_ce_unscaled: 3.3211 (3.8998)  class_error_unscaled: 80.0000 (72.5248)  loss_bbox_unscaled: 0.1552 (0.1573)  loss_giou_unscaled: 0.6255 (0.4942)  cardinality_error_unscaled: 9.0000 (14.8779)  time: 1.1087  data: 0.0036  max mem: 2816
Test:  [ 140/5000]  eta: 1:32:40  class_error: 40.00  loss: 5.2779 (5.8372)  loss_ce: 3.6010 (4.0116)  loss_bbox: 0.9666 (0.8205)  loss_giou: 1.0379 (1.0050)  loss_ce_unscaled: 3.6010 (4.0116)  class_error_unscaled: 75.0000 (73.2670)  loss_bbox_unscaled: 0.1933 (0.1641)  loss_giou_unscaled: 0.5189 (0.5025)  cardinality_error_unscaled: 10.0000 (15.8511)  time: 1.1122  data: 0.0036  max mem: 2816
Test:  [ 150/5000]  eta: 1:32:15  class_error: 66.67  loss: 8.0246 (5.9412)  loss_ce: 3.9985 (4.0765)  loss_bbox: 1.2213 (0.8460)  loss_giou: 1.3596 (1.0187)  loss_ce_unscaled: 3.9985 (4.0765)  class_error_unscaled: 100.0000 (74.8166)  loss_bbox_unscaled: 0.2443 (0.1692)  loss_giou_unscaled: 0.6798 (0.5093)  cardinality_error_unscaled: 8.0000 (16.1656)  time: 1.1018  data: 0.0037  max mem: 2816
Test:  [ 160/5000]  eta: 1:31:48  class_error: 63.64  loss: 6.1130 (6.0142)  loss_ce: 4.2449 (4.1561)  loss_bbox: 0.7521 (0.8395)  loss_giou: 1.0841 (1.0187)  loss_ce_unscaled: 4.2449 (4.1561)  class_error_unscaled: 100.0000 (75.5693)  loss_bbox_unscaled: 0.1504 (0.1679)  loss_giou_unscaled: 0.5421 (0.5093)  cardinality_error_unscaled: 5.0000 (16.6646)  time: 1.0963  data: 0.0037  max mem: 2816
Test:  [ 170/5000]  eta: 1:31:12  class_error: 100.00  loss: 6.0358 (6.0136)  loss_ce: 3.7853 (4.1467)  loss_bbox: 0.7566 (0.8445)  loss_giou: 1.0190 (1.0224)  loss_ce_unscaled: 3.7853 (4.1467)  class_error_unscaled: 87.5000 (75.6189)  loss_bbox_unscaled: 0.1513 (0.1689)  loss_giou_unscaled: 0.5095 (0.5112)  cardinality_error_unscaled: 8.0000 (16.9591)  time: 1.0707  data: 0.0037  max mem: 2816
Test:  [ 180/5000]  eta: 1:30:39  class_error: 66.67  loss: 4.6702 (6.0216)  loss_ce: 2.9470 (4.1601)  loss_bbox: 0.6567 (0.8389)  loss_giou: 0.8951 (1.0227)  loss_ce_unscaled: 2.9470 (4.1601)  class_error_unscaled: 80.0000 (75.6348)  loss_bbox_unscaled: 0.1313 (0.1678)  loss_giou_unscaled: 0.4475 (0.5113)  cardinality_error_unscaled: 8.0000 (16.6685)  time: 1.0517  data: 0.0036  max mem: 2816
Test:  [ 190/5000]  eta: 1:30:23  class_error: 59.26  loss: 4.6165 (5.9532)  loss_ce: 2.6664 (4.0919)  loss_bbox: 0.5422 (0.8413)  loss_giou: 1.0009 (1.0200)  loss_ce_unscaled: 2.6664 (4.0919)  class_error_unscaled: 66.6667 (73.9062)  loss_bbox_unscaled: 0.1084 (0.1683)  loss_giou_unscaled: 0.5004 (0.5100)  cardinality_error_unscaled: 9.0000 (17.2565)  time: 1.0809  data: 0.0036  max mem: 2816
