---------------------------------------
Begin Slurm Prolog: Oct-30-2024 22:57:28
Job ID:    898591
User ID:   zyahn3
Account:   scs
Job name:  TOG_Plus_Align_DETR
Partition: coc-gpu
---------------------------------------
no change     /usr/local/pace-apps/manual/packages/anaconda3/2023.03/condabin/conda
no change     /usr/local/pace-apps/manual/packages/anaconda3/2023.03/bin/conda
no change     /usr/local/pace-apps/manual/packages/anaconda3/2023.03/bin/conda-env
no change     /usr/local/pace-apps/manual/packages/anaconda3/2023.03/bin/activate
no change     /usr/local/pace-apps/manual/packages/anaconda3/2023.03/bin/deactivate
no change     /usr/local/pace-apps/manual/packages/anaconda3/2023.03/etc/profile.d/conda.sh
no change     /usr/local/pace-apps/manual/packages/anaconda3/2023.03/etc/fish/conf.d/conda.fish
no change     /usr/local/pace-apps/manual/packages/anaconda3/2023.03/shell/condabin/Conda.psm1
no change     /usr/local/pace-apps/manual/packages/anaconda3/2023.03/shell/condabin/conda-hook.ps1
no change     /usr/local/pace-apps/manual/packages/anaconda3/2023.03/lib/python3.10/site-packages/xontrib/conda.xsh
no change     /usr/local/pace-apps/manual/packages/anaconda3/2023.03/etc/profile.d/conda.csh
no change     /home/hice1/zyahn3/.bashrc
No action taken.
/storage/ice1/5/9/zyahn3/TOG_plus/detrex/detrex/layers/dcn_v3.py:23: FutureWarning: `torch.cuda.amp.custom_fwd(args...)` is deprecated. Please use `torch.amp.custom_fwd(args..., device_type='cuda')` instead.
  @custom_fwd
/storage/ice1/5/9/zyahn3/TOG_plus/detrex/detrex/layers/dcn_v3.py:52: FutureWarning: `torch.cuda.amp.custom_bwd(args...)` is deprecated. Please use `torch.amp.custom_bwd(args..., device_type='cuda')` instead.
  @custom_bwd
[10/30 22:57:36 detectron2]: Rank of current process: 0. World size: 1
[10/30 22:57:38 detectron2]: Environment info:
-------------------------------  ----------------------------------------------------------------------------------------
sys.platform                     linux
Python                           3.12.4 | packaged by Anaconda, Inc. | (main, Jun 18 2024, 15:12:24) [GCC 11.2.0]
numpy                            1.26.4
detectron2                       0.6 @/storage/ice1/5/9/zyahn3/TOG_plus/detrex/detectron2/detectron2
Compiler                         GCC 12.3
CUDA compiler                    not available
DETECTRON2_ENV_MODULE            <not set>
PyTorch                          2.4.1 @/home/hice1/zyahn3/.conda/envs/TOG_test/lib/python3.12/site-packages/torch
PyTorch debug build              False
torch._C._GLIBCXX_USE_CXX11_ABI  False
GPU available                    Yes
GPU 0                            NVIDIA A100-PCIE-40GB (arch=8.0)
Driver version                   555.42.02
CUDA_HOME                        /usr/local/cuda
Pillow                           10.4.0
torchvision                      0.19.1 @/home/hice1/zyahn3/.conda/envs/TOG_test/lib/python3.12/site-packages/torchvision
torchvision arch flags           5.0, 6.0, 7.0, 7.5, 8.0, 8.6, 9.0
fvcore                           0.1.5.post20221221
iopath                           0.1.9
cv2                              4.10.0
-------------------------------  ----------------------------------------------------------------------------------------
PyTorch built with:
  - GCC 9.3
  - C++ Version: 201703
  - Intel(R) oneAPI Math Kernel Library Version 2023.1-Product Build 20230303 for Intel(R) 64 architecture applications
  - Intel(R) MKL-DNN v3.4.2 (Git Hash 1137e04ec0b5251ca2b4400a4fd3c667ce843d67)
  - OpenMP 201511 (a.k.a. OpenMP 4.5)
  - LAPACK is enabled (usually provided by MKL)
  - NNPACK is enabled
  - CPU capability usage: AVX2
  - CUDA Runtime 12.4
  - NVCC architecture flags: -gencode;arch=compute_50,code=sm_50;-gencode;arch=compute_60,code=sm_60;-gencode;arch=compute_61,code=sm_61;-gencode;arch=compute_70,code=sm_70;-gencode;arch=compute_75,code=sm_75;-gencode;arch=compute_80,code=sm_80;-gencode;arch=compute_86,code=sm_86;-gencode;arch=compute_90,code=sm_90
  - CuDNN 90.1
  - Magma 2.6.1
  - Build settings: BLAS_INFO=mkl, BUILD_TYPE=Release, CUDA_VERSION=12.4, CUDNN_VERSION=9.1.0, CXX_COMPILER=/opt/rh/devtoolset-9/root/usr/bin/c++, CXX_FLAGS= -D_GLIBCXX_USE_CXX11_ABI=0 -fabi-version=11 -fvisibility-inlines-hidden -DUSE_PTHREADPOOL -DNDEBUG -DUSE_KINETO -DLIBKINETO_NOROCTRACER -DUSE_FBGEMM -DUSE_PYTORCH_QNNPACK -DUSE_XNNPACK -DSYMBOLICATE_MOBILE_DEBUG_HANDLE -O2 -fPIC -Wall -Wextra -Werror=return-type -Werror=non-virtual-dtor -Werror=bool-operation -Wnarrowing -Wno-missing-field-initializers -Wno-type-limits -Wno-array-bounds -Wno-unknown-pragmas -Wno-unused-parameter -Wno-unused-function -Wno-unused-result -Wno-strict-overflow -Wno-strict-aliasing -Wno-stringop-overflow -Wsuggest-override -Wno-psabi -Wno-error=pedantic -Wno-error=old-style-cast -Wno-missing-braces -fdiagnostics-color=always -faligned-new -Wno-unused-but-set-variable -Wno-maybe-uninitialized -fno-math-errno -fno-trapping-math -Werror=format -Wno-stringop-overflow, LAPACK_INFO=mkl, PERF_WITH_AVX=1, PERF_WITH_AVX2=1, PERF_WITH_AVX512=1, TORCH_VERSION=2.4.1, USE_CUDA=ON, USE_CUDNN=ON, USE_CUSPARSELT=1, USE_EXCEPTION_PTR=1, USE_GFLAGS=OFF, USE_GLOG=OFF, USE_GLOO=ON, USE_MKL=ON, USE_MKLDNN=ON, USE_MPI=OFF, USE_NCCL=ON, USE_NNPACK=ON, USE_OPENMP=ON, USE_ROCM=OFF, USE_ROCM_KERNEL_ASSERT=OFF, 

[10/30 22:57:38 detectron2]: Command line arguments: Namespace(config_file='detrex/projects/align_detr/configs/aligndetr_k=2_r50_4scale_24ep.py', resume=False, eval_only=True, num_gpus=1, num_machines=1, machine_rank=0, dist_url='tcp://127.0.0.1:53103', opts=['train.init_checkpoint=model_files/aligndetr_r50_multi_4scale_24ep.pth', 'attack=none', 'attack_mode=none', 'sample=1.0', 'save_dir=', 'save_attack=0.0', 'load_dir=datasets/blackbox/dino_r50_vanishing/', 'load_attack=1.0'])
[10/30 22:57:38 detectron2]: Contents of args.config_file=detrex/projects/align_detr/configs/aligndetr_k=2_r50_4scale_24ep.py:
[38;5;204mfrom[39m[38;5;15m [39m[38;5;15mdetrex[39m[38;5;15m.[39m[38;5;15mconfig[39m[38;5;15m [39m[38;5;204mimport[39m[38;5;15m [39m[38;5;15mget_config[39m
[38;5;204mfrom[39m[38;5;15m [39m[38;5;15m.[39m[38;5;15mmodels[39m[38;5;15m.[39m[38;5;15maligndetr_r50[39m[38;5;15m [39m[38;5;204mimport[39m[38;5;15m [39m[38;5;15mmodel[39m

[38;5;15mattack[39m[38;5;15m [39m[38;5;204m=[39m[38;5;15m [39m[38;5;81mNone[39m
[38;5;15mattack_mode[39m[38;5;15m [39m[38;5;204m=[39m[38;5;15m [39m[38;5;81mNone[39m
[38;5;15msample[39m[38;5;15m [39m[38;5;204m=[39m[38;5;15m [39m[38;5;141m1.0[39m

[38;5;245m# get default config[39m
[38;5;15mdataloader[39m[38;5;15m [39m[38;5;204m=[39m[38;5;15m [39m[38;5;15mget_config[39m[38;5;15m([39m[38;5;186m"[39m[38;5;186mcommon/data/coco_detr.py[39m[38;5;186m"[39m[38;5;15m)[39m[38;5;204m.[39m[38;5;15mdataloader[39m
[38;5;15moptimizer[39m[38;5;15m [39m[38;5;204m=[39m[38;5;15m [39m[38;5;15mget_config[39m[38;5;15m([39m[38;5;186m"[39m[38;5;186mcommon/optim.py[39m[38;5;186m"[39m[38;5;15m)[39m[38;5;204m.[39m[38;5;15mAdamW[39m
[38;5;15mlr_multiplier[39m[38;5;15m [39m[38;5;204m=[39m[38;5;15m [39m[38;5;15mget_config[39m[38;5;15m([39m[38;5;186m"[39m[38;5;186mcommon/coco_schedule.py[39m[38;5;186m"[39m[38;5;15m)[39m[38;5;204m.[39m[38;5;15mlr_multiplier_24ep[39m
[38;5;15mtrain[39m[38;5;15m [39m[38;5;204m=[39m[38;5;15m [39m[38;5;15mget_config[39m[38;5;15m([39m[38;5;186m"[39m[38;5;186mcommon/train.py[39m[38;5;186m"[39m[38;5;15m)[39m[38;5;204m.[39m[38;5;15mtrain[39m

[38;5;15mmodel[39m[38;5;204m.[39m[38;5;15mcriterion[39m[38;5;204m.[39m[38;5;15mmatch_num[39m[38;5;15m [39m[38;5;204m=[39m[38;5;15m [39m[38;5;15m[[39m[38;5;141m2[39m[38;5;15m,[39m[38;5;141m2[39m[38;5;15m,[39m[38;5;141m2[39m[38;5;15m,[39m[38;5;141m2[39m[38;5;15m,[39m[38;5;141m2[39m[38;5;15m,[39m[38;5;141m2[39m[38;5;15m,[39m[38;5;141m1[39m[38;5;15m][39m
[38;5;15mmodel[39m[38;5;204m.[39m[38;5;15mcriterion[39m[38;5;204m.[39m[38;5;15mtau[39m[38;5;15m [39m[38;5;204m=[39m[38;5;15m [39m[38;5;141m1.5[39m
[38;5;245m# modify training config[39m
[38;5;15mtrain[39m[38;5;204m.[39m[38;5;15minit_checkpoint[39m[38;5;15m [39m[38;5;204m=[39m[38;5;15m [39m[38;5;186m"[39m[38;5;186mdetectron2://ImageNetPretrained/torchvision/R-50.pkl[39m[38;5;186m"[39m
[38;5;15mtrain[39m[38;5;204m.[39m[38;5;15moutput_dir[39m[38;5;15m [39m[38;5;204m=[39m[38;5;15m [39m[38;5;186m"[39m[38;5;186m./output/aligndetr_k2_24ep[39m[38;5;186m"[39m

[38;5;245m# max training iterations[39m
[38;5;15mtrain[39m[38;5;204m.[39m[38;5;15mmax_iter[39m[38;5;15m [39m[38;5;204m=[39m[38;5;15m [39m[38;5;141m180000[39m[38;5;15m [39m

[38;5;245m# run evaluation every 5000 iters[39m
[38;5;15mtrain[39m[38;5;204m.[39m[38;5;15meval_period[39m[38;5;15m [39m[38;5;204m=[39m[38;5;15m [39m[38;5;141m5000[39m

[38;5;245m# log training infomation every 20 iters[39m
[38;5;15mtrain[39m[38;5;204m.[39m[38;5;15mlog_period[39m[38;5;15m [39m[38;5;204m=[39m[38;5;15m [39m[38;5;141m100[39m

[38;5;245m# save checkpoint every 5000 iters[39m
[38;5;15mtrain[39m[38;5;204m.[39m[38;5;15mcheckpointer[39m[38;5;204m.[39m[38;5;15mperiod[39m[38;5;15m [39m[38;5;204m=[39m[38;5;15m [39m[38;5;141m10000[39m[38;5;15m [39m

[38;5;245m# gradient clipping for training[39m
[38;5;15mtrain[39m[38;5;204m.[39m[38;5;15mclip_grad[39m[38;5;204m.[39m[38;5;15menabled[39m[38;5;15m [39m[38;5;204m=[39m[38;5;15m [39m[38;5;81mTrue[39m
[38;5;15mtrain[39m[38;5;204m.[39m[38;5;15mclip_grad[39m[38;5;204m.[39m[38;5;15mparams[39m[38;5;204m.[39m[38;5;15mmax_norm[39m[38;5;15m [39m[38;5;204m=[39m[38;5;15m [39m[38;5;141m0.1[39m
[38;5;15mtrain[39m[38;5;204m.[39m[38;5;15mclip_grad[39m[38;5;204m.[39m[38;5;15mparams[39m[38;5;204m.[39m[38;5;15mnorm_type[39m[38;5;15m [39m[38;5;204m=[39m[38;5;15m [39m[38;5;141m2[39m

[38;5;245m# set training devices[39m
[38;5;15mtrain[39m[38;5;204m.[39m[38;5;15mdevice[39m[38;5;15m [39m[38;5;204m=[39m[38;5;15m [39m[38;5;186m"[39m[38;5;186mcuda[39m[38;5;186m"[39m

[38;5;15mmodel[39m[38;5;204m.[39m[38;5;15mdevice[39m[38;5;15m [39m[38;5;204m=[39m[38;5;15m [39m[38;5;15mtrain[39m[38;5;204m.[39m[38;5;15mdevice[39m
[38;5;245m# modify optimizer config[39m
[38;5;15moptimizer[39m[38;5;204m.[39m[38;5;15mlr[39m[38;5;15m [39m[38;5;204m=[39m[38;5;15m [39m[38;5;141m1e-4[39m
[38;5;15moptimizer[39m[38;5;204m.[39m[38;5;15mbetas[39m[38;5;15m [39m[38;5;204m=[39m[38;5;15m [39m[38;5;15m([39m[38;5;141m0.9[39m[38;5;15m,[39m[38;5;15m [39m[38;5;141m0.999[39m[38;5;15m)[39m
[38;5;15moptimizer[39m[38;5;204m.[39m[38;5;15mweight_decay[39m[38;5;15m [39m[38;5;204m=[39m[38;5;15m [39m[38;5;141m1e-4[39m
[38;5;15moptimizer[39m[38;5;204m.[39m[38;5;15mparams[39m[38;5;204m.[39m[38;5;15mlr_factor_func[39m[38;5;15m [39m[38;5;204m=[39m[38;5;15m [39m[38;5;81mlambda[39m[38;5;15m [39m[38;5;15mmodule_name[39m[38;5;15m:[39m[38;5;15m [39m[38;5;141m0.1[39m[38;5;15m [39m[38;5;81mif[39m[38;5;15m [39m[38;5;186m"[39m[38;5;186mbackbone[39m[38;5;186m"[39m[38;5;15m [39m[38;5;204min[39m[38;5;15m [39m[38;5;15mmodule_name[39m[38;5;15m [39m[38;5;81melse[39m[38;5;15m [39m[38;5;141m1[39m

[38;5;245m# modify dataloader config[39m
[38;5;15mdataloader[39m[38;5;204m.[39m[38;5;15mtrain[39m[38;5;204m.[39m[38;5;15mnum_workers[39m[38;5;15m [39m[38;5;204m=[39m[38;5;15m [39m[38;5;141m16[39m

[38;5;245m# please notice that this is total batch size.[39m
[38;5;245m# surpose you're using 4 gpus for training and the batch size for[39m
[38;5;245m# each gpu is 16/4 = 4[39m
[38;5;15mdataloader[39m[38;5;204m.[39m[38;5;15mtrain[39m[38;5;204m.[39m[38;5;15mtotal_batch_size[39m[38;5;15m [39m[38;5;204m=[39m[38;5;15m [39m[38;5;141m16[39m

[38;5;245m# dump the testing results into output_dir for visualization[39m
[38;5;15mdataloader[39m[38;5;204m.[39m[38;5;15mevaluator[39m[38;5;204m.[39m[38;5;15moutput_dir[39m[38;5;15m [39m[38;5;204m=[39m[38;5;15m [39m[38;5;15mtrain[39m[38;5;204m.[39m[38;5;15moutput_dir[39m

WARNING [10/30 22:57:38 d2.config.lazy]: The config contains objects that cannot serialize to a valid yaml. ./output/aligndetr_k2_24ep/config.yaml is human-readable but cannot be loaded.
WARNING [10/30 22:57:38 d2.config.lazy]: Config is saved using cloudpickle at ./output/aligndetr_k2_24ep/config.yaml.pkl.
[10/30 22:57:38 detectron2]: Full config saved to ./output/aligndetr_k2_24ep/config.yaml
[10/30 22:57:38 d2.utils.env]: Using a generated random seed 38785767
[10/30 22:57:38 d2.checkpoint.detection_checkpoint]: [DetectionCheckpointer] Loading from model_files/aligndetr_r50_multi_4scale_24ep.pth ...
[10/30 22:57:38 fvcore.common.checkpoint]: [Checkpointer] Loading from model_files/aligndetr_r50_multi_4scale_24ep.pth ...
/home/hice1/zyahn3/.conda/envs/TOG_test/lib/python3.12/site-packages/fvcore/common/checkpoint.py:252: FutureWarning: You are using `torch.load` with `weights_only=False` (the current default value), which uses the default pickle module implicitly. It is possible to construct malicious pickle data which will execute arbitrary code during unpickling (See https://github.com/pytorch/pytorch/blob/main/SECURITY.md#untrusted-models for more details). In a future release, the default value for `weights_only` will be flipped to `True`. This limits the functions that could be executed during unpickling. Arbitrary objects will no longer be allowed to be loaded via this mode unless they are explicitly allowlisted by the user via `torch.serialization.add_safe_globals`. We recommend you start setting `weights_only=True` for any use case where you don't have full control of the loaded file. Please open an issue on GitHub for any issues related to this experimental feature.
  return torch.load(f, map_location=torch.device("cpu"))
[10/30 22:57:41 detectron2]: Run evaluation under eval-only mode
[10/30 22:57:41 detectron2]: Run evaluation without EMA.
[10/30 22:57:42 d2.data.datasets.coco]: Loaded 5000 images in COCO format from datasets/coco/annotations/instances_val2017.json
[10/30 22:57:42 d2.data.build]: Distribution of instances among all 80 categories:
|   category    | #instances   |   category   | #instances   |   category    | #instances   |
|:-------------:|:-------------|:------------:|:-------------|:-------------:|:-------------|
|    person     | 10777        |   bicycle    | 314          |      car      | 1918         |
|  motorcycle   | 367          |   airplane   | 143          |      bus      | 283          |
|     train     | 190          |    truck     | 414          |     boat      | 424          |
| traffic light | 634          | fire hydrant | 101          |   stop sign   | 75           |
| parking meter | 60           |    bench     | 411          |     bird      | 427          |
|      cat      | 202          |     dog      | 218          |     horse     | 272          |
|     sheep     | 354          |     cow      | 372          |   elephant    | 252          |
|     bear      | 71           |    zebra     | 266          |    giraffe    | 232          |
|   backpack    | 371          |   umbrella   | 407          |    handbag    | 540          |
|      tie      | 252          |   suitcase   | 299          |    frisbee    | 115          |
|     skis      | 241          |  snowboard   | 69           |  sports ball  | 260          |
|     kite      | 327          | baseball bat | 145          | baseball gl.. | 148          |
|  skateboard   | 179          |  surfboard   | 267          | tennis racket | 225          |
|    bottle     | 1013         |  wine glass  | 341          |      cup      | 895          |
|     fork      | 215          |    knife     | 325          |     spoon     | 253          |
|     bowl      | 623          |    banana    | 370          |     apple     | 236          |
|   sandwich    | 177          |    orange    | 285          |   broccoli    | 312          |
|    carrot     | 365          |   hot dog    | 125          |     pizza     | 284          |
|     donut     | 328          |     cake     | 310          |     chair     | 1771         |
|     couch     | 261          | potted plant | 342          |      bed      | 163          |
| dining table  | 695          |    toilet    | 179          |      tv       | 288          |
|    laptop     | 231          |    mouse     | 106          |    remote     | 283          |
|   keyboard    | 153          |  cell phone  | 262          |   microwave   | 55           |
|     oven      | 143          |   toaster    | 9            |     sink      | 225          |
| refrigerator  | 126          |     book     | 1129         |     clock     | 267          |
|     vase      | 274          |   scissors   | 36           |  teddy bear   | 190          |
|  hair drier   | 11           |  toothbrush  | 57           |               |              |
|     total     | 36335        |              |              |               |              |
[10/30 22:57:42 d2.data.common]: Serializing the dataset using: <class 'detectron2.data.common._TorchSerializedList'>
[10/30 22:57:42 d2.data.common]: Serializing 5000 elements to byte tensors and concatenating them all ...
[10/30 22:57:42 d2.data.common]: Serialized dataset takes 19.10 MiB
[10/30 22:57:42 d2.evaluation.evaluator]: Start inference on 5000 batches
Doing attack: None
/home/hice1/zyahn3/.conda/envs/TOG_test/lib/python3.12/site-packages/torch/functional.py:513: UserWarning: torch.meshgrid: in an upcoming release, it will be required to pass the indexing argument. (Triggered internally at /opt/conda/conda-bld/pytorch_1724789220573/work/aten/src/ATen/native/TensorShape.cpp:3609.)
  return _VF.meshgrid(tensors, **kwargs)  # type: ignore[attr-defined]
[10/30 22:57:45 d2.evaluation.evaluator]: Inference done 11/5000. Dataloading: 0.0011 s/iter. Inference: 0.1144 s/iter. Eval: 0.0003 s/iter. Total: 0.1158 s/iter. ETA=0:09:37
[10/30 22:57:50 d2.evaluation.evaluator]: Inference done 57/5000. Dataloading: 0.0012 s/iter. Inference: 0.1085 s/iter. Eval: 0.0003 s/iter. Total: 0.1101 s/iter. ETA=0:09:04
[10/30 22:57:56 d2.evaluation.evaluator]: Inference done 104/5000. Dataloading: 0.0012 s/iter. Inference: 0.1071 s/iter. Eval: 0.0003 s/iter. Total: 0.1086 s/iter. ETA=0:08:51
[10/30 22:58:01 d2.evaluation.evaluator]: Inference done 151/5000. Dataloading: 0.0012 s/iter. Inference: 0.1072 s/iter. Eval: 0.0003 s/iter. Total: 0.1087 s/iter. ETA=0:08:47
[10/30 22:58:06 d2.evaluation.evaluator]: Inference done 198/5000. Dataloading: 0.0012 s/iter. Inference: 0.1068 s/iter. Eval: 0.0003 s/iter. Total: 0.1083 s/iter. ETA=0:08:40
[10/30 22:58:11 d2.evaluation.evaluator]: Inference done 245/5000. Dataloading: 0.0012 s/iter. Inference: 0.1066 s/iter. Eval: 0.0003 s/iter. Total: 0.1082 s/iter. ETA=0:08:34
[10/30 22:58:16 d2.evaluation.evaluator]: Inference done 291/5000. Dataloading: 0.0012 s/iter. Inference: 0.1071 s/iter. Eval: 0.0003 s/iter. Total: 0.1086 s/iter. ETA=0:08:31
[10/30 22:58:21 d2.evaluation.evaluator]: Inference done 338/5000. Dataloading: 0.0012 s/iter. Inference: 0.1069 s/iter. Eval: 0.0003 s/iter. Total: 0.1085 s/iter. ETA=0:08:25
[10/30 22:58:26 d2.evaluation.evaluator]: Inference done 385/5000. Dataloading: 0.0012 s/iter. Inference: 0.1068 s/iter. Eval: 0.0003 s/iter. Total: 0.1084 s/iter. ETA=0:08:20
[10/30 22:58:31 d2.evaluation.evaluator]: Inference done 432/5000. Dataloading: 0.0014 s/iter. Inference: 0.1067 s/iter. Eval: 0.0003 s/iter. Total: 0.1084 s/iter. ETA=0:08:15
[10/30 22:58:36 d2.evaluation.evaluator]: Inference done 479/5000. Dataloading: 0.0014 s/iter. Inference: 0.1067 s/iter. Eval: 0.0003 s/iter. Total: 0.1084 s/iter. ETA=0:08:10
[10/30 22:58:41 d2.evaluation.evaluator]: Inference done 526/5000. Dataloading: 0.0014 s/iter. Inference: 0.1065 s/iter. Eval: 0.0003 s/iter. Total: 0.1082 s/iter. ETA=0:08:04
[10/30 22:58:46 d2.evaluation.evaluator]: Inference done 571/5000. Dataloading: 0.0014 s/iter. Inference: 0.1068 s/iter. Eval: 0.0003 s/iter. Total: 0.1085 s/iter. ETA=0:08:00
[10/30 22:58:51 d2.evaluation.evaluator]: Inference done 618/5000. Dataloading: 0.0014 s/iter. Inference: 0.1066 s/iter. Eval: 0.0003 s/iter. Total: 0.1084 s/iter. ETA=0:07:54
[10/30 22:58:56 d2.evaluation.evaluator]: Inference done 665/5000. Dataloading: 0.0014 s/iter. Inference: 0.1065 s/iter. Eval: 0.0003 s/iter. Total: 0.1082 s/iter. ETA=0:07:49
[10/30 22:59:01 d2.evaluation.evaluator]: Inference done 711/5000. Dataloading: 0.0014 s/iter. Inference: 0.1066 s/iter. Eval: 0.0003 s/iter. Total: 0.1083 s/iter. ETA=0:07:44
[10/30 22:59:06 d2.evaluation.evaluator]: Inference done 758/5000. Dataloading: 0.0014 s/iter. Inference: 0.1066 s/iter. Eval: 0.0003 s/iter. Total: 0.1083 s/iter. ETA=0:07:39
[10/30 22:59:11 d2.evaluation.evaluator]: Inference done 805/5000. Dataloading: 0.0014 s/iter. Inference: 0.1066 s/iter. Eval: 0.0003 s/iter. Total: 0.1083 s/iter. ETA=0:07:34
[10/30 22:59:16 d2.evaluation.evaluator]: Inference done 852/5000. Dataloading: 0.0014 s/iter. Inference: 0.1065 s/iter. Eval: 0.0003 s/iter. Total: 0.1082 s/iter. ETA=0:07:28
[10/30 22:59:21 d2.evaluation.evaluator]: Inference done 899/5000. Dataloading: 0.0014 s/iter. Inference: 0.1064 s/iter. Eval: 0.0003 s/iter. Total: 0.1081 s/iter. ETA=0:07:23
[10/30 22:59:27 d2.evaluation.evaluator]: Inference done 947/5000. Dataloading: 0.0014 s/iter. Inference: 0.1063 s/iter. Eval: 0.0003 s/iter. Total: 0.1080 s/iter. ETA=0:07:17
[10/30 22:59:32 d2.evaluation.evaluator]: Inference done 992/5000. Dataloading: 0.0014 s/iter. Inference: 0.1065 s/iter. Eval: 0.0003 s/iter. Total: 0.1082 s/iter. ETA=0:07:13
[10/30 22:59:37 d2.evaluation.evaluator]: Inference done 1040/5000. Dataloading: 0.0013 s/iter. Inference: 0.1064 s/iter. Eval: 0.0003 s/iter. Total: 0.1081 s/iter. ETA=0:07:08
[10/30 22:59:42 d2.evaluation.evaluator]: Inference done 1087/5000. Dataloading: 0.0013 s/iter. Inference: 0.1064 s/iter. Eval: 0.0003 s/iter. Total: 0.1081 s/iter. ETA=0:07:03
[10/30 22:59:47 d2.evaluation.evaluator]: Inference done 1134/5000. Dataloading: 0.0013 s/iter. Inference: 0.1065 s/iter. Eval: 0.0003 s/iter. Total: 0.1081 s/iter. ETA=0:06:58
[10/30 22:59:52 d2.evaluation.evaluator]: Inference done 1181/5000. Dataloading: 0.0013 s/iter. Inference: 0.1064 s/iter. Eval: 0.0003 s/iter. Total: 0.1081 s/iter. ETA=0:06:52
[10/30 22:59:57 d2.evaluation.evaluator]: Inference done 1228/5000. Dataloading: 0.0013 s/iter. Inference: 0.1064 s/iter. Eval: 0.0003 s/iter. Total: 0.1081 s/iter. ETA=0:06:47
[10/30 23:00:02 d2.evaluation.evaluator]: Inference done 1275/5000. Dataloading: 0.0014 s/iter. Inference: 0.1063 s/iter. Eval: 0.0003 s/iter. Total: 0.1080 s/iter. ETA=0:06:42
[10/30 23:00:07 d2.evaluation.evaluator]: Inference done 1323/5000. Dataloading: 0.0014 s/iter. Inference: 0.1062 s/iter. Eval: 0.0003 s/iter. Total: 0.1079 s/iter. ETA=0:06:36
[10/30 23:00:12 d2.evaluation.evaluator]: Inference done 1370/5000. Dataloading: 0.0014 s/iter. Inference: 0.1062 s/iter. Eval: 0.0003 s/iter. Total: 0.1079 s/iter. ETA=0:06:31
[10/30 23:00:17 d2.evaluation.evaluator]: Inference done 1418/5000. Dataloading: 0.0014 s/iter. Inference: 0.1061 s/iter. Eval: 0.0003 s/iter. Total: 0.1078 s/iter. ETA=0:06:26
[10/30 23:00:22 d2.evaluation.evaluator]: Inference done 1466/5000. Dataloading: 0.0014 s/iter. Inference: 0.1060 s/iter. Eval: 0.0003 s/iter. Total: 0.1077 s/iter. ETA=0:06:20
[10/30 23:00:27 d2.evaluation.evaluator]: Inference done 1512/5000. Dataloading: 0.0014 s/iter. Inference: 0.1061 s/iter. Eval: 0.0003 s/iter. Total: 0.1078 s/iter. ETA=0:06:15
[10/30 23:00:32 d2.evaluation.evaluator]: Inference done 1559/5000. Dataloading: 0.0014 s/iter. Inference: 0.1061 s/iter. Eval: 0.0003 s/iter. Total: 0.1078 s/iter. ETA=0:06:10
[10/30 23:00:37 d2.evaluation.evaluator]: Inference done 1606/5000. Dataloading: 0.0014 s/iter. Inference: 0.1061 s/iter. Eval: 0.0003 s/iter. Total: 0.1078 s/iter. ETA=0:06:05
[10/30 23:00:42 d2.evaluation.evaluator]: Inference done 1654/5000. Dataloading: 0.0013 s/iter. Inference: 0.1061 s/iter. Eval: 0.0003 s/iter. Total: 0.1077 s/iter. ETA=0:06:00
[10/30 23:00:47 d2.evaluation.evaluator]: Inference done 1701/5000. Dataloading: 0.0013 s/iter. Inference: 0.1061 s/iter. Eval: 0.0003 s/iter. Total: 0.1077 s/iter. ETA=0:05:55
[10/30 23:00:53 d2.evaluation.evaluator]: Inference done 1748/5000. Dataloading: 0.0013 s/iter. Inference: 0.1060 s/iter. Eval: 0.0003 s/iter. Total: 0.1077 s/iter. ETA=0:05:50
[10/30 23:00:58 d2.evaluation.evaluator]: Inference done 1796/5000. Dataloading: 0.0013 s/iter. Inference: 0.1060 s/iter. Eval: 0.0003 s/iter. Total: 0.1076 s/iter. ETA=0:05:44
[10/30 23:01:03 d2.evaluation.evaluator]: Inference done 1843/5000. Dataloading: 0.0013 s/iter. Inference: 0.1060 s/iter. Eval: 0.0003 s/iter. Total: 0.1076 s/iter. ETA=0:05:39
[10/30 23:01:08 d2.evaluation.evaluator]: Inference done 1890/5000. Dataloading: 0.0013 s/iter. Inference: 0.1059 s/iter. Eval: 0.0003 s/iter. Total: 0.1076 s/iter. ETA=0:05:34
[10/30 23:01:13 d2.evaluation.evaluator]: Inference done 1937/5000. Dataloading: 0.0013 s/iter. Inference: 0.1059 s/iter. Eval: 0.0003 s/iter. Total: 0.1076 s/iter. ETA=0:05:29
[10/30 23:01:18 d2.evaluation.evaluator]: Inference done 1985/5000. Dataloading: 0.0013 s/iter. Inference: 0.1059 s/iter. Eval: 0.0003 s/iter. Total: 0.1076 s/iter. ETA=0:05:24
[10/30 23:01:23 d2.evaluation.evaluator]: Inference done 2032/5000. Dataloading: 0.0013 s/iter. Inference: 0.1059 s/iter. Eval: 0.0003 s/iter. Total: 0.1075 s/iter. ETA=0:05:19
[10/30 23:01:28 d2.evaluation.evaluator]: Inference done 2080/5000. Dataloading: 0.0013 s/iter. Inference: 0.1058 s/iter. Eval: 0.0003 s/iter. Total: 0.1075 s/iter. ETA=0:05:13
[10/30 23:01:33 d2.evaluation.evaluator]: Inference done 2125/5000. Dataloading: 0.0013 s/iter. Inference: 0.1059 s/iter. Eval: 0.0003 s/iter. Total: 0.1076 s/iter. ETA=0:05:09
[10/30 23:01:38 d2.evaluation.evaluator]: Inference done 2173/5000. Dataloading: 0.0013 s/iter. Inference: 0.1059 s/iter. Eval: 0.0003 s/iter. Total: 0.1075 s/iter. ETA=0:05:03
[10/30 23:01:43 d2.evaluation.evaluator]: Inference done 2221/5000. Dataloading: 0.0013 s/iter. Inference: 0.1058 s/iter. Eval: 0.0003 s/iter. Total: 0.1075 s/iter. ETA=0:04:58
[10/30 23:01:48 d2.evaluation.evaluator]: Inference done 2268/5000. Dataloading: 0.0013 s/iter. Inference: 0.1058 s/iter. Eval: 0.0003 s/iter. Total: 0.1075 s/iter. ETA=0:04:53
[10/30 23:01:53 d2.evaluation.evaluator]: Inference done 2316/5000. Dataloading: 0.0013 s/iter. Inference: 0.1058 s/iter. Eval: 0.0003 s/iter. Total: 0.1075 s/iter. ETA=0:04:48
[10/30 23:01:58 d2.evaluation.evaluator]: Inference done 2363/5000. Dataloading: 0.0013 s/iter. Inference: 0.1058 s/iter. Eval: 0.0003 s/iter. Total: 0.1075 s/iter. ETA=0:04:43
[10/30 23:02:03 d2.evaluation.evaluator]: Inference done 2411/5000. Dataloading: 0.0013 s/iter. Inference: 0.1058 s/iter. Eval: 0.0003 s/iter. Total: 0.1074 s/iter. ETA=0:04:38
[10/30 23:02:08 d2.evaluation.evaluator]: Inference done 2458/5000. Dataloading: 0.0013 s/iter. Inference: 0.1058 s/iter. Eval: 0.0003 s/iter. Total: 0.1074 s/iter. ETA=0:04:33
[10/30 23:02:13 d2.evaluation.evaluator]: Inference done 2506/5000. Dataloading: 0.0013 s/iter. Inference: 0.1057 s/iter. Eval: 0.0003 s/iter. Total: 0.1074 s/iter. ETA=0:04:27
[10/30 23:02:18 d2.evaluation.evaluator]: Inference done 2554/5000. Dataloading: 0.0013 s/iter. Inference: 0.1057 s/iter. Eval: 0.0003 s/iter. Total: 0.1074 s/iter. ETA=0:04:22
[10/30 23:02:23 d2.evaluation.evaluator]: Inference done 2602/5000. Dataloading: 0.0013 s/iter. Inference: 0.1057 s/iter. Eval: 0.0003 s/iter. Total: 0.1073 s/iter. ETA=0:04:17
[10/30 23:02:29 d2.evaluation.evaluator]: Inference done 2649/5000. Dataloading: 0.0013 s/iter. Inference: 0.1057 s/iter. Eval: 0.0003 s/iter. Total: 0.1073 s/iter. ETA=0:04:12
[10/30 23:02:34 d2.evaluation.evaluator]: Inference done 2696/5000. Dataloading: 0.0013 s/iter. Inference: 0.1057 s/iter. Eval: 0.0003 s/iter. Total: 0.1073 s/iter. ETA=0:04:07
[10/30 23:02:39 d2.evaluation.evaluator]: Inference done 2744/5000. Dataloading: 0.0013 s/iter. Inference: 0.1057 s/iter. Eval: 0.0003 s/iter. Total: 0.1073 s/iter. ETA=0:04:02
[10/30 23:02:44 d2.evaluation.evaluator]: Inference done 2792/5000. Dataloading: 0.0013 s/iter. Inference: 0.1056 s/iter. Eval: 0.0003 s/iter. Total: 0.1073 s/iter. ETA=0:03:56
[10/30 23:02:49 d2.evaluation.evaluator]: Inference done 2839/5000. Dataloading: 0.0013 s/iter. Inference: 0.1056 s/iter. Eval: 0.0003 s/iter. Total: 0.1073 s/iter. ETA=0:03:51
[10/30 23:02:54 d2.evaluation.evaluator]: Inference done 2884/5000. Dataloading: 0.0013 s/iter. Inference: 0.1057 s/iter. Eval: 0.0003 s/iter. Total: 0.1074 s/iter. ETA=0:03:47
[10/30 23:02:59 d2.evaluation.evaluator]: Inference done 2931/5000. Dataloading: 0.0013 s/iter. Inference: 0.1057 s/iter. Eval: 0.0003 s/iter. Total: 0.1074 s/iter. ETA=0:03:42
[10/30 23:03:04 d2.evaluation.evaluator]: Inference done 2978/5000. Dataloading: 0.0013 s/iter. Inference: 0.1057 s/iter. Eval: 0.0003 s/iter. Total: 0.1074 s/iter. ETA=0:03:37
[10/30 23:03:09 d2.evaluation.evaluator]: Inference done 3026/5000. Dataloading: 0.0013 s/iter. Inference: 0.1057 s/iter. Eval: 0.0003 s/iter. Total: 0.1074 s/iter. ETA=0:03:31
[10/30 23:03:14 d2.evaluation.evaluator]: Inference done 3073/5000. Dataloading: 0.0013 s/iter. Inference: 0.1057 s/iter. Eval: 0.0003 s/iter. Total: 0.1074 s/iter. ETA=0:03:26
[10/30 23:03:19 d2.evaluation.evaluator]: Inference done 3120/5000. Dataloading: 0.0013 s/iter. Inference: 0.1057 s/iter. Eval: 0.0003 s/iter. Total: 0.1074 s/iter. ETA=0:03:21
[10/30 23:03:24 d2.evaluation.evaluator]: Inference done 3167/5000. Dataloading: 0.0013 s/iter. Inference: 0.1057 s/iter. Eval: 0.0003 s/iter. Total: 0.1073 s/iter. ETA=0:03:16
[10/30 23:03:29 d2.evaluation.evaluator]: Inference done 3215/5000. Dataloading: 0.0013 s/iter. Inference: 0.1057 s/iter. Eval: 0.0003 s/iter. Total: 0.1073 s/iter. ETA=0:03:11
[10/30 23:03:34 d2.evaluation.evaluator]: Inference done 3262/5000. Dataloading: 0.0013 s/iter. Inference: 0.1057 s/iter. Eval: 0.0003 s/iter. Total: 0.1073 s/iter. ETA=0:03:06
[10/30 23:03:39 d2.evaluation.evaluator]: Inference done 3309/5000. Dataloading: 0.0013 s/iter. Inference: 0.1057 s/iter. Eval: 0.0003 s/iter. Total: 0.1073 s/iter. ETA=0:03:01
[10/30 23:03:44 d2.evaluation.evaluator]: Inference done 3357/5000. Dataloading: 0.0013 s/iter. Inference: 0.1057 s/iter. Eval: 0.0003 s/iter. Total: 0.1073 s/iter. ETA=0:02:56
[10/30 23:03:50 d2.evaluation.evaluator]: Inference done 3405/5000. Dataloading: 0.0013 s/iter. Inference: 0.1056 s/iter. Eval: 0.0003 s/iter. Total: 0.1073 s/iter. ETA=0:02:51
[10/30 23:03:55 d2.evaluation.evaluator]: Inference done 3452/5000. Dataloading: 0.0013 s/iter. Inference: 0.1056 s/iter. Eval: 0.0003 s/iter. Total: 0.1073 s/iter. ETA=0:02:46
[10/30 23:04:00 d2.evaluation.evaluator]: Inference done 3499/5000. Dataloading: 0.0013 s/iter. Inference: 0.1056 s/iter. Eval: 0.0003 s/iter. Total: 0.1073 s/iter. ETA=0:02:41
[10/30 23:04:05 d2.evaluation.evaluator]: Inference done 3547/5000. Dataloading: 0.0013 s/iter. Inference: 0.1056 s/iter. Eval: 0.0003 s/iter. Total: 0.1073 s/iter. ETA=0:02:35
[10/30 23:04:10 d2.evaluation.evaluator]: Inference done 3595/5000. Dataloading: 0.0013 s/iter. Inference: 0.1056 s/iter. Eval: 0.0003 s/iter. Total: 0.1072 s/iter. ETA=0:02:30
[10/30 23:04:15 d2.evaluation.evaluator]: Inference done 3642/5000. Dataloading: 0.0013 s/iter. Inference: 0.1056 s/iter. Eval: 0.0003 s/iter. Total: 0.1072 s/iter. ETA=0:02:25
[10/30 23:04:20 d2.evaluation.evaluator]: Inference done 3690/5000. Dataloading: 0.0013 s/iter. Inference: 0.1056 s/iter. Eval: 0.0003 s/iter. Total: 0.1072 s/iter. ETA=0:02:20
[10/30 23:04:25 d2.evaluation.evaluator]: Inference done 3737/5000. Dataloading: 0.0013 s/iter. Inference: 0.1056 s/iter. Eval: 0.0003 s/iter. Total: 0.1072 s/iter. ETA=0:02:15
[10/30 23:04:30 d2.evaluation.evaluator]: Inference done 3784/5000. Dataloading: 0.0013 s/iter. Inference: 0.1056 s/iter. Eval: 0.0003 s/iter. Total: 0.1072 s/iter. ETA=0:02:10
[10/30 23:04:35 d2.evaluation.evaluator]: Inference done 3828/5000. Dataloading: 0.0013 s/iter. Inference: 0.1057 s/iter. Eval: 0.0003 s/iter. Total: 0.1073 s/iter. ETA=0:02:05
[10/30 23:04:40 d2.evaluation.evaluator]: Inference done 3875/5000. Dataloading: 0.0013 s/iter. Inference: 0.1057 s/iter. Eval: 0.0003 s/iter. Total: 0.1073 s/iter. ETA=0:02:00
[10/30 23:04:45 d2.evaluation.evaluator]: Inference done 3922/5000. Dataloading: 0.0013 s/iter. Inference: 0.1057 s/iter. Eval: 0.0003 s/iter. Total: 0.1073 s/iter. ETA=0:01:55
[10/30 23:04:50 d2.evaluation.evaluator]: Inference done 3969/5000. Dataloading: 0.0013 s/iter. Inference: 0.1057 s/iter. Eval: 0.0003 s/iter. Total: 0.1073 s/iter. ETA=0:01:50
[10/30 23:04:55 d2.evaluation.evaluator]: Inference done 4016/5000. Dataloading: 0.0013 s/iter. Inference: 0.1057 s/iter. Eval: 0.0003 s/iter. Total: 0.1073 s/iter. ETA=0:01:45
[10/30 23:05:00 d2.evaluation.evaluator]: Inference done 4063/5000. Dataloading: 0.0013 s/iter. Inference: 0.1057 s/iter. Eval: 0.0003 s/iter. Total: 0.1073 s/iter. ETA=0:01:40
[10/30 23:05:05 d2.evaluation.evaluator]: Inference done 4110/5000. Dataloading: 0.0013 s/iter. Inference: 0.1057 s/iter. Eval: 0.0003 s/iter. Total: 0.1073 s/iter. ETA=0:01:35
[10/30 23:05:10 d2.evaluation.evaluator]: Inference done 4157/5000. Dataloading: 0.0013 s/iter. Inference: 0.1057 s/iter. Eval: 0.0003 s/iter. Total: 0.1073 s/iter. ETA=0:01:30
[10/30 23:05:15 d2.evaluation.evaluator]: Inference done 4205/5000. Dataloading: 0.0013 s/iter. Inference: 0.1057 s/iter. Eval: 0.0003 s/iter. Total: 0.1073 s/iter. ETA=0:01:25
[10/30 23:05:20 d2.evaluation.evaluator]: Inference done 4253/5000. Dataloading: 0.0013 s/iter. Inference: 0.1056 s/iter. Eval: 0.0003 s/iter. Total: 0.1073 s/iter. ETA=0:01:20
[10/30 23:05:25 d2.evaluation.evaluator]: Inference done 4301/5000. Dataloading: 0.0013 s/iter. Inference: 0.1056 s/iter. Eval: 0.0003 s/iter. Total: 0.1072 s/iter. ETA=0:01:14
[10/30 23:05:31 d2.evaluation.evaluator]: Inference done 4349/5000. Dataloading: 0.0013 s/iter. Inference: 0.1056 s/iter. Eval: 0.0003 s/iter. Total: 0.1072 s/iter. ETA=0:01:09
[10/30 23:05:36 d2.evaluation.evaluator]: Inference done 4397/5000. Dataloading: 0.0013 s/iter. Inference: 0.1056 s/iter. Eval: 0.0003 s/iter. Total: 0.1072 s/iter. ETA=0:01:04
[10/30 23:05:41 d2.evaluation.evaluator]: Inference done 4444/5000. Dataloading: 0.0013 s/iter. Inference: 0.1056 s/iter. Eval: 0.0003 s/iter. Total: 0.1072 s/iter. ETA=0:00:59
[10/30 23:05:46 d2.evaluation.evaluator]: Inference done 4491/5000. Dataloading: 0.0013 s/iter. Inference: 0.1056 s/iter. Eval: 0.0003 s/iter. Total: 0.1072 s/iter. ETA=0:00:54
[10/30 23:05:51 d2.evaluation.evaluator]: Inference done 4538/5000. Dataloading: 0.0013 s/iter. Inference: 0.1056 s/iter. Eval: 0.0003 s/iter. Total: 0.1072 s/iter. ETA=0:00:49
[10/30 23:05:56 d2.evaluation.evaluator]: Inference done 4586/5000. Dataloading: 0.0013 s/iter. Inference: 0.1056 s/iter. Eval: 0.0003 s/iter. Total: 0.1072 s/iter. ETA=0:00:44
[10/30 23:06:01 d2.evaluation.evaluator]: Inference done 4633/5000. Dataloading: 0.0013 s/iter. Inference: 0.1056 s/iter. Eval: 0.0003 s/iter. Total: 0.1072 s/iter. ETA=0:00:39
[10/30 23:06:06 d2.evaluation.evaluator]: Inference done 4681/5000. Dataloading: 0.0013 s/iter. Inference: 0.1055 s/iter. Eval: 0.0003 s/iter. Total: 0.1072 s/iter. ETA=0:00:34
[10/30 23:06:11 d2.evaluation.evaluator]: Inference done 4728/5000. Dataloading: 0.0013 s/iter. Inference: 0.1055 s/iter. Eval: 0.0003 s/iter. Total: 0.1072 s/iter. ETA=0:00:29
[10/30 23:06:16 d2.evaluation.evaluator]: Inference done 4775/5000. Dataloading: 0.0013 s/iter. Inference: 0.1056 s/iter. Eval: 0.0003 s/iter. Total: 0.1072 s/iter. ETA=0:00:24
[10/30 23:06:21 d2.evaluation.evaluator]: Inference done 4823/5000. Dataloading: 0.0013 s/iter. Inference: 0.1055 s/iter. Eval: 0.0003 s/iter. Total: 0.1072 s/iter. ETA=0:00:18
[10/30 23:06:26 d2.evaluation.evaluator]: Inference done 4870/5000. Dataloading: 0.0013 s/iter. Inference: 0.1055 s/iter. Eval: 0.0003 s/iter. Total: 0.1072 s/iter. ETA=0:00:13
[10/30 23:06:31 d2.evaluation.evaluator]: Inference done 4917/5000. Dataloading: 0.0013 s/iter. Inference: 0.1055 s/iter. Eval: 0.0003 s/iter. Total: 0.1072 s/iter. ETA=0:00:08
[10/30 23:06:36 d2.evaluation.evaluator]: Inference done 4964/5000. Dataloading: 0.0013 s/iter. Inference: 0.1056 s/iter. Eval: 0.0003 s/iter. Total: 0.1072 s/iter. ETA=0:00:03
[10/30 23:06:40 d2.evaluation.evaluator]: Total inference time: 0:08:55.652695 (0.107238 s / iter per device, on 1 devices)
[10/30 23:06:40 d2.evaluation.evaluator]: Total inference pure compute time: 0:08:47 (0.105615 s / iter per device, on 1 devices)
[10/30 23:06:44 d2.evaluation.coco_evaluation]: Preparing results for COCO format ...
[10/30 23:06:45 d2.evaluation.coco_evaluation]: Saving results to ./output/aligndetr_k2_24ep/coco_instances_results.json
[10/30 23:06:48 d2.evaluation.coco_evaluation]: Evaluating predictions with unofficial COCO API...
Loading and preparing results...
DONE (t=2.02s)
creating index...
index created!
[10/30 23:06:51 d2.evaluation.fast_eval_api]: Evaluate annotation type *bbox*
[10/30 23:07:00 d2.evaluation.fast_eval_api]: COCOeval_opt.evaluate() finished in 9.45 seconds.
[10/30 23:07:01 d2.evaluation.fast_eval_api]: Accumulating evaluation results...
[10/30 23:07:03 d2.evaluation.fast_eval_api]: COCOeval_opt.accumulate() finished in 2.48 seconds.
 Average Precision  (AP) @[ IoU=0.50:0.95 | area=   all | maxDets=100 ] = 0.042
 Average Precision  (AP) @[ IoU=0.50      | area=   all | maxDets=100 ] = 0.067
 Average Precision  (AP) @[ IoU=0.75      | area=   all | maxDets=100 ] = 0.041
 Average Precision  (AP) @[ IoU=0.50:0.95 | area= small | maxDets=100 ] = 0.022
 Average Precision  (AP) @[ IoU=0.50:0.95 | area=medium | maxDets=100 ] = 0.048
 Average Precision  (AP) @[ IoU=0.50:0.95 | area= large | maxDets=100 ] = 0.067
 Average Recall     (AR) @[ IoU=0.50:0.95 | area=   all | maxDets=  1 ] = 0.103
 Average Recall     (AR) @[ IoU=0.50:0.95 | area=   all | maxDets= 10 ] = 0.207
 Average Recall     (AR) @[ IoU=0.50:0.95 | area=   all | maxDets=100 ] = 0.246
 Average Recall     (AR) @[ IoU=0.50:0.95 | area= small | maxDets=100 ] = 0.103
 Average Recall     (AR) @[ IoU=0.50:0.95 | area=medium | maxDets=100 ] = 0.235
 Average Recall     (AR) @[ IoU=0.50:0.95 | area= large | maxDets=100 ] = 0.396
[10/30 23:07:03 d2.evaluation.coco_evaluation]: Evaluation results for bbox: 
|  AP   |  AP50  |  AP75  |  APs  |  APm  |  APl  |
|:-----:|:------:|:------:|:-----:|:-----:|:-----:|
| 4.170 | 6.739  | 4.134  | 2.206 | 4.797 | 6.718 |
[10/30 23:07:03 d2.evaluation.coco_evaluation]: Per-category bbox AP: 
| category      | AP    | category     | AP     | category       | AP     |
|:--------------|:------|:-------------|:-------|:---------------|:-------|
| person        | 5.457 | bicycle      | 1.593  | car            | 4.599  |
| motorcycle    | 4.243 | airplane     | 13.035 | bus            | 8.707  |
| train         | 7.267 | truck        | 2.397  | boat           | 1.386  |
| traffic light | 2.557 | fire hydrant | 13.805 | stop sign      | 36.715 |
| parking meter | 5.524 | bench        | 2.821  | bird           | 1.852  |
| cat           | 2.626 | dog          | 3.013  | horse          | 6.339  |
| sheep         | 1.199 | cow          | 2.759  | elephant       | 7.218  |
| bear          | 1.470 | zebra        | 29.746 | giraffe        | 23.114 |
| backpack      | 0.260 | umbrella     | 1.932  | handbag        | 0.136  |
| tie           | 4.262 | suitcase     | 0.765  | frisbee        | 6.825  |
| skis          | 1.809 | snowboard    | 0.877  | sports ball    | 2.270  |
| kite          | 3.579 | baseball bat | 3.747  | baseball glove | 1.707  |
| skateboard    | 1.421 | surfboard    | 1.798  | tennis racket  | 5.254  |
| bottle        | 0.673 | wine glass   | 1.189  | cup            | 1.332  |
| fork          | 2.016 | knife        | 1.073  | spoon          | 1.746  |
| bowl          | 2.375 | banana       | 1.182  | apple          | 1.905  |
| sandwich      | 1.770 | orange       | 4.859  | broccoli       | 1.590  |
| carrot        | 1.712 | hot dog      | 1.761  | pizza          | 10.101 |
| donut         | 2.388 | cake         | 0.653  | chair          | 0.318  |
| couch         | 0.598 | potted plant | 0.793  | bed            | 3.782  |
| dining table  | 7.642 | toilet       | 7.977  | tv             | 4.537  |
| laptop        | 6.343 | mouse        | 3.094  | remote         | 1.790  |
| keyboard      | 5.287 | cell phone   | 3.925  | microwave      | 1.249  |
| oven          | 3.051 | toaster      | 0.232  | sink           | 2.374  |
| refrigerator  | 3.197 | book         | 1.297  | clock          | 8.259  |
| vase          | 1.012 | scissors     | 0.255  | teddy bear     | 1.142  |
| hair drier    | 0.023 | toothbrush   | 1.051  |                |        |


------- Similarity and Timing Metrics -------
Total Parameters: 47650316
Average Attack Time: 0.1071
Average L2 Norm: 0.0000
Max Difference in Images: 0.0000
------------------------------------------------


[10/30 23:07:04 d2.evaluation.testing]: copypaste: Task: bbox
[10/30 23:07:04 d2.evaluation.testing]: copypaste: AP,AP50,AP75,APs,APm,APl
[10/30 23:07:04 d2.evaluation.testing]: copypaste: 4.1705,6.7388,4.1337,2.2055,4.7966,6.7175
OrderedDict({'bbox': {'AP': 4.170471246917614, 'AP50': 6.738793316913358, 'AP75': 4.133696293022402, 'APs': 2.205528935334093, 'APm': 4.796557675798141, 'APl': 6.717513634529988, 'AP-person': 5.457017370417985, 'AP-bicycle': 1.5928088288897297, 'AP-car': 4.599396449387718, 'AP-motorcycle': 4.24318214331877, 'AP-airplane': 13.034933472156501, 'AP-bus': 8.706826231661942, 'AP-train': 7.267462881938526, 'AP-truck': 2.396782153594248, 'AP-boat': 1.386456124662043, 'AP-traffic light': 2.5567540246195803, 'AP-fire hydrant': 13.804557944428481, 'AP-stop sign': 36.71513214133456, 'AP-parking meter': 5.523874022085, 'AP-bench': 2.821004010648771, 'AP-bird': 1.8519992340041698, 'AP-cat': 2.6255389021231568, 'AP-dog': 3.0131697262522508, 'AP-horse': 6.338785880396227, 'AP-sheep': 1.198856199245539, 'AP-cow': 2.7586191038304606, 'AP-elephant': 7.217964668414867, 'AP-bear': 1.470267200931635, 'AP-zebra': 29.74579130386108, 'AP-giraffe': 23.11392560936837, 'AP-backpack': 0.25978763374273955, 'AP-umbrella': 1.9321059785877157, 'AP-handbag': 0.13554326868686956, 'AP-tie': 4.262156637261574, 'AP-suitcase': 0.7651084703756671, 'AP-frisbee': 6.825232072105687, 'AP-skis': 1.8090566308130787, 'AP-snowboard': 0.8773735150514812, 'AP-sports ball': 2.270159289745755, 'AP-kite': 3.578800542983039, 'AP-baseball bat': 3.747359550066555, 'AP-baseball glove': 1.7070926009829328, 'AP-skateboard': 1.4206518176226657, 'AP-surfboard': 1.7980508005151077, 'AP-tennis racket': 5.254336532651633, 'AP-bottle': 0.6733464816025277, 'AP-wine glass': 1.1891303967977354, 'AP-cup': 1.3323163630382313, 'AP-fork': 2.0156942328049077, 'AP-knife': 1.0730344078389653, 'AP-spoon': 1.7463682475349531, 'AP-bowl': 2.3748654809178196, 'AP-banana': 1.1818038259279275, 'AP-apple': 1.9052763459623663, 'AP-sandwich': 1.770246392620668, 'AP-orange': 4.858818421787934, 'AP-broccoli': 1.5902085812119862, 'AP-carrot': 1.7120734791600523, 'AP-hot dog': 1.761351432960365, 'AP-pizza': 10.100665000420154, 'AP-donut': 2.3881387506632623, 'AP-cake': 0.6534576177370044, 'AP-chair': 0.3177966876532302, 'AP-couch': 0.5980290648107176, 'AP-potted plant': 0.7929618813399528, 'AP-bed': 3.7817968915419033, 'AP-dining table': 7.641692376093855, 'AP-toilet': 7.976578644054526, 'AP-tv': 4.536532702036024, 'AP-laptop': 6.342545546212112, 'AP-mouse': 3.0938041440236996, 'AP-remote': 1.7898602171156994, 'AP-keyboard': 5.28662738964555, 'AP-cell phone': 3.9249493745820097, 'AP-microwave': 1.2491966276457453, 'AP-oven': 3.0511938542013053, 'AP-toaster': 0.23245802841153682, 'AP-sink': 2.3742062244874007, 'AP-refrigerator': 3.19657326249941, 'AP-book': 1.296646834670494, 'AP-clock': 8.259348640086273, 'AP-vase': 1.012302188063298, 'AP-scissors': 0.25538283151672897, 'AP-teddy bear': 1.1418573801886855, 'AP-hair drier': 0.023155384339526477, 'AP-toothbrush': 1.0514871504384977}})
---------------------------------------
Begin Slurm Epilog: Oct-30-2024 23:07:05
Job ID:        898591
Array Job ID:  _4294967294
User ID:       zyahn3
Account:       scs
Job name:      TOG_Plus_Align_DETR
Resources:     cpu=1,gres/gpu:a100=1,mem=128G,node=1
Rsrc Used:     cput=00:09:37,vmem=0,walltime=00:09:37,mem=4350560K,energy_used=0
Partition:     coc-gpu
Nodes:         atl1-1-03-007-33-0
---------------------------------------
