---------------------------------------
Begin Slurm Prolog: Oct-30-2024 22:42:58
Job ID:    897566
User ID:   zyahn3
Account:   scs
Job name:  TOG_Plus_R50
Partition: coc-gpu
---------------------------------------
/storage/ice1/5/9/zyahn3/TOG_plus/detrex/detrex/layers/dcn_v3.py:23: FutureWarning: `torch.cuda.amp.custom_fwd(args...)` is deprecated. Please use `torch.amp.custom_fwd(args..., device_type='cuda')` instead.
  @custom_fwd
/storage/ice1/5/9/zyahn3/TOG_plus/detrex/detrex/layers/dcn_v3.py:52: FutureWarning: `torch.cuda.amp.custom_bwd(args...)` is deprecated. Please use `torch.amp.custom_bwd(args..., device_type='cuda')` instead.
  @custom_bwd
[10/30 22:44:22 detectron2]: Rank of current process: 0. World size: 1
[10/30 22:44:24 detectron2]: Environment info:
-------------------------------  ----------------------------------------------------------------------------------------
sys.platform                     linux
Python                           3.12.4 | packaged by Anaconda, Inc. | (main, Jun 18 2024, 15:12:24) [GCC 11.2.0]
numpy                            1.26.4
detectron2                       0.6 @/storage/ice1/5/9/zyahn3/TOG_plus/detrex/detectron2/detectron2
Compiler                         GCC 12.3
CUDA compiler                    not available
DETECTRON2_ENV_MODULE            <not set>
PyTorch                          2.4.1 @/home/hice1/zyahn3/.conda/envs/TOG_test/lib/python3.12/site-packages/torch
PyTorch debug build              False
torch._C._GLIBCXX_USE_CXX11_ABI  False
GPU available                    Yes
GPU 0                            NVIDIA A100-PCIE-40GB (arch=8.0)
Driver version                   555.42.02
CUDA_HOME                        /usr/local/cuda
Pillow                           10.4.0
torchvision                      0.19.1 @/home/hice1/zyahn3/.conda/envs/TOG_test/lib/python3.12/site-packages/torchvision
torchvision arch flags           5.0, 6.0, 7.0, 7.5, 8.0, 8.6, 9.0
fvcore                           0.1.5.post20221221
iopath                           0.1.9
cv2                              4.10.0
-------------------------------  ----------------------------------------------------------------------------------------
PyTorch built with:
  - GCC 9.3
  - C++ Version: 201703
  - Intel(R) oneAPI Math Kernel Library Version 2023.1-Product Build 20230303 for Intel(R) 64 architecture applications
  - Intel(R) MKL-DNN v3.4.2 (Git Hash 1137e04ec0b5251ca2b4400a4fd3c667ce843d67)
  - OpenMP 201511 (a.k.a. OpenMP 4.5)
  - LAPACK is enabled (usually provided by MKL)
  - NNPACK is enabled
  - CPU capability usage: AVX2
  - CUDA Runtime 12.4
  - NVCC architecture flags: -gencode;arch=compute_50,code=sm_50;-gencode;arch=compute_60,code=sm_60;-gencode;arch=compute_61,code=sm_61;-gencode;arch=compute_70,code=sm_70;-gencode;arch=compute_75,code=sm_75;-gencode;arch=compute_80,code=sm_80;-gencode;arch=compute_86,code=sm_86;-gencode;arch=compute_90,code=sm_90
  - CuDNN 90.1
  - Magma 2.6.1
  - Build settings: BLAS_INFO=mkl, BUILD_TYPE=Release, CUDA_VERSION=12.4, CUDNN_VERSION=9.1.0, CXX_COMPILER=/opt/rh/devtoolset-9/root/usr/bin/c++, CXX_FLAGS= -D_GLIBCXX_USE_CXX11_ABI=0 -fabi-version=11 -fvisibility-inlines-hidden -DUSE_PTHREADPOOL -DNDEBUG -DUSE_KINETO -DLIBKINETO_NOROCTRACER -DUSE_FBGEMM -DUSE_PYTORCH_QNNPACK -DUSE_XNNPACK -DSYMBOLICATE_MOBILE_DEBUG_HANDLE -O2 -fPIC -Wall -Wextra -Werror=return-type -Werror=non-virtual-dtor -Werror=bool-operation -Wnarrowing -Wno-missing-field-initializers -Wno-type-limits -Wno-array-bounds -Wno-unknown-pragmas -Wno-unused-parameter -Wno-unused-function -Wno-unused-result -Wno-strict-overflow -Wno-strict-aliasing -Wno-stringop-overflow -Wsuggest-override -Wno-psabi -Wno-error=pedantic -Wno-error=old-style-cast -Wno-missing-braces -fdiagnostics-color=always -faligned-new -Wno-unused-but-set-variable -Wno-maybe-uninitialized -fno-math-errno -fno-trapping-math -Werror=format -Wno-stringop-overflow, LAPACK_INFO=mkl, PERF_WITH_AVX=1, PERF_WITH_AVX2=1, PERF_WITH_AVX512=1, TORCH_VERSION=2.4.1, USE_CUDA=ON, USE_CUDNN=ON, USE_CUSPARSELT=1, USE_EXCEPTION_PTR=1, USE_GFLAGS=OFF, USE_GLOG=OFF, USE_GLOO=ON, USE_MKL=ON, USE_MKLDNN=ON, USE_MPI=OFF, USE_NCCL=ON, USE_NNPACK=ON, USE_OPENMP=ON, USE_ROCM=OFF, USE_ROCM_KERNEL_ASSERT=OFF, 

[10/30 22:44:24 detectron2]: Command line arguments: Namespace(config_file='detrex/projects/dino/configs/dino-resnet/dino_r50_4scale_12ep.py', resume=False, eval_only=True, num_gpus=1, num_machines=1, machine_rank=0, dist_url='tcp://127.0.0.1:53103', opts=['train.init_checkpoint=model_files/dino_r50_4scale.pth', 'attack=none', 'attack_mode=none', 'sample=1.0', 'save_attack=0.0', 'save_dir=datasets/blackbox/dino_r50_vanishing/', 'load_attack=1.0', 'load_dir=datasets/blackbox/dino_r50_vanishing/'])
[10/30 22:44:24 detectron2]: Contents of args.config_file=detrex/projects/dino/configs/dino-resnet/dino_r50_4scale_12ep.py:
[38;5;204mfrom[39m[38;5;15m [39m[38;5;15mdetrex[39m[38;5;15m.[39m[38;5;15mconfig[39m[38;5;15m [39m[38;5;204mimport[39m[38;5;15m [39m[38;5;15mget_config[39m
[38;5;204mfrom[39m[38;5;15m [39m[38;5;15m.[39m[38;5;15m.[39m[38;5;15mmodels[39m[38;5;15m.[39m[38;5;15mdino_r50[39m[38;5;15m [39m[38;5;204mimport[39m[38;5;15m [39m[38;5;15mmodel[39m

[38;5;245m# get default config[39m
[38;5;15mdataloader[39m[38;5;15m [39m[38;5;204m=[39m[38;5;15m [39m[38;5;15mget_config[39m[38;5;15m([39m[38;5;186m"[39m[38;5;186mcommon/data/coco_detr.py[39m[38;5;186m"[39m[38;5;15m)[39m[38;5;204m.[39m[38;5;15mdataloader[39m
[38;5;15moptimizer[39m[38;5;15m [39m[38;5;204m=[39m[38;5;15m [39m[38;5;15mget_config[39m[38;5;15m([39m[38;5;186m"[39m[38;5;186mcommon/optim.py[39m[38;5;186m"[39m[38;5;15m)[39m[38;5;204m.[39m[38;5;15mAdamW[39m
[38;5;15mlr_multiplier[39m[38;5;15m [39m[38;5;204m=[39m[38;5;15m [39m[38;5;15mget_config[39m[38;5;15m([39m[38;5;186m"[39m[38;5;186mcommon/coco_schedule.py[39m[38;5;186m"[39m[38;5;15m)[39m[38;5;204m.[39m[38;5;15mlr_multiplier_12ep[39m
[38;5;15mtrain[39m[38;5;15m [39m[38;5;204m=[39m[38;5;15m [39m[38;5;15mget_config[39m[38;5;15m([39m[38;5;186m"[39m[38;5;186mcommon/train.py[39m[38;5;186m"[39m[38;5;15m)[39m[38;5;204m.[39m[38;5;15mtrain[39m

[38;5;245m# modify training config[39m
[38;5;15mtrain[39m[38;5;204m.[39m[38;5;15minit_checkpoint[39m[38;5;15m [39m[38;5;204m=[39m[38;5;15m [39m[38;5;186m"[39m[38;5;186mdetectron2://ImageNetPretrained/torchvision/R-50.pkl[39m[38;5;186m"[39m
[38;5;15mtrain[39m[38;5;204m.[39m[38;5;15moutput_dir[39m[38;5;15m [39m[38;5;204m=[39m[38;5;15m [39m[38;5;186m"[39m[38;5;186m./output/dino_r50_4scale_12ep[39m[38;5;186m"[39m

[38;5;245m# max training iterations[39m
[38;5;15mtrain[39m[38;5;204m.[39m[38;5;15mmax_iter[39m[38;5;15m [39m[38;5;204m=[39m[38;5;15m [39m[38;5;141m90000[39m
[38;5;15mtrain[39m[38;5;204m.[39m[38;5;15meval_period[39m[38;5;15m [39m[38;5;204m=[39m[38;5;15m [39m[38;5;141m5000[39m
[38;5;15mtrain[39m[38;5;204m.[39m[38;5;15mlog_period[39m[38;5;15m [39m[38;5;204m=[39m[38;5;15m [39m[38;5;141m20[39m
[38;5;15mtrain[39m[38;5;204m.[39m[38;5;15mcheckpointer[39m[38;5;204m.[39m[38;5;15mperiod[39m[38;5;15m [39m[38;5;204m=[39m[38;5;15m [39m[38;5;141m5000[39m

[38;5;245m# gradient clipping for training[39m
[38;5;15mtrain[39m[38;5;204m.[39m[38;5;15mclip_grad[39m[38;5;204m.[39m[38;5;15menabled[39m[38;5;15m [39m[38;5;204m=[39m[38;5;15m [39m[38;5;81mTrue[39m
[38;5;15mtrain[39m[38;5;204m.[39m[38;5;15mclip_grad[39m[38;5;204m.[39m[38;5;15mparams[39m[38;5;204m.[39m[38;5;15mmax_norm[39m[38;5;15m [39m[38;5;204m=[39m[38;5;15m [39m[38;5;141m0.1[39m
[38;5;15mtrain[39m[38;5;204m.[39m[38;5;15mclip_grad[39m[38;5;204m.[39m[38;5;15mparams[39m[38;5;204m.[39m[38;5;15mnorm_type[39m[38;5;15m [39m[38;5;204m=[39m[38;5;15m [39m[38;5;141m2[39m

[38;5;245m# set training devices[39m
[38;5;15mtrain[39m[38;5;204m.[39m[38;5;15mdevice[39m[38;5;15m [39m[38;5;204m=[39m[38;5;15m [39m[38;5;186m"[39m[38;5;186mcuda[39m[38;5;186m"[39m
[38;5;15mmodel[39m[38;5;204m.[39m[38;5;15mdevice[39m[38;5;15m [39m[38;5;204m=[39m[38;5;15m [39m[38;5;15mtrain[39m[38;5;204m.[39m[38;5;15mdevice[39m

[38;5;245m# modify optimizer config[39m
[38;5;15moptimizer[39m[38;5;204m.[39m[38;5;15mlr[39m[38;5;15m [39m[38;5;204m=[39m[38;5;15m [39m[38;5;141m1e-4[39m
[38;5;15moptimizer[39m[38;5;204m.[39m[38;5;15mbetas[39m[38;5;15m [39m[38;5;204m=[39m[38;5;15m [39m[38;5;15m([39m[38;5;141m0.9[39m[38;5;15m,[39m[38;5;15m [39m[38;5;141m0.999[39m[38;5;15m)[39m
[38;5;15moptimizer[39m[38;5;204m.[39m[38;5;15mweight_decay[39m[38;5;15m [39m[38;5;204m=[39m[38;5;15m [39m[38;5;141m1e-4[39m
[38;5;15moptimizer[39m[38;5;204m.[39m[38;5;15mparams[39m[38;5;204m.[39m[38;5;15mlr_factor_func[39m[38;5;15m [39m[38;5;204m=[39m[38;5;15m [39m[38;5;81mlambda[39m[38;5;15m [39m[38;5;15mmodule_name[39m[38;5;15m:[39m[38;5;15m [39m[38;5;141m0.1[39m[38;5;15m [39m[38;5;81mif[39m[38;5;15m [39m[38;5;186m"[39m[38;5;186mbackbone[39m[38;5;186m"[39m[38;5;15m [39m[38;5;204min[39m[38;5;15m [39m[38;5;15mmodule_name[39m[38;5;15m [39m[38;5;81melse[39m[38;5;15m [39m[38;5;141m1[39m

[38;5;245m# modify dataloader config[39m
[38;5;15mdataloader[39m[38;5;204m.[39m[38;5;15mtrain[39m[38;5;204m.[39m[38;5;15mnum_workers[39m[38;5;15m [39m[38;5;204m=[39m[38;5;15m [39m[38;5;141m16[39m

[38;5;245m# please notice that this is total batch size.[39m
[38;5;245m# surpose you're using 4 gpus for training and the batch size for[39m
[38;5;245m# each gpu is 16/4 = 4[39m
[38;5;15mdataloader[39m[38;5;204m.[39m[38;5;15mtrain[39m[38;5;204m.[39m[38;5;15mtotal_batch_size[39m[38;5;15m [39m[38;5;204m=[39m[38;5;15m [39m[38;5;141m16[39m

[38;5;245m# dump the testing results into output_dir for visualization[39m
[38;5;15mdataloader[39m[38;5;204m.[39m[38;5;15mevaluator[39m[38;5;204m.[39m[38;5;15moutput_dir[39m[38;5;15m [39m[38;5;204m=[39m[38;5;15m [39m[38;5;15mtrain[39m[38;5;204m.[39m[38;5;15moutput_dir[39m

[38;5;15mattack[39m[38;5;204m=[39m[38;5;81mNone[39m
[38;5;15mattack_mode[39m[38;5;204m=[39m[38;5;81mNone[39m
[38;5;15msample[39m[38;5;204m=[39m[38;5;141m1.0[39m
[38;5;15msave_attack[39m[38;5;204m=[39m[38;5;81mNone[39m
[38;5;15msave_dir[39m[38;5;204m=[39m[38;5;81mNone[39m

WARNING [10/30 22:44:24 d2.config.lazy]: The config contains objects that cannot serialize to a valid yaml. ./output/dino_r50_4scale_12ep/config.yaml is human-readable but cannot be loaded.
WARNING [10/30 22:44:24 d2.config.lazy]: Config is saved using cloudpickle at ./output/dino_r50_4scale_12ep/config.yaml.pkl.
[10/30 22:44:24 detectron2]: Full config saved to ./output/dino_r50_4scale_12ep/config.yaml
[10/30 22:44:24 d2.utils.env]: Using a generated random seed 25348399
[10/30 22:44:26 d2.checkpoint.detection_checkpoint]: [DetectionCheckpointer] Loading from model_files/dino_r50_4scale.pth ...
[10/30 22:44:26 fvcore.common.checkpoint]: [Checkpointer] Loading from model_files/dino_r50_4scale.pth ...
/home/hice1/zyahn3/.conda/envs/TOG_test/lib/python3.12/site-packages/fvcore/common/checkpoint.py:252: FutureWarning: You are using `torch.load` with `weights_only=False` (the current default value), which uses the default pickle module implicitly. It is possible to construct malicious pickle data which will execute arbitrary code during unpickling (See https://github.com/pytorch/pytorch/blob/main/SECURITY.md#untrusted-models for more details). In a future release, the default value for `weights_only` will be flipped to `True`. This limits the functions that could be executed during unpickling. Arbitrary objects will no longer be allowed to be loaded via this mode unless they are explicitly allowlisted by the user via `torch.serialization.add_safe_globals`. We recommend you start setting `weights_only=True` for any use case where you don't have full control of the loaded file. Please open an issue on GitHub for any issues related to this experimental feature.
  return torch.load(f, map_location=torch.device("cpu"))
[10/30 22:44:29 detectron2]: Run evaluation under eval-only mode
[10/30 22:44:29 detectron2]: Run evaluation without EMA.
[10/30 22:44:30 d2.data.datasets.coco]: Loaded 5000 images in COCO format from /home/hice1/zyahn3/scratch/TOG_plus/datasets/coco/annotations/instances_val2017.json
[10/30 22:44:30 d2.data.build]: Distribution of instances among all 80 categories:
|   category    | #instances   |   category   | #instances   |   category    | #instances   |
|:-------------:|:-------------|:------------:|:-------------|:-------------:|:-------------|
|    person     | 10777        |   bicycle    | 314          |      car      | 1918         |
|  motorcycle   | 367          |   airplane   | 143          |      bus      | 283          |
|     train     | 190          |    truck     | 414          |     boat      | 424          |
| traffic light | 634          | fire hydrant | 101          |   stop sign   | 75           |
| parking meter | 60           |    bench     | 411          |     bird      | 427          |
|      cat      | 202          |     dog      | 218          |     horse     | 272          |
|     sheep     | 354          |     cow      | 372          |   elephant    | 252          |
|     bear      | 71           |    zebra     | 266          |    giraffe    | 232          |
|   backpack    | 371          |   umbrella   | 407          |    handbag    | 540          |
|      tie      | 252          |   suitcase   | 299          |    frisbee    | 115          |
|     skis      | 241          |  snowboard   | 69           |  sports ball  | 260          |
|     kite      | 327          | baseball bat | 145          | baseball gl.. | 148          |
|  skateboard   | 179          |  surfboard   | 267          | tennis racket | 225          |
|    bottle     | 1013         |  wine glass  | 341          |      cup      | 895          |
|     fork      | 215          |    knife     | 325          |     spoon     | 253          |
|     bowl      | 623          |    banana    | 370          |     apple     | 236          |
|   sandwich    | 177          |    orange    | 285          |   broccoli    | 312          |
|    carrot     | 365          |   hot dog    | 125          |     pizza     | 284          |
|     donut     | 328          |     cake     | 310          |     chair     | 1771         |
|     couch     | 261          | potted plant | 342          |      bed      | 163          |
| dining table  | 695          |    toilet    | 179          |      tv       | 288          |
|    laptop     | 231          |    mouse     | 106          |    remote     | 283          |
|   keyboard    | 153          |  cell phone  | 262          |   microwave   | 55           |
|     oven      | 143          |   toaster    | 9            |     sink      | 225          |
| refrigerator  | 126          |     book     | 1129         |     clock     | 267          |
|     vase      | 274          |   scissors   | 36           |  teddy bear   | 190          |
|  hair drier   | 11           |  toothbrush  | 57           |               |              |
|     total     | 36335        |              |              |               |              |
[10/30 22:44:30 d2.data.common]: Serializing the dataset using: <class 'detectron2.data.common._TorchSerializedList'>
[10/30 22:44:30 d2.data.common]: Serializing 5000 elements to byte tensors and concatenating them all ...
[10/30 22:44:30 d2.data.common]: Serialized dataset takes 19.27 MiB
[10/30 22:44:30 d2.evaluation.evaluator]: Start inference on 5000 batches
Doing attack: None
/home/hice1/zyahn3/.conda/envs/TOG_test/lib/python3.12/site-packages/torch/functional.py:513: UserWarning: torch.meshgrid: in an upcoming release, it will be required to pass the indexing argument. (Triggered internally at /opt/conda/conda-bld/pytorch_1724789220573/work/aten/src/ATen/native/TensorShape.cpp:3609.)
  return _VF.meshgrid(tensors, **kwargs)  # type: ignore[attr-defined]
[10/30 22:44:40 d2.evaluation.evaluator]: Inference done 1/5000. Dataloading: 1.2196 s/iter. Inference: 8.7690 s/iter. Eval: 0.0011 s/iter. Total: 9.9908 s/iter. ETA=13:52:24
[10/30 22:44:45 d2.evaluation.evaluator]: Inference done 32/5000. Dataloading: 0.0013 s/iter. Inference: 0.1507 s/iter. Eval: 0.0003 s/iter. Total: 0.1523 s/iter. ETA=0:12:36
[10/30 22:44:51 d2.evaluation.evaluator]: Inference done 68/5000. Dataloading: 0.0013 s/iter. Inference: 0.1447 s/iter. Eval: 0.0003 s/iter. Total: 0.1464 s/iter. ETA=0:12:01
[10/30 22:44:56 d2.evaluation.evaluator]: Inference done 105/5000. Dataloading: 0.0014 s/iter. Inference: 0.1409 s/iter. Eval: 0.0003 s/iter. Total: 0.1427 s/iter. ETA=0:11:38
[10/30 22:45:01 d2.evaluation.evaluator]: Inference done 142/5000. Dataloading: 0.0014 s/iter. Inference: 0.1396 s/iter. Eval: 0.0003 s/iter. Total: 0.1414 s/iter. ETA=0:11:26
[10/30 22:45:06 d2.evaluation.evaluator]: Inference done 178/5000. Dataloading: 0.0014 s/iter. Inference: 0.1391 s/iter. Eval: 0.0003 s/iter. Total: 0.1409 s/iter. ETA=0:11:19
[10/30 22:45:11 d2.evaluation.evaluator]: Inference done 214/5000. Dataloading: 0.0014 s/iter. Inference: 0.1392 s/iter. Eval: 0.0003 s/iter. Total: 0.1409 s/iter. ETA=0:11:14
[10/30 22:45:16 d2.evaluation.evaluator]: Inference done 249/5000. Dataloading: 0.0013 s/iter. Inference: 0.1396 s/iter. Eval: 0.0003 s/iter. Total: 0.1413 s/iter. ETA=0:11:11
[10/30 22:45:21 d2.evaluation.evaluator]: Inference done 285/5000. Dataloading: 0.0013 s/iter. Inference: 0.1391 s/iter. Eval: 0.0009 s/iter. Total: 0.1413 s/iter. ETA=0:11:06
[10/30 22:45:26 d2.evaluation.evaluator]: Inference done 323/5000. Dataloading: 0.0013 s/iter. Inference: 0.1381 s/iter. Eval: 0.0008 s/iter. Total: 0.1403 s/iter. ETA=0:10:56
[10/30 22:45:31 d2.evaluation.evaluator]: Inference done 358/5000. Dataloading: 0.0013 s/iter. Inference: 0.1386 s/iter. Eval: 0.0007 s/iter. Total: 0.1408 s/iter. ETA=0:10:53
[10/30 22:45:36 d2.evaluation.evaluator]: Inference done 394/5000. Dataloading: 0.0013 s/iter. Inference: 0.1386 s/iter. Eval: 0.0007 s/iter. Total: 0.1407 s/iter. ETA=0:10:48
[10/30 22:45:41 d2.evaluation.evaluator]: Inference done 430/5000. Dataloading: 0.0013 s/iter. Inference: 0.1385 s/iter. Eval: 0.0007 s/iter. Total: 0.1406 s/iter. ETA=0:10:42
[10/30 22:45:46 d2.evaluation.evaluator]: Inference done 467/5000. Dataloading: 0.0013 s/iter. Inference: 0.1384 s/iter. Eval: 0.0006 s/iter. Total: 0.1405 s/iter. ETA=0:10:36
[10/30 22:45:51 d2.evaluation.evaluator]: Inference done 503/5000. Dataloading: 0.0013 s/iter. Inference: 0.1384 s/iter. Eval: 0.0006 s/iter. Total: 0.1404 s/iter. ETA=0:10:31
[10/30 22:45:56 d2.evaluation.evaluator]: Inference done 540/5000. Dataloading: 0.0013 s/iter. Inference: 0.1382 s/iter. Eval: 0.0006 s/iter. Total: 0.1402 s/iter. ETA=0:10:25
[10/30 22:46:01 d2.evaluation.evaluator]: Inference done 575/5000. Dataloading: 0.0013 s/iter. Inference: 0.1386 s/iter. Eval: 0.0006 s/iter. Total: 0.1405 s/iter. ETA=0:10:21
[10/30 22:46:07 d2.evaluation.evaluator]: Inference done 613/5000. Dataloading: 0.0013 s/iter. Inference: 0.1381 s/iter. Eval: 0.0005 s/iter. Total: 0.1401 s/iter. ETA=0:10:14
[10/30 22:46:12 d2.evaluation.evaluator]: Inference done 650/5000. Dataloading: 0.0013 s/iter. Inference: 0.1380 s/iter. Eval: 0.0005 s/iter. Total: 0.1400 s/iter. ETA=0:10:08
[10/30 22:46:17 d2.evaluation.evaluator]: Inference done 687/5000. Dataloading: 0.0013 s/iter. Inference: 0.1380 s/iter. Eval: 0.0005 s/iter. Total: 0.1399 s/iter. ETA=0:10:03
[10/30 22:46:22 d2.evaluation.evaluator]: Inference done 723/5000. Dataloading: 0.0013 s/iter. Inference: 0.1380 s/iter. Eval: 0.0005 s/iter. Total: 0.1399 s/iter. ETA=0:09:58
[10/30 22:46:27 d2.evaluation.evaluator]: Inference done 761/5000. Dataloading: 0.0013 s/iter. Inference: 0.1376 s/iter. Eval: 0.0005 s/iter. Total: 0.1395 s/iter. ETA=0:09:51
[10/30 22:46:32 d2.evaluation.evaluator]: Inference done 799/5000. Dataloading: 0.0013 s/iter. Inference: 0.1373 s/iter. Eval: 0.0005 s/iter. Total: 0.1392 s/iter. ETA=0:09:44
[10/30 22:46:37 d2.evaluation.evaluator]: Inference done 839/5000. Dataloading: 0.0013 s/iter. Inference: 0.1367 s/iter. Eval: 0.0005 s/iter. Total: 0.1386 s/iter. ETA=0:09:36
[10/30 22:46:42 d2.evaluation.evaluator]: Inference done 875/5000. Dataloading: 0.0013 s/iter. Inference: 0.1368 s/iter. Eval: 0.0005 s/iter. Total: 0.1387 s/iter. ETA=0:09:32
[10/30 22:46:47 d2.evaluation.evaluator]: Inference done 912/5000. Dataloading: 0.0013 s/iter. Inference: 0.1368 s/iter. Eval: 0.0005 s/iter. Total: 0.1386 s/iter. ETA=0:09:26
[10/30 22:46:52 d2.evaluation.evaluator]: Inference done 948/5000. Dataloading: 0.0013 s/iter. Inference: 0.1369 s/iter. Eval: 0.0005 s/iter. Total: 0.1388 s/iter. ETA=0:09:22
[10/30 22:46:57 d2.evaluation.evaluator]: Inference done 983/5000. Dataloading: 0.0013 s/iter. Inference: 0.1372 s/iter. Eval: 0.0004 s/iter. Total: 0.1390 s/iter. ETA=0:09:18
[10/30 22:47:02 d2.evaluation.evaluator]: Inference done 1019/5000. Dataloading: 0.0013 s/iter. Inference: 0.1372 s/iter. Eval: 0.0004 s/iter. Total: 0.1390 s/iter. ETA=0:09:13
[10/30 22:47:07 d2.evaluation.evaluator]: Inference done 1055/5000. Dataloading: 0.0013 s/iter. Inference: 0.1373 s/iter. Eval: 0.0004 s/iter. Total: 0.1391 s/iter. ETA=0:09:08
[10/30 22:47:13 d2.evaluation.evaluator]: Inference done 1092/5000. Dataloading: 0.0013 s/iter. Inference: 0.1373 s/iter. Eval: 0.0004 s/iter. Total: 0.1391 s/iter. ETA=0:09:03
[10/30 22:47:18 d2.evaluation.evaluator]: Inference done 1128/5000. Dataloading: 0.0013 s/iter. Inference: 0.1373 s/iter. Eval: 0.0004 s/iter. Total: 0.1391 s/iter. ETA=0:08:58
[10/30 22:47:23 d2.evaluation.evaluator]: Inference done 1164/5000. Dataloading: 0.0013 s/iter. Inference: 0.1373 s/iter. Eval: 0.0004 s/iter. Total: 0.1391 s/iter. ETA=0:08:53
[10/30 22:47:28 d2.evaluation.evaluator]: Inference done 1199/5000. Dataloading: 0.0013 s/iter. Inference: 0.1374 s/iter. Eval: 0.0004 s/iter. Total: 0.1393 s/iter. ETA=0:08:49
[10/30 22:47:33 d2.evaluation.evaluator]: Inference done 1229/5000. Dataloading: 0.0013 s/iter. Inference: 0.1382 s/iter. Eval: 0.0004 s/iter. Total: 0.1400 s/iter. ETA=0:08:47
[10/30 22:47:38 d2.evaluation.evaluator]: Inference done 1264/5000. Dataloading: 0.0013 s/iter. Inference: 0.1383 s/iter. Eval: 0.0004 s/iter. Total: 0.1401 s/iter. ETA=0:08:43
[10/30 22:47:43 d2.evaluation.evaluator]: Inference done 1301/5000. Dataloading: 0.0013 s/iter. Inference: 0.1383 s/iter. Eval: 0.0004 s/iter. Total: 0.1401 s/iter. ETA=0:08:38
[10/30 22:47:48 d2.evaluation.evaluator]: Inference done 1339/5000. Dataloading: 0.0013 s/iter. Inference: 0.1381 s/iter. Eval: 0.0004 s/iter. Total: 0.1399 s/iter. ETA=0:08:32
[10/30 22:47:53 d2.evaluation.evaluator]: Inference done 1376/5000. Dataloading: 0.0013 s/iter. Inference: 0.1381 s/iter. Eval: 0.0004 s/iter. Total: 0.1399 s/iter. ETA=0:08:26
[10/30 22:47:58 d2.evaluation.evaluator]: Inference done 1415/5000. Dataloading: 0.0013 s/iter. Inference: 0.1379 s/iter. Eval: 0.0004 s/iter. Total: 0.1396 s/iter. ETA=0:08:20
[10/30 22:48:03 d2.evaluation.evaluator]: Inference done 1451/5000. Dataloading: 0.0013 s/iter. Inference: 0.1379 s/iter. Eval: 0.0004 s/iter. Total: 0.1397 s/iter. ETA=0:08:15
[10/30 22:48:08 d2.evaluation.evaluator]: Inference done 1486/5000. Dataloading: 0.0013 s/iter. Inference: 0.1380 s/iter. Eval: 0.0004 s/iter. Total: 0.1398 s/iter. ETA=0:08:11
[10/30 22:48:13 d2.evaluation.evaluator]: Inference done 1523/5000. Dataloading: 0.0013 s/iter. Inference: 0.1379 s/iter. Eval: 0.0004 s/iter. Total: 0.1397 s/iter. ETA=0:08:05
[10/30 22:48:19 d2.evaluation.evaluator]: Inference done 1556/5000. Dataloading: 0.0013 s/iter. Inference: 0.1382 s/iter. Eval: 0.0004 s/iter. Total: 0.1400 s/iter. ETA=0:08:02
[10/30 22:48:24 d2.evaluation.evaluator]: Inference done 1592/5000. Dataloading: 0.0013 s/iter. Inference: 0.1382 s/iter. Eval: 0.0004 s/iter. Total: 0.1400 s/iter. ETA=0:07:57
[10/30 22:48:29 d2.evaluation.evaluator]: Inference done 1629/5000. Dataloading: 0.0013 s/iter. Inference: 0.1382 s/iter. Eval: 0.0004 s/iter. Total: 0.1399 s/iter. ETA=0:07:51
[10/30 22:48:34 d2.evaluation.evaluator]: Inference done 1666/5000. Dataloading: 0.0013 s/iter. Inference: 0.1381 s/iter. Eval: 0.0004 s/iter. Total: 0.1399 s/iter. ETA=0:07:46
[10/30 22:48:39 d2.evaluation.evaluator]: Inference done 1703/5000. Dataloading: 0.0013 s/iter. Inference: 0.1380 s/iter. Eval: 0.0004 s/iter. Total: 0.1398 s/iter. ETA=0:07:40
[10/30 22:48:44 d2.evaluation.evaluator]: Inference done 1740/5000. Dataloading: 0.0013 s/iter. Inference: 0.1380 s/iter. Eval: 0.0004 s/iter. Total: 0.1398 s/iter. ETA=0:07:35
[10/30 22:48:49 d2.evaluation.evaluator]: Inference done 1777/5000. Dataloading: 0.0013 s/iter. Inference: 0.1380 s/iter. Eval: 0.0004 s/iter. Total: 0.1397 s/iter. ETA=0:07:30
[10/30 22:48:54 d2.evaluation.evaluator]: Inference done 1814/5000. Dataloading: 0.0013 s/iter. Inference: 0.1379 s/iter. Eval: 0.0004 s/iter. Total: 0.1396 s/iter. ETA=0:07:24
[10/30 22:48:59 d2.evaluation.evaluator]: Inference done 1851/5000. Dataloading: 0.0013 s/iter. Inference: 0.1378 s/iter. Eval: 0.0004 s/iter. Total: 0.1396 s/iter. ETA=0:07:19
[10/30 22:49:04 d2.evaluation.evaluator]: Inference done 1887/5000. Dataloading: 0.0013 s/iter. Inference: 0.1379 s/iter. Eval: 0.0004 s/iter. Total: 0.1396 s/iter. ETA=0:07:14
[10/30 22:49:09 d2.evaluation.evaluator]: Inference done 1922/5000. Dataloading: 0.0013 s/iter. Inference: 0.1379 s/iter. Eval: 0.0004 s/iter. Total: 0.1397 s/iter. ETA=0:07:09
[10/30 22:49:14 d2.evaluation.evaluator]: Inference done 1958/5000. Dataloading: 0.0013 s/iter. Inference: 0.1380 s/iter. Eval: 0.0004 s/iter. Total: 0.1397 s/iter. ETA=0:07:04
[10/30 22:49:19 d2.evaluation.evaluator]: Inference done 1995/5000. Dataloading: 0.0013 s/iter. Inference: 0.1379 s/iter. Eval: 0.0004 s/iter. Total: 0.1397 s/iter. ETA=0:06:59
[10/30 22:49:24 d2.evaluation.evaluator]: Inference done 2030/5000. Dataloading: 0.0013 s/iter. Inference: 0.1380 s/iter. Eval: 0.0004 s/iter. Total: 0.1398 s/iter. ETA=0:06:55
[10/30 22:49:29 d2.evaluation.evaluator]: Inference done 2066/5000. Dataloading: 0.0013 s/iter. Inference: 0.1380 s/iter. Eval: 0.0004 s/iter. Total: 0.1398 s/iter. ETA=0:06:50
[10/30 22:49:35 d2.evaluation.evaluator]: Inference done 2101/5000. Dataloading: 0.0013 s/iter. Inference: 0.1381 s/iter. Eval: 0.0004 s/iter. Total: 0.1399 s/iter. ETA=0:06:45
[10/30 22:49:40 d2.evaluation.evaluator]: Inference done 2138/5000. Dataloading: 0.0013 s/iter. Inference: 0.1381 s/iter. Eval: 0.0004 s/iter. Total: 0.1398 s/iter. ETA=0:06:40
[10/30 22:49:45 d2.evaluation.evaluator]: Inference done 2175/5000. Dataloading: 0.0013 s/iter. Inference: 0.1380 s/iter. Eval: 0.0004 s/iter. Total: 0.1398 s/iter. ETA=0:06:34
[10/30 22:49:50 d2.evaluation.evaluator]: Inference done 2211/5000. Dataloading: 0.0013 s/iter. Inference: 0.1380 s/iter. Eval: 0.0004 s/iter. Total: 0.1398 s/iter. ETA=0:06:29
[10/30 22:49:55 d2.evaluation.evaluator]: Inference done 2247/5000. Dataloading: 0.0013 s/iter. Inference: 0.1381 s/iter. Eval: 0.0004 s/iter. Total: 0.1398 s/iter. ETA=0:06:24
[10/30 22:50:00 d2.evaluation.evaluator]: Inference done 2283/5000. Dataloading: 0.0013 s/iter. Inference: 0.1381 s/iter. Eval: 0.0004 s/iter. Total: 0.1398 s/iter. ETA=0:06:19
[10/30 22:50:05 d2.evaluation.evaluator]: Inference done 2319/5000. Dataloading: 0.0013 s/iter. Inference: 0.1381 s/iter. Eval: 0.0004 s/iter. Total: 0.1398 s/iter. ETA=0:06:14
[10/30 22:50:10 d2.evaluation.evaluator]: Inference done 2356/5000. Dataloading: 0.0013 s/iter. Inference: 0.1381 s/iter. Eval: 0.0004 s/iter. Total: 0.1398 s/iter. ETA=0:06:09
[10/30 22:50:15 d2.evaluation.evaluator]: Inference done 2394/5000. Dataloading: 0.0013 s/iter. Inference: 0.1379 s/iter. Eval: 0.0004 s/iter. Total: 0.1397 s/iter. ETA=0:06:03
[10/30 22:50:20 d2.evaluation.evaluator]: Inference done 2431/5000. Dataloading: 0.0013 s/iter. Inference: 0.1379 s/iter. Eval: 0.0003 s/iter. Total: 0.1396 s/iter. ETA=0:05:58
[10/30 22:50:25 d2.evaluation.evaluator]: Inference done 2467/5000. Dataloading: 0.0013 s/iter. Inference: 0.1379 s/iter. Eval: 0.0003 s/iter. Total: 0.1397 s/iter. ETA=0:05:53
[10/30 22:50:30 d2.evaluation.evaluator]: Inference done 2505/5000. Dataloading: 0.0013 s/iter. Inference: 0.1378 s/iter. Eval: 0.0003 s/iter. Total: 0.1396 s/iter. ETA=0:05:48
[10/30 22:50:35 d2.evaluation.evaluator]: Inference done 2542/5000. Dataloading: 0.0013 s/iter. Inference: 0.1378 s/iter. Eval: 0.0003 s/iter. Total: 0.1395 s/iter. ETA=0:05:42
[10/30 22:50:40 d2.evaluation.evaluator]: Inference done 2578/5000. Dataloading: 0.0013 s/iter. Inference: 0.1378 s/iter. Eval: 0.0003 s/iter. Total: 0.1395 s/iter. ETA=0:05:37
[10/30 22:50:46 d2.evaluation.evaluator]: Inference done 2615/5000. Dataloading: 0.0013 s/iter. Inference: 0.1378 s/iter. Eval: 0.0003 s/iter. Total: 0.1395 s/iter. ETA=0:05:32
[10/30 22:50:51 d2.evaluation.evaluator]: Inference done 2650/5000. Dataloading: 0.0013 s/iter. Inference: 0.1378 s/iter. Eval: 0.0003 s/iter. Total: 0.1396 s/iter. ETA=0:05:28
[10/30 22:50:56 d2.evaluation.evaluator]: Inference done 2686/5000. Dataloading: 0.0013 s/iter. Inference: 0.1378 s/iter. Eval: 0.0003 s/iter. Total: 0.1396 s/iter. ETA=0:05:22
[10/30 22:51:01 d2.evaluation.evaluator]: Inference done 2722/5000. Dataloading: 0.0013 s/iter. Inference: 0.1379 s/iter. Eval: 0.0003 s/iter. Total: 0.1396 s/iter. ETA=0:05:18
[10/30 22:51:06 d2.evaluation.evaluator]: Inference done 2760/5000. Dataloading: 0.0013 s/iter. Inference: 0.1378 s/iter. Eval: 0.0003 s/iter. Total: 0.1395 s/iter. ETA=0:05:12
[10/30 22:51:11 d2.evaluation.evaluator]: Inference done 2798/5000. Dataloading: 0.0013 s/iter. Inference: 0.1378 s/iter. Eval: 0.0003 s/iter. Total: 0.1395 s/iter. ETA=0:05:07
[10/30 22:51:16 d2.evaluation.evaluator]: Inference done 2834/5000. Dataloading: 0.0013 s/iter. Inference: 0.1378 s/iter. Eval: 0.0003 s/iter. Total: 0.1395 s/iter. ETA=0:05:02
[10/30 22:51:21 d2.evaluation.evaluator]: Inference done 2869/5000. Dataloading: 0.0013 s/iter. Inference: 0.1379 s/iter. Eval: 0.0003 s/iter. Total: 0.1396 s/iter. ETA=0:04:57
[10/30 22:51:26 d2.evaluation.evaluator]: Inference done 2906/5000. Dataloading: 0.0013 s/iter. Inference: 0.1378 s/iter. Eval: 0.0003 s/iter. Total: 0.1396 s/iter. ETA=0:04:52
[10/30 22:51:31 d2.evaluation.evaluator]: Inference done 2942/5000. Dataloading: 0.0013 s/iter. Inference: 0.1378 s/iter. Eval: 0.0003 s/iter. Total: 0.1396 s/iter. ETA=0:04:47
[10/30 22:51:36 d2.evaluation.evaluator]: Inference done 2979/5000. Dataloading: 0.0013 s/iter. Inference: 0.1378 s/iter. Eval: 0.0003 s/iter. Total: 0.1395 s/iter. ETA=0:04:42
[10/30 22:51:41 d2.evaluation.evaluator]: Inference done 3016/5000. Dataloading: 0.0013 s/iter. Inference: 0.1378 s/iter. Eval: 0.0003 s/iter. Total: 0.1395 s/iter. ETA=0:04:36
[10/30 22:51:47 d2.evaluation.evaluator]: Inference done 3052/5000. Dataloading: 0.0013 s/iter. Inference: 0.1378 s/iter. Eval: 0.0003 s/iter. Total: 0.1396 s/iter. ETA=0:04:31
[10/30 22:51:52 d2.evaluation.evaluator]: Inference done 3088/5000. Dataloading: 0.0013 s/iter. Inference: 0.1379 s/iter. Eval: 0.0003 s/iter. Total: 0.1396 s/iter. ETA=0:04:26
[10/30 22:51:57 d2.evaluation.evaluator]: Inference done 3126/5000. Dataloading: 0.0013 s/iter. Inference: 0.1378 s/iter. Eval: 0.0003 s/iter. Total: 0.1395 s/iter. ETA=0:04:21
[10/30 22:52:02 d2.evaluation.evaluator]: Inference done 3162/5000. Dataloading: 0.0013 s/iter. Inference: 0.1378 s/iter. Eval: 0.0003 s/iter. Total: 0.1395 s/iter. ETA=0:04:16
[10/30 22:52:07 d2.evaluation.evaluator]: Inference done 3198/5000. Dataloading: 0.0013 s/iter. Inference: 0.1378 s/iter. Eval: 0.0003 s/iter. Total: 0.1395 s/iter. ETA=0:04:11
[10/30 22:52:12 d2.evaluation.evaluator]: Inference done 3235/5000. Dataloading: 0.0013 s/iter. Inference: 0.1378 s/iter. Eval: 0.0003 s/iter. Total: 0.1395 s/iter. ETA=0:04:06
[10/30 22:52:17 d2.evaluation.evaluator]: Inference done 3272/5000. Dataloading: 0.0013 s/iter. Inference: 0.1378 s/iter. Eval: 0.0003 s/iter. Total: 0.1395 s/iter. ETA=0:04:01
[10/30 22:52:22 d2.evaluation.evaluator]: Inference done 3308/5000. Dataloading: 0.0013 s/iter. Inference: 0.1378 s/iter. Eval: 0.0003 s/iter. Total: 0.1395 s/iter. ETA=0:03:56
[10/30 22:52:27 d2.evaluation.evaluator]: Inference done 3345/5000. Dataloading: 0.0013 s/iter. Inference: 0.1378 s/iter. Eval: 0.0003 s/iter. Total: 0.1395 s/iter. ETA=0:03:50
[10/30 22:52:32 d2.evaluation.evaluator]: Inference done 3381/5000. Dataloading: 0.0013 s/iter. Inference: 0.1378 s/iter. Eval: 0.0003 s/iter. Total: 0.1395 s/iter. ETA=0:03:45
[10/30 22:52:37 d2.evaluation.evaluator]: Inference done 3419/5000. Dataloading: 0.0013 s/iter. Inference: 0.1377 s/iter. Eval: 0.0003 s/iter. Total: 0.1395 s/iter. ETA=0:03:40
[10/30 22:52:43 d2.evaluation.evaluator]: Inference done 3456/5000. Dataloading: 0.0013 s/iter. Inference: 0.1377 s/iter. Eval: 0.0003 s/iter. Total: 0.1394 s/iter. ETA=0:03:35
[10/30 22:52:48 d2.evaluation.evaluator]: Inference done 3493/5000. Dataloading: 0.0013 s/iter. Inference: 0.1377 s/iter. Eval: 0.0003 s/iter. Total: 0.1394 s/iter. ETA=0:03:30
[10/30 22:52:53 d2.evaluation.evaluator]: Inference done 3530/5000. Dataloading: 0.0013 s/iter. Inference: 0.1377 s/iter. Eval: 0.0003 s/iter. Total: 0.1394 s/iter. ETA=0:03:24
[10/30 22:52:58 d2.evaluation.evaluator]: Inference done 3566/5000. Dataloading: 0.0013 s/iter. Inference: 0.1377 s/iter. Eval: 0.0003 s/iter. Total: 0.1394 s/iter. ETA=0:03:19
[10/30 22:53:03 d2.evaluation.evaluator]: Inference done 3603/5000. Dataloading: 0.0013 s/iter. Inference: 0.1376 s/iter. Eval: 0.0003 s/iter. Total: 0.1394 s/iter. ETA=0:03:14
[10/30 22:53:08 d2.evaluation.evaluator]: Inference done 3638/5000. Dataloading: 0.0013 s/iter. Inference: 0.1377 s/iter. Eval: 0.0003 s/iter. Total: 0.1394 s/iter. ETA=0:03:09
[10/30 22:53:13 d2.evaluation.evaluator]: Inference done 3673/5000. Dataloading: 0.0013 s/iter. Inference: 0.1378 s/iter. Eval: 0.0003 s/iter. Total: 0.1395 s/iter. ETA=0:03:05
[10/30 22:53:18 d2.evaluation.evaluator]: Inference done 3708/5000. Dataloading: 0.0013 s/iter. Inference: 0.1378 s/iter. Eval: 0.0003 s/iter. Total: 0.1396 s/iter. ETA=0:03:00
[10/30 22:53:23 d2.evaluation.evaluator]: Inference done 3741/5000. Dataloading: 0.0013 s/iter. Inference: 0.1380 s/iter. Eval: 0.0003 s/iter. Total: 0.1397 s/iter. ETA=0:02:55
[10/30 22:53:28 d2.evaluation.evaluator]: Inference done 3773/5000. Dataloading: 0.0013 s/iter. Inference: 0.1381 s/iter. Eval: 0.0003 s/iter. Total: 0.1398 s/iter. ETA=0:02:51
[10/30 22:53:33 d2.evaluation.evaluator]: Inference done 3806/5000. Dataloading: 0.0013 s/iter. Inference: 0.1382 s/iter. Eval: 0.0003 s/iter. Total: 0.1399 s/iter. ETA=0:02:47
[10/30 22:53:38 d2.evaluation.evaluator]: Inference done 3837/5000. Dataloading: 0.0013 s/iter. Inference: 0.1384 s/iter. Eval: 0.0003 s/iter. Total: 0.1401 s/iter. ETA=0:02:42
[10/30 22:53:43 d2.evaluation.evaluator]: Inference done 3871/5000. Dataloading: 0.0013 s/iter. Inference: 0.1385 s/iter. Eval: 0.0003 s/iter. Total: 0.1402 s/iter. ETA=0:02:38
[10/30 22:53:49 d2.evaluation.evaluator]: Inference done 3906/5000. Dataloading: 0.0013 s/iter. Inference: 0.1385 s/iter. Eval: 0.0003 s/iter. Total: 0.1403 s/iter. ETA=0:02:33
[10/30 22:53:54 d2.evaluation.evaluator]: Inference done 3940/5000. Dataloading: 0.0013 s/iter. Inference: 0.1386 s/iter. Eval: 0.0003 s/iter. Total: 0.1404 s/iter. ETA=0:02:28
[10/30 22:53:59 d2.evaluation.evaluator]: Inference done 3973/5000. Dataloading: 0.0013 s/iter. Inference: 0.1387 s/iter. Eval: 0.0003 s/iter. Total: 0.1405 s/iter. ETA=0:02:24
[10/30 22:54:04 d2.evaluation.evaluator]: Inference done 4006/5000. Dataloading: 0.0013 s/iter. Inference: 0.1388 s/iter. Eval: 0.0003 s/iter. Total: 0.1406 s/iter. ETA=0:02:19
[10/30 22:54:09 d2.evaluation.evaluator]: Inference done 4040/5000. Dataloading: 0.0013 s/iter. Inference: 0.1389 s/iter. Eval: 0.0003 s/iter. Total: 0.1406 s/iter. ETA=0:02:15
[10/30 22:54:14 d2.evaluation.evaluator]: Inference done 4073/5000. Dataloading: 0.0013 s/iter. Inference: 0.1390 s/iter. Eval: 0.0003 s/iter. Total: 0.1407 s/iter. ETA=0:02:10
[10/30 22:54:19 d2.evaluation.evaluator]: Inference done 4106/5000. Dataloading: 0.0013 s/iter. Inference: 0.1391 s/iter. Eval: 0.0003 s/iter. Total: 0.1409 s/iter. ETA=0:02:05
[10/30 22:54:24 d2.evaluation.evaluator]: Inference done 4139/5000. Dataloading: 0.0013 s/iter. Inference: 0.1392 s/iter. Eval: 0.0003 s/iter. Total: 0.1409 s/iter. ETA=0:02:01
[10/30 22:54:29 d2.evaluation.evaluator]: Inference done 4173/5000. Dataloading: 0.0013 s/iter. Inference: 0.1393 s/iter. Eval: 0.0003 s/iter. Total: 0.1410 s/iter. ETA=0:01:56
[10/30 22:54:34 d2.evaluation.evaluator]: Inference done 4207/5000. Dataloading: 0.0013 s/iter. Inference: 0.1394 s/iter. Eval: 0.0003 s/iter. Total: 0.1411 s/iter. ETA=0:01:51
[10/30 22:54:39 d2.evaluation.evaluator]: Inference done 4242/5000. Dataloading: 0.0013 s/iter. Inference: 0.1394 s/iter. Eval: 0.0003 s/iter. Total: 0.1411 s/iter. ETA=0:01:46
[10/30 22:54:44 d2.evaluation.evaluator]: Inference done 4276/5000. Dataloading: 0.0013 s/iter. Inference: 0.1395 s/iter. Eval: 0.0003 s/iter. Total: 0.1412 s/iter. ETA=0:01:42
[10/30 22:54:49 d2.evaluation.evaluator]: Inference done 4310/5000. Dataloading: 0.0013 s/iter. Inference: 0.1395 s/iter. Eval: 0.0003 s/iter. Total: 0.1413 s/iter. ETA=0:01:37
[10/30 22:54:55 d2.evaluation.evaluator]: Inference done 4345/5000. Dataloading: 0.0013 s/iter. Inference: 0.1396 s/iter. Eval: 0.0003 s/iter. Total: 0.1413 s/iter. ETA=0:01:32
[10/30 22:55:00 d2.evaluation.evaluator]: Inference done 4379/5000. Dataloading: 0.0013 s/iter. Inference: 0.1397 s/iter. Eval: 0.0003 s/iter. Total: 0.1414 s/iter. ETA=0:01:27
[10/30 22:55:05 d2.evaluation.evaluator]: Inference done 4412/5000. Dataloading: 0.0013 s/iter. Inference: 0.1397 s/iter. Eval: 0.0003 s/iter. Total: 0.1414 s/iter. ETA=0:01:23
[10/30 22:55:10 d2.evaluation.evaluator]: Inference done 4445/5000. Dataloading: 0.0013 s/iter. Inference: 0.1398 s/iter. Eval: 0.0003 s/iter. Total: 0.1415 s/iter. ETA=0:01:18
[10/30 22:55:15 d2.evaluation.evaluator]: Inference done 4478/5000. Dataloading: 0.0013 s/iter. Inference: 0.1399 s/iter. Eval: 0.0003 s/iter. Total: 0.1416 s/iter. ETA=0:01:13
[10/30 22:55:20 d2.evaluation.evaluator]: Inference done 4513/5000. Dataloading: 0.0013 s/iter. Inference: 0.1399 s/iter. Eval: 0.0003 s/iter. Total: 0.1416 s/iter. ETA=0:01:08
[10/30 22:55:25 d2.evaluation.evaluator]: Inference done 4547/5000. Dataloading: 0.0013 s/iter. Inference: 0.1400 s/iter. Eval: 0.0003 s/iter. Total: 0.1417 s/iter. ETA=0:01:04
[10/30 22:55:30 d2.evaluation.evaluator]: Inference done 4580/5000. Dataloading: 0.0013 s/iter. Inference: 0.1401 s/iter. Eval: 0.0003 s/iter. Total: 0.1418 s/iter. ETA=0:00:59
[10/30 22:55:35 d2.evaluation.evaluator]: Inference done 4612/5000. Dataloading: 0.0013 s/iter. Inference: 0.1402 s/iter. Eval: 0.0003 s/iter. Total: 0.1419 s/iter. ETA=0:00:55
[10/30 22:55:40 d2.evaluation.evaluator]: Inference done 4645/5000. Dataloading: 0.0013 s/iter. Inference: 0.1403 s/iter. Eval: 0.0003 s/iter. Total: 0.1420 s/iter. ETA=0:00:50
[10/30 22:55:45 d2.evaluation.evaluator]: Inference done 4680/5000. Dataloading: 0.0013 s/iter. Inference: 0.1403 s/iter. Eval: 0.0003 s/iter. Total: 0.1421 s/iter. ETA=0:00:45
[10/30 22:55:51 d2.evaluation.evaluator]: Inference done 4713/5000. Dataloading: 0.0013 s/iter. Inference: 0.1404 s/iter. Eval: 0.0003 s/iter. Total: 0.1421 s/iter. ETA=0:00:40
[10/30 22:55:56 d2.evaluation.evaluator]: Inference done 4745/5000. Dataloading: 0.0013 s/iter. Inference: 0.1405 s/iter. Eval: 0.0003 s/iter. Total: 0.1423 s/iter. ETA=0:00:36
[10/30 22:56:01 d2.evaluation.evaluator]: Inference done 4778/5000. Dataloading: 0.0013 s/iter. Inference: 0.1406 s/iter. Eval: 0.0003 s/iter. Total: 0.1423 s/iter. ETA=0:00:31
[10/30 22:56:06 d2.evaluation.evaluator]: Inference done 4811/5000. Dataloading: 0.0013 s/iter. Inference: 0.1407 s/iter. Eval: 0.0003 s/iter. Total: 0.1424 s/iter. ETA=0:00:26
[10/30 22:56:11 d2.evaluation.evaluator]: Inference done 4846/5000. Dataloading: 0.0013 s/iter. Inference: 0.1407 s/iter. Eval: 0.0003 s/iter. Total: 0.1424 s/iter. ETA=0:00:21
[10/30 22:56:16 d2.evaluation.evaluator]: Inference done 4878/5000. Dataloading: 0.0013 s/iter. Inference: 0.1408 s/iter. Eval: 0.0003 s/iter. Total: 0.1425 s/iter. ETA=0:00:17
[10/30 22:56:21 d2.evaluation.evaluator]: Inference done 4910/5000. Dataloading: 0.0013 s/iter. Inference: 0.1409 s/iter. Eval: 0.0003 s/iter. Total: 0.1426 s/iter. ETA=0:00:12
[10/30 22:56:26 d2.evaluation.evaluator]: Inference done 4944/5000. Dataloading: 0.0013 s/iter. Inference: 0.1410 s/iter. Eval: 0.0003 s/iter. Total: 0.1427 s/iter. ETA=0:00:07
[10/30 22:56:31 d2.evaluation.evaluator]: Inference done 4976/5000. Dataloading: 0.0013 s/iter. Inference: 0.1411 s/iter. Eval: 0.0003 s/iter. Total: 0.1428 s/iter. ETA=0:00:03
[10/30 22:56:35 d2.evaluation.evaluator]: Total inference time: 0:11:53.732906 (0.142889 s / iter per device, on 1 devices)
[10/30 22:56:35 d2.evaluation.evaluator]: Total inference pure compute time: 0:11:44 (0.141103 s / iter per device, on 1 devices)
[10/30 22:56:39 d2.evaluation.coco_evaluation]: Preparing results for COCO format ...
[10/30 22:56:39 d2.evaluation.coco_evaluation]: Saving results to ./output/dino_r50_4scale_12ep/coco_instances_results.json
[10/30 22:56:43 d2.evaluation.coco_evaluation]: Evaluating predictions with unofficial COCO API...
Loading and preparing results...
DONE (t=2.09s)
creating index...
index created!
[10/30 22:56:46 d2.evaluation.fast_eval_api]: Evaluate annotation type *bbox*
[10/30 22:56:55 d2.evaluation.fast_eval_api]: COCOeval_opt.evaluate() finished in 9.42 seconds.
[10/30 22:56:55 d2.evaluation.fast_eval_api]: Accumulating evaluation results...
[10/30 22:56:58 d2.evaluation.fast_eval_api]: COCOeval_opt.accumulate() finished in 2.55 seconds.
 Average Precision  (AP) @[ IoU=0.50:0.95 | area=   all | maxDets=100 ] = 0.011
 Average Precision  (AP) @[ IoU=0.50      | area=   all | maxDets=100 ] = 0.019
 Average Precision  (AP) @[ IoU=0.75      | area=   all | maxDets=100 ] = 0.010
 Average Precision  (AP) @[ IoU=0.50:0.95 | area= small | maxDets=100 ] = 0.004
 Average Precision  (AP) @[ IoU=0.50:0.95 | area=medium | maxDets=100 ] = 0.013
 Average Precision  (AP) @[ IoU=0.50:0.95 | area= large | maxDets=100 ] = 0.019
 Average Recall     (AR) @[ IoU=0.50:0.95 | area=   all | maxDets=  1 ] = 0.063
 Average Recall     (AR) @[ IoU=0.50:0.95 | area=   all | maxDets= 10 ] = 0.135
 Average Recall     (AR) @[ IoU=0.50:0.95 | area=   all | maxDets=100 ] = 0.160
 Average Recall     (AR) @[ IoU=0.50:0.95 | area= small | maxDets=100 ] = 0.056
 Average Recall     (AR) @[ IoU=0.50:0.95 | area=medium | maxDets=100 ] = 0.141
 Average Recall     (AR) @[ IoU=0.50:0.95 | area= large | maxDets=100 ] = 0.281
[10/30 22:56:58 d2.evaluation.coco_evaluation]: Evaluation results for bbox: 
|  AP   |  AP50  |  AP75  |  APs  |  APm  |  APl  |
|:-----:|:------:|:------:|:-----:|:-----:|:-----:|
| 1.062 | 1.859  | 1.011  | 0.358 | 1.304 | 1.936 |
[10/30 22:56:58 d2.evaluation.coco_evaluation]: Per-category bbox AP: 
| category      | AP    | category     | AP    | category       | AP    |
|:--------------|:------|:-------------|:------|:---------------|:------|
| person        | 1.782 | bicycle      | 0.091 | car            | 0.940 |
| motorcycle    | 0.586 | airplane     | 4.616 | bus            | 3.261 |
| train         | 3.051 | truck        | 0.715 | boat           | 0.225 |
| traffic light | 0.266 | fire hydrant | 3.764 | stop sign      | 9.020 |
| parking meter | 0.326 | bench        | 1.128 | bird           | 0.157 |
| cat           | 0.437 | dog          | 0.575 | horse          | 0.867 |
| sheep         | 0.596 | cow          | 0.529 | elephant       | 1.025 |
| bear          | 0.425 | zebra        | 4.539 | giraffe        | 3.910 |
| backpack      | 0.062 | umbrella     | 0.224 | handbag        | 0.014 |
| tie           | 1.558 | suitcase     | 0.285 | frisbee        | 1.694 |
| skis          | 1.236 | snowboard    | 0.675 | sports ball    | 0.341 |
| kite          | 0.601 | baseball bat | 0.355 | baseball glove | 0.077 |
| skateboard    | 0.097 | surfboard    | 0.189 | tennis racket  | 1.029 |
| bottle        | 0.121 | wine glass   | 0.660 | cup            | 0.885 |
| fork          | 0.507 | knife        | 0.054 | spoon          | 0.673 |
| bowl          | 0.987 | banana       | 0.416 | apple          | 0.160 |
| sandwich      | 1.032 | orange       | 2.740 | broccoli       | 0.405 |
| carrot        | 0.205 | hot dog      | 0.160 | pizza          | 3.309 |
| donut         | 0.332 | cake         | 0.172 | chair          | 0.127 |
| couch         | 0.255 | potted plant | 0.219 | bed            | 0.837 |
| dining table  | 2.603 | toilet       | 2.733 | tv             | 2.248 |
| laptop        | 2.017 | mouse        | 0.707 | remote         | 0.265 |
| keyboard      | 1.085 | cell phone   | 0.383 | microwave      | 1.123 |
| oven          | 2.355 | toaster      | 0.097 | sink           | 1.068 |
| refrigerator  | 0.352 | book         | 0.150 | clock          | 1.049 |
| vase          | 0.309 | scissors     | 0.010 | teddy bear     | 0.376 |
| hair drier    | 0.030 | toothbrush   | 0.495 |                |       |


------- Similarity and Timing Metrics -------
Total Parameters: 47650316
Average Attack Time: 0.1427
Average L2 Norm: 0.0000
Max Difference in Images: 0.0000
------------------------------------------------


[10/30 22:56:59 d2.evaluation.testing]: copypaste: Task: bbox
[10/30 22:56:59 d2.evaluation.testing]: copypaste: AP,AP50,AP75,APs,APm,APl
[10/30 22:56:59 d2.evaluation.testing]: copypaste: 1.0622,1.8590,1.0114,0.3582,1.3039,1.9360
OrderedDict({'bbox': {'AP': 1.0622344069418492, 'AP50': 1.85895252500514, 'AP75': 1.0113662683060427, 'APs': 0.35819147226065984, 'APm': 1.3039408272944868, 'APl': 1.9360128058630812, 'AP-person': 1.7816264606729064, 'AP-bicycle': 0.09087671378345845, 'AP-car': 0.9404984864673621, 'AP-motorcycle': 0.5864388646308523, 'AP-airplane': 4.615976905149495, 'AP-bus': 3.2614946123207895, 'AP-train': 3.051104535432823, 'AP-truck': 0.7145981813504663, 'AP-boat': 0.22483866363557495, 'AP-traffic light': 0.2655043270611655, 'AP-fire hydrant': 3.7636863910452547, 'AP-stop sign': 9.020327013297734, 'AP-parking meter': 0.3258506963382405, 'AP-bench': 1.127506572175797, 'AP-bird': 0.15663718381668618, 'AP-cat': 0.43733889917937535, 'AP-dog': 0.5754600149770837, 'AP-horse': 0.866657125403298, 'AP-sheep': 0.5961976834175973, 'AP-cow': 0.5291208869075437, 'AP-elephant': 1.0248537340654524, 'AP-bear': 0.4254035961908926, 'AP-zebra': 4.5390616704916145, 'AP-giraffe': 3.9099620946517653, 'AP-backpack': 0.06241104932393325, 'AP-umbrella': 0.22360196289424988, 'AP-handbag': 0.013925304735230829, 'AP-tie': 1.5583867599060326, 'AP-suitcase': 0.2846342483146083, 'AP-frisbee': 1.6935344167457809, 'AP-skis': 1.2361879721748887, 'AP-snowboard': 0.6749945308542863, 'AP-sports ball': 0.34060094706767713, 'AP-kite': 0.6008402093202639, 'AP-baseball bat': 0.35515298948937063, 'AP-baseball glove': 0.07743096511230532, 'AP-skateboard': 0.09748577540196376, 'AP-surfboard': 0.18850307931381755, 'AP-tennis racket': 1.0293782017656172, 'AP-bottle': 0.12065128862082647, 'AP-wine glass': 0.6597676574328382, 'AP-cup': 0.8853989121379028, 'AP-fork': 0.5072724215938884, 'AP-knife': 0.05406631973770798, 'AP-spoon': 0.6726852459098799, 'AP-bowl': 0.986897670340887, 'AP-banana': 0.41608745661627755, 'AP-apple': 0.1602844924740054, 'AP-sandwich': 1.0322307334280114, 'AP-orange': 2.7395398976127785, 'AP-broccoli': 0.4046654177506892, 'AP-carrot': 0.20536321235671237, 'AP-hot dog': 0.16037451019485457, 'AP-pizza': 3.308547389099236, 'AP-donut': 0.33184635881224156, 'AP-cake': 0.1723366452089305, 'AP-chair': 0.12749649835283983, 'AP-couch': 0.25477902646905576, 'AP-potted plant': 0.21926096580796445, 'AP-bed': 0.8367636111407265, 'AP-dining table': 2.603371274904696, 'AP-toilet': 2.7332778895745284, 'AP-tv': 2.247875819762452, 'AP-laptop': 2.017372452276578, 'AP-mouse': 0.7068504072677377, 'AP-remote': 0.26517902642916924, 'AP-keyboard': 1.0850995100404601, 'AP-cell phone': 0.3826737007535813, 'AP-microwave': 1.1229217905222695, 'AP-oven': 2.3546685297184666, 'AP-toaster': 0.09705248962926853, 'AP-sink': 1.0684762031069064, 'AP-refrigerator': 0.3517157009075963, 'AP-book': 0.1498975093157292, 'AP-clock': 1.0487959760794632, 'AP-vase': 0.30909119163017484, 'AP-scissors': 0.0096394025441393, 'AP-teddy bear': 0.3755948847415063, 'AP-hair drier': 0.029741989055270597, 'AP-toothbrush': 0.4950513511064273}})
---------------------------------------
Begin Slurm Epilog: Oct-30-2024 22:57:00
Job ID:        897566
Array Job ID:  _4294967294
User ID:       zyahn3
Account:       scs
Job name:      TOG_Plus_R50
Resources:     cpu=1,gres/gpu:a100=1,mem=128G,node=1
Rsrc Used:     cput=00:14:03,vmem=0,walltime=00:14:03,mem=29113996K,energy_used=0
Partition:     coc-gpu
Nodes:         atl1-1-03-007-33-0
---------------------------------------
