---------------------------------------
Begin Slurm Prolog: Oct-30-2024 22:10:26
Job ID:    897562
User ID:   zyahn3
Account:   scs
Job name:  TOG_Plus_FocalNet
Partition: coc-gpu
---------------------------------------
/storage/ice1/5/9/zyahn3/TOG_plus/detrex/detrex/layers/dcn_v3.py:23: FutureWarning: `torch.cuda.amp.custom_fwd(args...)` is deprecated. Please use `torch.amp.custom_fwd(args..., device_type='cuda')` instead.
  @custom_fwd
/storage/ice1/5/9/zyahn3/TOG_plus/detrex/detrex/layers/dcn_v3.py:52: FutureWarning: `torch.cuda.amp.custom_bwd(args...)` is deprecated. Please use `torch.amp.custom_bwd(args..., device_type='cuda')` instead.
  @custom_bwd
[10/30 22:10:33 detectron2]: Rank of current process: 0. World size: 1
[10/30 22:10:35 detectron2]: Environment info:
-------------------------------  ----------------------------------------------------------------------------------------
sys.platform                     linux
Python                           3.12.4 | packaged by Anaconda, Inc. | (main, Jun 18 2024, 15:12:24) [GCC 11.2.0]
numpy                            1.26.4
detectron2                       0.6 @/storage/ice1/5/9/zyahn3/TOG_plus/detrex/detectron2/detectron2
Compiler                         GCC 12.3
CUDA compiler                    not available
DETECTRON2_ENV_MODULE            <not set>
PyTorch                          2.4.1 @/home/hice1/zyahn3/.conda/envs/TOG_test/lib/python3.12/site-packages/torch
PyTorch debug build              False
torch._C._GLIBCXX_USE_CXX11_ABI  False
GPU available                    Yes
GPU 0                            NVIDIA A100 80GB PCIe (arch=8.0)
Driver version                   555.42.02
CUDA_HOME                        /usr/local/cuda
Pillow                           10.4.0
torchvision                      0.19.1 @/home/hice1/zyahn3/.conda/envs/TOG_test/lib/python3.12/site-packages/torchvision
torchvision arch flags           5.0, 6.0, 7.0, 7.5, 8.0, 8.6, 9.0
fvcore                           0.1.5.post20221221
iopath                           0.1.9
cv2                              4.10.0
-------------------------------  ----------------------------------------------------------------------------------------
PyTorch built with:
  - GCC 9.3
  - C++ Version: 201703
  - Intel(R) oneAPI Math Kernel Library Version 2023.1-Product Build 20230303 for Intel(R) 64 architecture applications
  - Intel(R) MKL-DNN v3.4.2 (Git Hash 1137e04ec0b5251ca2b4400a4fd3c667ce843d67)
  - OpenMP 201511 (a.k.a. OpenMP 4.5)
  - LAPACK is enabled (usually provided by MKL)
  - NNPACK is enabled
  - CPU capability usage: AVX2
  - CUDA Runtime 12.4
  - NVCC architecture flags: -gencode;arch=compute_50,code=sm_50;-gencode;arch=compute_60,code=sm_60;-gencode;arch=compute_61,code=sm_61;-gencode;arch=compute_70,code=sm_70;-gencode;arch=compute_75,code=sm_75;-gencode;arch=compute_80,code=sm_80;-gencode;arch=compute_86,code=sm_86;-gencode;arch=compute_90,code=sm_90
  - CuDNN 90.1
  - Magma 2.6.1
  - Build settings: BLAS_INFO=mkl, BUILD_TYPE=Release, CUDA_VERSION=12.4, CUDNN_VERSION=9.1.0, CXX_COMPILER=/opt/rh/devtoolset-9/root/usr/bin/c++, CXX_FLAGS= -D_GLIBCXX_USE_CXX11_ABI=0 -fabi-version=11 -fvisibility-inlines-hidden -DUSE_PTHREADPOOL -DNDEBUG -DUSE_KINETO -DLIBKINETO_NOROCTRACER -DUSE_FBGEMM -DUSE_PYTORCH_QNNPACK -DUSE_XNNPACK -DSYMBOLICATE_MOBILE_DEBUG_HANDLE -O2 -fPIC -Wall -Wextra -Werror=return-type -Werror=non-virtual-dtor -Werror=bool-operation -Wnarrowing -Wno-missing-field-initializers -Wno-type-limits -Wno-array-bounds -Wno-unknown-pragmas -Wno-unused-parameter -Wno-unused-function -Wno-unused-result -Wno-strict-overflow -Wno-strict-aliasing -Wno-stringop-overflow -Wsuggest-override -Wno-psabi -Wno-error=pedantic -Wno-error=old-style-cast -Wno-missing-braces -fdiagnostics-color=always -faligned-new -Wno-unused-but-set-variable -Wno-maybe-uninitialized -fno-math-errno -fno-trapping-math -Werror=format -Wno-stringop-overflow, LAPACK_INFO=mkl, PERF_WITH_AVX=1, PERF_WITH_AVX2=1, PERF_WITH_AVX512=1, TORCH_VERSION=2.4.1, USE_CUDA=ON, USE_CUDNN=ON, USE_CUSPARSELT=1, USE_EXCEPTION_PTR=1, USE_GFLAGS=OFF, USE_GLOG=OFF, USE_GLOO=ON, USE_MKL=ON, USE_MKLDNN=ON, USE_MPI=OFF, USE_NCCL=ON, USE_NNPACK=ON, USE_OPENMP=ON, USE_ROCM=OFF, USE_ROCM_KERNEL_ASSERT=OFF, 

[10/30 22:10:35 detectron2]: Command line arguments: Namespace(config_file='detrex/projects/dino/configs/dino-focal/dino_focalnet_large_lrf_384_fl4_5scale_36ep.py', resume=False, eval_only=True, num_gpus=1, num_machines=1, machine_rank=0, dist_url='tcp://127.0.0.1:53103', opts=['train.init_checkpoint=model_files/focalnet.pth', 'attack=none', 'attack_mode=none', 'sample=1.0', 'save_attack=0.0', 'save_dir=/home/hice1/zyahn3/scratch/TOG_plus/datasets/blackbox/focalnet_vanishing/', 'load_attack=1.0', 'load_dir=datasets/blackbox/dino_r50_vanishing/'])
[10/30 22:10:35 detectron2]: Contents of args.config_file=detrex/projects/dino/configs/dino-focal/dino_focalnet_large_lrf_384_fl4_5scale_36ep.py:
[38;5;204mfrom[39m[38;5;15m [39m[38;5;15mdetrex[39m[38;5;15m.[39m[38;5;15mconfig[39m[38;5;15m [39m[38;5;204mimport[39m[38;5;15m [39m[38;5;15mget_config[39m

[38;5;204mfrom[39m[38;5;15m [39m[38;5;15m.[39m[38;5;15mdino_focalnet_large_lrf_384_fl4_5scale_12ep[39m[38;5;15m [39m[38;5;204mimport[39m[38;5;15m [39m[38;5;15m([39m
[38;5;15m    [39m[38;5;15mtrain[39m[38;5;15m,[39m
[38;5;15m    [39m[38;5;15mdataloader[39m[38;5;15m,[39m
[38;5;15m    [39m[38;5;15moptimizer[39m[38;5;15m,[39m
[38;5;15m    [39m[38;5;15mmodel[39m[38;5;15m,[39m
[38;5;15m)[39m

[38;5;245m# using 36ep scheduler[39m
[38;5;15mlr_multiplier[39m[38;5;15m [39m[38;5;204m=[39m[38;5;15m [39m[38;5;15mget_config[39m[38;5;15m([39m[38;5;186m"[39m[38;5;186mcommon/coco_schedule.py[39m[38;5;186m"[39m[38;5;15m)[39m[38;5;204m.[39m[38;5;15mlr_multiplier_36ep[39m

[38;5;245m# modify training config[39m
[38;5;15mtrain[39m[38;5;204m.[39m[38;5;15mmax_iter[39m[38;5;15m [39m[38;5;204m=[39m[38;5;15m [39m[38;5;141m270000[39m
[38;5;15mtrain[39m[38;5;204m.[39m[38;5;15minit_checkpoint[39m[38;5;15m [39m[38;5;204m=[39m[38;5;15m [39m[38;5;186m"[39m[38;5;186m/path/to/focalnet_large_lrf_384_fl4.pth[39m[38;5;186m"[39m
[38;5;15mtrain[39m[38;5;204m.[39m[38;5;15moutput_dir[39m[38;5;15m [39m[38;5;204m=[39m[38;5;15m [39m[38;5;186m"[39m[38;5;186m./output/dino_focalnet_large_fl4_5scale_36ep[39m[38;5;186m"[39m

[38;5;245m# using larger drop-path rate for longer training times[39m
[38;5;15mmodel[39m[38;5;204m.[39m[38;5;15mbackbone[39m[38;5;204m.[39m[38;5;15mdrop_path_rate[39m[38;5;15m [39m[38;5;204m=[39m[38;5;15m [39m[38;5;141m0.4[39m

[38;5;15mattack[39m[38;5;204m=[39m[38;5;81mNone[39m
[38;5;15mattack_mode[39m[38;5;204m=[39m[38;5;81mNone[39m
[38;5;15msample[39m[38;5;204m=[39m[38;5;141m1.0[39m
[38;5;15msave_dir[39m[38;5;204m=[39m[38;5;81mNone[39m
[38;5;15msave_attack[39m[38;5;204m=[39m[38;5;81mNone[39m

WARNING [10/30 22:10:35 d2.config.lazy]: The config contains objects that cannot serialize to a valid yaml. ./output/dino_focalnet_large_fl4_5scale_36ep/config.yaml is human-readable but cannot be loaded.
WARNING [10/30 22:10:35 d2.config.lazy]: Config is saved using cloudpickle at ./output/dino_focalnet_large_fl4_5scale_36ep/config.yaml.pkl.
[10/30 22:10:35 detectron2]: Full config saved to ./output/dino_focalnet_large_fl4_5scale_36ep/config.yaml
[10/30 22:10:35 d2.utils.env]: Using a generated random seed 37864041
[10/30 22:10:38 d2.checkpoint.detection_checkpoint]: [DetectionCheckpointer] Loading from model_files/focalnet.pth ...
[10/30 22:10:38 fvcore.common.checkpoint]: [Checkpointer] Loading from model_files/focalnet.pth ...
/home/hice1/zyahn3/.conda/envs/TOG_test/lib/python3.12/site-packages/fvcore/common/checkpoint.py:252: FutureWarning: You are using `torch.load` with `weights_only=False` (the current default value), which uses the default pickle module implicitly. It is possible to construct malicious pickle data which will execute arbitrary code during unpickling (See https://github.com/pytorch/pytorch/blob/main/SECURITY.md#untrusted-models for more details). In a future release, the default value for `weights_only` will be flipped to `True`. This limits the functions that could be executed during unpickling. Arbitrary objects will no longer be allowed to be loaded via this mode unless they are explicitly allowlisted by the user via `torch.serialization.add_safe_globals`. We recommend you start setting `weights_only=True` for any use case where you don't have full control of the loaded file. Please open an issue on GitHub for any issues related to this experimental feature.
  return torch.load(f, map_location=torch.device("cpu"))
[10/30 22:10:42 detectron2]: Run evaluation under eval-only mode
[10/30 22:10:42 detectron2]: Run evaluation without EMA.
[10/30 22:10:42 d2.data.datasets.coco]: Loaded 5000 images in COCO format from datasets/coco/annotations/instances_val2017.json
[10/30 22:10:42 d2.data.build]: Distribution of instances among all 80 categories:
|   category    | #instances   |   category   | #instances   |   category    | #instances   |
|:-------------:|:-------------|:------------:|:-------------|:-------------:|:-------------|
|    person     | 10777        |   bicycle    | 314          |      car      | 1918         |
|  motorcycle   | 367          |   airplane   | 143          |      bus      | 283          |
|     train     | 190          |    truck     | 414          |     boat      | 424          |
| traffic light | 634          | fire hydrant | 101          |   stop sign   | 75           |
| parking meter | 60           |    bench     | 411          |     bird      | 427          |
|      cat      | 202          |     dog      | 218          |     horse     | 272          |
|     sheep     | 354          |     cow      | 372          |   elephant    | 252          |
|     bear      | 71           |    zebra     | 266          |    giraffe    | 232          |
|   backpack    | 371          |   umbrella   | 407          |    handbag    | 540          |
|      tie      | 252          |   suitcase   | 299          |    frisbee    | 115          |
|     skis      | 241          |  snowboard   | 69           |  sports ball  | 260          |
|     kite      | 327          | baseball bat | 145          | baseball gl.. | 148          |
|  skateboard   | 179          |  surfboard   | 267          | tennis racket | 225          |
|    bottle     | 1013         |  wine glass  | 341          |      cup      | 895          |
|     fork      | 215          |    knife     | 325          |     spoon     | 253          |
|     bowl      | 623          |    banana    | 370          |     apple     | 236          |
|   sandwich    | 177          |    orange    | 285          |   broccoli    | 312          |
|    carrot     | 365          |   hot dog    | 125          |     pizza     | 284          |
|     donut     | 328          |     cake     | 310          |     chair     | 1771         |
|     couch     | 261          | potted plant | 342          |      bed      | 163          |
| dining table  | 695          |    toilet    | 179          |      tv       | 288          |
|    laptop     | 231          |    mouse     | 106          |    remote     | 283          |
|   keyboard    | 153          |  cell phone  | 262          |   microwave   | 55           |
|     oven      | 143          |   toaster    | 9            |     sink      | 225          |
| refrigerator  | 126          |     book     | 1129         |     clock     | 267          |
|     vase      | 274          |   scissors   | 36           |  teddy bear   | 190          |
|  hair drier   | 11           |  toothbrush  | 57           |               |              |
|     total     | 36335        |              |              |               |              |
[10/30 22:10:42 d2.data.common]: Serializing the dataset using: <class 'detectron2.data.common._TorchSerializedList'>
[10/30 22:10:42 d2.data.common]: Serializing 5000 elements to byte tensors and concatenating them all ...
[10/30 22:10:42 d2.data.common]: Serialized dataset takes 19.10 MiB
[10/30 22:10:43 d2.evaluation.evaluator]: Start inference on 5000 batches
Doing attack: None
/home/hice1/zyahn3/.conda/envs/TOG_test/lib/python3.12/site-packages/torch/functional.py:513: UserWarning: torch.meshgrid: in an upcoming release, it will be required to pass the indexing argument. (Triggered internally at /opt/conda/conda-bld/pytorch_1724789220573/work/aten/src/ATen/native/TensorShape.cpp:3609.)
  return _VF.meshgrid(tensors, **kwargs)  # type: ignore[attr-defined]
[10/30 22:10:48 d2.evaluation.evaluator]: Inference done 11/5000. Dataloading: 0.0012 s/iter. Inference: 0.2971 s/iter. Eval: 0.0003 s/iter. Total: 0.2987 s/iter. ETA=0:24:49
[10/30 22:10:53 d2.evaluation.evaluator]: Inference done 28/5000. Dataloading: 0.0013 s/iter. Inference: 0.2961 s/iter. Eval: 0.0003 s/iter. Total: 0.2978 s/iter. ETA=0:24:40
[10/30 22:10:58 d2.evaluation.evaluator]: Inference done 45/5000. Dataloading: 0.0013 s/iter. Inference: 0.2963 s/iter. Eval: 0.0003 s/iter. Total: 0.2980 s/iter. ETA=0:24:36
[10/30 22:11:03 d2.evaluation.evaluator]: Inference done 62/5000. Dataloading: 0.0013 s/iter. Inference: 0.2975 s/iter. Eval: 0.0003 s/iter. Total: 0.2992 s/iter. ETA=0:24:37
[10/30 22:11:08 d2.evaluation.evaluator]: Inference done 79/5000. Dataloading: 0.0013 s/iter. Inference: 0.2980 s/iter. Eval: 0.0003 s/iter. Total: 0.2997 s/iter. ETA=0:24:34
[10/30 22:11:14 d2.evaluation.evaluator]: Inference done 97/5000. Dataloading: 0.0013 s/iter. Inference: 0.2960 s/iter. Eval: 0.0003 s/iter. Total: 0.2978 s/iter. ETA=0:24:19
[10/30 22:11:19 d2.evaluation.evaluator]: Inference done 115/5000. Dataloading: 0.0013 s/iter. Inference: 0.2945 s/iter. Eval: 0.0003 s/iter. Total: 0.2962 s/iter. ETA=0:24:06
[10/30 22:11:24 d2.evaluation.evaluator]: Inference done 132/5000. Dataloading: 0.0013 s/iter. Inference: 0.2961 s/iter. Eval: 0.0003 s/iter. Total: 0.2978 s/iter. ETA=0:24:09
[10/30 22:11:29 d2.evaluation.evaluator]: Inference done 149/5000. Dataloading: 0.0013 s/iter. Inference: 0.2971 s/iter. Eval: 0.0003 s/iter. Total: 0.2989 s/iter. ETA=0:24:09
[10/30 22:11:34 d2.evaluation.evaluator]: Inference done 166/5000. Dataloading: 0.0013 s/iter. Inference: 0.2972 s/iter. Eval: 0.0003 s/iter. Total: 0.2990 s/iter. ETA=0:24:05
[10/30 22:11:40 d2.evaluation.evaluator]: Inference done 183/5000. Dataloading: 0.0013 s/iter. Inference: 0.2972 s/iter. Eval: 0.0003 s/iter. Total: 0.2989 s/iter. ETA=0:23:59
[10/30 22:11:45 d2.evaluation.evaluator]: Inference done 200/5000. Dataloading: 0.0013 s/iter. Inference: 0.2972 s/iter. Eval: 0.0003 s/iter. Total: 0.2990 s/iter. ETA=0:23:55
[10/30 22:11:50 d2.evaluation.evaluator]: Inference done 217/5000. Dataloading: 0.0014 s/iter. Inference: 0.2970 s/iter. Eval: 0.0003 s/iter. Total: 0.2988 s/iter. ETA=0:23:49
[10/30 22:11:55 d2.evaluation.evaluator]: Inference done 234/5000. Dataloading: 0.0013 s/iter. Inference: 0.2974 s/iter. Eval: 0.0003 s/iter. Total: 0.2992 s/iter. ETA=0:23:45
[10/30 22:12:00 d2.evaluation.evaluator]: Inference done 251/5000. Dataloading: 0.0013 s/iter. Inference: 0.2976 s/iter. Eval: 0.0003 s/iter. Total: 0.2994 s/iter. ETA=0:23:42
[10/30 22:12:05 d2.evaluation.evaluator]: Inference done 268/5000. Dataloading: 0.0013 s/iter. Inference: 0.2980 s/iter. Eval: 0.0003 s/iter. Total: 0.2998 s/iter. ETA=0:23:38
[10/30 22:12:10 d2.evaluation.evaluator]: Inference done 285/5000. Dataloading: 0.0013 s/iter. Inference: 0.2985 s/iter. Eval: 0.0003 s/iter. Total: 0.3003 s/iter. ETA=0:23:35
[10/30 22:12:16 d2.evaluation.evaluator]: Inference done 302/5000. Dataloading: 0.0013 s/iter. Inference: 0.2988 s/iter. Eval: 0.0003 s/iter. Total: 0.3006 s/iter. ETA=0:23:32
[10/30 22:12:21 d2.evaluation.evaluator]: Inference done 319/5000. Dataloading: 0.0013 s/iter. Inference: 0.2987 s/iter. Eval: 0.0003 s/iter. Total: 0.3005 s/iter. ETA=0:23:26
[10/30 22:12:26 d2.evaluation.evaluator]: Inference done 336/5000. Dataloading: 0.0013 s/iter. Inference: 0.2991 s/iter. Eval: 0.0003 s/iter. Total: 0.3009 s/iter. ETA=0:23:23
[10/30 22:12:31 d2.evaluation.evaluator]: Inference done 353/5000. Dataloading: 0.0013 s/iter. Inference: 0.2996 s/iter. Eval: 0.0003 s/iter. Total: 0.3014 s/iter. ETA=0:23:20
[10/30 22:12:36 d2.evaluation.evaluator]: Inference done 370/5000. Dataloading: 0.0013 s/iter. Inference: 0.2999 s/iter. Eval: 0.0003 s/iter. Total: 0.3017 s/iter. ETA=0:23:16
[10/30 22:12:42 d2.evaluation.evaluator]: Inference done 388/5000. Dataloading: 0.0013 s/iter. Inference: 0.2994 s/iter. Eval: 0.0003 s/iter. Total: 0.3012 s/iter. ETA=0:23:08
[10/30 22:12:47 d2.evaluation.evaluator]: Inference done 405/5000. Dataloading: 0.0013 s/iter. Inference: 0.2995 s/iter. Eval: 0.0003 s/iter. Total: 0.3013 s/iter. ETA=0:23:04
[10/30 22:12:52 d2.evaluation.evaluator]: Inference done 423/5000. Dataloading: 0.0013 s/iter. Inference: 0.2992 s/iter. Eval: 0.0003 s/iter. Total: 0.3010 s/iter. ETA=0:22:57
[10/30 22:12:57 d2.evaluation.evaluator]: Inference done 439/5000. Dataloading: 0.0013 s/iter. Inference: 0.2996 s/iter. Eval: 0.0003 s/iter. Total: 0.3014 s/iter. ETA=0:22:54
[10/30 22:13:02 d2.evaluation.evaluator]: Inference done 456/5000. Dataloading: 0.0013 s/iter. Inference: 0.2996 s/iter. Eval: 0.0003 s/iter. Total: 0.3014 s/iter. ETA=0:22:49
[10/30 22:13:08 d2.evaluation.evaluator]: Inference done 473/5000. Dataloading: 0.0013 s/iter. Inference: 0.3000 s/iter. Eval: 0.0003 s/iter. Total: 0.3018 s/iter. ETA=0:22:46
[10/30 22:13:13 d2.evaluation.evaluator]: Inference done 490/5000. Dataloading: 0.0013 s/iter. Inference: 0.3002 s/iter. Eval: 0.0003 s/iter. Total: 0.3020 s/iter. ETA=0:22:41
[10/30 22:13:18 d2.evaluation.evaluator]: Inference done 508/5000. Dataloading: 0.0013 s/iter. Inference: 0.2999 s/iter. Eval: 0.0003 s/iter. Total: 0.3017 s/iter. ETA=0:22:35
[10/30 22:13:23 d2.evaluation.evaluator]: Inference done 525/5000. Dataloading: 0.0013 s/iter. Inference: 0.2997 s/iter. Eval: 0.0003 s/iter. Total: 0.3015 s/iter. ETA=0:22:29
[10/30 22:13:28 d2.evaluation.evaluator]: Inference done 542/5000. Dataloading: 0.0013 s/iter. Inference: 0.2997 s/iter. Eval: 0.0003 s/iter. Total: 0.3015 s/iter. ETA=0:22:24
[10/30 22:13:33 d2.evaluation.evaluator]: Inference done 559/5000. Dataloading: 0.0013 s/iter. Inference: 0.2995 s/iter. Eval: 0.0003 s/iter. Total: 0.3013 s/iter. ETA=0:22:18
[10/30 22:13:38 d2.evaluation.evaluator]: Inference done 576/5000. Dataloading: 0.0013 s/iter. Inference: 0.2997 s/iter. Eval: 0.0003 s/iter. Total: 0.3015 s/iter. ETA=0:22:13
[10/30 22:13:44 d2.evaluation.evaluator]: Inference done 594/5000. Dataloading: 0.0013 s/iter. Inference: 0.2993 s/iter. Eval: 0.0003 s/iter. Total: 0.3011 s/iter. ETA=0:22:06
[10/30 22:13:49 d2.evaluation.evaluator]: Inference done 610/5000. Dataloading: 0.0013 s/iter. Inference: 0.2996 s/iter. Eval: 0.0003 s/iter. Total: 0.3014 s/iter. ETA=0:22:03
[10/30 22:13:54 d2.evaluation.evaluator]: Inference done 627/5000. Dataloading: 0.0013 s/iter. Inference: 0.2997 s/iter. Eval: 0.0003 s/iter. Total: 0.3015 s/iter. ETA=0:21:58
[10/30 22:13:59 d2.evaluation.evaluator]: Inference done 644/5000. Dataloading: 0.0013 s/iter. Inference: 0.2995 s/iter. Eval: 0.0003 s/iter. Total: 0.3013 s/iter. ETA=0:21:52
[10/30 22:14:04 d2.evaluation.evaluator]: Inference done 661/5000. Dataloading: 0.0014 s/iter. Inference: 0.2995 s/iter. Eval: 0.0003 s/iter. Total: 0.3013 s/iter. ETA=0:21:47
[10/30 22:14:09 d2.evaluation.evaluator]: Inference done 678/5000. Dataloading: 0.0014 s/iter. Inference: 0.2995 s/iter. Eval: 0.0003 s/iter. Total: 0.3013 s/iter. ETA=0:21:42
[10/30 22:14:14 d2.evaluation.evaluator]: Inference done 695/5000. Dataloading: 0.0014 s/iter. Inference: 0.2994 s/iter. Eval: 0.0003 s/iter. Total: 0.3014 s/iter. ETA=0:21:37
[10/30 22:14:19 d2.evaluation.evaluator]: Inference done 712/5000. Dataloading: 0.0015 s/iter. Inference: 0.2995 s/iter. Eval: 0.0003 s/iter. Total: 0.3015 s/iter. ETA=0:21:32
[10/30 22:14:25 d2.evaluation.evaluator]: Inference done 729/5000. Dataloading: 0.0015 s/iter. Inference: 0.2995 s/iter. Eval: 0.0003 s/iter. Total: 0.3015 s/iter. ETA=0:21:27
[10/30 22:14:30 d2.evaluation.evaluator]: Inference done 746/5000. Dataloading: 0.0015 s/iter. Inference: 0.2995 s/iter. Eval: 0.0003 s/iter. Total: 0.3015 s/iter. ETA=0:21:22
[10/30 22:14:35 d2.evaluation.evaluator]: Inference done 763/5000. Dataloading: 0.0015 s/iter. Inference: 0.2995 s/iter. Eval: 0.0003 s/iter. Total: 0.3015 s/iter. ETA=0:21:17
[10/30 22:14:40 d2.evaluation.evaluator]: Inference done 780/5000. Dataloading: 0.0015 s/iter. Inference: 0.2996 s/iter. Eval: 0.0003 s/iter. Total: 0.3015 s/iter. ETA=0:21:12
[10/30 22:14:45 d2.evaluation.evaluator]: Inference done 797/5000. Dataloading: 0.0015 s/iter. Inference: 0.2995 s/iter. Eval: 0.0003 s/iter. Total: 0.3015 s/iter. ETA=0:21:07
[10/30 22:14:50 d2.evaluation.evaluator]: Inference done 814/5000. Dataloading: 0.0015 s/iter. Inference: 0.2996 s/iter. Eval: 0.0003 s/iter. Total: 0.3015 s/iter. ETA=0:21:02
[10/30 22:14:55 d2.evaluation.evaluator]: Inference done 831/5000. Dataloading: 0.0015 s/iter. Inference: 0.2995 s/iter. Eval: 0.0003 s/iter. Total: 0.3014 s/iter. ETA=0:20:56
[10/30 22:15:00 d2.evaluation.evaluator]: Inference done 848/5000. Dataloading: 0.0015 s/iter. Inference: 0.2994 s/iter. Eval: 0.0003 s/iter. Total: 0.3014 s/iter. ETA=0:20:51
[10/30 22:15:06 d2.evaluation.evaluator]: Inference done 865/5000. Dataloading: 0.0015 s/iter. Inference: 0.2995 s/iter. Eval: 0.0003 s/iter. Total: 0.3015 s/iter. ETA=0:20:46
[10/30 22:15:11 d2.evaluation.evaluator]: Inference done 882/5000. Dataloading: 0.0015 s/iter. Inference: 0.2995 s/iter. Eval: 0.0003 s/iter. Total: 0.3014 s/iter. ETA=0:20:41
[10/30 22:15:16 d2.evaluation.evaluator]: Inference done 899/5000. Dataloading: 0.0015 s/iter. Inference: 0.2994 s/iter. Eval: 0.0003 s/iter. Total: 0.3013 s/iter. ETA=0:20:35
[10/30 22:15:21 d2.evaluation.evaluator]: Inference done 917/5000. Dataloading: 0.0015 s/iter. Inference: 0.2992 s/iter. Eval: 0.0003 s/iter. Total: 0.3011 s/iter. ETA=0:20:29
[10/30 22:15:26 d2.evaluation.evaluator]: Inference done 934/5000. Dataloading: 0.0015 s/iter. Inference: 0.2992 s/iter. Eval: 0.0003 s/iter. Total: 0.3012 s/iter. ETA=0:20:24
[10/30 22:15:31 d2.evaluation.evaluator]: Inference done 951/5000. Dataloading: 0.0015 s/iter. Inference: 0.2992 s/iter. Eval: 0.0003 s/iter. Total: 0.3011 s/iter. ETA=0:20:19
[10/30 22:15:36 d2.evaluation.evaluator]: Inference done 968/5000. Dataloading: 0.0015 s/iter. Inference: 0.2993 s/iter. Eval: 0.0003 s/iter. Total: 0.3012 s/iter. ETA=0:20:14
[10/30 22:15:41 d2.evaluation.evaluator]: Inference done 985/5000. Dataloading: 0.0015 s/iter. Inference: 0.2992 s/iter. Eval: 0.0003 s/iter. Total: 0.3011 s/iter. ETA=0:20:08
[10/30 22:15:46 d2.evaluation.evaluator]: Inference done 1002/5000. Dataloading: 0.0015 s/iter. Inference: 0.2992 s/iter. Eval: 0.0003 s/iter. Total: 0.3011 s/iter. ETA=0:20:03
[10/30 22:15:52 d2.evaluation.evaluator]: Inference done 1019/5000. Dataloading: 0.0015 s/iter. Inference: 0.2993 s/iter. Eval: 0.0003 s/iter. Total: 0.3012 s/iter. ETA=0:19:59
[10/30 22:15:57 d2.evaluation.evaluator]: Inference done 1036/5000. Dataloading: 0.0015 s/iter. Inference: 0.2992 s/iter. Eval: 0.0003 s/iter. Total: 0.3011 s/iter. ETA=0:19:53
[10/30 22:16:02 d2.evaluation.evaluator]: Inference done 1053/5000. Dataloading: 0.0015 s/iter. Inference: 0.2992 s/iter. Eval: 0.0003 s/iter. Total: 0.3011 s/iter. ETA=0:19:48
[10/30 22:16:07 d2.evaluation.evaluator]: Inference done 1070/5000. Dataloading: 0.0015 s/iter. Inference: 0.2993 s/iter. Eval: 0.0003 s/iter. Total: 0.3012 s/iter. ETA=0:19:43
[10/30 22:16:12 d2.evaluation.evaluator]: Inference done 1087/5000. Dataloading: 0.0014 s/iter. Inference: 0.2993 s/iter. Eval: 0.0003 s/iter. Total: 0.3012 s/iter. ETA=0:19:38
[10/30 22:16:17 d2.evaluation.evaluator]: Inference done 1104/5000. Dataloading: 0.0014 s/iter. Inference: 0.2992 s/iter. Eval: 0.0003 s/iter. Total: 0.3012 s/iter. ETA=0:19:33
[10/30 22:16:22 d2.evaluation.evaluator]: Inference done 1121/5000. Dataloading: 0.0014 s/iter. Inference: 0.2992 s/iter. Eval: 0.0003 s/iter. Total: 0.3011 s/iter. ETA=0:19:27
[10/30 22:16:27 d2.evaluation.evaluator]: Inference done 1137/5000. Dataloading: 0.0014 s/iter. Inference: 0.2994 s/iter. Eval: 0.0003 s/iter. Total: 0.3013 s/iter. ETA=0:19:24
[10/30 22:16:33 d2.evaluation.evaluator]: Inference done 1155/5000. Dataloading: 0.0014 s/iter. Inference: 0.2993 s/iter. Eval: 0.0003 s/iter. Total: 0.3012 s/iter. ETA=0:19:18
[10/30 22:16:38 d2.evaluation.evaluator]: Inference done 1172/5000. Dataloading: 0.0014 s/iter. Inference: 0.2995 s/iter. Eval: 0.0003 s/iter. Total: 0.3014 s/iter. ETA=0:19:13
[10/30 22:16:43 d2.evaluation.evaluator]: Inference done 1189/5000. Dataloading: 0.0014 s/iter. Inference: 0.2994 s/iter. Eval: 0.0003 s/iter. Total: 0.3013 s/iter. ETA=0:19:08
[10/30 22:16:48 d2.evaluation.evaluator]: Inference done 1206/5000. Dataloading: 0.0014 s/iter. Inference: 0.2995 s/iter. Eval: 0.0003 s/iter. Total: 0.3014 s/iter. ETA=0:19:03
[10/30 22:16:54 d2.evaluation.evaluator]: Inference done 1224/5000. Dataloading: 0.0014 s/iter. Inference: 0.2994 s/iter. Eval: 0.0003 s/iter. Total: 0.3013 s/iter. ETA=0:18:57
[10/30 22:16:59 d2.evaluation.evaluator]: Inference done 1241/5000. Dataloading: 0.0014 s/iter. Inference: 0.2993 s/iter. Eval: 0.0003 s/iter. Total: 0.3012 s/iter. ETA=0:18:52
[10/30 22:17:04 d2.evaluation.evaluator]: Inference done 1258/5000. Dataloading: 0.0014 s/iter. Inference: 0.2993 s/iter. Eval: 0.0003 s/iter. Total: 0.3012 s/iter. ETA=0:18:46
[10/30 22:17:09 d2.evaluation.evaluator]: Inference done 1276/5000. Dataloading: 0.0014 s/iter. Inference: 0.2992 s/iter. Eval: 0.0003 s/iter. Total: 0.3011 s/iter. ETA=0:18:41
[10/30 22:17:14 d2.evaluation.evaluator]: Inference done 1293/5000. Dataloading: 0.0014 s/iter. Inference: 0.2992 s/iter. Eval: 0.0003 s/iter. Total: 0.3011 s/iter. ETA=0:18:36
[10/30 22:17:19 d2.evaluation.evaluator]: Inference done 1311/5000. Dataloading: 0.0014 s/iter. Inference: 0.2991 s/iter. Eval: 0.0003 s/iter. Total: 0.3010 s/iter. ETA=0:18:30
[10/30 22:17:25 d2.evaluation.evaluator]: Inference done 1329/5000. Dataloading: 0.0014 s/iter. Inference: 0.2990 s/iter. Eval: 0.0003 s/iter. Total: 0.3008 s/iter. ETA=0:18:24
[10/30 22:17:30 d2.evaluation.evaluator]: Inference done 1346/5000. Dataloading: 0.0014 s/iter. Inference: 0.2990 s/iter. Eval: 0.0003 s/iter. Total: 0.3009 s/iter. ETA=0:18:19
[10/30 22:17:35 d2.evaluation.evaluator]: Inference done 1363/5000. Dataloading: 0.0014 s/iter. Inference: 0.2990 s/iter. Eval: 0.0003 s/iter. Total: 0.3009 s/iter. ETA=0:18:14
[10/30 22:17:40 d2.evaluation.evaluator]: Inference done 1380/5000. Dataloading: 0.0014 s/iter. Inference: 0.2989 s/iter. Eval: 0.0003 s/iter. Total: 0.3008 s/iter. ETA=0:18:08
[10/30 22:17:45 d2.evaluation.evaluator]: Inference done 1397/5000. Dataloading: 0.0014 s/iter. Inference: 0.2989 s/iter. Eval: 0.0003 s/iter. Total: 0.3007 s/iter. ETA=0:18:03
[10/30 22:17:50 d2.evaluation.evaluator]: Inference done 1414/5000. Dataloading: 0.0014 s/iter. Inference: 0.2988 s/iter. Eval: 0.0003 s/iter. Total: 0.3007 s/iter. ETA=0:17:58
[10/30 22:17:55 d2.evaluation.evaluator]: Inference done 1432/5000. Dataloading: 0.0014 s/iter. Inference: 0.2986 s/iter. Eval: 0.0003 s/iter. Total: 0.3005 s/iter. ETA=0:17:52
[10/30 22:18:00 d2.evaluation.evaluator]: Inference done 1449/5000. Dataloading: 0.0014 s/iter. Inference: 0.2987 s/iter. Eval: 0.0003 s/iter. Total: 0.3005 s/iter. ETA=0:17:47
[10/30 22:18:05 d2.evaluation.evaluator]: Inference done 1467/5000. Dataloading: 0.0014 s/iter. Inference: 0.2985 s/iter. Eval: 0.0003 s/iter. Total: 0.3004 s/iter. ETA=0:17:41
[10/30 22:18:11 d2.evaluation.evaluator]: Inference done 1484/5000. Dataloading: 0.0014 s/iter. Inference: 0.2985 s/iter. Eval: 0.0003 s/iter. Total: 0.3003 s/iter. ETA=0:17:36
[10/30 22:18:16 d2.evaluation.evaluator]: Inference done 1501/5000. Dataloading: 0.0014 s/iter. Inference: 0.2984 s/iter. Eval: 0.0003 s/iter. Total: 0.3003 s/iter. ETA=0:17:30
[10/30 22:18:21 d2.evaluation.evaluator]: Inference done 1518/5000. Dataloading: 0.0014 s/iter. Inference: 0.2984 s/iter. Eval: 0.0003 s/iter. Total: 0.3003 s/iter. ETA=0:17:25
[10/30 22:18:26 d2.evaluation.evaluator]: Inference done 1535/5000. Dataloading: 0.0014 s/iter. Inference: 0.2984 s/iter. Eval: 0.0003 s/iter. Total: 0.3003 s/iter. ETA=0:17:20
[10/30 22:18:31 d2.evaluation.evaluator]: Inference done 1552/5000. Dataloading: 0.0014 s/iter. Inference: 0.2985 s/iter. Eval: 0.0003 s/iter. Total: 0.3004 s/iter. ETA=0:17:15
[10/30 22:18:36 d2.evaluation.evaluator]: Inference done 1569/5000. Dataloading: 0.0014 s/iter. Inference: 0.2985 s/iter. Eval: 0.0003 s/iter. Total: 0.3003 s/iter. ETA=0:17:10
[10/30 22:18:41 d2.evaluation.evaluator]: Inference done 1586/5000. Dataloading: 0.0014 s/iter. Inference: 0.2985 s/iter. Eval: 0.0003 s/iter. Total: 0.3004 s/iter. ETA=0:17:05
[10/30 22:18:46 d2.evaluation.evaluator]: Inference done 1603/5000. Dataloading: 0.0014 s/iter. Inference: 0.2985 s/iter. Eval: 0.0003 s/iter. Total: 0.3004 s/iter. ETA=0:17:00
[10/30 22:18:52 d2.evaluation.evaluator]: Inference done 1621/5000. Dataloading: 0.0014 s/iter. Inference: 0.2984 s/iter. Eval: 0.0003 s/iter. Total: 0.3003 s/iter. ETA=0:16:54
[10/30 22:18:57 d2.evaluation.evaluator]: Inference done 1638/5000. Dataloading: 0.0014 s/iter. Inference: 0.2984 s/iter. Eval: 0.0003 s/iter. Total: 0.3003 s/iter. ETA=0:16:49
[10/30 22:19:02 d2.evaluation.evaluator]: Inference done 1655/5000. Dataloading: 0.0014 s/iter. Inference: 0.2984 s/iter. Eval: 0.0003 s/iter. Total: 0.3003 s/iter. ETA=0:16:44
[10/30 22:19:07 d2.evaluation.evaluator]: Inference done 1672/5000. Dataloading: 0.0014 s/iter. Inference: 0.2984 s/iter. Eval: 0.0003 s/iter. Total: 0.3002 s/iter. ETA=0:16:39
[10/30 22:19:12 d2.evaluation.evaluator]: Inference done 1689/5000. Dataloading: 0.0014 s/iter. Inference: 0.2984 s/iter. Eval: 0.0003 s/iter. Total: 0.3002 s/iter. ETA=0:16:34
[10/30 22:19:17 d2.evaluation.evaluator]: Inference done 1706/5000. Dataloading: 0.0014 s/iter. Inference: 0.2984 s/iter. Eval: 0.0003 s/iter. Total: 0.3002 s/iter. ETA=0:16:28
[10/30 22:19:22 d2.evaluation.evaluator]: Inference done 1723/5000. Dataloading: 0.0014 s/iter. Inference: 0.2984 s/iter. Eval: 0.0003 s/iter. Total: 0.3002 s/iter. ETA=0:16:23
[10/30 22:19:27 d2.evaluation.evaluator]: Inference done 1740/5000. Dataloading: 0.0014 s/iter. Inference: 0.2984 s/iter. Eval: 0.0003 s/iter. Total: 0.3002 s/iter. ETA=0:16:18
[10/30 22:19:32 d2.evaluation.evaluator]: Inference done 1757/5000. Dataloading: 0.0014 s/iter. Inference: 0.2984 s/iter. Eval: 0.0003 s/iter. Total: 0.3003 s/iter. ETA=0:16:13
[10/30 22:19:38 d2.evaluation.evaluator]: Inference done 1775/5000. Dataloading: 0.0014 s/iter. Inference: 0.2983 s/iter. Eval: 0.0003 s/iter. Total: 0.3001 s/iter. ETA=0:16:07
[10/30 22:19:43 d2.evaluation.evaluator]: Inference done 1792/5000. Dataloading: 0.0014 s/iter. Inference: 0.2982 s/iter. Eval: 0.0003 s/iter. Total: 0.3001 s/iter. ETA=0:16:02
[10/30 22:19:48 d2.evaluation.evaluator]: Inference done 1809/5000. Dataloading: 0.0014 s/iter. Inference: 0.2983 s/iter. Eval: 0.0003 s/iter. Total: 0.3001 s/iter. ETA=0:15:57
[10/30 22:19:53 d2.evaluation.evaluator]: Inference done 1826/5000. Dataloading: 0.0014 s/iter. Inference: 0.2982 s/iter. Eval: 0.0003 s/iter. Total: 0.3001 s/iter. ETA=0:15:52
[10/30 22:19:58 d2.evaluation.evaluator]: Inference done 1843/5000. Dataloading: 0.0014 s/iter. Inference: 0.2982 s/iter. Eval: 0.0003 s/iter. Total: 0.3001 s/iter. ETA=0:15:47
[10/30 22:20:03 d2.evaluation.evaluator]: Inference done 1861/5000. Dataloading: 0.0014 s/iter. Inference: 0.2982 s/iter. Eval: 0.0003 s/iter. Total: 0.3000 s/iter. ETA=0:15:41
[10/30 22:20:08 d2.evaluation.evaluator]: Inference done 1878/5000. Dataloading: 0.0014 s/iter. Inference: 0.2982 s/iter. Eval: 0.0003 s/iter. Total: 0.3000 s/iter. ETA=0:15:36
[10/30 22:20:13 d2.evaluation.evaluator]: Inference done 1895/5000. Dataloading: 0.0014 s/iter. Inference: 0.2982 s/iter. Eval: 0.0003 s/iter. Total: 0.3001 s/iter. ETA=0:15:31
[10/30 22:20:19 d2.evaluation.evaluator]: Inference done 1912/5000. Dataloading: 0.0014 s/iter. Inference: 0.2982 s/iter. Eval: 0.0003 s/iter. Total: 0.3001 s/iter. ETA=0:15:26
[10/30 22:20:24 d2.evaluation.evaluator]: Inference done 1929/5000. Dataloading: 0.0014 s/iter. Inference: 0.2982 s/iter. Eval: 0.0003 s/iter. Total: 0.3000 s/iter. ETA=0:15:21
[10/30 22:20:29 d2.evaluation.evaluator]: Inference done 1946/5000. Dataloading: 0.0014 s/iter. Inference: 0.2982 s/iter. Eval: 0.0003 s/iter. Total: 0.3001 s/iter. ETA=0:15:16
[10/30 22:20:34 d2.evaluation.evaluator]: Inference done 1963/5000. Dataloading: 0.0014 s/iter. Inference: 0.2982 s/iter. Eval: 0.0003 s/iter. Total: 0.3000 s/iter. ETA=0:15:11
[10/30 22:20:39 d2.evaluation.evaluator]: Inference done 1981/5000. Dataloading: 0.0014 s/iter. Inference: 0.2981 s/iter. Eval: 0.0003 s/iter. Total: 0.3000 s/iter. ETA=0:15:05
[10/30 22:20:44 d2.evaluation.evaluator]: Inference done 1998/5000. Dataloading: 0.0014 s/iter. Inference: 0.2982 s/iter. Eval: 0.0003 s/iter. Total: 0.3000 s/iter. ETA=0:15:00
[10/30 22:20:49 d2.evaluation.evaluator]: Inference done 2015/5000. Dataloading: 0.0014 s/iter. Inference: 0.2982 s/iter. Eval: 0.0003 s/iter. Total: 0.3000 s/iter. ETA=0:14:55
[10/30 22:20:55 d2.evaluation.evaluator]: Inference done 2033/5000. Dataloading: 0.0014 s/iter. Inference: 0.2981 s/iter. Eval: 0.0003 s/iter. Total: 0.3000 s/iter. ETA=0:14:49
[10/30 22:21:00 d2.evaluation.evaluator]: Inference done 2051/5000. Dataloading: 0.0014 s/iter. Inference: 0.2981 s/iter. Eval: 0.0003 s/iter. Total: 0.2999 s/iter. ETA=0:14:44
[10/30 22:21:05 d2.evaluation.evaluator]: Inference done 2068/5000. Dataloading: 0.0014 s/iter. Inference: 0.2981 s/iter. Eval: 0.0003 s/iter. Total: 0.3000 s/iter. ETA=0:14:39
[10/30 22:21:10 d2.evaluation.evaluator]: Inference done 2085/5000. Dataloading: 0.0014 s/iter. Inference: 0.2981 s/iter. Eval: 0.0003 s/iter. Total: 0.2999 s/iter. ETA=0:14:34
[10/30 22:21:15 d2.evaluation.evaluator]: Inference done 2103/5000. Dataloading: 0.0014 s/iter. Inference: 0.2980 s/iter. Eval: 0.0003 s/iter. Total: 0.2999 s/iter. ETA=0:14:28
[10/30 22:21:20 d2.evaluation.evaluator]: Inference done 2120/5000. Dataloading: 0.0014 s/iter. Inference: 0.2980 s/iter. Eval: 0.0003 s/iter. Total: 0.2998 s/iter. ETA=0:14:23
[10/30 22:21:26 d2.evaluation.evaluator]: Inference done 2137/5000. Dataloading: 0.0014 s/iter. Inference: 0.2980 s/iter. Eval: 0.0003 s/iter. Total: 0.2998 s/iter. ETA=0:14:18
[10/30 22:21:31 d2.evaluation.evaluator]: Inference done 2154/5000. Dataloading: 0.0014 s/iter. Inference: 0.2981 s/iter. Eval: 0.0003 s/iter. Total: 0.2999 s/iter. ETA=0:14:13
[10/30 22:21:36 d2.evaluation.evaluator]: Inference done 2171/5000. Dataloading: 0.0014 s/iter. Inference: 0.2981 s/iter. Eval: 0.0003 s/iter. Total: 0.2999 s/iter. ETA=0:14:08
[10/30 22:21:41 d2.evaluation.evaluator]: Inference done 2189/5000. Dataloading: 0.0014 s/iter. Inference: 0.2980 s/iter. Eval: 0.0003 s/iter. Total: 0.2998 s/iter. ETA=0:14:02
[10/30 22:21:46 d2.evaluation.evaluator]: Inference done 2206/5000. Dataloading: 0.0014 s/iter. Inference: 0.2980 s/iter. Eval: 0.0003 s/iter. Total: 0.2999 s/iter. ETA=0:13:57
[10/30 22:21:52 d2.evaluation.evaluator]: Inference done 2224/5000. Dataloading: 0.0014 s/iter. Inference: 0.2980 s/iter. Eval: 0.0003 s/iter. Total: 0.2998 s/iter. ETA=0:13:52
[10/30 22:21:57 d2.evaluation.evaluator]: Inference done 2241/5000. Dataloading: 0.0014 s/iter. Inference: 0.2980 s/iter. Eval: 0.0003 s/iter. Total: 0.2998 s/iter. ETA=0:13:47
[10/30 22:22:02 d2.evaluation.evaluator]: Inference done 2258/5000. Dataloading: 0.0014 s/iter. Inference: 0.2981 s/iter. Eval: 0.0003 s/iter. Total: 0.2999 s/iter. ETA=0:13:42
[10/30 22:22:07 d2.evaluation.evaluator]: Inference done 2275/5000. Dataloading: 0.0014 s/iter. Inference: 0.2980 s/iter. Eval: 0.0003 s/iter. Total: 0.2999 s/iter. ETA=0:13:37
[10/30 22:22:12 d2.evaluation.evaluator]: Inference done 2292/5000. Dataloading: 0.0014 s/iter. Inference: 0.2981 s/iter. Eval: 0.0003 s/iter. Total: 0.2999 s/iter. ETA=0:13:32
[10/30 22:22:17 d2.evaluation.evaluator]: Inference done 2310/5000. Dataloading: 0.0014 s/iter. Inference: 0.2980 s/iter. Eval: 0.0003 s/iter. Total: 0.2999 s/iter. ETA=0:13:26
[10/30 22:22:23 d2.evaluation.evaluator]: Inference done 2327/5000. Dataloading: 0.0014 s/iter. Inference: 0.2980 s/iter. Eval: 0.0003 s/iter. Total: 0.2999 s/iter. ETA=0:13:21
[10/30 22:22:28 d2.evaluation.evaluator]: Inference done 2344/5000. Dataloading: 0.0014 s/iter. Inference: 0.2980 s/iter. Eval: 0.0003 s/iter. Total: 0.2999 s/iter. ETA=0:13:16
[10/30 22:22:33 d2.evaluation.evaluator]: Inference done 2361/5000. Dataloading: 0.0015 s/iter. Inference: 0.2981 s/iter. Eval: 0.0003 s/iter. Total: 0.3000 s/iter. ETA=0:13:11
[10/30 22:22:38 d2.evaluation.evaluator]: Inference done 2378/5000. Dataloading: 0.0015 s/iter. Inference: 0.2980 s/iter. Eval: 0.0003 s/iter. Total: 0.2999 s/iter. ETA=0:13:06
[10/30 22:22:43 d2.evaluation.evaluator]: Inference done 2395/5000. Dataloading: 0.0015 s/iter. Inference: 0.2980 s/iter. Eval: 0.0003 s/iter. Total: 0.3000 s/iter. ETA=0:13:01
[10/30 22:22:48 d2.evaluation.evaluator]: Inference done 2412/5000. Dataloading: 0.0015 s/iter. Inference: 0.2980 s/iter. Eval: 0.0003 s/iter. Total: 0.3000 s/iter. ETA=0:12:56
[10/30 22:22:53 d2.evaluation.evaluator]: Inference done 2429/5000. Dataloading: 0.0016 s/iter. Inference: 0.2980 s/iter. Eval: 0.0003 s/iter. Total: 0.3000 s/iter. ETA=0:12:51
[10/30 22:22:58 d2.evaluation.evaluator]: Inference done 2445/5000. Dataloading: 0.0016 s/iter. Inference: 0.2980 s/iter. Eval: 0.0003 s/iter. Total: 0.3001 s/iter. ETA=0:12:46
[10/30 22:23:04 d2.evaluation.evaluator]: Inference done 2462/5000. Dataloading: 0.0016 s/iter. Inference: 0.2981 s/iter. Eval: 0.0003 s/iter. Total: 0.3001 s/iter. ETA=0:12:41
[10/30 22:23:09 d2.evaluation.evaluator]: Inference done 2480/5000. Dataloading: 0.0016 s/iter. Inference: 0.2980 s/iter. Eval: 0.0003 s/iter. Total: 0.3000 s/iter. ETA=0:12:35
[10/30 22:23:14 d2.evaluation.evaluator]: Inference done 2497/5000. Dataloading: 0.0016 s/iter. Inference: 0.2980 s/iter. Eval: 0.0003 s/iter. Total: 0.3000 s/iter. ETA=0:12:30
[10/30 22:23:19 d2.evaluation.evaluator]: Inference done 2514/5000. Dataloading: 0.0016 s/iter. Inference: 0.2979 s/iter. Eval: 0.0003 s/iter. Total: 0.3000 s/iter. ETA=0:12:25
[10/30 22:23:24 d2.evaluation.evaluator]: Inference done 2532/5000. Dataloading: 0.0016 s/iter. Inference: 0.2979 s/iter. Eval: 0.0003 s/iter. Total: 0.2999 s/iter. ETA=0:12:20
[10/30 22:23:29 d2.evaluation.evaluator]: Inference done 2549/5000. Dataloading: 0.0016 s/iter. Inference: 0.2979 s/iter. Eval: 0.0003 s/iter. Total: 0.3000 s/iter. ETA=0:12:15
[10/30 22:23:34 d2.evaluation.evaluator]: Inference done 2564/5000. Dataloading: 0.0017 s/iter. Inference: 0.2981 s/iter. Eval: 0.0003 s/iter. Total: 0.3002 s/iter. ETA=0:12:11
[10/30 22:23:40 d2.evaluation.evaluator]: Inference done 2580/5000. Dataloading: 0.0017 s/iter. Inference: 0.2982 s/iter. Eval: 0.0003 s/iter. Total: 0.3003 s/iter. ETA=0:12:06
[10/30 22:23:45 d2.evaluation.evaluator]: Inference done 2595/5000. Dataloading: 0.0017 s/iter. Inference: 0.2984 s/iter. Eval: 0.0003 s/iter. Total: 0.3006 s/iter. ETA=0:12:02
[10/30 22:23:50 d2.evaluation.evaluator]: Inference done 2612/5000. Dataloading: 0.0017 s/iter. Inference: 0.2985 s/iter. Eval: 0.0003 s/iter. Total: 0.3006 s/iter. ETA=0:11:57
[10/30 22:23:55 d2.evaluation.evaluator]: Inference done 2629/5000. Dataloading: 0.0017 s/iter. Inference: 0.2985 s/iter. Eval: 0.0003 s/iter. Total: 0.3006 s/iter. ETA=0:11:52
[10/30 22:24:00 d2.evaluation.evaluator]: Inference done 2645/5000. Dataloading: 0.0017 s/iter. Inference: 0.2985 s/iter. Eval: 0.0003 s/iter. Total: 0.3007 s/iter. ETA=0:11:48
[10/30 22:24:05 d2.evaluation.evaluator]: Inference done 2662/5000. Dataloading: 0.0017 s/iter. Inference: 0.2985 s/iter. Eval: 0.0003 s/iter. Total: 0.3007 s/iter. ETA=0:11:42
[10/30 22:24:10 d2.evaluation.evaluator]: Inference done 2679/5000. Dataloading: 0.0017 s/iter. Inference: 0.2985 s/iter. Eval: 0.0003 s/iter. Total: 0.3007 s/iter. ETA=0:11:37
[10/30 22:24:15 d2.evaluation.evaluator]: Inference done 2696/5000. Dataloading: 0.0017 s/iter. Inference: 0.2986 s/iter. Eval: 0.0003 s/iter. Total: 0.3007 s/iter. ETA=0:11:32
[10/30 22:24:20 d2.evaluation.evaluator]: Inference done 2712/5000. Dataloading: 0.0016 s/iter. Inference: 0.2987 s/iter. Eval: 0.0003 s/iter. Total: 0.3008 s/iter. ETA=0:11:28
[10/30 22:24:26 d2.evaluation.evaluator]: Inference done 2729/5000. Dataloading: 0.0016 s/iter. Inference: 0.2986 s/iter. Eval: 0.0003 s/iter. Total: 0.3008 s/iter. ETA=0:11:23
[10/30 22:24:31 d2.evaluation.evaluator]: Inference done 2747/5000. Dataloading: 0.0016 s/iter. Inference: 0.2986 s/iter. Eval: 0.0003 s/iter. Total: 0.3007 s/iter. ETA=0:11:17
[10/30 22:24:36 d2.evaluation.evaluator]: Inference done 2764/5000. Dataloading: 0.0016 s/iter. Inference: 0.2986 s/iter. Eval: 0.0003 s/iter. Total: 0.3007 s/iter. ETA=0:11:12
[10/30 22:24:41 d2.evaluation.evaluator]: Inference done 2781/5000. Dataloading: 0.0016 s/iter. Inference: 0.2986 s/iter. Eval: 0.0003 s/iter. Total: 0.3007 s/iter. ETA=0:11:07
[10/30 22:24:46 d2.evaluation.evaluator]: Inference done 2799/5000. Dataloading: 0.0016 s/iter. Inference: 0.2985 s/iter. Eval: 0.0003 s/iter. Total: 0.3006 s/iter. ETA=0:11:01
[10/30 22:24:51 d2.evaluation.evaluator]: Inference done 2816/5000. Dataloading: 0.0016 s/iter. Inference: 0.2985 s/iter. Eval: 0.0003 s/iter. Total: 0.3006 s/iter. ETA=0:10:56
[10/30 22:24:57 d2.evaluation.evaluator]: Inference done 2833/5000. Dataloading: 0.0016 s/iter. Inference: 0.2986 s/iter. Eval: 0.0003 s/iter. Total: 0.3007 s/iter. ETA=0:10:51
[10/30 22:25:02 d2.evaluation.evaluator]: Inference done 2850/5000. Dataloading: 0.0016 s/iter. Inference: 0.2986 s/iter. Eval: 0.0003 s/iter. Total: 0.3007 s/iter. ETA=0:10:46
[10/30 22:25:07 d2.evaluation.evaluator]: Inference done 2868/5000. Dataloading: 0.0016 s/iter. Inference: 0.2985 s/iter. Eval: 0.0003 s/iter. Total: 0.3006 s/iter. ETA=0:10:40
[10/30 22:25:12 d2.evaluation.evaluator]: Inference done 2884/5000. Dataloading: 0.0016 s/iter. Inference: 0.2986 s/iter. Eval: 0.0003 s/iter. Total: 0.3007 s/iter. ETA=0:10:36
[10/30 22:25:17 d2.evaluation.evaluator]: Inference done 2901/5000. Dataloading: 0.0016 s/iter. Inference: 0.2986 s/iter. Eval: 0.0003 s/iter. Total: 0.3007 s/iter. ETA=0:10:31
[10/30 22:25:22 d2.evaluation.evaluator]: Inference done 2918/5000. Dataloading: 0.0016 s/iter. Inference: 0.2986 s/iter. Eval: 0.0003 s/iter. Total: 0.3007 s/iter. ETA=0:10:26
[10/30 22:25:28 d2.evaluation.evaluator]: Inference done 2934/5000. Dataloading: 0.0016 s/iter. Inference: 0.2989 s/iter. Eval: 0.0003 s/iter. Total: 0.3010 s/iter. ETA=0:10:21
[10/30 22:25:33 d2.evaluation.evaluator]: Inference done 2952/5000. Dataloading: 0.0016 s/iter. Inference: 0.2988 s/iter. Eval: 0.0003 s/iter. Total: 0.3009 s/iter. ETA=0:10:16
[10/30 22:25:38 d2.evaluation.evaluator]: Inference done 2969/5000. Dataloading: 0.0016 s/iter. Inference: 0.2988 s/iter. Eval: 0.0003 s/iter. Total: 0.3009 s/iter. ETA=0:10:11
[10/30 22:25:43 d2.evaluation.evaluator]: Inference done 2986/5000. Dataloading: 0.0016 s/iter. Inference: 0.2988 s/iter. Eval: 0.0003 s/iter. Total: 0.3009 s/iter. ETA=0:10:06
[10/30 22:25:48 d2.evaluation.evaluator]: Inference done 3003/5000. Dataloading: 0.0016 s/iter. Inference: 0.2988 s/iter. Eval: 0.0003 s/iter. Total: 0.3009 s/iter. ETA=0:10:00
[10/30 22:25:53 d2.evaluation.evaluator]: Inference done 3020/5000. Dataloading: 0.0016 s/iter. Inference: 0.2988 s/iter. Eval: 0.0003 s/iter. Total: 0.3009 s/iter. ETA=0:09:55
[10/30 22:25:59 d2.evaluation.evaluator]: Inference done 3037/5000. Dataloading: 0.0016 s/iter. Inference: 0.2988 s/iter. Eval: 0.0003 s/iter. Total: 0.3009 s/iter. ETA=0:09:50
[10/30 22:26:04 d2.evaluation.evaluator]: Inference done 3054/5000. Dataloading: 0.0016 s/iter. Inference: 0.2989 s/iter. Eval: 0.0003 s/iter. Total: 0.3010 s/iter. ETA=0:09:45
[10/30 22:26:09 d2.evaluation.evaluator]: Inference done 3071/5000. Dataloading: 0.0016 s/iter. Inference: 0.2989 s/iter. Eval: 0.0003 s/iter. Total: 0.3010 s/iter. ETA=0:09:40
[10/30 22:26:14 d2.evaluation.evaluator]: Inference done 3088/5000. Dataloading: 0.0016 s/iter. Inference: 0.2989 s/iter. Eval: 0.0003 s/iter. Total: 0.3010 s/iter. ETA=0:09:35
[10/30 22:26:19 d2.evaluation.evaluator]: Inference done 3105/5000. Dataloading: 0.0016 s/iter. Inference: 0.2989 s/iter. Eval: 0.0003 s/iter. Total: 0.3010 s/iter. ETA=0:09:30
[10/30 22:26:24 d2.evaluation.evaluator]: Inference done 3122/5000. Dataloading: 0.0016 s/iter. Inference: 0.2989 s/iter. Eval: 0.0003 s/iter. Total: 0.3010 s/iter. ETA=0:09:25
[10/30 22:26:30 d2.evaluation.evaluator]: Inference done 3139/5000. Dataloading: 0.0016 s/iter. Inference: 0.2989 s/iter. Eval: 0.0003 s/iter. Total: 0.3010 s/iter. ETA=0:09:20
[10/30 22:26:35 d2.evaluation.evaluator]: Inference done 3156/5000. Dataloading: 0.0016 s/iter. Inference: 0.2989 s/iter. Eval: 0.0003 s/iter. Total: 0.3010 s/iter. ETA=0:09:15
[10/30 22:26:40 d2.evaluation.evaluator]: Inference done 3174/5000. Dataloading: 0.0016 s/iter. Inference: 0.2989 s/iter. Eval: 0.0003 s/iter. Total: 0.3009 s/iter. ETA=0:09:09
[10/30 22:26:45 d2.evaluation.evaluator]: Inference done 3191/5000. Dataloading: 0.0016 s/iter. Inference: 0.2989 s/iter. Eval: 0.0003 s/iter. Total: 0.3009 s/iter. ETA=0:09:04
[10/30 22:26:50 d2.evaluation.evaluator]: Inference done 3208/5000. Dataloading: 0.0016 s/iter. Inference: 0.2988 s/iter. Eval: 0.0003 s/iter. Total: 0.3009 s/iter. ETA=0:08:59
[10/30 22:26:55 d2.evaluation.evaluator]: Inference done 3225/5000. Dataloading: 0.0016 s/iter. Inference: 0.2988 s/iter. Eval: 0.0003 s/iter. Total: 0.3009 s/iter. ETA=0:08:54
[10/30 22:27:00 d2.evaluation.evaluator]: Inference done 3242/5000. Dataloading: 0.0016 s/iter. Inference: 0.2989 s/iter. Eval: 0.0003 s/iter. Total: 0.3009 s/iter. ETA=0:08:49
[10/30 22:27:05 d2.evaluation.evaluator]: Inference done 3259/5000. Dataloading: 0.0016 s/iter. Inference: 0.2988 s/iter. Eval: 0.0003 s/iter. Total: 0.3009 s/iter. ETA=0:08:43
[10/30 22:27:11 d2.evaluation.evaluator]: Inference done 3276/5000. Dataloading: 0.0016 s/iter. Inference: 0.2988 s/iter. Eval: 0.0003 s/iter. Total: 0.3009 s/iter. ETA=0:08:38
[10/30 22:27:16 d2.evaluation.evaluator]: Inference done 3293/5000. Dataloading: 0.0016 s/iter. Inference: 0.2989 s/iter. Eval: 0.0003 s/iter. Total: 0.3010 s/iter. ETA=0:08:33
[10/30 22:27:21 d2.evaluation.evaluator]: Inference done 3310/5000. Dataloading: 0.0016 s/iter. Inference: 0.2989 s/iter. Eval: 0.0003 s/iter. Total: 0.3009 s/iter. ETA=0:08:28
[10/30 22:27:26 d2.evaluation.evaluator]: Inference done 3327/5000. Dataloading: 0.0016 s/iter. Inference: 0.2989 s/iter. Eval: 0.0003 s/iter. Total: 0.3009 s/iter. ETA=0:08:23
[10/30 22:27:31 d2.evaluation.evaluator]: Inference done 3345/5000. Dataloading: 0.0016 s/iter. Inference: 0.2989 s/iter. Eval: 0.0003 s/iter. Total: 0.3009 s/iter. ETA=0:08:18
[10/30 22:27:36 d2.evaluation.evaluator]: Inference done 3362/5000. Dataloading: 0.0016 s/iter. Inference: 0.2989 s/iter. Eval: 0.0003 s/iter. Total: 0.3009 s/iter. ETA=0:08:12
[10/30 22:27:42 d2.evaluation.evaluator]: Inference done 3379/5000. Dataloading: 0.0016 s/iter. Inference: 0.2989 s/iter. Eval: 0.0003 s/iter. Total: 0.3009 s/iter. ETA=0:08:07
[10/30 22:27:47 d2.evaluation.evaluator]: Inference done 3396/5000. Dataloading: 0.0016 s/iter. Inference: 0.2988 s/iter. Eval: 0.0003 s/iter. Total: 0.3009 s/iter. ETA=0:08:02
[10/30 22:27:52 d2.evaluation.evaluator]: Inference done 3414/5000. Dataloading: 0.0016 s/iter. Inference: 0.2988 s/iter. Eval: 0.0003 s/iter. Total: 0.3008 s/iter. ETA=0:07:57
[10/30 22:27:57 d2.evaluation.evaluator]: Inference done 3431/5000. Dataloading: 0.0016 s/iter. Inference: 0.2988 s/iter. Eval: 0.0003 s/iter. Total: 0.3009 s/iter. ETA=0:07:52
[10/30 22:28:02 d2.evaluation.evaluator]: Inference done 3448/5000. Dataloading: 0.0016 s/iter. Inference: 0.2988 s/iter. Eval: 0.0003 s/iter. Total: 0.3009 s/iter. ETA=0:07:46
[10/30 22:28:07 d2.evaluation.evaluator]: Inference done 3465/5000. Dataloading: 0.0016 s/iter. Inference: 0.2988 s/iter. Eval: 0.0003 s/iter. Total: 0.3009 s/iter. ETA=0:07:41
[10/30 22:28:12 d2.evaluation.evaluator]: Inference done 3482/5000. Dataloading: 0.0016 s/iter. Inference: 0.2988 s/iter. Eval: 0.0003 s/iter. Total: 0.3009 s/iter. ETA=0:07:36
[10/30 22:28:17 d2.evaluation.evaluator]: Inference done 3499/5000. Dataloading: 0.0016 s/iter. Inference: 0.2988 s/iter. Eval: 0.0003 s/iter. Total: 0.3008 s/iter. ETA=0:07:31
[10/30 22:28:23 d2.evaluation.evaluator]: Inference done 3516/5000. Dataloading: 0.0016 s/iter. Inference: 0.2988 s/iter. Eval: 0.0003 s/iter. Total: 0.3008 s/iter. ETA=0:07:26
[10/30 22:28:28 d2.evaluation.evaluator]: Inference done 3533/5000. Dataloading: 0.0016 s/iter. Inference: 0.2988 s/iter. Eval: 0.0003 s/iter. Total: 0.3008 s/iter. ETA=0:07:21
[10/30 22:28:33 d2.evaluation.evaluator]: Inference done 3551/5000. Dataloading: 0.0016 s/iter. Inference: 0.2988 s/iter. Eval: 0.0003 s/iter. Total: 0.3008 s/iter. ETA=0:07:15
[10/30 22:28:38 d2.evaluation.evaluator]: Inference done 3568/5000. Dataloading: 0.0016 s/iter. Inference: 0.2988 s/iter. Eval: 0.0003 s/iter. Total: 0.3008 s/iter. ETA=0:07:10
[10/30 22:28:43 d2.evaluation.evaluator]: Inference done 3585/5000. Dataloading: 0.0016 s/iter. Inference: 0.2988 s/iter. Eval: 0.0003 s/iter. Total: 0.3008 s/iter. ETA=0:07:05
[10/30 22:28:48 d2.evaluation.evaluator]: Inference done 3602/5000. Dataloading: 0.0016 s/iter. Inference: 0.2987 s/iter. Eval: 0.0003 s/iter. Total: 0.3008 s/iter. ETA=0:07:00
[10/30 22:28:53 d2.evaluation.evaluator]: Inference done 3619/5000. Dataloading: 0.0016 s/iter. Inference: 0.2988 s/iter. Eval: 0.0003 s/iter. Total: 0.3008 s/iter. ETA=0:06:55
[10/30 22:28:59 d2.evaluation.evaluator]: Inference done 3636/5000. Dataloading: 0.0016 s/iter. Inference: 0.2988 s/iter. Eval: 0.0003 s/iter. Total: 0.3008 s/iter. ETA=0:06:50
[10/30 22:29:04 d2.evaluation.evaluator]: Inference done 3653/5000. Dataloading: 0.0016 s/iter. Inference: 0.2988 s/iter. Eval: 0.0003 s/iter. Total: 0.3008 s/iter. ETA=0:06:45
[10/30 22:29:09 d2.evaluation.evaluator]: Inference done 3670/5000. Dataloading: 0.0016 s/iter. Inference: 0.2988 s/iter. Eval: 0.0003 s/iter. Total: 0.3008 s/iter. ETA=0:06:40
[10/30 22:29:14 d2.evaluation.evaluator]: Inference done 3687/5000. Dataloading: 0.0016 s/iter. Inference: 0.2988 s/iter. Eval: 0.0003 s/iter. Total: 0.3008 s/iter. ETA=0:06:34
[10/30 22:29:19 d2.evaluation.evaluator]: Inference done 3704/5000. Dataloading: 0.0016 s/iter. Inference: 0.2988 s/iter. Eval: 0.0003 s/iter. Total: 0.3008 s/iter. ETA=0:06:29
[10/30 22:29:24 d2.evaluation.evaluator]: Inference done 3721/5000. Dataloading: 0.0016 s/iter. Inference: 0.2988 s/iter. Eval: 0.0003 s/iter. Total: 0.3008 s/iter. ETA=0:06:24
[10/30 22:29:29 d2.evaluation.evaluator]: Inference done 3738/5000. Dataloading: 0.0016 s/iter. Inference: 0.2988 s/iter. Eval: 0.0003 s/iter. Total: 0.3008 s/iter. ETA=0:06:19
[10/30 22:29:34 d2.evaluation.evaluator]: Inference done 3755/5000. Dataloading: 0.0016 s/iter. Inference: 0.2988 s/iter. Eval: 0.0003 s/iter. Total: 0.3008 s/iter. ETA=0:06:14
[10/30 22:29:39 d2.evaluation.evaluator]: Inference done 3772/5000. Dataloading: 0.0016 s/iter. Inference: 0.2988 s/iter. Eval: 0.0003 s/iter. Total: 0.3008 s/iter. ETA=0:06:09
[10/30 22:29:45 d2.evaluation.evaluator]: Inference done 3789/5000. Dataloading: 0.0016 s/iter. Inference: 0.2988 s/iter. Eval: 0.0003 s/iter. Total: 0.3008 s/iter. ETA=0:06:04
[10/30 22:29:50 d2.evaluation.evaluator]: Inference done 3806/5000. Dataloading: 0.0015 s/iter. Inference: 0.2988 s/iter. Eval: 0.0003 s/iter. Total: 0.3008 s/iter. ETA=0:05:59
[10/30 22:29:55 d2.evaluation.evaluator]: Inference done 3823/5000. Dataloading: 0.0015 s/iter. Inference: 0.2988 s/iter. Eval: 0.0003 s/iter. Total: 0.3008 s/iter. ETA=0:05:54
[10/30 22:30:00 d2.evaluation.evaluator]: Inference done 3839/5000. Dataloading: 0.0015 s/iter. Inference: 0.2988 s/iter. Eval: 0.0003 s/iter. Total: 0.3009 s/iter. ETA=0:05:49
[10/30 22:30:05 d2.evaluation.evaluator]: Inference done 3856/5000. Dataloading: 0.0015 s/iter. Inference: 0.2989 s/iter. Eval: 0.0003 s/iter. Total: 0.3009 s/iter. ETA=0:05:44
[10/30 22:30:10 d2.evaluation.evaluator]: Inference done 3873/5000. Dataloading: 0.0015 s/iter. Inference: 0.2989 s/iter. Eval: 0.0003 s/iter. Total: 0.3009 s/iter. ETA=0:05:39
[10/30 22:30:15 d2.evaluation.evaluator]: Inference done 3890/5000. Dataloading: 0.0015 s/iter. Inference: 0.2988 s/iter. Eval: 0.0003 s/iter. Total: 0.3009 s/iter. ETA=0:05:33
[10/30 22:30:20 d2.evaluation.evaluator]: Inference done 3908/5000. Dataloading: 0.0015 s/iter. Inference: 0.2988 s/iter. Eval: 0.0003 s/iter. Total: 0.3008 s/iter. ETA=0:05:28
[10/30 22:30:26 d2.evaluation.evaluator]: Inference done 3924/5000. Dataloading: 0.0015 s/iter. Inference: 0.2989 s/iter. Eval: 0.0003 s/iter. Total: 0.3009 s/iter. ETA=0:05:23
[10/30 22:30:31 d2.evaluation.evaluator]: Inference done 3941/5000. Dataloading: 0.0015 s/iter. Inference: 0.2989 s/iter. Eval: 0.0003 s/iter. Total: 0.3009 s/iter. ETA=0:05:18
[10/30 22:30:36 d2.evaluation.evaluator]: Inference done 3958/5000. Dataloading: 0.0015 s/iter. Inference: 0.2989 s/iter. Eval: 0.0003 s/iter. Total: 0.3009 s/iter. ETA=0:05:13
[10/30 22:30:41 d2.evaluation.evaluator]: Inference done 3975/5000. Dataloading: 0.0015 s/iter. Inference: 0.2989 s/iter. Eval: 0.0003 s/iter. Total: 0.3009 s/iter. ETA=0:05:08
[10/30 22:30:46 d2.evaluation.evaluator]: Inference done 3993/5000. Dataloading: 0.0015 s/iter. Inference: 0.2988 s/iter. Eval: 0.0003 s/iter. Total: 0.3008 s/iter. ETA=0:05:02
[10/30 22:30:51 d2.evaluation.evaluator]: Inference done 4010/5000. Dataloading: 0.0015 s/iter. Inference: 0.2988 s/iter. Eval: 0.0003 s/iter. Total: 0.3008 s/iter. ETA=0:04:57
[10/30 22:30:56 d2.evaluation.evaluator]: Inference done 4028/5000. Dataloading: 0.0015 s/iter. Inference: 0.2988 s/iter. Eval: 0.0003 s/iter. Total: 0.3008 s/iter. ETA=0:04:52
[10/30 22:31:01 d2.evaluation.evaluator]: Inference done 4045/5000. Dataloading: 0.0015 s/iter. Inference: 0.2988 s/iter. Eval: 0.0003 s/iter. Total: 0.3008 s/iter. ETA=0:04:47
[10/30 22:31:07 d2.evaluation.evaluator]: Inference done 4062/5000. Dataloading: 0.0015 s/iter. Inference: 0.2988 s/iter. Eval: 0.0003 s/iter. Total: 0.3008 s/iter. ETA=0:04:42
[10/30 22:31:12 d2.evaluation.evaluator]: Inference done 4079/5000. Dataloading: 0.0015 s/iter. Inference: 0.2987 s/iter. Eval: 0.0003 s/iter. Total: 0.3007 s/iter. ETA=0:04:36
[10/30 22:31:17 d2.evaluation.evaluator]: Inference done 4096/5000. Dataloading: 0.0015 s/iter. Inference: 0.2988 s/iter. Eval: 0.0003 s/iter. Total: 0.3008 s/iter. ETA=0:04:31
[10/30 22:31:22 d2.evaluation.evaluator]: Inference done 4113/5000. Dataloading: 0.0015 s/iter. Inference: 0.2988 s/iter. Eval: 0.0003 s/iter. Total: 0.3008 s/iter. ETA=0:04:26
[10/30 22:31:27 d2.evaluation.evaluator]: Inference done 4129/5000. Dataloading: 0.0015 s/iter. Inference: 0.2988 s/iter. Eval: 0.0003 s/iter. Total: 0.3008 s/iter. ETA=0:04:22
[10/30 22:31:32 d2.evaluation.evaluator]: Inference done 4146/5000. Dataloading: 0.0015 s/iter. Inference: 0.2988 s/iter. Eval: 0.0003 s/iter. Total: 0.3008 s/iter. ETA=0:04:16
[10/30 22:31:37 d2.evaluation.evaluator]: Inference done 4163/5000. Dataloading: 0.0015 s/iter. Inference: 0.2988 s/iter. Eval: 0.0003 s/iter. Total: 0.3008 s/iter. ETA=0:04:11
[10/30 22:31:42 d2.evaluation.evaluator]: Inference done 4180/5000. Dataloading: 0.0015 s/iter. Inference: 0.2988 s/iter. Eval: 0.0003 s/iter. Total: 0.3008 s/iter. ETA=0:04:06
[10/30 22:31:47 d2.evaluation.evaluator]: Inference done 4197/5000. Dataloading: 0.0015 s/iter. Inference: 0.2988 s/iter. Eval: 0.0003 s/iter. Total: 0.3008 s/iter. ETA=0:04:01
[10/30 22:31:52 d2.evaluation.evaluator]: Inference done 4214/5000. Dataloading: 0.0015 s/iter. Inference: 0.2987 s/iter. Eval: 0.0003 s/iter. Total: 0.3007 s/iter. ETA=0:03:56
[10/30 22:31:57 d2.evaluation.evaluator]: Inference done 4231/5000. Dataloading: 0.0015 s/iter. Inference: 0.2987 s/iter. Eval: 0.0003 s/iter. Total: 0.3007 s/iter. ETA=0:03:51
[10/30 22:32:02 d2.evaluation.evaluator]: Inference done 4249/5000. Dataloading: 0.0015 s/iter. Inference: 0.2987 s/iter. Eval: 0.0003 s/iter. Total: 0.3007 s/iter. ETA=0:03:45
[10/30 22:32:08 d2.evaluation.evaluator]: Inference done 4267/5000. Dataloading: 0.0015 s/iter. Inference: 0.2986 s/iter. Eval: 0.0003 s/iter. Total: 0.3006 s/iter. ETA=0:03:40
[10/30 22:32:13 d2.evaluation.evaluator]: Inference done 4284/5000. Dataloading: 0.0015 s/iter. Inference: 0.2986 s/iter. Eval: 0.0003 s/iter. Total: 0.3006 s/iter. ETA=0:03:35
[10/30 22:32:18 d2.evaluation.evaluator]: Inference done 4301/5000. Dataloading: 0.0015 s/iter. Inference: 0.2986 s/iter. Eval: 0.0003 s/iter. Total: 0.3006 s/iter. ETA=0:03:30
[10/30 22:32:23 d2.evaluation.evaluator]: Inference done 4318/5000. Dataloading: 0.0015 s/iter. Inference: 0.2986 s/iter. Eval: 0.0003 s/iter. Total: 0.3006 s/iter. ETA=0:03:25
[10/30 22:32:28 d2.evaluation.evaluator]: Inference done 4335/5000. Dataloading: 0.0015 s/iter. Inference: 0.2986 s/iter. Eval: 0.0003 s/iter. Total: 0.3006 s/iter. ETA=0:03:19
[10/30 22:32:33 d2.evaluation.evaluator]: Inference done 4353/5000. Dataloading: 0.0015 s/iter. Inference: 0.2986 s/iter. Eval: 0.0003 s/iter. Total: 0.3006 s/iter. ETA=0:03:14
[10/30 22:32:38 d2.evaluation.evaluator]: Inference done 4370/5000. Dataloading: 0.0015 s/iter. Inference: 0.2986 s/iter. Eval: 0.0003 s/iter. Total: 0.3006 s/iter. ETA=0:03:09
[10/30 22:32:44 d2.evaluation.evaluator]: Inference done 4388/5000. Dataloading: 0.0015 s/iter. Inference: 0.2985 s/iter. Eval: 0.0003 s/iter. Total: 0.3005 s/iter. ETA=0:03:03
[10/30 22:32:49 d2.evaluation.evaluator]: Inference done 4405/5000. Dataloading: 0.0015 s/iter. Inference: 0.2986 s/iter. Eval: 0.0003 s/iter. Total: 0.3005 s/iter. ETA=0:02:58
[10/30 22:32:54 d2.evaluation.evaluator]: Inference done 4423/5000. Dataloading: 0.0015 s/iter. Inference: 0.2985 s/iter. Eval: 0.0003 s/iter. Total: 0.3005 s/iter. ETA=0:02:53
[10/30 22:32:59 d2.evaluation.evaluator]: Inference done 4440/5000. Dataloading: 0.0015 s/iter. Inference: 0.2985 s/iter. Eval: 0.0003 s/iter. Total: 0.3005 s/iter. ETA=0:02:48
[10/30 22:33:04 d2.evaluation.evaluator]: Inference done 4457/5000. Dataloading: 0.0015 s/iter. Inference: 0.2986 s/iter. Eval: 0.0003 s/iter. Total: 0.3005 s/iter. ETA=0:02:43
[10/30 22:33:09 d2.evaluation.evaluator]: Inference done 4474/5000. Dataloading: 0.0015 s/iter. Inference: 0.2985 s/iter. Eval: 0.0003 s/iter. Total: 0.3005 s/iter. ETA=0:02:38
[10/30 22:33:15 d2.evaluation.evaluator]: Inference done 4492/5000. Dataloading: 0.0015 s/iter. Inference: 0.2985 s/iter. Eval: 0.0003 s/iter. Total: 0.3005 s/iter. ETA=0:02:32
[10/30 22:33:20 d2.evaluation.evaluator]: Inference done 4509/5000. Dataloading: 0.0015 s/iter. Inference: 0.2985 s/iter. Eval: 0.0003 s/iter. Total: 0.3005 s/iter. ETA=0:02:27
[10/30 22:33:25 d2.evaluation.evaluator]: Inference done 4526/5000. Dataloading: 0.0015 s/iter. Inference: 0.2985 s/iter. Eval: 0.0003 s/iter. Total: 0.3005 s/iter. ETA=0:02:22
[10/30 22:33:30 d2.evaluation.evaluator]: Inference done 4543/5000. Dataloading: 0.0015 s/iter. Inference: 0.2985 s/iter. Eval: 0.0003 s/iter. Total: 0.3005 s/iter. ETA=0:02:17
[10/30 22:33:35 d2.evaluation.evaluator]: Inference done 4560/5000. Dataloading: 0.0015 s/iter. Inference: 0.2985 s/iter. Eval: 0.0003 s/iter. Total: 0.3005 s/iter. ETA=0:02:12
[10/30 22:33:40 d2.evaluation.evaluator]: Inference done 4577/5000. Dataloading: 0.0015 s/iter. Inference: 0.2985 s/iter. Eval: 0.0003 s/iter. Total: 0.3005 s/iter. ETA=0:02:07
[10/30 22:33:45 d2.evaluation.evaluator]: Inference done 4594/5000. Dataloading: 0.0015 s/iter. Inference: 0.2985 s/iter. Eval: 0.0003 s/iter. Total: 0.3005 s/iter. ETA=0:02:01
[10/30 22:33:50 d2.evaluation.evaluator]: Inference done 4611/5000. Dataloading: 0.0015 s/iter. Inference: 0.2985 s/iter. Eval: 0.0003 s/iter. Total: 0.3005 s/iter. ETA=0:01:56
[10/30 22:33:55 d2.evaluation.evaluator]: Inference done 4628/5000. Dataloading: 0.0015 s/iter. Inference: 0.2985 s/iter. Eval: 0.0003 s/iter. Total: 0.3005 s/iter. ETA=0:01:51
[10/30 22:34:01 d2.evaluation.evaluator]: Inference done 4645/5000. Dataloading: 0.0015 s/iter. Inference: 0.2985 s/iter. Eval: 0.0003 s/iter. Total: 0.3005 s/iter. ETA=0:01:46
[10/30 22:34:06 d2.evaluation.evaluator]: Inference done 4662/5000. Dataloading: 0.0015 s/iter. Inference: 0.2985 s/iter. Eval: 0.0003 s/iter. Total: 0.3005 s/iter. ETA=0:01:41
[10/30 22:34:11 d2.evaluation.evaluator]: Inference done 4680/5000. Dataloading: 0.0015 s/iter. Inference: 0.2985 s/iter. Eval: 0.0003 s/iter. Total: 0.3004 s/iter. ETA=0:01:36
[10/30 22:34:16 d2.evaluation.evaluator]: Inference done 4697/5000. Dataloading: 0.0015 s/iter. Inference: 0.2985 s/iter. Eval: 0.0003 s/iter. Total: 0.3005 s/iter. ETA=0:01:31
[10/30 22:34:21 d2.evaluation.evaluator]: Inference done 4714/5000. Dataloading: 0.0015 s/iter. Inference: 0.2985 s/iter. Eval: 0.0003 s/iter. Total: 0.3004 s/iter. ETA=0:01:25
[10/30 22:34:26 d2.evaluation.evaluator]: Inference done 4731/5000. Dataloading: 0.0015 s/iter. Inference: 0.2985 s/iter. Eval: 0.0003 s/iter. Total: 0.3005 s/iter. ETA=0:01:20
[10/30 22:34:31 d2.evaluation.evaluator]: Inference done 4748/5000. Dataloading: 0.0015 s/iter. Inference: 0.2985 s/iter. Eval: 0.0003 s/iter. Total: 0.3005 s/iter. ETA=0:01:15
[10/30 22:34:37 d2.evaluation.evaluator]: Inference done 4765/5000. Dataloading: 0.0015 s/iter. Inference: 0.2985 s/iter. Eval: 0.0003 s/iter. Total: 0.3005 s/iter. ETA=0:01:10
[10/30 22:34:42 d2.evaluation.evaluator]: Inference done 4782/5000. Dataloading: 0.0015 s/iter. Inference: 0.2985 s/iter. Eval: 0.0003 s/iter. Total: 0.3005 s/iter. ETA=0:01:05
[10/30 22:34:47 d2.evaluation.evaluator]: Inference done 4799/5000. Dataloading: 0.0015 s/iter. Inference: 0.2985 s/iter. Eval: 0.0003 s/iter. Total: 0.3005 s/iter. ETA=0:01:00
[10/30 22:34:52 d2.evaluation.evaluator]: Inference done 4816/5000. Dataloading: 0.0015 s/iter. Inference: 0.2985 s/iter. Eval: 0.0003 s/iter. Total: 0.3005 s/iter. ETA=0:00:55
[10/30 22:34:57 d2.evaluation.evaluator]: Inference done 4834/5000. Dataloading: 0.0015 s/iter. Inference: 0.2984 s/iter. Eval: 0.0003 s/iter. Total: 0.3004 s/iter. ETA=0:00:49
[10/30 22:35:02 d2.evaluation.evaluator]: Inference done 4851/5000. Dataloading: 0.0015 s/iter. Inference: 0.2985 s/iter. Eval: 0.0003 s/iter. Total: 0.3004 s/iter. ETA=0:00:44
[10/30 22:35:07 d2.evaluation.evaluator]: Inference done 4868/5000. Dataloading: 0.0015 s/iter. Inference: 0.2985 s/iter. Eval: 0.0003 s/iter. Total: 0.3004 s/iter. ETA=0:00:39
[10/30 22:35:13 d2.evaluation.evaluator]: Inference done 4885/5000. Dataloading: 0.0015 s/iter. Inference: 0.2985 s/iter. Eval: 0.0003 s/iter. Total: 0.3005 s/iter. ETA=0:00:34
[10/30 22:35:18 d2.evaluation.evaluator]: Inference done 4902/5000. Dataloading: 0.0015 s/iter. Inference: 0.2985 s/iter. Eval: 0.0003 s/iter. Total: 0.3005 s/iter. ETA=0:00:29
[10/30 22:35:23 d2.evaluation.evaluator]: Inference done 4919/5000. Dataloading: 0.0015 s/iter. Inference: 0.2985 s/iter. Eval: 0.0003 s/iter. Total: 0.3005 s/iter. ETA=0:00:24
[10/30 22:35:28 d2.evaluation.evaluator]: Inference done 4936/5000. Dataloading: 0.0015 s/iter. Inference: 0.2985 s/iter. Eval: 0.0003 s/iter. Total: 0.3005 s/iter. ETA=0:00:19
[10/30 22:35:33 d2.evaluation.evaluator]: Inference done 4953/5000. Dataloading: 0.0015 s/iter. Inference: 0.2985 s/iter. Eval: 0.0003 s/iter. Total: 0.3005 s/iter. ETA=0:00:14
[10/30 22:35:38 d2.evaluation.evaluator]: Inference done 4970/5000. Dataloading: 0.0015 s/iter. Inference: 0.2986 s/iter. Eval: 0.0003 s/iter. Total: 0.3005 s/iter. ETA=0:00:09
[10/30 22:35:43 d2.evaluation.evaluator]: Inference done 4987/5000. Dataloading: 0.0015 s/iter. Inference: 0.2986 s/iter. Eval: 0.0003 s/iter. Total: 0.3005 s/iter. ETA=0:00:03
[10/30 22:35:47 d2.evaluation.evaluator]: Total inference time: 0:25:00.962929 (0.300493 s / iter per device, on 1 devices)
[10/30 22:35:47 d2.evaluation.evaluator]: Total inference pure compute time: 0:24:51 (0.298536 s / iter per device, on 1 devices)
[10/30 22:35:47 d2.evaluation.coco_evaluation]: Preparing results for COCO format ...
[10/30 22:35:47 d2.evaluation.coco_evaluation]: Evaluating predictions with unofficial COCO API...
Loading and preparing results...
DONE (t=3.20s)
creating index...
index created!
[10/30 22:35:51 d2.evaluation.fast_eval_api]: Evaluate annotation type *bbox*
[10/30 22:36:04 d2.evaluation.fast_eval_api]: COCOeval_opt.evaluate() finished in 12.45 seconds.
[10/30 22:36:04 d2.evaluation.fast_eval_api]: Accumulating evaluation results...
[10/30 22:36:07 d2.evaluation.fast_eval_api]: COCOeval_opt.accumulate() finished in 2.44 seconds.
 Average Precision  (AP) @[ IoU=0.50:0.95 | area=   all | maxDets=100 ] = 0.562
 Average Precision  (AP) @[ IoU=0.50      | area=   all | maxDets=100 ] = 0.748
 Average Precision  (AP) @[ IoU=0.75      | area=   all | maxDets=100 ] = 0.612
 Average Precision  (AP) @[ IoU=0.50:0.95 | area= small | maxDets=100 ] = 0.387
 Average Precision  (AP) @[ IoU=0.50:0.95 | area=medium | maxDets=100 ] = 0.599
 Average Precision  (AP) @[ IoU=0.50:0.95 | area= large | maxDets=100 ] = 0.730
 Average Recall     (AR) @[ IoU=0.50:0.95 | area=   all | maxDets=  1 ] = 0.406
 Average Recall     (AR) @[ IoU=0.50:0.95 | area=   all | maxDets= 10 ] = 0.687
 Average Recall     (AR) @[ IoU=0.50:0.95 | area=   all | maxDets=100 ] = 0.759
 Average Recall     (AR) @[ IoU=0.50:0.95 | area= small | maxDets=100 ] = 0.614
 Average Recall     (AR) @[ IoU=0.50:0.95 | area=medium | maxDets=100 ] = 0.797
 Average Recall     (AR) @[ IoU=0.50:0.95 | area= large | maxDets=100 ] = 0.904
[10/30 22:36:07 d2.evaluation.coco_evaluation]: Evaluation results for bbox: 
|   AP   |  AP50  |  AP75  |  APs   |  APm   |  APl   |
|:------:|:------:|:------:|:------:|:------:|:------:|
| 56.151 | 74.786 | 61.165 | 38.652 | 59.931 | 73.003 |
[10/30 22:36:07 d2.evaluation.coco_evaluation]: Per-category bbox AP: 
| category      | AP     | category     | AP     | category       | AP     |
|:--------------|:-------|:-------------|:-------|:---------------|:-------|
| person        | 64.542 | bicycle      | 40.593 | car            | 54.395 |
| motorcycle    | 55.488 | airplane     | 80.458 | bus            | 77.052 |
| train         | 77.491 | truck        | 49.360 | boat           | 39.524 |
| traffic light | 34.482 | fire hydrant | 79.498 | stop sign      | 74.183 |
| parking meter | 55.324 | bench        | 39.030 | bird           | 48.565 |
| cat           | 83.258 | dog          | 79.414 | horse          | 71.139 |
| sheep         | 65.183 | cow          | 69.972 | elephant       | 75.058 |
| bear          | 84.271 | zebra        | 78.603 | giraffe        | 79.617 |
| backpack      | 27.816 | umbrella     | 55.354 | handbag        | 30.398 |
| tie           | 50.654 | suitcase     | 56.008 | frisbee        | 76.769 |
| skis          | 38.206 | snowboard    | 52.124 | sports ball    | 57.996 |
| kite          | 56.132 | baseball bat | 59.539 | baseball glove | 49.371 |
| skateboard    | 65.620 | surfboard    | 54.321 | tennis racket  | 64.000 |
| bottle        | 51.384 | wine glass   | 47.722 | cup            | 55.729 |
| fork          | 57.922 | knife        | 41.419 | spoon          | 39.496 |
| bowl          | 54.158 | banana       | 34.118 | apple          | 34.539 |
| sandwich      | 57.470 | orange       | 41.745 | broccoli       | 31.522 |
| carrot        | 31.722 | hot dog      | 62.657 | pizza          | 65.461 |
| donut         | 61.951 | cake         | 54.133 | chair          | 43.927 |
| couch         | 58.048 | potted plant | 39.268 | bed            | 61.097 |
| dining table  | 39.871 | toilet       | 75.820 | tv             | 66.792 |
| laptop        | 77.125 | mouse        | 69.065 | remote         | 52.498 |
| keyboard      | 64.348 | cell phone   | 51.871 | microwave      | 71.694 |
| oven          | 47.196 | toaster      | 49.364 | sink           | 49.044 |
| refrigerator  | 72.372 | book         | 27.873 | clock          | 60.487 |
| vase          | 45.410 | scissors     | 54.614 | teddy bear     | 61.335 |
| hair drier    | 27.852 | toothbrush   | 51.128 |                |        |


------- Similarity and Timing Metrics -------
Total Parameters: 228879556
Average Attack Time: 0.3002
Average L2 Norm: 0.0000
Max Difference in Images: 0.0000
------------------------------------------------


[10/30 22:36:08 d2.evaluation.testing]: copypaste: Task: bbox
[10/30 22:36:08 d2.evaluation.testing]: copypaste: AP,AP50,AP75,APs,APm,APl
[10/30 22:36:08 d2.evaluation.testing]: copypaste: 56.1507,74.7862,61.1646,38.6525,59.9308,73.0027
OrderedDict({'bbox': {'AP': 56.150670060822186, 'AP50': 74.78616731784757, 'AP75': 61.164618484200936, 'APs': 38.65249907242858, 'APm': 59.93080448914386, 'APl': 73.00265653084982, 'AP-person': 64.54156412291616, 'AP-bicycle': 40.59271701535091, 'AP-car': 54.394756644577335, 'AP-motorcycle': 55.48751533707428, 'AP-airplane': 80.45845852720097, 'AP-bus': 77.05199487841602, 'AP-train': 77.49069865094135, 'AP-truck': 49.36014947822821, 'AP-boat': 39.523778845010554, 'AP-traffic light': 34.481964279840156, 'AP-fire hydrant': 79.49763376239432, 'AP-stop sign': 74.18320672357707, 'AP-parking meter': 55.323650391554494, 'AP-bench': 39.02951381048756, 'AP-bird': 48.56465357721086, 'AP-cat': 83.25807756189434, 'AP-dog': 79.41389681104414, 'AP-horse': 71.13896396523025, 'AP-sheep': 65.18261804318303, 'AP-cow': 69.97177638171149, 'AP-elephant': 75.05753330788517, 'AP-bear': 84.27062555078074, 'AP-zebra': 78.60301805592826, 'AP-giraffe': 79.61734410812494, 'AP-backpack': 27.816305991525052, 'AP-umbrella': 55.3544704438957, 'AP-handbag': 30.39757672423244, 'AP-tie': 50.65358189427005, 'AP-suitcase': 56.00820910226354, 'AP-frisbee': 76.76931601019494, 'AP-skis': 38.20555010007291, 'AP-snowboard': 52.124130583393836, 'AP-sports ball': 57.995522113812136, 'AP-kite': 56.132329707139824, 'AP-baseball bat': 59.53908722946796, 'AP-baseball glove': 49.37143479870698, 'AP-skateboard': 65.62019735443404, 'AP-surfboard': 54.32063662279359, 'AP-tennis racket': 64.00046853554562, 'AP-bottle': 51.38435157127347, 'AP-wine glass': 47.72206284393053, 'AP-cup': 55.72901342465635, 'AP-fork': 57.9220688173951, 'AP-knife': 41.419487725642, 'AP-spoon': 39.496297162534574, 'AP-bowl': 54.15760290403632, 'AP-banana': 34.117755894347155, 'AP-apple': 34.538507334834584, 'AP-sandwich': 57.469859435955954, 'AP-orange': 41.74453023409536, 'AP-broccoli': 31.521810907842625, 'AP-carrot': 31.722432610148932, 'AP-hot dog': 62.65711557435375, 'AP-pizza': 65.46140277874424, 'AP-donut': 61.951031906550305, 'AP-cake': 54.13342639196218, 'AP-chair': 43.9270579777377, 'AP-couch': 58.04780858250383, 'AP-potted plant': 39.26829760919047, 'AP-bed': 61.09710035248133, 'AP-dining table': 39.871454079504616, 'AP-toilet': 75.81956737655717, 'AP-tv': 66.79215239210721, 'AP-laptop': 77.12517134193031, 'AP-mouse': 69.06455429538897, 'AP-remote': 52.49785373481932, 'AP-keyboard': 64.34844616064647, 'AP-cell phone': 51.871029398725064, 'AP-microwave': 71.69426768084418, 'AP-oven': 47.19649755340469, 'AP-toaster': 49.36426376627811, 'AP-sink': 49.043807795749906, 'AP-refrigerator': 72.37205894619274, 'AP-book': 27.872951993975427, 'AP-clock': 60.48714586901263, 'AP-vase': 45.40958048153191, 'AP-scissors': 54.613926010865875, 'AP-teddy bear': 61.33518792883137, 'AP-hair drier': 27.85191235668263, 'AP-toothbrush': 51.127826620197425}})
---------------------------------------
Begin Slurm Epilog: Oct-30-2024 22:36:16
Job ID:        897562
Array Job ID:  _4294967294
User ID:       zyahn3
Account:       scs
Job name:      TOG_Plus_FocalNet
Resources:     cpu=1,gres/gpu:a100=1,mem=128G,node=1
Rsrc Used:     cput=00:25:50,vmem=0,walltime=00:25:50,mem=4139704K,energy_used=0
Partition:     coc-gpu
Nodes:         atl1-1-01-005-13-0
---------------------------------------
