---------------------------------------
Begin Slurm Prolog: Oct-28-2024 13:57:14
Job ID:    892238
User ID:   zyahn3
Account:   scs
Job name:  TOG_Plus_DETA
Partition: coc-gpu
---------------------------------------
/storage/ice1/5/9/zyahn3/TOG_plus/detrex/detrex/layers/dcn_v3.py:23: FutureWarning: `torch.cuda.amp.custom_fwd(args...)` is deprecated. Please use `torch.amp.custom_fwd(args..., device_type='cuda')` instead.
  @custom_fwd
/storage/ice1/5/9/zyahn3/TOG_plus/detrex/detrex/layers/dcn_v3.py:52: FutureWarning: `torch.cuda.amp.custom_bwd(args...)` is deprecated. Please use `torch.amp.custom_bwd(args..., device_type='cuda')` instead.
  @custom_bwd
[10/28 13:57:22 detectron2]: Rank of current process: 0. World size: 1
[10/28 13:57:23 detectron2]: Environment info:
-------------------------------  ----------------------------------------------------------------------------------------
sys.platform                     linux
Python                           3.12.4 | packaged by Anaconda, Inc. | (main, Jun 18 2024, 15:12:24) [GCC 11.2.0]
numpy                            1.26.4
detectron2                       0.6 @/storage/ice1/5/9/zyahn3/TOG_plus/detrex/detectron2/detectron2
Compiler                         GCC 12.3
CUDA compiler                    not available
DETECTRON2_ENV_MODULE            <not set>
PyTorch                          2.4.1 @/home/hice1/zyahn3/.conda/envs/TOG_test/lib/python3.12/site-packages/torch
PyTorch debug build              False
torch._C._GLIBCXX_USE_CXX11_ABI  False
GPU available                    Yes
GPU 0                            NVIDIA A100 80GB PCIe (arch=8.0)
Driver version                   555.42.02
CUDA_HOME                        /usr/local/cuda
Pillow                           10.4.0
torchvision                      0.19.1 @/home/hice1/zyahn3/.conda/envs/TOG_test/lib/python3.12/site-packages/torchvision
torchvision arch flags           5.0, 6.0, 7.0, 7.5, 8.0, 8.6, 9.0
fvcore                           0.1.5.post20221221
iopath                           0.1.9
cv2                              4.10.0
-------------------------------  ----------------------------------------------------------------------------------------
PyTorch built with:
  - GCC 9.3
  - C++ Version: 201703
  - Intel(R) oneAPI Math Kernel Library Version 2023.1-Product Build 20230303 for Intel(R) 64 architecture applications
  - Intel(R) MKL-DNN v3.4.2 (Git Hash 1137e04ec0b5251ca2b4400a4fd3c667ce843d67)
  - OpenMP 201511 (a.k.a. OpenMP 4.5)
  - LAPACK is enabled (usually provided by MKL)
  - NNPACK is enabled
  - CPU capability usage: AVX2
  - CUDA Runtime 12.4
  - NVCC architecture flags: -gencode;arch=compute_50,code=sm_50;-gencode;arch=compute_60,code=sm_60;-gencode;arch=compute_61,code=sm_61;-gencode;arch=compute_70,code=sm_70;-gencode;arch=compute_75,code=sm_75;-gencode;arch=compute_80,code=sm_80;-gencode;arch=compute_86,code=sm_86;-gencode;arch=compute_90,code=sm_90
  - CuDNN 90.1
  - Magma 2.6.1
  - Build settings: BLAS_INFO=mkl, BUILD_TYPE=Release, CUDA_VERSION=12.4, CUDNN_VERSION=9.1.0, CXX_COMPILER=/opt/rh/devtoolset-9/root/usr/bin/c++, CXX_FLAGS= -D_GLIBCXX_USE_CXX11_ABI=0 -fabi-version=11 -fvisibility-inlines-hidden -DUSE_PTHREADPOOL -DNDEBUG -DUSE_KINETO -DLIBKINETO_NOROCTRACER -DUSE_FBGEMM -DUSE_PYTORCH_QNNPACK -DUSE_XNNPACK -DSYMBOLICATE_MOBILE_DEBUG_HANDLE -O2 -fPIC -Wall -Wextra -Werror=return-type -Werror=non-virtual-dtor -Werror=bool-operation -Wnarrowing -Wno-missing-field-initializers -Wno-type-limits -Wno-array-bounds -Wno-unknown-pragmas -Wno-unused-parameter -Wno-unused-function -Wno-unused-result -Wno-strict-overflow -Wno-strict-aliasing -Wno-stringop-overflow -Wsuggest-override -Wno-psabi -Wno-error=pedantic -Wno-error=old-style-cast -Wno-missing-braces -fdiagnostics-color=always -faligned-new -Wno-unused-but-set-variable -Wno-maybe-uninitialized -fno-math-errno -fno-trapping-math -Werror=format -Wno-stringop-overflow, LAPACK_INFO=mkl, PERF_WITH_AVX=1, PERF_WITH_AVX2=1, PERF_WITH_AVX512=1, TORCH_VERSION=2.4.1, USE_CUDA=ON, USE_CUDNN=ON, USE_CUSPARSELT=1, USE_EXCEPTION_PTR=1, USE_GFLAGS=OFF, USE_GLOG=OFF, USE_GLOO=ON, USE_MKL=ON, USE_MKLDNN=ON, USE_MPI=OFF, USE_NCCL=ON, USE_NNPACK=ON, USE_OPENMP=ON, USE_ROCM=OFF, USE_ROCM_KERNEL_ASSERT=OFF, 

[10/28 13:57:23 detectron2]: Command line arguments: Namespace(config_file='detrex/projects/deta/configs/deta_swin_large_finetune_24ep.py', resume=False, eval_only=True, num_gpus=1, num_machines=1, machine_rank=0, dist_url='tcp://127.0.0.1:53103', opts=['train.init_checkpoint=model_files/deta.pth', 'attack=none', 'attack_mode=none', 'sample=1.0', 'save_attack=0.0', 'save_dir='])
[10/28 13:57:23 detectron2]: Contents of args.config_file=detrex/projects/deta/configs/deta_swin_large_finetune_24ep.py:
[38;5;204mfrom[39m[38;5;15m [39m[38;5;15mdetrex[39m[38;5;15m.[39m[38;5;15mconfig[39m[38;5;15m [39m[38;5;204mimport[39m[38;5;15m [39m[38;5;15mget_config[39m
[38;5;204mfrom[39m[38;5;15m [39m[38;5;15m.[39m[38;5;15mdeta_r50_5scale_12ep[39m[38;5;15m [39m[38;5;204mimport[39m[38;5;15m [39m[38;5;15m([39m
[38;5;15m    [39m[38;5;15mtrain[39m[38;5;15m,[39m
[38;5;15m    [39m[38;5;15moptimizer[39m[38;5;15m,[39m
[38;5;15m)[39m

[38;5;204mfrom[39m[38;5;15m [39m[38;5;15m.[39m[38;5;15mmodels[39m[38;5;15m.[39m[38;5;15mdeta_swin[39m[38;5;15m [39m[38;5;204mimport[39m[38;5;15m [39m[38;5;15mmodel[39m
[38;5;204mfrom[39m[38;5;15m [39m[38;5;15m.[39m[38;5;15mdata[39m[38;5;15m.[39m[38;5;15mcoco_detr_larger[39m[38;5;15m [39m[38;5;204mimport[39m[38;5;15m [39m[38;5;15mdataloader[39m

[38;5;245m# 24ep for finetuning[39m
[38;5;15mlr_multiplier[39m[38;5;15m [39m[38;5;204m=[39m[38;5;15m [39m[38;5;15mget_config[39m[38;5;15m([39m[38;5;186m"[39m[38;5;186mcommon/coco_schedule.py[39m[38;5;186m"[39m[38;5;15m)[39m[38;5;204m.[39m[38;5;15mlr_multiplier_24ep[39m

[38;5;245m# modify learning rate[39m
[38;5;15moptimizer[39m[38;5;204m.[39m[38;5;15mlr[39m[38;5;15m [39m[38;5;204m=[39m[38;5;15m [39m[38;5;141m5e-5[39m
[38;5;15moptimizer[39m[38;5;204m.[39m[38;5;15mparams[39m[38;5;204m.[39m[38;5;15mlr_factor_func[39m[38;5;15m [39m[38;5;204m=[39m[38;5;15m [39m[38;5;81mlambda[39m[38;5;15m [39m[38;5;15mmodule_name[39m[38;5;15m:[39m[38;5;15m [39m[38;5;141m0.1[39m[38;5;15m [39m[38;5;81mif[39m[38;5;15m [39m[38;5;186m"[39m[38;5;186mbackbone[39m[38;5;186m"[39m[38;5;15m [39m[38;5;204min[39m[38;5;15m [39m[38;5;15mmodule_name[39m[38;5;15m [39m[38;5;81melse[39m[38;5;15m [39m[38;5;141m1[39m

[38;5;15mattack[39m[38;5;204m=[39m[38;5;81mNone[39m
[38;5;15mattack_mode[39m[38;5;204m=[39m[38;5;81mNone[39m
[38;5;15msample[39m[38;5;204m=[39m[38;5;141m1.0[39m

WARNING [10/28 13:57:23 d2.config.lazy]: The config contains objects that cannot serialize to a valid yaml. ./output/deta_r50_5scale_12ep/config.yaml is human-readable but cannot be loaded.
WARNING [10/28 13:57:23 d2.config.lazy]: Config is saved using cloudpickle at ./output/deta_r50_5scale_12ep/config.yaml.pkl.
[10/28 13:57:23 detectron2]: Full config saved to ./output/deta_r50_5scale_12ep/config.yaml
[10/28 13:57:23 d2.utils.env]: Using a generated random seed 25993024
/home/hice1/zyahn3/.conda/envs/TOG_test/lib/python3.12/site-packages/torch/functional.py:513: UserWarning: torch.meshgrid: in an upcoming release, it will be required to pass the indexing argument. (Triggered internally at /opt/conda/conda-bld/pytorch_1724789220573/work/aten/src/ATen/native/TensorShape.cpp:3609.)
  return _VF.meshgrid(tensors, **kwargs)  # type: ignore[attr-defined]
[10/28 13:57:27 d2.checkpoint.detection_checkpoint]: [DetectionCheckpointer] Loading from model_files/deta.pth ...
[10/28 13:57:27 fvcore.common.checkpoint]: [Checkpointer] Loading from model_files/deta.pth ...
/home/hice1/zyahn3/.conda/envs/TOG_test/lib/python3.12/site-packages/fvcore/common/checkpoint.py:252: FutureWarning: You are using `torch.load` with `weights_only=False` (the current default value), which uses the default pickle module implicitly. It is possible to construct malicious pickle data which will execute arbitrary code during unpickling (See https://github.com/pytorch/pytorch/blob/main/SECURITY.md#untrusted-models for more details). In a future release, the default value for `weights_only` will be flipped to `True`. This limits the functions that could be executed during unpickling. Arbitrary objects will no longer be allowed to be loaded via this mode unless they are explicitly allowlisted by the user via `torch.serialization.add_safe_globals`. We recommend you start setting `weights_only=True` for any use case where you don't have full control of the loaded file. Please open an issue on GitHub for any issues related to this experimental feature.
  return torch.load(f, map_location=torch.device("cpu"))
[10/28 13:57:27 detectron2]: Run evaluation under eval-only mode
[10/28 13:57:27 detectron2]: Run evaluation without EMA.
[10/28 13:57:27 d2.data.datasets.coco]: Loaded 5000 images in COCO format from /home/hice1/zyahn3/scratch/TOG_plus/datasets/dino_r50_attacks/coco/annotations/instances_val2017.json
[10/28 13:57:28 d2.data.build]: Distribution of instances among all 80 categories:
|   category    | #instances   |   category   | #instances   |   category    | #instances   |
|:-------------:|:-------------|:------------:|:-------------|:-------------:|:-------------|
|    person     | 10777        |   bicycle    | 314          |      car      | 1918         |
|  motorcycle   | 367          |   airplane   | 143          |      bus      | 283          |
|     train     | 190          |    truck     | 414          |     boat      | 424          |
| traffic light | 634          | fire hydrant | 101          |   stop sign   | 75           |
| parking meter | 60           |    bench     | 411          |     bird      | 427          |
|      cat      | 202          |     dog      | 218          |     horse     | 272          |
|     sheep     | 354          |     cow      | 372          |   elephant    | 252          |
|     bear      | 71           |    zebra     | 266          |    giraffe    | 232          |
|   backpack    | 371          |   umbrella   | 407          |    handbag    | 540          |
|      tie      | 252          |   suitcase   | 299          |    frisbee    | 115          |
|     skis      | 241          |  snowboard   | 69           |  sports ball  | 260          |
|     kite      | 327          | baseball bat | 145          | baseball gl.. | 148          |
|  skateboard   | 179          |  surfboard   | 267          | tennis racket | 225          |
|    bottle     | 1013         |  wine glass  | 341          |      cup      | 895          |
|     fork      | 215          |    knife     | 325          |     spoon     | 253          |
|     bowl      | 623          |    banana    | 370          |     apple     | 236          |
|   sandwich    | 177          |    orange    | 285          |   broccoli    | 312          |
|    carrot     | 365          |   hot dog    | 125          |     pizza     | 284          |
|     donut     | 328          |     cake     | 310          |     chair     | 1771         |
|     couch     | 261          | potted plant | 342          |      bed      | 163          |
| dining table  | 695          |    toilet    | 179          |      tv       | 288          |
|    laptop     | 231          |    mouse     | 106          |    remote     | 283          |
|   keyboard    | 153          |  cell phone  | 262          |   microwave   | 55           |
|     oven      | 143          |   toaster    | 9            |     sink      | 225          |
| refrigerator  | 126          |     book     | 1129         |     clock     | 267          |
|     vase      | 274          |   scissors   | 36           |  teddy bear   | 190          |
|  hair drier   | 11           |  toothbrush  | 57           |               |              |
|     total     | 36335        |              |              |               |              |
[10/28 13:57:28 d2.data.common]: Serializing the dataset using: <class 'detectron2.data.common._TorchSerializedList'>
[10/28 13:57:28 d2.data.common]: Serializing 5000 elements to byte tensors and concatenating them all ...
[10/28 13:57:28 d2.data.common]: Serialized dataset takes 19.35 MiB
/home/hice1/zyahn3/.conda/envs/TOG_test/lib/python3.12/site-packages/torch/utils/data/dataloader.py:557: UserWarning: This DataLoader will create 4 worker processes in total. Our suggested max number of worker in current system is 1, which is smaller than what this DataLoader is going to create. Please be aware that excessive worker creation might get DataLoader running slow or even freeze, lower the worker number to avoid potential slowness/freeze if necessary.
  warnings.warn(_create_warning_msg(
[10/28 13:57:28 d2.evaluation.evaluator]: Start inference on 5000 batches
Doing attack: None
[10/28 13:57:36 d2.evaluation.evaluator]: Inference done 11/5000. Dataloading: 0.0158 s/iter. Inference: 0.3554 s/iter. Eval: 0.0002 s/iter. Total: 0.3714 s/iter. ETA=0:30:52
[10/28 13:57:41 d2.evaluation.evaluator]: Inference done 25/5000. Dataloading: 0.0183 s/iter. Inference: 0.3515 s/iter. Eval: 0.0002 s/iter. Total: 0.3701 s/iter. ETA=0:30:41
[10/28 13:57:47 d2.evaluation.evaluator]: Inference done 39/5000. Dataloading: 0.0185 s/iter. Inference: 0.3542 s/iter. Eval: 0.0002 s/iter. Total: 0.3730 s/iter. ETA=0:30:50
[10/28 13:57:52 d2.evaluation.evaluator]: Inference done 53/5000. Dataloading: 0.0188 s/iter. Inference: 0.3553 s/iter. Eval: 0.0002 s/iter. Total: 0.3744 s/iter. ETA=0:30:52
[10/28 13:57:57 d2.evaluation.evaluator]: Inference done 67/5000. Dataloading: 0.0190 s/iter. Inference: 0.3575 s/iter. Eval: 0.0002 s/iter. Total: 0.3768 s/iter. ETA=0:30:58
[10/28 13:58:03 d2.evaluation.evaluator]: Inference done 81/5000. Dataloading: 0.0191 s/iter. Inference: 0.3568 s/iter. Eval: 0.0002 s/iter. Total: 0.3762 s/iter. ETA=0:30:50
[10/28 13:58:08 d2.evaluation.evaluator]: Inference done 95/5000. Dataloading: 0.0192 s/iter. Inference: 0.3551 s/iter. Eval: 0.0002 s/iter. Total: 0.3746 s/iter. ETA=0:30:37
[10/28 13:58:13 d2.evaluation.evaluator]: Inference done 109/5000. Dataloading: 0.0192 s/iter. Inference: 0.3538 s/iter. Eval: 0.0002 s/iter. Total: 0.3733 s/iter. ETA=0:30:25
[10/28 13:58:18 d2.evaluation.evaluator]: Inference done 123/5000. Dataloading: 0.0192 s/iter. Inference: 0.3545 s/iter. Eval: 0.0002 s/iter. Total: 0.3740 s/iter. ETA=0:30:24
[10/28 13:58:23 d2.evaluation.evaluator]: Inference done 136/5000. Dataloading: 0.0193 s/iter. Inference: 0.3559 s/iter. Eval: 0.0002 s/iter. Total: 0.3754 s/iter. ETA=0:30:26
[10/28 13:58:28 d2.evaluation.evaluator]: Inference done 149/5000. Dataloading: 0.0192 s/iter. Inference: 0.3570 s/iter. Eval: 0.0002 s/iter. Total: 0.3765 s/iter. ETA=0:30:26
[10/28 13:58:33 d2.evaluation.evaluator]: Inference done 162/5000. Dataloading: 0.0192 s/iter. Inference: 0.3579 s/iter. Eval: 0.0002 s/iter. Total: 0.3773 s/iter. ETA=0:30:25
[10/28 13:58:38 d2.evaluation.evaluator]: Inference done 176/5000. Dataloading: 0.0192 s/iter. Inference: 0.3571 s/iter. Eval: 0.0002 s/iter. Total: 0.3766 s/iter. ETA=0:30:16
[10/28 13:58:44 d2.evaluation.evaluator]: Inference done 190/5000. Dataloading: 0.0192 s/iter. Inference: 0.3577 s/iter. Eval: 0.0002 s/iter. Total: 0.3773 s/iter. ETA=0:30:14
[10/28 13:58:49 d2.evaluation.evaluator]: Inference done 204/5000. Dataloading: 0.0192 s/iter. Inference: 0.3576 s/iter. Eval: 0.0002 s/iter. Total: 0.3771 s/iter. ETA=0:30:08
[10/28 13:58:54 d2.evaluation.evaluator]: Inference done 218/5000. Dataloading: 0.0193 s/iter. Inference: 0.3575 s/iter. Eval: 0.0002 s/iter. Total: 0.3771 s/iter. ETA=0:30:03
[10/28 13:59:00 d2.evaluation.evaluator]: Inference done 232/5000. Dataloading: 0.0193 s/iter. Inference: 0.3578 s/iter. Eval: 0.0002 s/iter. Total: 0.3775 s/iter. ETA=0:29:59
[10/28 13:59:05 d2.evaluation.evaluator]: Inference done 245/5000. Dataloading: 0.0192 s/iter. Inference: 0.3586 s/iter. Eval: 0.0002 s/iter. Total: 0.3781 s/iter. ETA=0:29:57
[10/28 13:59:10 d2.evaluation.evaluator]: Inference done 258/5000. Dataloading: 0.0191 s/iter. Inference: 0.3590 s/iter. Eval: 0.0002 s/iter. Total: 0.3784 s/iter. ETA=0:29:54
[10/28 13:59:15 d2.evaluation.evaluator]: Inference done 272/5000. Dataloading: 0.0191 s/iter. Inference: 0.3585 s/iter. Eval: 0.0002 s/iter. Total: 0.3780 s/iter. ETA=0:29:47
[10/28 13:59:20 d2.evaluation.evaluator]: Inference done 285/5000. Dataloading: 0.0192 s/iter. Inference: 0.3590 s/iter. Eval: 0.0002 s/iter. Total: 0.3785 s/iter. ETA=0:29:44
[10/28 13:59:25 d2.evaluation.evaluator]: Inference done 298/5000. Dataloading: 0.0192 s/iter. Inference: 0.3593 s/iter. Eval: 0.0002 s/iter. Total: 0.3788 s/iter. ETA=0:29:41
[10/28 13:59:30 d2.evaluation.evaluator]: Inference done 312/5000. Dataloading: 0.0191 s/iter. Inference: 0.3594 s/iter. Eval: 0.0002 s/iter. Total: 0.3789 s/iter. ETA=0:29:36
[10/28 13:59:35 d2.evaluation.evaluator]: Inference done 325/5000. Dataloading: 0.0191 s/iter. Inference: 0.3598 s/iter. Eval: 0.0002 s/iter. Total: 0.3791 s/iter. ETA=0:29:32
[10/28 13:59:40 d2.evaluation.evaluator]: Inference done 338/5000. Dataloading: 0.0191 s/iter. Inference: 0.3602 s/iter. Eval: 0.0002 s/iter. Total: 0.3797 s/iter. ETA=0:29:29
[10/28 13:59:45 d2.evaluation.evaluator]: Inference done 351/5000. Dataloading: 0.0191 s/iter. Inference: 0.3607 s/iter. Eval: 0.0002 s/iter. Total: 0.3802 s/iter. ETA=0:29:27
[10/28 13:59:51 d2.evaluation.evaluator]: Inference done 365/5000. Dataloading: 0.0191 s/iter. Inference: 0.3608 s/iter. Eval: 0.0002 s/iter. Total: 0.3802 s/iter. ETA=0:29:22
[10/28 13:59:56 d2.evaluation.evaluator]: Inference done 378/5000. Dataloading: 0.0191 s/iter. Inference: 0.3611 s/iter. Eval: 0.0002 s/iter. Total: 0.3805 s/iter. ETA=0:29:18
[10/28 14:00:01 d2.evaluation.evaluator]: Inference done 392/5000. Dataloading: 0.0191 s/iter. Inference: 0.3606 s/iter. Eval: 0.0002 s/iter. Total: 0.3801 s/iter. ETA=0:29:11
[10/28 14:00:06 d2.evaluation.evaluator]: Inference done 406/5000. Dataloading: 0.0191 s/iter. Inference: 0.3607 s/iter. Eval: 0.0002 s/iter. Total: 0.3801 s/iter. ETA=0:29:06
[10/28 14:00:12 d2.evaluation.evaluator]: Inference done 420/5000. Dataloading: 0.0191 s/iter. Inference: 0.3606 s/iter. Eval: 0.0002 s/iter. Total: 0.3800 s/iter. ETA=0:29:00
[10/28 14:00:17 d2.evaluation.evaluator]: Inference done 433/5000. Dataloading: 0.0191 s/iter. Inference: 0.3608 s/iter. Eval: 0.0002 s/iter. Total: 0.3802 s/iter. ETA=0:28:56
[10/28 14:00:22 d2.evaluation.evaluator]: Inference done 446/5000. Dataloading: 0.0191 s/iter. Inference: 0.3611 s/iter. Eval: 0.0002 s/iter. Total: 0.3805 s/iter. ETA=0:28:53
[10/28 14:00:27 d2.evaluation.evaluator]: Inference done 460/5000. Dataloading: 0.0191 s/iter. Inference: 0.3609 s/iter. Eval: 0.0002 s/iter. Total: 0.3804 s/iter. ETA=0:28:46
[10/28 14:00:32 d2.evaluation.evaluator]: Inference done 473/5000. Dataloading: 0.0191 s/iter. Inference: 0.3614 s/iter. Eval: 0.0002 s/iter. Total: 0.3808 s/iter. ETA=0:28:43
[10/28 14:00:38 d2.evaluation.evaluator]: Inference done 487/5000. Dataloading: 0.0191 s/iter. Inference: 0.3615 s/iter. Eval: 0.0002 s/iter. Total: 0.3809 s/iter. ETA=0:28:38
[10/28 14:00:43 d2.evaluation.evaluator]: Inference done 501/5000. Dataloading: 0.0191 s/iter. Inference: 0.3613 s/iter. Eval: 0.0002 s/iter. Total: 0.3807 s/iter. ETA=0:28:32
[10/28 14:00:48 d2.evaluation.evaluator]: Inference done 515/5000. Dataloading: 0.0191 s/iter. Inference: 0.3609 s/iter. Eval: 0.0002 s/iter. Total: 0.3803 s/iter. ETA=0:28:25
[10/28 14:00:53 d2.evaluation.evaluator]: Inference done 529/5000. Dataloading: 0.0191 s/iter. Inference: 0.3610 s/iter. Eval: 0.0002 s/iter. Total: 0.3804 s/iter. ETA=0:28:20
[10/28 14:00:59 d2.evaluation.evaluator]: Inference done 543/5000. Dataloading: 0.0191 s/iter. Inference: 0.3609 s/iter. Eval: 0.0002 s/iter. Total: 0.3803 s/iter. ETA=0:28:15
[10/28 14:01:04 d2.evaluation.evaluator]: Inference done 557/5000. Dataloading: 0.0191 s/iter. Inference: 0.3606 s/iter. Eval: 0.0002 s/iter. Total: 0.3800 s/iter. ETA=0:28:08
[10/28 14:01:09 d2.evaluation.evaluator]: Inference done 571/5000. Dataloading: 0.0191 s/iter. Inference: 0.3607 s/iter. Eval: 0.0002 s/iter. Total: 0.3801 s/iter. ETA=0:28:03
[10/28 14:01:14 d2.evaluation.evaluator]: Inference done 585/5000. Dataloading: 0.0191 s/iter. Inference: 0.3606 s/iter. Eval: 0.0002 s/iter. Total: 0.3800 s/iter. ETA=0:27:57
[10/28 14:01:20 d2.evaluation.evaluator]: Inference done 599/5000. Dataloading: 0.0191 s/iter. Inference: 0.3603 s/iter. Eval: 0.0002 s/iter. Total: 0.3798 s/iter. ETA=0:27:51
[10/28 14:01:25 d2.evaluation.evaluator]: Inference done 613/5000. Dataloading: 0.0191 s/iter. Inference: 0.3603 s/iter. Eval: 0.0002 s/iter. Total: 0.3798 s/iter. ETA=0:27:46
[10/28 14:01:30 d2.evaluation.evaluator]: Inference done 626/5000. Dataloading: 0.0192 s/iter. Inference: 0.3606 s/iter. Eval: 0.0002 s/iter. Total: 0.3801 s/iter. ETA=0:27:42
[10/28 14:01:35 d2.evaluation.evaluator]: Inference done 640/5000. Dataloading: 0.0192 s/iter. Inference: 0.3605 s/iter. Eval: 0.0002 s/iter. Total: 0.3800 s/iter. ETA=0:27:36
[10/28 14:01:40 d2.evaluation.evaluator]: Inference done 654/5000. Dataloading: 0.0192 s/iter. Inference: 0.3603 s/iter. Eval: 0.0002 s/iter. Total: 0.3798 s/iter. ETA=0:27:30
[10/28 14:01:46 d2.evaluation.evaluator]: Inference done 668/5000. Dataloading: 0.0192 s/iter. Inference: 0.3603 s/iter. Eval: 0.0002 s/iter. Total: 0.3798 s/iter. ETA=0:27:25
[10/28 14:01:51 d2.evaluation.evaluator]: Inference done 681/5000. Dataloading: 0.0192 s/iter. Inference: 0.3605 s/iter. Eval: 0.0002 s/iter. Total: 0.3800 s/iter. ETA=0:27:21
[10/28 14:01:56 d2.evaluation.evaluator]: Inference done 694/5000. Dataloading: 0.0192 s/iter. Inference: 0.3606 s/iter. Eval: 0.0002 s/iter. Total: 0.3801 s/iter. ETA=0:27:16
[10/28 14:02:01 d2.evaluation.evaluator]: Inference done 708/5000. Dataloading: 0.0192 s/iter. Inference: 0.3607 s/iter. Eval: 0.0002 s/iter. Total: 0.3802 s/iter. ETA=0:27:11
[10/28 14:02:06 d2.evaluation.evaluator]: Inference done 721/5000. Dataloading: 0.0192 s/iter. Inference: 0.3609 s/iter. Eval: 0.0002 s/iter. Total: 0.3804 s/iter. ETA=0:27:07
[10/28 14:02:11 d2.evaluation.evaluator]: Inference done 735/5000. Dataloading: 0.0192 s/iter. Inference: 0.3607 s/iter. Eval: 0.0002 s/iter. Total: 0.3802 s/iter. ETA=0:27:01
[10/28 14:02:17 d2.evaluation.evaluator]: Inference done 748/5000. Dataloading: 0.0192 s/iter. Inference: 0.3608 s/iter. Eval: 0.0002 s/iter. Total: 0.3803 s/iter. ETA=0:26:57
[10/28 14:02:22 d2.evaluation.evaluator]: Inference done 761/5000. Dataloading: 0.0192 s/iter. Inference: 0.3611 s/iter. Eval: 0.0002 s/iter. Total: 0.3806 s/iter. ETA=0:26:53
[10/28 14:02:27 d2.evaluation.evaluator]: Inference done 774/5000. Dataloading: 0.0192 s/iter. Inference: 0.3612 s/iter. Eval: 0.0002 s/iter. Total: 0.3807 s/iter. ETA=0:26:48
[10/28 14:02:32 d2.evaluation.evaluator]: Inference done 787/5000. Dataloading: 0.0192 s/iter. Inference: 0.3613 s/iter. Eval: 0.0002 s/iter. Total: 0.3808 s/iter. ETA=0:26:44
[10/28 14:02:37 d2.evaluation.evaluator]: Inference done 801/5000. Dataloading: 0.0192 s/iter. Inference: 0.3612 s/iter. Eval: 0.0002 s/iter. Total: 0.3806 s/iter. ETA=0:26:38
[10/28 14:02:42 d2.evaluation.evaluator]: Inference done 815/5000. Dataloading: 0.0192 s/iter. Inference: 0.3612 s/iter. Eval: 0.0002 s/iter. Total: 0.3807 s/iter. ETA=0:26:33
[10/28 14:02:48 d2.evaluation.evaluator]: Inference done 829/5000. Dataloading: 0.0192 s/iter. Inference: 0.3612 s/iter. Eval: 0.0002 s/iter. Total: 0.3806 s/iter. ETA=0:26:27
[10/28 14:02:53 d2.evaluation.evaluator]: Inference done 843/5000. Dataloading: 0.0192 s/iter. Inference: 0.3611 s/iter. Eval: 0.0002 s/iter. Total: 0.3806 s/iter. ETA=0:26:22
[10/28 14:02:58 d2.evaluation.evaluator]: Inference done 857/5000. Dataloading: 0.0192 s/iter. Inference: 0.3611 s/iter. Eval: 0.0002 s/iter. Total: 0.3806 s/iter. ETA=0:26:16
[10/28 14:03:04 d2.evaluation.evaluator]: Inference done 871/5000. Dataloading: 0.0192 s/iter. Inference: 0.3612 s/iter. Eval: 0.0002 s/iter. Total: 0.3807 s/iter. ETA=0:26:11
[10/28 14:03:09 d2.evaluation.evaluator]: Inference done 885/5000. Dataloading: 0.0192 s/iter. Inference: 0.3612 s/iter. Eval: 0.0002 s/iter. Total: 0.3806 s/iter. ETA=0:26:06
[10/28 14:03:14 d2.evaluation.evaluator]: Inference done 899/5000. Dataloading: 0.0192 s/iter. Inference: 0.3611 s/iter. Eval: 0.0002 s/iter. Total: 0.3806 s/iter. ETA=0:26:00
[10/28 14:03:19 d2.evaluation.evaluator]: Inference done 913/5000. Dataloading: 0.0192 s/iter. Inference: 0.3609 s/iter. Eval: 0.0002 s/iter. Total: 0.3804 s/iter. ETA=0:25:54
[10/28 14:03:25 d2.evaluation.evaluator]: Inference done 927/5000. Dataloading: 0.0192 s/iter. Inference: 0.3609 s/iter. Eval: 0.0002 s/iter. Total: 0.3804 s/iter. ETA=0:25:49
[10/28 14:03:30 d2.evaluation.evaluator]: Inference done 941/5000. Dataloading: 0.0192 s/iter. Inference: 0.3609 s/iter. Eval: 0.0002 s/iter. Total: 0.3804 s/iter. ETA=0:25:44
[10/28 14:03:35 d2.evaluation.evaluator]: Inference done 954/5000. Dataloading: 0.0192 s/iter. Inference: 0.3610 s/iter. Eval: 0.0002 s/iter. Total: 0.3805 s/iter. ETA=0:25:39
[10/28 14:03:40 d2.evaluation.evaluator]: Inference done 968/5000. Dataloading: 0.0192 s/iter. Inference: 0.3610 s/iter. Eval: 0.0002 s/iter. Total: 0.3805 s/iter. ETA=0:25:34
[10/28 14:03:46 d2.evaluation.evaluator]: Inference done 982/5000. Dataloading: 0.0192 s/iter. Inference: 0.3608 s/iter. Eval: 0.0002 s/iter. Total: 0.3803 s/iter. ETA=0:25:28
[10/28 14:03:51 d2.evaluation.evaluator]: Inference done 996/5000. Dataloading: 0.0192 s/iter. Inference: 0.3608 s/iter. Eval: 0.0002 s/iter. Total: 0.3803 s/iter. ETA=0:25:22
[10/28 14:03:56 d2.evaluation.evaluator]: Inference done 1010/5000. Dataloading: 0.0192 s/iter. Inference: 0.3608 s/iter. Eval: 0.0002 s/iter. Total: 0.3803 s/iter. ETA=0:25:17
[10/28 14:04:01 d2.evaluation.evaluator]: Inference done 1024/5000. Dataloading: 0.0192 s/iter. Inference: 0.3606 s/iter. Eval: 0.0002 s/iter. Total: 0.3801 s/iter. ETA=0:25:11
[10/28 14:04:07 d2.evaluation.evaluator]: Inference done 1038/5000. Dataloading: 0.0192 s/iter. Inference: 0.3606 s/iter. Eval: 0.0002 s/iter. Total: 0.3801 s/iter. ETA=0:25:05
[10/28 14:04:12 d2.evaluation.evaluator]: Inference done 1052/5000. Dataloading: 0.0192 s/iter. Inference: 0.3606 s/iter. Eval: 0.0002 s/iter. Total: 0.3801 s/iter. ETA=0:25:00
[10/28 14:04:17 d2.evaluation.evaluator]: Inference done 1065/5000. Dataloading: 0.0192 s/iter. Inference: 0.3607 s/iter. Eval: 0.0002 s/iter. Total: 0.3802 s/iter. ETA=0:24:56
[10/28 14:04:22 d2.evaluation.evaluator]: Inference done 1079/5000. Dataloading: 0.0192 s/iter. Inference: 0.3608 s/iter. Eval: 0.0002 s/iter. Total: 0.3803 s/iter. ETA=0:24:50
[10/28 14:04:28 d2.evaluation.evaluator]: Inference done 1093/5000. Dataloading: 0.0192 s/iter. Inference: 0.3608 s/iter. Eval: 0.0002 s/iter. Total: 0.3802 s/iter. ETA=0:24:45
[10/28 14:04:33 d2.evaluation.evaluator]: Inference done 1107/5000. Dataloading: 0.0192 s/iter. Inference: 0.3608 s/iter. Eval: 0.0002 s/iter. Total: 0.3803 s/iter. ETA=0:24:40
[10/28 14:04:38 d2.evaluation.evaluator]: Inference done 1121/5000. Dataloading: 0.0192 s/iter. Inference: 0.3607 s/iter. Eval: 0.0002 s/iter. Total: 0.3802 s/iter. ETA=0:24:34
[10/28 14:04:43 d2.evaluation.evaluator]: Inference done 1134/5000. Dataloading: 0.0192 s/iter. Inference: 0.3609 s/iter. Eval: 0.0002 s/iter. Total: 0.3804 s/iter. ETA=0:24:30
[10/28 14:04:49 d2.evaluation.evaluator]: Inference done 1148/5000. Dataloading: 0.0192 s/iter. Inference: 0.3609 s/iter. Eval: 0.0002 s/iter. Total: 0.3804 s/iter. ETA=0:24:25
[10/28 14:04:54 d2.evaluation.evaluator]: Inference done 1161/5000. Dataloading: 0.0192 s/iter. Inference: 0.3609 s/iter. Eval: 0.0002 s/iter. Total: 0.3805 s/iter. ETA=0:24:20
[10/28 14:04:59 d2.evaluation.evaluator]: Inference done 1174/5000. Dataloading: 0.0192 s/iter. Inference: 0.3610 s/iter. Eval: 0.0002 s/iter. Total: 0.3806 s/iter. ETA=0:24:16
[10/28 14:05:04 d2.evaluation.evaluator]: Inference done 1188/5000. Dataloading: 0.0192 s/iter. Inference: 0.3611 s/iter. Eval: 0.0002 s/iter. Total: 0.3806 s/iter. ETA=0:24:10
[10/28 14:05:10 d2.evaluation.evaluator]: Inference done 1202/5000. Dataloading: 0.0192 s/iter. Inference: 0.3611 s/iter. Eval: 0.0002 s/iter. Total: 0.3806 s/iter. ETA=0:24:05
[10/28 14:05:15 d2.evaluation.evaluator]: Inference done 1216/5000. Dataloading: 0.0192 s/iter. Inference: 0.3610 s/iter. Eval: 0.0002 s/iter. Total: 0.3806 s/iter. ETA=0:24:00
[10/28 14:05:20 d2.evaluation.evaluator]: Inference done 1230/5000. Dataloading: 0.0192 s/iter. Inference: 0.3611 s/iter. Eval: 0.0002 s/iter. Total: 0.3806 s/iter. ETA=0:23:54
[10/28 14:05:25 d2.evaluation.evaluator]: Inference done 1244/5000. Dataloading: 0.0192 s/iter. Inference: 0.3610 s/iter. Eval: 0.0002 s/iter. Total: 0.3805 s/iter. ETA=0:23:49
[10/28 14:05:31 d2.evaluation.evaluator]: Inference done 1258/5000. Dataloading: 0.0193 s/iter. Inference: 0.3609 s/iter. Eval: 0.0002 s/iter. Total: 0.3805 s/iter. ETA=0:23:43
[10/28 14:05:36 d2.evaluation.evaluator]: Inference done 1272/5000. Dataloading: 0.0192 s/iter. Inference: 0.3608 s/iter. Eval: 0.0002 s/iter. Total: 0.3804 s/iter. ETA=0:23:37
[10/28 14:05:41 d2.evaluation.evaluator]: Inference done 1285/5000. Dataloading: 0.0192 s/iter. Inference: 0.3609 s/iter. Eval: 0.0002 s/iter. Total: 0.3805 s/iter. ETA=0:23:33
[10/28 14:05:46 d2.evaluation.evaluator]: Inference done 1299/5000. Dataloading: 0.0192 s/iter. Inference: 0.3608 s/iter. Eval: 0.0002 s/iter. Total: 0.3804 s/iter. ETA=0:23:27
[10/28 14:05:51 d2.evaluation.evaluator]: Inference done 1313/5000. Dataloading: 0.0192 s/iter. Inference: 0.3608 s/iter. Eval: 0.0002 s/iter. Total: 0.3803 s/iter. ETA=0:23:22
[10/28 14:05:57 d2.evaluation.evaluator]: Inference done 1327/5000. Dataloading: 0.0192 s/iter. Inference: 0.3607 s/iter. Eval: 0.0002 s/iter. Total: 0.3802 s/iter. ETA=0:23:16
[10/28 14:06:02 d2.evaluation.evaluator]: Inference done 1340/5000. Dataloading: 0.0192 s/iter. Inference: 0.3607 s/iter. Eval: 0.0002 s/iter. Total: 0.3803 s/iter. ETA=0:23:11
[10/28 14:06:07 d2.evaluation.evaluator]: Inference done 1354/5000. Dataloading: 0.0192 s/iter. Inference: 0.3607 s/iter. Eval: 0.0002 s/iter. Total: 0.3802 s/iter. ETA=0:23:06
[10/28 14:06:12 d2.evaluation.evaluator]: Inference done 1367/5000. Dataloading: 0.0192 s/iter. Inference: 0.3608 s/iter. Eval: 0.0002 s/iter. Total: 0.3803 s/iter. ETA=0:23:01
[10/28 14:06:17 d2.evaluation.evaluator]: Inference done 1381/5000. Dataloading: 0.0192 s/iter. Inference: 0.3607 s/iter. Eval: 0.0002 s/iter. Total: 0.3802 s/iter. ETA=0:22:56
[10/28 14:06:22 d2.evaluation.evaluator]: Inference done 1395/5000. Dataloading: 0.0192 s/iter. Inference: 0.3606 s/iter. Eval: 0.0002 s/iter. Total: 0.3801 s/iter. ETA=0:22:50
[10/28 14:06:28 d2.evaluation.evaluator]: Inference done 1409/5000. Dataloading: 0.0192 s/iter. Inference: 0.3605 s/iter. Eval: 0.0002 s/iter. Total: 0.3800 s/iter. ETA=0:22:44
[10/28 14:06:33 d2.evaluation.evaluator]: Inference done 1423/5000. Dataloading: 0.0192 s/iter. Inference: 0.3604 s/iter. Eval: 0.0002 s/iter. Total: 0.3799 s/iter. ETA=0:22:39
[10/28 14:06:38 d2.evaluation.evaluator]: Inference done 1437/5000. Dataloading: 0.0192 s/iter. Inference: 0.3604 s/iter. Eval: 0.0002 s/iter. Total: 0.3799 s/iter. ETA=0:22:33
[10/28 14:06:43 d2.evaluation.evaluator]: Inference done 1451/5000. Dataloading: 0.0192 s/iter. Inference: 0.3604 s/iter. Eval: 0.0002 s/iter. Total: 0.3799 s/iter. ETA=0:22:28
[10/28 14:06:48 d2.evaluation.evaluator]: Inference done 1465/5000. Dataloading: 0.0192 s/iter. Inference: 0.3603 s/iter. Eval: 0.0002 s/iter. Total: 0.3798 s/iter. ETA=0:22:22
[10/28 14:06:54 d2.evaluation.evaluator]: Inference done 1479/5000. Dataloading: 0.0192 s/iter. Inference: 0.3602 s/iter. Eval: 0.0002 s/iter. Total: 0.3797 s/iter. ETA=0:22:16
[10/28 14:06:59 d2.evaluation.evaluator]: Inference done 1493/5000. Dataloading: 0.0192 s/iter. Inference: 0.3602 s/iter. Eval: 0.0002 s/iter. Total: 0.3797 s/iter. ETA=0:22:11
[10/28 14:07:04 d2.evaluation.evaluator]: Inference done 1507/5000. Dataloading: 0.0192 s/iter. Inference: 0.3600 s/iter. Eval: 0.0002 s/iter. Total: 0.3795 s/iter. ETA=0:22:05
[10/28 14:07:09 d2.evaluation.evaluator]: Inference done 1521/5000. Dataloading: 0.0192 s/iter. Inference: 0.3599 s/iter. Eval: 0.0002 s/iter. Total: 0.3794 s/iter. ETA=0:22:00
[10/28 14:07:14 d2.evaluation.evaluator]: Inference done 1535/5000. Dataloading: 0.0193 s/iter. Inference: 0.3599 s/iter. Eval: 0.0002 s/iter. Total: 0.3794 s/iter. ETA=0:21:54
[10/28 14:07:20 d2.evaluation.evaluator]: Inference done 1549/5000. Dataloading: 0.0192 s/iter. Inference: 0.3599 s/iter. Eval: 0.0002 s/iter. Total: 0.3795 s/iter. ETA=0:21:49
[10/28 14:07:25 d2.evaluation.evaluator]: Inference done 1563/5000. Dataloading: 0.0192 s/iter. Inference: 0.3599 s/iter. Eval: 0.0002 s/iter. Total: 0.3795 s/iter. ETA=0:21:44
[10/28 14:07:30 d2.evaluation.evaluator]: Inference done 1577/5000. Dataloading: 0.0192 s/iter. Inference: 0.3599 s/iter. Eval: 0.0002 s/iter. Total: 0.3795 s/iter. ETA=0:21:38
[10/28 14:07:36 d2.evaluation.evaluator]: Inference done 1590/5000. Dataloading: 0.0193 s/iter. Inference: 0.3600 s/iter. Eval: 0.0002 s/iter. Total: 0.3796 s/iter. ETA=0:21:34
[10/28 14:07:41 d2.evaluation.evaluator]: Inference done 1604/5000. Dataloading: 0.0193 s/iter. Inference: 0.3600 s/iter. Eval: 0.0002 s/iter. Total: 0.3795 s/iter. ETA=0:21:28
[10/28 14:07:46 d2.evaluation.evaluator]: Inference done 1618/5000. Dataloading: 0.0193 s/iter. Inference: 0.3600 s/iter. Eval: 0.0002 s/iter. Total: 0.3795 s/iter. ETA=0:21:23
[10/28 14:07:51 d2.evaluation.evaluator]: Inference done 1632/5000. Dataloading: 0.0192 s/iter. Inference: 0.3600 s/iter. Eval: 0.0002 s/iter. Total: 0.3795 s/iter. ETA=0:21:18
[10/28 14:07:57 d2.evaluation.evaluator]: Inference done 1646/5000. Dataloading: 0.0192 s/iter. Inference: 0.3600 s/iter. Eval: 0.0002 s/iter. Total: 0.3795 s/iter. ETA=0:21:12
[10/28 14:08:02 d2.evaluation.evaluator]: Inference done 1660/5000. Dataloading: 0.0192 s/iter. Inference: 0.3600 s/iter. Eval: 0.0002 s/iter. Total: 0.3795 s/iter. ETA=0:21:07
[10/28 14:08:07 d2.evaluation.evaluator]: Inference done 1674/5000. Dataloading: 0.0192 s/iter. Inference: 0.3599 s/iter. Eval: 0.0002 s/iter. Total: 0.3794 s/iter. ETA=0:21:01
[10/28 14:08:13 d2.evaluation.evaluator]: Inference done 1688/5000. Dataloading: 0.0192 s/iter. Inference: 0.3599 s/iter. Eval: 0.0002 s/iter. Total: 0.3794 s/iter. ETA=0:20:56
[10/28 14:08:18 d2.evaluation.evaluator]: Inference done 1701/5000. Dataloading: 0.0192 s/iter. Inference: 0.3600 s/iter. Eval: 0.0002 s/iter. Total: 0.3795 s/iter. ETA=0:20:51
[10/28 14:08:23 d2.evaluation.evaluator]: Inference done 1714/5000. Dataloading: 0.0192 s/iter. Inference: 0.3600 s/iter. Eval: 0.0002 s/iter. Total: 0.3796 s/iter. ETA=0:20:47
[10/28 14:08:28 d2.evaluation.evaluator]: Inference done 1728/5000. Dataloading: 0.0192 s/iter. Inference: 0.3600 s/iter. Eval: 0.0002 s/iter. Total: 0.3796 s/iter. ETA=0:20:41
[10/28 14:08:33 d2.evaluation.evaluator]: Inference done 1742/5000. Dataloading: 0.0192 s/iter. Inference: 0.3600 s/iter. Eval: 0.0002 s/iter. Total: 0.3796 s/iter. ETA=0:20:36
[10/28 14:08:38 d2.evaluation.evaluator]: Inference done 1755/5000. Dataloading: 0.0192 s/iter. Inference: 0.3601 s/iter. Eval: 0.0002 s/iter. Total: 0.3796 s/iter. ETA=0:20:31
[10/28 14:08:43 d2.evaluation.evaluator]: Inference done 1769/5000. Dataloading: 0.0192 s/iter. Inference: 0.3600 s/iter. Eval: 0.0002 s/iter. Total: 0.3796 s/iter. ETA=0:20:26
[10/28 14:08:49 d2.evaluation.evaluator]: Inference done 1783/5000. Dataloading: 0.0193 s/iter. Inference: 0.3599 s/iter. Eval: 0.0002 s/iter. Total: 0.3795 s/iter. ETA=0:20:20
[10/28 14:08:54 d2.evaluation.evaluator]: Inference done 1797/5000. Dataloading: 0.0193 s/iter. Inference: 0.3600 s/iter. Eval: 0.0002 s/iter. Total: 0.3795 s/iter. ETA=0:20:15
[10/28 14:08:59 d2.evaluation.evaluator]: Inference done 1811/5000. Dataloading: 0.0193 s/iter. Inference: 0.3599 s/iter. Eval: 0.0002 s/iter. Total: 0.3795 s/iter. ETA=0:20:10
[10/28 14:09:05 d2.evaluation.evaluator]: Inference done 1825/5000. Dataloading: 0.0193 s/iter. Inference: 0.3600 s/iter. Eval: 0.0002 s/iter. Total: 0.3795 s/iter. ETA=0:20:04
[10/28 14:09:10 d2.evaluation.evaluator]: Inference done 1839/5000. Dataloading: 0.0193 s/iter. Inference: 0.3599 s/iter. Eval: 0.0002 s/iter. Total: 0.3795 s/iter. ETA=0:19:59
[10/28 14:09:15 d2.evaluation.evaluator]: Inference done 1853/5000. Dataloading: 0.0193 s/iter. Inference: 0.3599 s/iter. Eval: 0.0002 s/iter. Total: 0.3794 s/iter. ETA=0:19:54
[10/28 14:09:20 d2.evaluation.evaluator]: Inference done 1867/5000. Dataloading: 0.0193 s/iter. Inference: 0.3599 s/iter. Eval: 0.0002 s/iter. Total: 0.3795 s/iter. ETA=0:19:48
[10/28 14:09:26 d2.evaluation.evaluator]: Inference done 1881/5000. Dataloading: 0.0193 s/iter. Inference: 0.3599 s/iter. Eval: 0.0002 s/iter. Total: 0.3795 s/iter. ETA=0:19:43
[10/28 14:09:31 d2.evaluation.evaluator]: Inference done 1895/5000. Dataloading: 0.0193 s/iter. Inference: 0.3599 s/iter. Eval: 0.0002 s/iter. Total: 0.3795 s/iter. ETA=0:19:38
[10/28 14:09:36 d2.evaluation.evaluator]: Inference done 1909/5000. Dataloading: 0.0193 s/iter. Inference: 0.3599 s/iter. Eval: 0.0002 s/iter. Total: 0.3795 s/iter. ETA=0:19:33
[10/28 14:09:42 d2.evaluation.evaluator]: Inference done 1923/5000. Dataloading: 0.0193 s/iter. Inference: 0.3600 s/iter. Eval: 0.0002 s/iter. Total: 0.3795 s/iter. ETA=0:19:27
[10/28 14:09:47 d2.evaluation.evaluator]: Inference done 1937/5000. Dataloading: 0.0193 s/iter. Inference: 0.3600 s/iter. Eval: 0.0002 s/iter. Total: 0.3795 s/iter. ETA=0:19:22
[10/28 14:09:52 d2.evaluation.evaluator]: Inference done 1951/5000. Dataloading: 0.0193 s/iter. Inference: 0.3599 s/iter. Eval: 0.0002 s/iter. Total: 0.3795 s/iter. ETA=0:19:17
[10/28 14:09:58 d2.evaluation.evaluator]: Inference done 1965/5000. Dataloading: 0.0193 s/iter. Inference: 0.3599 s/iter. Eval: 0.0002 s/iter. Total: 0.3794 s/iter. ETA=0:19:11
[10/28 14:10:03 d2.evaluation.evaluator]: Inference done 1979/5000. Dataloading: 0.0193 s/iter. Inference: 0.3598 s/iter. Eval: 0.0002 s/iter. Total: 0.3794 s/iter. ETA=0:19:06
[10/28 14:10:08 d2.evaluation.evaluator]: Inference done 1993/5000. Dataloading: 0.0193 s/iter. Inference: 0.3599 s/iter. Eval: 0.0002 s/iter. Total: 0.3794 s/iter. ETA=0:19:00
[10/28 14:10:14 d2.evaluation.evaluator]: Inference done 2007/5000. Dataloading: 0.0193 s/iter. Inference: 0.3599 s/iter. Eval: 0.0002 s/iter. Total: 0.3795 s/iter. ETA=0:18:55
[10/28 14:10:19 d2.evaluation.evaluator]: Inference done 2020/5000. Dataloading: 0.0193 s/iter. Inference: 0.3599 s/iter. Eval: 0.0002 s/iter. Total: 0.3795 s/iter. ETA=0:18:50
[10/28 14:10:24 d2.evaluation.evaluator]: Inference done 2034/5000. Dataloading: 0.0193 s/iter. Inference: 0.3598 s/iter. Eval: 0.0002 s/iter. Total: 0.3794 s/iter. ETA=0:18:45
[10/28 14:10:29 d2.evaluation.evaluator]: Inference done 2048/5000. Dataloading: 0.0193 s/iter. Inference: 0.3598 s/iter. Eval: 0.0002 s/iter. Total: 0.3793 s/iter. ETA=0:18:39
[10/28 14:10:34 d2.evaluation.evaluator]: Inference done 2062/5000. Dataloading: 0.0193 s/iter. Inference: 0.3598 s/iter. Eval: 0.0002 s/iter. Total: 0.3794 s/iter. ETA=0:18:34
[10/28 14:10:40 d2.evaluation.evaluator]: Inference done 2076/5000. Dataloading: 0.0193 s/iter. Inference: 0.3598 s/iter. Eval: 0.0002 s/iter. Total: 0.3793 s/iter. ETA=0:18:29
[10/28 14:10:45 d2.evaluation.evaluator]: Inference done 2090/5000. Dataloading: 0.0193 s/iter. Inference: 0.3598 s/iter. Eval: 0.0002 s/iter. Total: 0.3794 s/iter. ETA=0:18:23
[10/28 14:10:50 d2.evaluation.evaluator]: Inference done 2104/5000. Dataloading: 0.0193 s/iter. Inference: 0.3597 s/iter. Eval: 0.0002 s/iter. Total: 0.3793 s/iter. ETA=0:18:18
[10/28 14:10:55 d2.evaluation.evaluator]: Inference done 2118/5000. Dataloading: 0.0193 s/iter. Inference: 0.3597 s/iter. Eval: 0.0002 s/iter. Total: 0.3793 s/iter. ETA=0:18:13
[10/28 14:11:01 d2.evaluation.evaluator]: Inference done 2132/5000. Dataloading: 0.0193 s/iter. Inference: 0.3597 s/iter. Eval: 0.0002 s/iter. Total: 0.3793 s/iter. ETA=0:18:07
[10/28 14:11:06 d2.evaluation.evaluator]: Inference done 2146/5000. Dataloading: 0.0193 s/iter. Inference: 0.3596 s/iter. Eval: 0.0002 s/iter. Total: 0.3792 s/iter. ETA=0:18:02
[10/28 14:11:11 d2.evaluation.evaluator]: Inference done 2160/5000. Dataloading: 0.0193 s/iter. Inference: 0.3596 s/iter. Eval: 0.0002 s/iter. Total: 0.3792 s/iter. ETA=0:17:56
[10/28 14:11:16 d2.evaluation.evaluator]: Inference done 2174/5000. Dataloading: 0.0193 s/iter. Inference: 0.3596 s/iter. Eval: 0.0002 s/iter. Total: 0.3792 s/iter. ETA=0:17:51
[10/28 14:11:22 d2.evaluation.evaluator]: Inference done 2188/5000. Dataloading: 0.0193 s/iter. Inference: 0.3595 s/iter. Eval: 0.0002 s/iter. Total: 0.3791 s/iter. ETA=0:17:46
[10/28 14:11:27 d2.evaluation.evaluator]: Inference done 2201/5000. Dataloading: 0.0193 s/iter. Inference: 0.3596 s/iter. Eval: 0.0002 s/iter. Total: 0.3792 s/iter. ETA=0:17:41
[10/28 14:11:32 d2.evaluation.evaluator]: Inference done 2215/5000. Dataloading: 0.0193 s/iter. Inference: 0.3595 s/iter. Eval: 0.0002 s/iter. Total: 0.3791 s/iter. ETA=0:17:35
[10/28 14:11:37 d2.evaluation.evaluator]: Inference done 2228/5000. Dataloading: 0.0193 s/iter. Inference: 0.3596 s/iter. Eval: 0.0002 s/iter. Total: 0.3791 s/iter. ETA=0:17:30
[10/28 14:11:42 d2.evaluation.evaluator]: Inference done 2242/5000. Dataloading: 0.0193 s/iter. Inference: 0.3596 s/iter. Eval: 0.0002 s/iter. Total: 0.3792 s/iter. ETA=0:17:25
[10/28 14:11:47 d2.evaluation.evaluator]: Inference done 2255/5000. Dataloading: 0.0193 s/iter. Inference: 0.3596 s/iter. Eval: 0.0002 s/iter. Total: 0.3792 s/iter. ETA=0:17:20
[10/28 14:11:52 d2.evaluation.evaluator]: Inference done 2268/5000. Dataloading: 0.0193 s/iter. Inference: 0.3597 s/iter. Eval: 0.0002 s/iter. Total: 0.3793 s/iter. ETA=0:17:16
[10/28 14:11:58 d2.evaluation.evaluator]: Inference done 2282/5000. Dataloading: 0.0193 s/iter. Inference: 0.3597 s/iter. Eval: 0.0002 s/iter. Total: 0.3793 s/iter. ETA=0:17:10
[10/28 14:12:03 d2.evaluation.evaluator]: Inference done 2296/5000. Dataloading: 0.0193 s/iter. Inference: 0.3596 s/iter. Eval: 0.0002 s/iter. Total: 0.3792 s/iter. ETA=0:17:05
[10/28 14:12:08 d2.evaluation.evaluator]: Inference done 2310/5000. Dataloading: 0.0193 s/iter. Inference: 0.3596 s/iter. Eval: 0.0002 s/iter. Total: 0.3792 s/iter. ETA=0:17:00
[10/28 14:12:13 d2.evaluation.evaluator]: Inference done 2324/5000. Dataloading: 0.0193 s/iter. Inference: 0.3596 s/iter. Eval: 0.0002 s/iter. Total: 0.3792 s/iter. ETA=0:16:54
[10/28 14:12:18 d2.evaluation.evaluator]: Inference done 2337/5000. Dataloading: 0.0193 s/iter. Inference: 0.3597 s/iter. Eval: 0.0002 s/iter. Total: 0.3792 s/iter. ETA=0:16:49
[10/28 14:12:23 d2.evaluation.evaluator]: Inference done 2350/5000. Dataloading: 0.0193 s/iter. Inference: 0.3597 s/iter. Eval: 0.0002 s/iter. Total: 0.3793 s/iter. ETA=0:16:45
[10/28 14:12:29 d2.evaluation.evaluator]: Inference done 2364/5000. Dataloading: 0.0193 s/iter. Inference: 0.3597 s/iter. Eval: 0.0002 s/iter. Total: 0.3793 s/iter. ETA=0:16:39
[10/28 14:12:34 d2.evaluation.evaluator]: Inference done 2378/5000. Dataloading: 0.0193 s/iter. Inference: 0.3597 s/iter. Eval: 0.0002 s/iter. Total: 0.3792 s/iter. ETA=0:16:34
[10/28 14:12:39 d2.evaluation.evaluator]: Inference done 2392/5000. Dataloading: 0.0193 s/iter. Inference: 0.3597 s/iter. Eval: 0.0002 s/iter. Total: 0.3792 s/iter. ETA=0:16:29
[10/28 14:12:45 d2.evaluation.evaluator]: Inference done 2406/5000. Dataloading: 0.0193 s/iter. Inference: 0.3597 s/iter. Eval: 0.0002 s/iter. Total: 0.3793 s/iter. ETA=0:16:23
[10/28 14:12:50 d2.evaluation.evaluator]: Inference done 2420/5000. Dataloading: 0.0193 s/iter. Inference: 0.3597 s/iter. Eval: 0.0002 s/iter. Total: 0.3793 s/iter. ETA=0:16:18
[10/28 14:12:55 d2.evaluation.evaluator]: Inference done 2433/5000. Dataloading: 0.0193 s/iter. Inference: 0.3597 s/iter. Eval: 0.0002 s/iter. Total: 0.3793 s/iter. ETA=0:16:13
[10/28 14:13:00 d2.evaluation.evaluator]: Inference done 2446/5000. Dataloading: 0.0193 s/iter. Inference: 0.3598 s/iter. Eval: 0.0002 s/iter. Total: 0.3794 s/iter. ETA=0:16:08
[10/28 14:13:05 d2.evaluation.evaluator]: Inference done 2460/5000. Dataloading: 0.0193 s/iter. Inference: 0.3598 s/iter. Eval: 0.0002 s/iter. Total: 0.3794 s/iter. ETA=0:16:03
[10/28 14:13:11 d2.evaluation.evaluator]: Inference done 2474/5000. Dataloading: 0.0193 s/iter. Inference: 0.3598 s/iter. Eval: 0.0002 s/iter. Total: 0.3794 s/iter. ETA=0:15:58
[10/28 14:13:16 d2.evaluation.evaluator]: Inference done 2488/5000. Dataloading: 0.0193 s/iter. Inference: 0.3597 s/iter. Eval: 0.0002 s/iter. Total: 0.3793 s/iter. ETA=0:15:52
[10/28 14:13:21 d2.evaluation.evaluator]: Inference done 2502/5000. Dataloading: 0.0193 s/iter. Inference: 0.3597 s/iter. Eval: 0.0002 s/iter. Total: 0.3793 s/iter. ETA=0:15:47
[10/28 14:13:26 d2.evaluation.evaluator]: Inference done 2516/5000. Dataloading: 0.0193 s/iter. Inference: 0.3597 s/iter. Eval: 0.0002 s/iter. Total: 0.3793 s/iter. ETA=0:15:42
[10/28 14:13:32 d2.evaluation.evaluator]: Inference done 2530/5000. Dataloading: 0.0193 s/iter. Inference: 0.3597 s/iter. Eval: 0.0002 s/iter. Total: 0.3792 s/iter. ETA=0:15:36
[10/28 14:13:37 d2.evaluation.evaluator]: Inference done 2544/5000. Dataloading: 0.0193 s/iter. Inference: 0.3597 s/iter. Eval: 0.0002 s/iter. Total: 0.3793 s/iter. ETA=0:15:31
[10/28 14:13:42 d2.evaluation.evaluator]: Inference done 2557/5000. Dataloading: 0.0193 s/iter. Inference: 0.3597 s/iter. Eval: 0.0002 s/iter. Total: 0.3793 s/iter. ETA=0:15:26
[10/28 14:13:47 d2.evaluation.evaluator]: Inference done 2571/5000. Dataloading: 0.0193 s/iter. Inference: 0.3597 s/iter. Eval: 0.0002 s/iter. Total: 0.3793 s/iter. ETA=0:15:21
[10/28 14:13:52 d2.evaluation.evaluator]: Inference done 2585/5000. Dataloading: 0.0193 s/iter. Inference: 0.3596 s/iter. Eval: 0.0002 s/iter. Total: 0.3792 s/iter. ETA=0:15:15
[10/28 14:13:57 d2.evaluation.evaluator]: Inference done 2599/5000. Dataloading: 0.0193 s/iter. Inference: 0.3595 s/iter. Eval: 0.0002 s/iter. Total: 0.3791 s/iter. ETA=0:15:10
[10/28 14:14:02 d2.evaluation.evaluator]: Inference done 2612/5000. Dataloading: 0.0193 s/iter. Inference: 0.3596 s/iter. Eval: 0.0002 s/iter. Total: 0.3792 s/iter. ETA=0:15:05
[10/28 14:14:08 d2.evaluation.evaluator]: Inference done 2626/5000. Dataloading: 0.0193 s/iter. Inference: 0.3596 s/iter. Eval: 0.0002 s/iter. Total: 0.3792 s/iter. ETA=0:15:00
[10/28 14:14:13 d2.evaluation.evaluator]: Inference done 2639/5000. Dataloading: 0.0193 s/iter. Inference: 0.3596 s/iter. Eval: 0.0002 s/iter. Total: 0.3792 s/iter. ETA=0:14:55
[10/28 14:14:18 d2.evaluation.evaluator]: Inference done 2653/5000. Dataloading: 0.0193 s/iter. Inference: 0.3597 s/iter. Eval: 0.0002 s/iter. Total: 0.3792 s/iter. ETA=0:14:50
[10/28 14:14:24 d2.evaluation.evaluator]: Inference done 2667/5000. Dataloading: 0.0193 s/iter. Inference: 0.3597 s/iter. Eval: 0.0002 s/iter. Total: 0.3792 s/iter. ETA=0:14:44
[10/28 14:14:29 d2.evaluation.evaluator]: Inference done 2681/5000. Dataloading: 0.0193 s/iter. Inference: 0.3597 s/iter. Eval: 0.0002 s/iter. Total: 0.3793 s/iter. ETA=0:14:39
[10/28 14:14:34 d2.evaluation.evaluator]: Inference done 2695/5000. Dataloading: 0.0193 s/iter. Inference: 0.3597 s/iter. Eval: 0.0002 s/iter. Total: 0.3793 s/iter. ETA=0:14:34
[10/28 14:14:40 d2.evaluation.evaluator]: Inference done 2709/5000. Dataloading: 0.0193 s/iter. Inference: 0.3597 s/iter. Eval: 0.0002 s/iter. Total: 0.3793 s/iter. ETA=0:14:28
[10/28 14:14:45 d2.evaluation.evaluator]: Inference done 2722/5000. Dataloading: 0.0193 s/iter. Inference: 0.3597 s/iter. Eval: 0.0002 s/iter. Total: 0.3793 s/iter. ETA=0:14:24
[10/28 14:14:50 d2.evaluation.evaluator]: Inference done 2736/5000. Dataloading: 0.0193 s/iter. Inference: 0.3597 s/iter. Eval: 0.0002 s/iter. Total: 0.3793 s/iter. ETA=0:14:18
[10/28 14:14:55 d2.evaluation.evaluator]: Inference done 2750/5000. Dataloading: 0.0193 s/iter. Inference: 0.3596 s/iter. Eval: 0.0002 s/iter. Total: 0.3792 s/iter. ETA=0:14:13
[10/28 14:15:00 d2.evaluation.evaluator]: Inference done 2764/5000. Dataloading: 0.0193 s/iter. Inference: 0.3596 s/iter. Eval: 0.0002 s/iter. Total: 0.3792 s/iter. ETA=0:14:07
[10/28 14:15:05 d2.evaluation.evaluator]: Inference done 2777/5000. Dataloading: 0.0193 s/iter. Inference: 0.3597 s/iter. Eval: 0.0002 s/iter. Total: 0.3793 s/iter. ETA=0:14:03
[10/28 14:15:10 d2.evaluation.evaluator]: Inference done 2791/5000. Dataloading: 0.0193 s/iter. Inference: 0.3596 s/iter. Eval: 0.0002 s/iter. Total: 0.3792 s/iter. ETA=0:13:57
[10/28 14:15:16 d2.evaluation.evaluator]: Inference done 2805/5000. Dataloading: 0.0193 s/iter. Inference: 0.3596 s/iter. Eval: 0.0002 s/iter. Total: 0.3792 s/iter. ETA=0:13:52
[10/28 14:15:21 d2.evaluation.evaluator]: Inference done 2819/5000. Dataloading: 0.0193 s/iter. Inference: 0.3596 s/iter. Eval: 0.0002 s/iter. Total: 0.3792 s/iter. ETA=0:13:47
[10/28 14:15:26 d2.evaluation.evaluator]: Inference done 2832/5000. Dataloading: 0.0193 s/iter. Inference: 0.3596 s/iter. Eval: 0.0002 s/iter. Total: 0.3792 s/iter. ETA=0:13:42
[10/28 14:15:31 d2.evaluation.evaluator]: Inference done 2845/5000. Dataloading: 0.0193 s/iter. Inference: 0.3597 s/iter. Eval: 0.0002 s/iter. Total: 0.3793 s/iter. ETA=0:13:37
[10/28 14:15:36 d2.evaluation.evaluator]: Inference done 2859/5000. Dataloading: 0.0193 s/iter. Inference: 0.3597 s/iter. Eval: 0.0002 s/iter. Total: 0.3793 s/iter. ETA=0:13:32
[10/28 14:15:41 d2.evaluation.evaluator]: Inference done 2872/5000. Dataloading: 0.0193 s/iter. Inference: 0.3597 s/iter. Eval: 0.0002 s/iter. Total: 0.3793 s/iter. ETA=0:13:27
[10/28 14:15:47 d2.evaluation.evaluator]: Inference done 2885/5000. Dataloading: 0.0193 s/iter. Inference: 0.3598 s/iter. Eval: 0.0002 s/iter. Total: 0.3794 s/iter. ETA=0:13:22
[10/28 14:15:52 d2.evaluation.evaluator]: Inference done 2899/5000. Dataloading: 0.0193 s/iter. Inference: 0.3598 s/iter. Eval: 0.0002 s/iter. Total: 0.3794 s/iter. ETA=0:13:17
[10/28 14:15:57 d2.evaluation.evaluator]: Inference done 2913/5000. Dataloading: 0.0193 s/iter. Inference: 0.3598 s/iter. Eval: 0.0002 s/iter. Total: 0.3794 s/iter. ETA=0:13:11
[10/28 14:16:02 d2.evaluation.evaluator]: Inference done 2927/5000. Dataloading: 0.0193 s/iter. Inference: 0.3598 s/iter. Eval: 0.0002 s/iter. Total: 0.3794 s/iter. ETA=0:13:06
[10/28 14:16:08 d2.evaluation.evaluator]: Inference done 2940/5000. Dataloading: 0.0193 s/iter. Inference: 0.3598 s/iter. Eval: 0.0002 s/iter. Total: 0.3794 s/iter. ETA=0:13:01
[10/28 14:16:13 d2.evaluation.evaluator]: Inference done 2954/5000. Dataloading: 0.0193 s/iter. Inference: 0.3597 s/iter. Eval: 0.0002 s/iter. Total: 0.3793 s/iter. ETA=0:12:56
[10/28 14:16:18 d2.evaluation.evaluator]: Inference done 2967/5000. Dataloading: 0.0193 s/iter. Inference: 0.3598 s/iter. Eval: 0.0002 s/iter. Total: 0.3794 s/iter. ETA=0:12:51
[10/28 14:16:23 d2.evaluation.evaluator]: Inference done 2981/5000. Dataloading: 0.0193 s/iter. Inference: 0.3598 s/iter. Eval: 0.0002 s/iter. Total: 0.3794 s/iter. ETA=0:12:45
[10/28 14:16:28 d2.evaluation.evaluator]: Inference done 2995/5000. Dataloading: 0.0193 s/iter. Inference: 0.3598 s/iter. Eval: 0.0002 s/iter. Total: 0.3794 s/iter. ETA=0:12:40
[10/28 14:16:34 d2.evaluation.evaluator]: Inference done 3009/5000. Dataloading: 0.0193 s/iter. Inference: 0.3597 s/iter. Eval: 0.0002 s/iter. Total: 0.3793 s/iter. ETA=0:12:35
[10/28 14:16:39 d2.evaluation.evaluator]: Inference done 3022/5000. Dataloading: 0.0193 s/iter. Inference: 0.3598 s/iter. Eval: 0.0002 s/iter. Total: 0.3794 s/iter. ETA=0:12:30
[10/28 14:16:44 d2.evaluation.evaluator]: Inference done 3036/5000. Dataloading: 0.0193 s/iter. Inference: 0.3598 s/iter. Eval: 0.0002 s/iter. Total: 0.3794 s/iter. ETA=0:12:25
[10/28 14:16:49 d2.evaluation.evaluator]: Inference done 3049/5000. Dataloading: 0.0193 s/iter. Inference: 0.3598 s/iter. Eval: 0.0002 s/iter. Total: 0.3794 s/iter. ETA=0:12:20
[10/28 14:16:54 d2.evaluation.evaluator]: Inference done 3062/5000. Dataloading: 0.0193 s/iter. Inference: 0.3599 s/iter. Eval: 0.0002 s/iter. Total: 0.3795 s/iter. ETA=0:12:15
[10/28 14:16:59 d2.evaluation.evaluator]: Inference done 3076/5000. Dataloading: 0.0193 s/iter. Inference: 0.3599 s/iter. Eval: 0.0002 s/iter. Total: 0.3795 s/iter. ETA=0:12:10
[10/28 14:17:04 d2.evaluation.evaluator]: Inference done 3089/5000. Dataloading: 0.0193 s/iter. Inference: 0.3599 s/iter. Eval: 0.0002 s/iter. Total: 0.3796 s/iter. ETA=0:12:05
[10/28 14:17:10 d2.evaluation.evaluator]: Inference done 3103/5000. Dataloading: 0.0193 s/iter. Inference: 0.3599 s/iter. Eval: 0.0002 s/iter. Total: 0.3795 s/iter. ETA=0:11:59
[10/28 14:17:15 d2.evaluation.evaluator]: Inference done 3117/5000. Dataloading: 0.0193 s/iter. Inference: 0.3599 s/iter. Eval: 0.0002 s/iter. Total: 0.3795 s/iter. ETA=0:11:54
[10/28 14:17:20 d2.evaluation.evaluator]: Inference done 3130/5000. Dataloading: 0.0193 s/iter. Inference: 0.3599 s/iter. Eval: 0.0002 s/iter. Total: 0.3795 s/iter. ETA=0:11:49
[10/28 14:17:25 d2.evaluation.evaluator]: Inference done 3144/5000. Dataloading: 0.0193 s/iter. Inference: 0.3599 s/iter. Eval: 0.0002 s/iter. Total: 0.3795 s/iter. ETA=0:11:44
[10/28 14:17:31 d2.evaluation.evaluator]: Inference done 3158/5000. Dataloading: 0.0193 s/iter. Inference: 0.3599 s/iter. Eval: 0.0002 s/iter. Total: 0.3795 s/iter. ETA=0:11:39
[10/28 14:17:36 d2.evaluation.evaluator]: Inference done 3172/5000. Dataloading: 0.0193 s/iter. Inference: 0.3599 s/iter. Eval: 0.0002 s/iter. Total: 0.3795 s/iter. ETA=0:11:33
[10/28 14:17:41 d2.evaluation.evaluator]: Inference done 3186/5000. Dataloading: 0.0193 s/iter. Inference: 0.3599 s/iter. Eval: 0.0002 s/iter. Total: 0.3795 s/iter. ETA=0:11:28
[10/28 14:17:46 d2.evaluation.evaluator]: Inference done 3200/5000. Dataloading: 0.0193 s/iter. Inference: 0.3599 s/iter. Eval: 0.0002 s/iter. Total: 0.3795 s/iter. ETA=0:11:23
[10/28 14:17:52 d2.evaluation.evaluator]: Inference done 3214/5000. Dataloading: 0.0193 s/iter. Inference: 0.3599 s/iter. Eval: 0.0002 s/iter. Total: 0.3795 s/iter. ETA=0:11:17
[10/28 14:17:57 d2.evaluation.evaluator]: Inference done 3228/5000. Dataloading: 0.0193 s/iter. Inference: 0.3599 s/iter. Eval: 0.0002 s/iter. Total: 0.3795 s/iter. ETA=0:11:12
[10/28 14:18:02 d2.evaluation.evaluator]: Inference done 3242/5000. Dataloading: 0.0193 s/iter. Inference: 0.3599 s/iter. Eval: 0.0002 s/iter. Total: 0.3795 s/iter. ETA=0:11:07
[10/28 14:18:08 d2.evaluation.evaluator]: Inference done 3256/5000. Dataloading: 0.0193 s/iter. Inference: 0.3599 s/iter. Eval: 0.0002 s/iter. Total: 0.3795 s/iter. ETA=0:11:01
[10/28 14:18:13 d2.evaluation.evaluator]: Inference done 3270/5000. Dataloading: 0.0193 s/iter. Inference: 0.3599 s/iter. Eval: 0.0002 s/iter. Total: 0.3795 s/iter. ETA=0:10:56
[10/28 14:18:18 d2.evaluation.evaluator]: Inference done 3283/5000. Dataloading: 0.0193 s/iter. Inference: 0.3599 s/iter. Eval: 0.0002 s/iter. Total: 0.3795 s/iter. ETA=0:10:51
[10/28 14:18:23 d2.evaluation.evaluator]: Inference done 3296/5000. Dataloading: 0.0193 s/iter. Inference: 0.3599 s/iter. Eval: 0.0002 s/iter. Total: 0.3795 s/iter. ETA=0:10:46
[10/28 14:18:28 d2.evaluation.evaluator]: Inference done 3310/5000. Dataloading: 0.0193 s/iter. Inference: 0.3599 s/iter. Eval: 0.0002 s/iter. Total: 0.3795 s/iter. ETA=0:10:41
[10/28 14:18:34 d2.evaluation.evaluator]: Inference done 3324/5000. Dataloading: 0.0193 s/iter. Inference: 0.3600 s/iter. Eval: 0.0002 s/iter. Total: 0.3796 s/iter. ETA=0:10:36
[10/28 14:18:39 d2.evaluation.evaluator]: Inference done 3338/5000. Dataloading: 0.0193 s/iter. Inference: 0.3599 s/iter. Eval: 0.0002 s/iter. Total: 0.3795 s/iter. ETA=0:10:30
[10/28 14:18:44 d2.evaluation.evaluator]: Inference done 3352/5000. Dataloading: 0.0193 s/iter. Inference: 0.3599 s/iter. Eval: 0.0002 s/iter. Total: 0.3795 s/iter. ETA=0:10:25
[10/28 14:18:49 d2.evaluation.evaluator]: Inference done 3365/5000. Dataloading: 0.0193 s/iter. Inference: 0.3599 s/iter. Eval: 0.0002 s/iter. Total: 0.3795 s/iter. ETA=0:10:20
[10/28 14:18:54 d2.evaluation.evaluator]: Inference done 3379/5000. Dataloading: 0.0193 s/iter. Inference: 0.3599 s/iter. Eval: 0.0002 s/iter. Total: 0.3795 s/iter. ETA=0:10:15
[10/28 14:19:00 d2.evaluation.evaluator]: Inference done 3393/5000. Dataloading: 0.0193 s/iter. Inference: 0.3599 s/iter. Eval: 0.0002 s/iter. Total: 0.3795 s/iter. ETA=0:10:09
[10/28 14:19:05 d2.evaluation.evaluator]: Inference done 3407/5000. Dataloading: 0.0193 s/iter. Inference: 0.3599 s/iter. Eval: 0.0002 s/iter. Total: 0.3795 s/iter. ETA=0:10:04
[10/28 14:19:10 d2.evaluation.evaluator]: Inference done 3421/5000. Dataloading: 0.0193 s/iter. Inference: 0.3599 s/iter. Eval: 0.0002 s/iter. Total: 0.3795 s/iter. ETA=0:09:59
[10/28 14:19:15 d2.evaluation.evaluator]: Inference done 3434/5000. Dataloading: 0.0193 s/iter. Inference: 0.3599 s/iter. Eval: 0.0002 s/iter. Total: 0.3795 s/iter. ETA=0:09:54
[10/28 14:19:21 d2.evaluation.evaluator]: Inference done 3448/5000. Dataloading: 0.0193 s/iter. Inference: 0.3599 s/iter. Eval: 0.0002 s/iter. Total: 0.3795 s/iter. ETA=0:09:49
[10/28 14:19:26 d2.evaluation.evaluator]: Inference done 3461/5000. Dataloading: 0.0193 s/iter. Inference: 0.3599 s/iter. Eval: 0.0002 s/iter. Total: 0.3795 s/iter. ETA=0:09:44
[10/28 14:19:31 d2.evaluation.evaluator]: Inference done 3474/5000. Dataloading: 0.0193 s/iter. Inference: 0.3600 s/iter. Eval: 0.0002 s/iter. Total: 0.3796 s/iter. ETA=0:09:39
[10/28 14:19:36 d2.evaluation.evaluator]: Inference done 3488/5000. Dataloading: 0.0193 s/iter. Inference: 0.3599 s/iter. Eval: 0.0002 s/iter. Total: 0.3795 s/iter. ETA=0:09:33
[10/28 14:19:41 d2.evaluation.evaluator]: Inference done 3502/5000. Dataloading: 0.0193 s/iter. Inference: 0.3599 s/iter. Eval: 0.0002 s/iter. Total: 0.3795 s/iter. ETA=0:09:28
[10/28 14:19:46 d2.evaluation.evaluator]: Inference done 3516/5000. Dataloading: 0.0193 s/iter. Inference: 0.3599 s/iter. Eval: 0.0002 s/iter. Total: 0.3795 s/iter. ETA=0:09:23
[10/28 14:19:52 d2.evaluation.evaluator]: Inference done 3530/5000. Dataloading: 0.0193 s/iter. Inference: 0.3599 s/iter. Eval: 0.0002 s/iter. Total: 0.3795 s/iter. ETA=0:09:17
[10/28 14:19:57 d2.evaluation.evaluator]: Inference done 3544/5000. Dataloading: 0.0193 s/iter. Inference: 0.3599 s/iter. Eval: 0.0002 s/iter. Total: 0.3795 s/iter. ETA=0:09:12
[10/28 14:20:02 d2.evaluation.evaluator]: Inference done 3558/5000. Dataloading: 0.0193 s/iter. Inference: 0.3599 s/iter. Eval: 0.0002 s/iter. Total: 0.3795 s/iter. ETA=0:09:07
[10/28 14:20:07 d2.evaluation.evaluator]: Inference done 3571/5000. Dataloading: 0.0193 s/iter. Inference: 0.3599 s/iter. Eval: 0.0002 s/iter. Total: 0.3795 s/iter. ETA=0:09:02
[10/28 14:20:13 d2.evaluation.evaluator]: Inference done 3585/5000. Dataloading: 0.0193 s/iter. Inference: 0.3599 s/iter. Eval: 0.0002 s/iter. Total: 0.3795 s/iter. ETA=0:08:56
[10/28 14:20:18 d2.evaluation.evaluator]: Inference done 3599/5000. Dataloading: 0.0193 s/iter. Inference: 0.3599 s/iter. Eval: 0.0002 s/iter. Total: 0.3795 s/iter. ETA=0:08:51
[10/28 14:20:23 d2.evaluation.evaluator]: Inference done 3613/5000. Dataloading: 0.0193 s/iter. Inference: 0.3599 s/iter. Eval: 0.0002 s/iter. Total: 0.3795 s/iter. ETA=0:08:46
[10/28 14:20:28 d2.evaluation.evaluator]: Inference done 3626/5000. Dataloading: 0.0193 s/iter. Inference: 0.3599 s/iter. Eval: 0.0002 s/iter. Total: 0.3795 s/iter. ETA=0:08:41
[10/28 14:20:33 d2.evaluation.evaluator]: Inference done 3640/5000. Dataloading: 0.0193 s/iter. Inference: 0.3599 s/iter. Eval: 0.0002 s/iter. Total: 0.3795 s/iter. ETA=0:08:36
[10/28 14:20:39 d2.evaluation.evaluator]: Inference done 3654/5000. Dataloading: 0.0193 s/iter. Inference: 0.3599 s/iter. Eval: 0.0002 s/iter. Total: 0.3795 s/iter. ETA=0:08:30
[10/28 14:20:44 d2.evaluation.evaluator]: Inference done 3668/5000. Dataloading: 0.0193 s/iter. Inference: 0.3599 s/iter. Eval: 0.0002 s/iter. Total: 0.3795 s/iter. ETA=0:08:25
[10/28 14:20:49 d2.evaluation.evaluator]: Inference done 3681/5000. Dataloading: 0.0193 s/iter. Inference: 0.3599 s/iter. Eval: 0.0002 s/iter. Total: 0.3795 s/iter. ETA=0:08:20
[10/28 14:20:54 d2.evaluation.evaluator]: Inference done 3695/5000. Dataloading: 0.0193 s/iter. Inference: 0.3599 s/iter. Eval: 0.0002 s/iter. Total: 0.3795 s/iter. ETA=0:08:15
[10/28 14:21:00 d2.evaluation.evaluator]: Inference done 3709/5000. Dataloading: 0.0193 s/iter. Inference: 0.3599 s/iter. Eval: 0.0002 s/iter. Total: 0.3795 s/iter. ETA=0:08:09
[10/28 14:21:05 d2.evaluation.evaluator]: Inference done 3723/5000. Dataloading: 0.0193 s/iter. Inference: 0.3599 s/iter. Eval: 0.0002 s/iter. Total: 0.3795 s/iter. ETA=0:08:04
[10/28 14:21:10 d2.evaluation.evaluator]: Inference done 3737/5000. Dataloading: 0.0193 s/iter. Inference: 0.3599 s/iter. Eval: 0.0002 s/iter. Total: 0.3795 s/iter. ETA=0:07:59
[10/28 14:21:16 d2.evaluation.evaluator]: Inference done 3751/5000. Dataloading: 0.0193 s/iter. Inference: 0.3599 s/iter. Eval: 0.0002 s/iter. Total: 0.3796 s/iter. ETA=0:07:54
[10/28 14:21:21 d2.evaluation.evaluator]: Inference done 3765/5000. Dataloading: 0.0193 s/iter. Inference: 0.3599 s/iter. Eval: 0.0002 s/iter. Total: 0.3796 s/iter. ETA=0:07:48
[10/28 14:21:26 d2.evaluation.evaluator]: Inference done 3779/5000. Dataloading: 0.0193 s/iter. Inference: 0.3600 s/iter. Eval: 0.0002 s/iter. Total: 0.3796 s/iter. ETA=0:07:43
[10/28 14:21:31 d2.evaluation.evaluator]: Inference done 3792/5000. Dataloading: 0.0193 s/iter. Inference: 0.3600 s/iter. Eval: 0.0002 s/iter. Total: 0.3796 s/iter. ETA=0:07:38
[10/28 14:21:37 d2.evaluation.evaluator]: Inference done 3806/5000. Dataloading: 0.0193 s/iter. Inference: 0.3600 s/iter. Eval: 0.0002 s/iter. Total: 0.3796 s/iter. ETA=0:07:33
[10/28 14:21:42 d2.evaluation.evaluator]: Inference done 3820/5000. Dataloading: 0.0193 s/iter. Inference: 0.3600 s/iter. Eval: 0.0002 s/iter. Total: 0.3796 s/iter. ETA=0:07:27
[10/28 14:21:47 d2.evaluation.evaluator]: Inference done 3833/5000. Dataloading: 0.0193 s/iter. Inference: 0.3600 s/iter. Eval: 0.0002 s/iter. Total: 0.3796 s/iter. ETA=0:07:23
[10/28 14:21:52 d2.evaluation.evaluator]: Inference done 3846/5000. Dataloading: 0.0193 s/iter. Inference: 0.3600 s/iter. Eval: 0.0002 s/iter. Total: 0.3797 s/iter. ETA=0:07:18
[10/28 14:21:57 d2.evaluation.evaluator]: Inference done 3859/5000. Dataloading: 0.0193 s/iter. Inference: 0.3601 s/iter. Eval: 0.0002 s/iter. Total: 0.3797 s/iter. ETA=0:07:13
[10/28 14:22:02 d2.evaluation.evaluator]: Inference done 3873/5000. Dataloading: 0.0193 s/iter. Inference: 0.3601 s/iter. Eval: 0.0002 s/iter. Total: 0.3797 s/iter. ETA=0:07:07
[10/28 14:22:08 d2.evaluation.evaluator]: Inference done 3887/5000. Dataloading: 0.0193 s/iter. Inference: 0.3601 s/iter. Eval: 0.0002 s/iter. Total: 0.3797 s/iter. ETA=0:07:02
[10/28 14:22:13 d2.evaluation.evaluator]: Inference done 3901/5000. Dataloading: 0.0193 s/iter. Inference: 0.3600 s/iter. Eval: 0.0002 s/iter. Total: 0.3796 s/iter. ETA=0:06:57
[10/28 14:22:18 d2.evaluation.evaluator]: Inference done 3915/5000. Dataloading: 0.0193 s/iter. Inference: 0.3600 s/iter. Eval: 0.0002 s/iter. Total: 0.3796 s/iter. ETA=0:06:51
[10/28 14:22:23 d2.evaluation.evaluator]: Inference done 3929/5000. Dataloading: 0.0193 s/iter. Inference: 0.3600 s/iter. Eval: 0.0002 s/iter. Total: 0.3796 s/iter. ETA=0:06:46
[10/28 14:22:29 d2.evaluation.evaluator]: Inference done 3943/5000. Dataloading: 0.0193 s/iter. Inference: 0.3600 s/iter. Eval: 0.0002 s/iter. Total: 0.3796 s/iter. ETA=0:06:41
[10/28 14:22:34 d2.evaluation.evaluator]: Inference done 3956/5000. Dataloading: 0.0193 s/iter. Inference: 0.3600 s/iter. Eval: 0.0002 s/iter. Total: 0.3796 s/iter. ETA=0:06:36
[10/28 14:22:39 d2.evaluation.evaluator]: Inference done 3970/5000. Dataloading: 0.0193 s/iter. Inference: 0.3600 s/iter. Eval: 0.0002 s/iter. Total: 0.3796 s/iter. ETA=0:06:30
[10/28 14:22:44 d2.evaluation.evaluator]: Inference done 3984/5000. Dataloading: 0.0193 s/iter. Inference: 0.3599 s/iter. Eval: 0.0002 s/iter. Total: 0.3795 s/iter. ETA=0:06:25
[10/28 14:22:49 d2.evaluation.evaluator]: Inference done 3998/5000. Dataloading: 0.0193 s/iter. Inference: 0.3599 s/iter. Eval: 0.0002 s/iter. Total: 0.3795 s/iter. ETA=0:06:20
[10/28 14:22:55 d2.evaluation.evaluator]: Inference done 4012/5000. Dataloading: 0.0193 s/iter. Inference: 0.3599 s/iter. Eval: 0.0002 s/iter. Total: 0.3795 s/iter. ETA=0:06:14
[10/28 14:23:00 d2.evaluation.evaluator]: Inference done 4026/5000. Dataloading: 0.0193 s/iter. Inference: 0.3599 s/iter. Eval: 0.0002 s/iter. Total: 0.3795 s/iter. ETA=0:06:09
[10/28 14:23:05 d2.evaluation.evaluator]: Inference done 4039/5000. Dataloading: 0.0193 s/iter. Inference: 0.3599 s/iter. Eval: 0.0002 s/iter. Total: 0.3795 s/iter. ETA=0:06:04
[10/28 14:23:10 d2.evaluation.evaluator]: Inference done 4052/5000. Dataloading: 0.0193 s/iter. Inference: 0.3599 s/iter. Eval: 0.0002 s/iter. Total: 0.3795 s/iter. ETA=0:05:59
[10/28 14:23:15 d2.evaluation.evaluator]: Inference done 4066/5000. Dataloading: 0.0193 s/iter. Inference: 0.3599 s/iter. Eval: 0.0002 s/iter. Total: 0.3795 s/iter. ETA=0:05:54
[10/28 14:23:20 d2.evaluation.evaluator]: Inference done 4080/5000. Dataloading: 0.0193 s/iter. Inference: 0.3599 s/iter. Eval: 0.0002 s/iter. Total: 0.3795 s/iter. ETA=0:05:49
[10/28 14:23:25 d2.evaluation.evaluator]: Inference done 4093/5000. Dataloading: 0.0193 s/iter. Inference: 0.3599 s/iter. Eval: 0.0002 s/iter. Total: 0.3795 s/iter. ETA=0:05:44
[10/28 14:23:31 d2.evaluation.evaluator]: Inference done 4107/5000. Dataloading: 0.0193 s/iter. Inference: 0.3599 s/iter. Eval: 0.0002 s/iter. Total: 0.3795 s/iter. ETA=0:05:38
[10/28 14:23:36 d2.evaluation.evaluator]: Inference done 4120/5000. Dataloading: 0.0193 s/iter. Inference: 0.3599 s/iter. Eval: 0.0002 s/iter. Total: 0.3796 s/iter. ETA=0:05:34
[10/28 14:23:41 d2.evaluation.evaluator]: Inference done 4133/5000. Dataloading: 0.0193 s/iter. Inference: 0.3600 s/iter. Eval: 0.0002 s/iter. Total: 0.3796 s/iter. ETA=0:05:29
[10/28 14:23:46 d2.evaluation.evaluator]: Inference done 4147/5000. Dataloading: 0.0193 s/iter. Inference: 0.3600 s/iter. Eval: 0.0002 s/iter. Total: 0.3796 s/iter. ETA=0:05:23
[10/28 14:23:51 d2.evaluation.evaluator]: Inference done 4161/5000. Dataloading: 0.0193 s/iter. Inference: 0.3600 s/iter. Eval: 0.0002 s/iter. Total: 0.3796 s/iter. ETA=0:05:18
[10/28 14:23:57 d2.evaluation.evaluator]: Inference done 4175/5000. Dataloading: 0.0193 s/iter. Inference: 0.3599 s/iter. Eval: 0.0002 s/iter. Total: 0.3795 s/iter. ETA=0:05:13
[10/28 14:24:02 d2.evaluation.evaluator]: Inference done 4189/5000. Dataloading: 0.0193 s/iter. Inference: 0.3599 s/iter. Eval: 0.0002 s/iter. Total: 0.3795 s/iter. ETA=0:05:07
[10/28 14:24:07 d2.evaluation.evaluator]: Inference done 4202/5000. Dataloading: 0.0193 s/iter. Inference: 0.3600 s/iter. Eval: 0.0002 s/iter. Total: 0.3796 s/iter. ETA=0:05:02
[10/28 14:24:12 d2.evaluation.evaluator]: Inference done 4216/5000. Dataloading: 0.0193 s/iter. Inference: 0.3599 s/iter. Eval: 0.0002 s/iter. Total: 0.3795 s/iter. ETA=0:04:57
[10/28 14:24:17 d2.evaluation.evaluator]: Inference done 4230/5000. Dataloading: 0.0193 s/iter. Inference: 0.3599 s/iter. Eval: 0.0002 s/iter. Total: 0.3795 s/iter. ETA=0:04:52
[10/28 14:24:22 d2.evaluation.evaluator]: Inference done 4244/5000. Dataloading: 0.0193 s/iter. Inference: 0.3599 s/iter. Eval: 0.0002 s/iter. Total: 0.3795 s/iter. ETA=0:04:46
[10/28 14:24:28 d2.evaluation.evaluator]: Inference done 4258/5000. Dataloading: 0.0193 s/iter. Inference: 0.3598 s/iter. Eval: 0.0002 s/iter. Total: 0.3794 s/iter. ETA=0:04:41
[10/28 14:24:33 d2.evaluation.evaluator]: Inference done 4272/5000. Dataloading: 0.0193 s/iter. Inference: 0.3598 s/iter. Eval: 0.0002 s/iter. Total: 0.3794 s/iter. ETA=0:04:36
[10/28 14:24:38 d2.evaluation.evaluator]: Inference done 4286/5000. Dataloading: 0.0193 s/iter. Inference: 0.3598 s/iter. Eval: 0.0002 s/iter. Total: 0.3794 s/iter. ETA=0:04:30
[10/28 14:24:43 d2.evaluation.evaluator]: Inference done 4299/5000. Dataloading: 0.0193 s/iter. Inference: 0.3598 s/iter. Eval: 0.0002 s/iter. Total: 0.3794 s/iter. ETA=0:04:25
[10/28 14:24:48 d2.evaluation.evaluator]: Inference done 4313/5000. Dataloading: 0.0193 s/iter. Inference: 0.3598 s/iter. Eval: 0.0002 s/iter. Total: 0.3794 s/iter. ETA=0:04:20
[10/28 14:24:54 d2.evaluation.evaluator]: Inference done 4326/5000. Dataloading: 0.0193 s/iter. Inference: 0.3599 s/iter. Eval: 0.0002 s/iter. Total: 0.3795 s/iter. ETA=0:04:15
[10/28 14:24:59 d2.evaluation.evaluator]: Inference done 4340/5000. Dataloading: 0.0193 s/iter. Inference: 0.3598 s/iter. Eval: 0.0002 s/iter. Total: 0.3795 s/iter. ETA=0:04:10
[10/28 14:25:04 d2.evaluation.evaluator]: Inference done 4354/5000. Dataloading: 0.0193 s/iter. Inference: 0.3598 s/iter. Eval: 0.0002 s/iter. Total: 0.3794 s/iter. ETA=0:04:05
[10/28 14:25:09 d2.evaluation.evaluator]: Inference done 4367/5000. Dataloading: 0.0193 s/iter. Inference: 0.3599 s/iter. Eval: 0.0002 s/iter. Total: 0.3795 s/iter. ETA=0:04:00
[10/28 14:25:14 d2.evaluation.evaluator]: Inference done 4381/5000. Dataloading: 0.0193 s/iter. Inference: 0.3598 s/iter. Eval: 0.0002 s/iter. Total: 0.3794 s/iter. ETA=0:03:54
[10/28 14:25:20 d2.evaluation.evaluator]: Inference done 4395/5000. Dataloading: 0.0193 s/iter. Inference: 0.3598 s/iter. Eval: 0.0002 s/iter. Total: 0.3794 s/iter. ETA=0:03:49
[10/28 14:25:25 d2.evaluation.evaluator]: Inference done 4409/5000. Dataloading: 0.0193 s/iter. Inference: 0.3598 s/iter. Eval: 0.0002 s/iter. Total: 0.3794 s/iter. ETA=0:03:44
[10/28 14:25:30 d2.evaluation.evaluator]: Inference done 4423/5000. Dataloading: 0.0193 s/iter. Inference: 0.3598 s/iter. Eval: 0.0002 s/iter. Total: 0.3794 s/iter. ETA=0:03:38
[10/28 14:25:35 d2.evaluation.evaluator]: Inference done 4437/5000. Dataloading: 0.0193 s/iter. Inference: 0.3598 s/iter. Eval: 0.0002 s/iter. Total: 0.3794 s/iter. ETA=0:03:33
[10/28 14:25:41 d2.evaluation.evaluator]: Inference done 4450/5000. Dataloading: 0.0193 s/iter. Inference: 0.3598 s/iter. Eval: 0.0002 s/iter. Total: 0.3794 s/iter. ETA=0:03:28
[10/28 14:25:46 d2.evaluation.evaluator]: Inference done 4463/5000. Dataloading: 0.0193 s/iter. Inference: 0.3598 s/iter. Eval: 0.0002 s/iter. Total: 0.3795 s/iter. ETA=0:03:23
[10/28 14:25:51 d2.evaluation.evaluator]: Inference done 4477/5000. Dataloading: 0.0193 s/iter. Inference: 0.3598 s/iter. Eval: 0.0002 s/iter. Total: 0.3794 s/iter. ETA=0:03:18
[10/28 14:25:56 d2.evaluation.evaluator]: Inference done 4491/5000. Dataloading: 0.0193 s/iter. Inference: 0.3598 s/iter. Eval: 0.0002 s/iter. Total: 0.3794 s/iter. ETA=0:03:13
[10/28 14:26:01 d2.evaluation.evaluator]: Inference done 4504/5000. Dataloading: 0.0193 s/iter. Inference: 0.3598 s/iter. Eval: 0.0002 s/iter. Total: 0.3794 s/iter. ETA=0:03:08
[10/28 14:26:06 d2.evaluation.evaluator]: Inference done 4518/5000. Dataloading: 0.0193 s/iter. Inference: 0.3598 s/iter. Eval: 0.0002 s/iter. Total: 0.3794 s/iter. ETA=0:03:02
[10/28 14:26:12 d2.evaluation.evaluator]: Inference done 4532/5000. Dataloading: 0.0193 s/iter. Inference: 0.3598 s/iter. Eval: 0.0002 s/iter. Total: 0.3794 s/iter. ETA=0:02:57
[10/28 14:26:17 d2.evaluation.evaluator]: Inference done 4546/5000. Dataloading: 0.0193 s/iter. Inference: 0.3598 s/iter. Eval: 0.0002 s/iter. Total: 0.3794 s/iter. ETA=0:02:52
[10/28 14:26:22 d2.evaluation.evaluator]: Inference done 4559/5000. Dataloading: 0.0193 s/iter. Inference: 0.3598 s/iter. Eval: 0.0002 s/iter. Total: 0.3794 s/iter. ETA=0:02:47
[10/28 14:26:27 d2.evaluation.evaluator]: Inference done 4573/5000. Dataloading: 0.0193 s/iter. Inference: 0.3598 s/iter. Eval: 0.0002 s/iter. Total: 0.3794 s/iter. ETA=0:02:42
[10/28 14:26:32 d2.evaluation.evaluator]: Inference done 4587/5000. Dataloading: 0.0193 s/iter. Inference: 0.3598 s/iter. Eval: 0.0002 s/iter. Total: 0.3794 s/iter. ETA=0:02:36
[10/28 14:26:38 d2.evaluation.evaluator]: Inference done 4600/5000. Dataloading: 0.0193 s/iter. Inference: 0.3598 s/iter. Eval: 0.0002 s/iter. Total: 0.3795 s/iter. ETA=0:02:31
[10/28 14:26:43 d2.evaluation.evaluator]: Inference done 4614/5000. Dataloading: 0.0193 s/iter. Inference: 0.3598 s/iter. Eval: 0.0002 s/iter. Total: 0.3794 s/iter. ETA=0:02:26
[10/28 14:26:48 d2.evaluation.evaluator]: Inference done 4628/5000. Dataloading: 0.0193 s/iter. Inference: 0.3598 s/iter. Eval: 0.0002 s/iter. Total: 0.3795 s/iter. ETA=0:02:21
[10/28 14:26:53 d2.evaluation.evaluator]: Inference done 4641/5000. Dataloading: 0.0193 s/iter. Inference: 0.3599 s/iter. Eval: 0.0002 s/iter. Total: 0.3795 s/iter. ETA=0:02:16
[10/28 14:26:59 d2.evaluation.evaluator]: Inference done 4655/5000. Dataloading: 0.0193 s/iter. Inference: 0.3599 s/iter. Eval: 0.0002 s/iter. Total: 0.3795 s/iter. ETA=0:02:10
[10/28 14:27:04 d2.evaluation.evaluator]: Inference done 4669/5000. Dataloading: 0.0193 s/iter. Inference: 0.3598 s/iter. Eval: 0.0002 s/iter. Total: 0.3795 s/iter. ETA=0:02:05
[10/28 14:27:09 d2.evaluation.evaluator]: Inference done 4683/5000. Dataloading: 0.0193 s/iter. Inference: 0.3598 s/iter. Eval: 0.0002 s/iter. Total: 0.3794 s/iter. ETA=0:02:00
[10/28 14:27:14 d2.evaluation.evaluator]: Inference done 4696/5000. Dataloading: 0.0193 s/iter. Inference: 0.3598 s/iter. Eval: 0.0002 s/iter. Total: 0.3795 s/iter. ETA=0:01:55
[10/28 14:27:19 d2.evaluation.evaluator]: Inference done 4710/5000. Dataloading: 0.0193 s/iter. Inference: 0.3598 s/iter. Eval: 0.0002 s/iter. Total: 0.3794 s/iter. ETA=0:01:50
[10/28 14:27:25 d2.evaluation.evaluator]: Inference done 4724/5000. Dataloading: 0.0193 s/iter. Inference: 0.3598 s/iter. Eval: 0.0002 s/iter. Total: 0.3794 s/iter. ETA=0:01:44
[10/28 14:27:30 d2.evaluation.evaluator]: Inference done 4737/5000. Dataloading: 0.0193 s/iter. Inference: 0.3598 s/iter. Eval: 0.0002 s/iter. Total: 0.3795 s/iter. ETA=0:01:39
[10/28 14:27:35 d2.evaluation.evaluator]: Inference done 4751/5000. Dataloading: 0.0193 s/iter. Inference: 0.3599 s/iter. Eval: 0.0002 s/iter. Total: 0.3795 s/iter. ETA=0:01:34
[10/28 14:27:40 d2.evaluation.evaluator]: Inference done 4764/5000. Dataloading: 0.0193 s/iter. Inference: 0.3599 s/iter. Eval: 0.0002 s/iter. Total: 0.3795 s/iter. ETA=0:01:29
[10/28 14:27:45 d2.evaluation.evaluator]: Inference done 4778/5000. Dataloading: 0.0193 s/iter. Inference: 0.3599 s/iter. Eval: 0.0002 s/iter. Total: 0.3795 s/iter. ETA=0:01:24
[10/28 14:27:50 d2.evaluation.evaluator]: Inference done 4791/5000. Dataloading: 0.0193 s/iter. Inference: 0.3599 s/iter. Eval: 0.0002 s/iter. Total: 0.3795 s/iter. ETA=0:01:19
[10/28 14:27:55 d2.evaluation.evaluator]: Inference done 4804/5000. Dataloading: 0.0193 s/iter. Inference: 0.3599 s/iter. Eval: 0.0002 s/iter. Total: 0.3795 s/iter. ETA=0:01:14
[10/28 14:28:01 d2.evaluation.evaluator]: Inference done 4818/5000. Dataloading: 0.0193 s/iter. Inference: 0.3599 s/iter. Eval: 0.0002 s/iter. Total: 0.3795 s/iter. ETA=0:01:09
[10/28 14:28:06 d2.evaluation.evaluator]: Inference done 4833/5000. Dataloading: 0.0193 s/iter. Inference: 0.3598 s/iter. Eval: 0.0002 s/iter. Total: 0.3794 s/iter. ETA=0:01:03
[10/28 14:28:11 d2.evaluation.evaluator]: Inference done 4847/5000. Dataloading: 0.0193 s/iter. Inference: 0.3598 s/iter. Eval: 0.0002 s/iter. Total: 0.3794 s/iter. ETA=0:00:58
[10/28 14:28:16 d2.evaluation.evaluator]: Inference done 4860/5000. Dataloading: 0.0193 s/iter. Inference: 0.3598 s/iter. Eval: 0.0002 s/iter. Total: 0.3795 s/iter. ETA=0:00:53
[10/28 14:28:21 d2.evaluation.evaluator]: Inference done 4873/5000. Dataloading: 0.0193 s/iter. Inference: 0.3599 s/iter. Eval: 0.0002 s/iter. Total: 0.3795 s/iter. ETA=0:00:48
[10/28 14:28:26 d2.evaluation.evaluator]: Inference done 4886/5000. Dataloading: 0.0193 s/iter. Inference: 0.3599 s/iter. Eval: 0.0002 s/iter. Total: 0.3795 s/iter. ETA=0:00:43
[10/28 14:28:32 d2.evaluation.evaluator]: Inference done 4900/5000. Dataloading: 0.0193 s/iter. Inference: 0.3599 s/iter. Eval: 0.0002 s/iter. Total: 0.3795 s/iter. ETA=0:00:37
[10/28 14:28:37 d2.evaluation.evaluator]: Inference done 4914/5000. Dataloading: 0.0193 s/iter. Inference: 0.3599 s/iter. Eval: 0.0002 s/iter. Total: 0.3795 s/iter. ETA=0:00:32
[10/28 14:28:42 d2.evaluation.evaluator]: Inference done 4927/5000. Dataloading: 0.0193 s/iter. Inference: 0.3599 s/iter. Eval: 0.0002 s/iter. Total: 0.3796 s/iter. ETA=0:00:27
[10/28 14:28:47 d2.evaluation.evaluator]: Inference done 4941/5000. Dataloading: 0.0193 s/iter. Inference: 0.3599 s/iter. Eval: 0.0002 s/iter. Total: 0.3796 s/iter. ETA=0:00:22
[10/28 14:28:53 d2.evaluation.evaluator]: Inference done 4955/5000. Dataloading: 0.0193 s/iter. Inference: 0.3599 s/iter. Eval: 0.0002 s/iter. Total: 0.3796 s/iter. ETA=0:00:17
[10/28 14:28:58 d2.evaluation.evaluator]: Inference done 4968/5000. Dataloading: 0.0193 s/iter. Inference: 0.3600 s/iter. Eval: 0.0002 s/iter. Total: 0.3796 s/iter. ETA=0:00:12
[10/28 14:29:03 d2.evaluation.evaluator]: Inference done 4982/5000. Dataloading: 0.0193 s/iter. Inference: 0.3600 s/iter. Eval: 0.0002 s/iter. Total: 0.3796 s/iter. ETA=0:00:06
[10/28 14:29:08 d2.evaluation.evaluator]: Inference done 4996/5000. Dataloading: 0.0193 s/iter. Inference: 0.3600 s/iter. Eval: 0.0002 s/iter. Total: 0.3796 s/iter. ETA=0:00:01
[10/28 14:29:10 d2.evaluation.evaluator]: Total inference time: 0:31:35.972045 (0.379574 s / iter per device, on 1 devices)
[10/28 14:29:10 d2.evaluation.evaluator]: Total inference pure compute time: 0:29:57 (0.359960 s / iter per device, on 1 devices)
[10/28 14:29:10 d2.evaluation.coco_evaluation]: Preparing results for COCO format ...
[10/28 14:29:10 d2.evaluation.coco_evaluation]: Evaluating predictions with unofficial COCO API...
Loading and preparing results...
DONE (t=1.26s)
creating index...
index created!
[10/28 14:29:11 d2.evaluation.fast_eval_api]: Evaluate annotation type *bbox*
[10/28 14:29:20 d2.evaluation.fast_eval_api]: COCOeval_opt.evaluate() finished in 8.15 seconds.
[10/28 14:29:20 d2.evaluation.fast_eval_api]: Accumulating evaluation results...
[10/28 14:29:21 d2.evaluation.fast_eval_api]: COCOeval_opt.accumulate() finished in 1.16 seconds.
 Average Precision  (AP) @[ IoU=0.50:0.95 | area=   all | maxDets=100 ] = 0.577
 Average Precision  (AP) @[ IoU=0.50      | area=   all | maxDets=100 ] = 0.743
 Average Precision  (AP) @[ IoU=0.75      | area=   all | maxDets=100 ] = 0.638
 Average Precision  (AP) @[ IoU=0.50:0.95 | area= small | maxDets=100 ] = 0.408
 Average Precision  (AP) @[ IoU=0.50:0.95 | area=medium | maxDets=100 ] = 0.629
 Average Precision  (AP) @[ IoU=0.50:0.95 | area= large | maxDets=100 ] = 0.735
 Average Recall     (AR) @[ IoU=0.50:0.95 | area=   all | maxDets=  1 ] = 0.414
 Average Recall     (AR) @[ IoU=0.50:0.95 | area=   all | maxDets= 10 ] = 0.689
 Average Recall     (AR) @[ IoU=0.50:0.95 | area=   all | maxDets=100 ] = 0.734
 Average Recall     (AR) @[ IoU=0.50:0.95 | area= small | maxDets=100 ] = 0.569
 Average Recall     (AR) @[ IoU=0.50:0.95 | area=medium | maxDets=100 ] = 0.788
 Average Recall     (AR) @[ IoU=0.50:0.95 | area= large | maxDets=100 ] = 0.886
[10/28 14:29:21 d2.evaluation.coco_evaluation]: Evaluation results for bbox: 
|   AP   |  AP50  |  AP75  |  APs   |  APm   |  APl   |
|:------:|:------:|:------:|:------:|:------:|:------:|
| 57.669 | 74.321 | 63.761 | 40.789 | 62.926 | 73.478 |
[10/28 14:29:21 d2.evaluation.coco_evaluation]: Per-category bbox AP: 
| category      | AP     | category     | AP     | category       | AP     |
|:--------------|:-------|:-------------|:-------|:---------------|:-------|
| person        | 66.891 | bicycle      | 46.704 | car            | 58.045 |
| motorcycle    | 62.241 | airplane     | 80.259 | bus            | 80.761 |
| train         | 80.632 | truck        | 55.258 | boat           | 45.529 |
| traffic light | 35.661 | fire hydrant | 78.766 | stop sign      | 67.198 |
| parking meter | 58.069 | bench        | 45.990 | bird           | 50.298 |
| cat           | 84.031 | dog          | 81.230 | horse          | 74.498 |
| sheep         | 68.800 | cow          | 71.155 | elephant       | 78.257 |
| bear          | 84.788 | zebra        | 76.468 | giraffe        | 80.446 |
| backpack      | 32.924 | umbrella     | 59.423 | handbag        | 36.383 |
| tie           | 54.726 | suitcase     | 62.622 | frisbee        | 76.914 |
| skis          | 43.564 | snowboard    | 50.815 | sports ball    | 54.219 |
| kite          | 56.154 | baseball bat | 62.741 | baseball glove | 47.331 |
| skateboard    | 68.386 | surfboard    | 58.601 | tennis racket  | 68.757 |
| bottle        | 56.609 | wine glass   | 54.577 | cup            | 61.058 |
| fork          | 63.492 | knife        | 47.272 | spoon          | 45.191 |
| bowl          | 59.688 | banana       | 30.966 | apple          | 22.948 |
| sandwich      | 42.593 | orange       | 25.017 | broccoli       | 29.056 |
| carrot        | 12.147 | hot dog      | 51.341 | pizza          | 52.366 |
| donut         | 56.783 | cake         | 41.160 | chair          | 51.353 |
| couch         | 62.680 | potted plant | 42.911 | bed            | 67.526 |
| dining table  | 44.120 | toilet       | 77.284 | tv             | 69.860 |
| laptop        | 79.444 | mouse        | 70.835 | remote         | 53.512 |
| keyboard      | 68.426 | cell phone   | 57.510 | microwave      | 74.610 |
| oven          | 51.674 | toaster      | 51.397 | sink           | 53.141 |
| refrigerator  | 76.420 | book         | 30.114 | clock          | 63.746 |
| vase          | 53.968 | scissors     | 62.888 | teddy bear     | 66.923 |
| hair drier    | 33.882 | toothbrush   | 51.498 |                |        |


------- Similarity and Timing Metrics -------
Total Parameters: 218755584
Average Attack Time: 0.3792
Average L2 Norm: 0.0000
Max Difference in Images: 0.0000
------------------------------------------------


[10/28 14:29:22 d2.evaluation.testing]: copypaste: Task: bbox
[10/28 14:29:22 d2.evaluation.testing]: copypaste: AP,AP50,AP75,APs,APm,APl
[10/28 14:29:22 d2.evaluation.testing]: copypaste: 57.6691,74.3209,63.7612,40.7894,62.9263,73.4776
OrderedDict({'bbox': {'AP': 57.669064516486536, 'AP50': 74.32087796950925, 'AP75': 63.761245300266225, 'APs': 40.78942217626938, 'APm': 62.92627845937477, 'APl': 73.47762478840268, 'AP-person': 66.89129701473394, 'AP-bicycle': 46.703646552845626, 'AP-car': 58.0446079589342, 'AP-motorcycle': 62.241419464345746, 'AP-airplane': 80.25904408575674, 'AP-bus': 80.76079296953428, 'AP-train': 80.63161581667643, 'AP-truck': 55.258261067833836, 'AP-boat': 45.52947073521952, 'AP-traffic light': 35.660924614230346, 'AP-fire hydrant': 78.76558193390731, 'AP-stop sign': 67.1980980265815, 'AP-parking meter': 58.06924993547851, 'AP-bench': 45.989955219544434, 'AP-bird': 50.29808986571591, 'AP-cat': 84.03068786861054, 'AP-dog': 81.23002718746307, 'AP-horse': 74.49788737563048, 'AP-sheep': 68.80040865859745, 'AP-cow': 71.15457678684677, 'AP-elephant': 78.2570506929045, 'AP-bear': 84.7877508863028, 'AP-zebra': 76.46838087704596, 'AP-giraffe': 80.44643426734591, 'AP-backpack': 32.92438250573561, 'AP-umbrella': 59.422967560923944, 'AP-handbag': 36.38270870876425, 'AP-tie': 54.72580938266024, 'AP-suitcase': 62.622349475534975, 'AP-frisbee': 76.91396862816617, 'AP-skis': 43.56389313902059, 'AP-snowboard': 50.8154850619193, 'AP-sports ball': 54.218541519445765, 'AP-kite': 56.15419886690546, 'AP-baseball bat': 62.7412491541443, 'AP-baseball glove': 47.330983432098854, 'AP-skateboard': 68.38560355830418, 'AP-surfboard': 58.600851017645006, 'AP-tennis racket': 68.75696284530363, 'AP-bottle': 56.60923756585095, 'AP-wine glass': 54.57743616402703, 'AP-cup': 61.058371638869126, 'AP-fork': 63.49212160264462, 'AP-knife': 47.272454934175215, 'AP-spoon': 45.191019352487714, 'AP-bowl': 59.68844793424057, 'AP-banana': 30.965902272454937, 'AP-apple': 22.947786982974154, 'AP-sandwich': 42.59256454463337, 'AP-orange': 25.017417231623853, 'AP-broccoli': 29.05605330690181, 'AP-carrot': 12.147485681981005, 'AP-hot dog': 51.340560172888885, 'AP-pizza': 52.36646558754521, 'AP-donut': 56.78307056051919, 'AP-cake': 41.15976750827148, 'AP-chair': 51.35347605184507, 'AP-couch': 62.6803804065413, 'AP-potted plant': 42.91148713148908, 'AP-bed': 67.52561926444082, 'AP-dining table': 44.12036857952997, 'AP-toilet': 77.28433817610888, 'AP-tv': 69.85952827812844, 'AP-laptop': 79.4436428201071, 'AP-mouse': 70.83505697140582, 'AP-remote': 53.51200940822587, 'AP-keyboard': 68.42640307531407, 'AP-cell phone': 57.51049654878375, 'AP-microwave': 74.60987920669253, 'AP-oven': 51.67415984554305, 'AP-toaster': 51.39677896361066, 'AP-sink': 53.14082673439766, 'AP-refrigerator': 76.41978629036345, 'AP-book': 30.114165082907302, 'AP-clock': 63.745713635904345, 'AP-vase': 53.96811028230367, 'AP-scissors': 62.88817392956987, 'AP-teddy bear': 66.92322091788425, 'AP-hair drier': 33.88189975612691, 'AP-toothbrush': 51.49826220095133}})
---------------------------------------
Begin Slurm Epilog: Oct-28-2024 14:29:23
Job ID:        892238
Array Job ID:  _4294967294
User ID:       zyahn3
Account:       scs
Job name:      TOG_Plus_DETA
Resources:     cpu=1,gres/gpu:a100=1,mem=128G,node=1
Rsrc Used:     cput=00:32:09,vmem=0,walltime=00:32:09,mem=2255172K,energy_used=0
Partition:     coc-gpu
Nodes:         atl1-1-01-005-13-0
---------------------------------------
