---------------------------------------
Begin Slurm Prolog: Oct-24-2024 10:44:06
Job ID:    883159
User ID:   zyahn3
Account:   scs
Job name:  TOG_Plus_R50
Partition: coc-gpu
---------------------------------------
/storage/ice1/5/9/zyahn3/TOG_plus/detrex/detrex/layers/dcn_v3.py:23: FutureWarning: `torch.cuda.amp.custom_fwd(args...)` is deprecated. Please use `torch.amp.custom_fwd(args..., device_type='cuda')` instead.
  @custom_fwd
/storage/ice1/5/9/zyahn3/TOG_plus/detrex/detrex/layers/dcn_v3.py:52: FutureWarning: `torch.cuda.amp.custom_bwd(args...)` is deprecated. Please use `torch.amp.custom_bwd(args..., device_type='cuda')` instead.
  @custom_bwd
[10/24 10:45:18 detectron2]: Rank of current process: 0. World size: 1
[10/24 10:45:20 detectron2]: Environment info:
-------------------------------  ----------------------------------------------------------------------------------------
sys.platform                     linux
Python                           3.12.4 | packaged by Anaconda, Inc. | (main, Jun 18 2024, 15:12:24) [GCC 11.2.0]
numpy                            1.26.4
detectron2                       0.6 @/storage/ice1/5/9/zyahn3/TOG_plus/detrex/detectron2/detectron2
Compiler                         GCC 12.3
CUDA compiler                    not available
DETECTRON2_ENV_MODULE            <not set>
PyTorch                          2.4.1 @/home/hice1/zyahn3/.conda/envs/TOG_test/lib/python3.12/site-packages/torch
PyTorch debug build              False
torch._C._GLIBCXX_USE_CXX11_ABI  False
GPU available                    Yes
GPU 0                            Tesla V100-PCIE-32GB (arch=7.0)
Driver version                   555.42.02
CUDA_HOME                        /usr/local/cuda
Pillow                           10.4.0
torchvision                      0.19.1 @/home/hice1/zyahn3/.conda/envs/TOG_test/lib/python3.12/site-packages/torchvision
torchvision arch flags           5.0, 6.0, 7.0, 7.5, 8.0, 8.6, 9.0
fvcore                           0.1.5.post20221221
iopath                           0.1.9
cv2                              4.10.0
-------------------------------  ----------------------------------------------------------------------------------------
PyTorch built with:
  - GCC 9.3
  - C++ Version: 201703
  - Intel(R) oneAPI Math Kernel Library Version 2023.1-Product Build 20230303 for Intel(R) 64 architecture applications
  - Intel(R) MKL-DNN v3.4.2 (Git Hash 1137e04ec0b5251ca2b4400a4fd3c667ce843d67)
  - OpenMP 201511 (a.k.a. OpenMP 4.5)
  - LAPACK is enabled (usually provided by MKL)
  - NNPACK is enabled
  - CPU capability usage: AVX512
  - CUDA Runtime 12.4
  - NVCC architecture flags: -gencode;arch=compute_50,code=sm_50;-gencode;arch=compute_60,code=sm_60;-gencode;arch=compute_61,code=sm_61;-gencode;arch=compute_70,code=sm_70;-gencode;arch=compute_75,code=sm_75;-gencode;arch=compute_80,code=sm_80;-gencode;arch=compute_86,code=sm_86;-gencode;arch=compute_90,code=sm_90
  - CuDNN 90.1
  - Magma 2.6.1
  - Build settings: BLAS_INFO=mkl, BUILD_TYPE=Release, CUDA_VERSION=12.4, CUDNN_VERSION=9.1.0, CXX_COMPILER=/opt/rh/devtoolset-9/root/usr/bin/c++, CXX_FLAGS= -D_GLIBCXX_USE_CXX11_ABI=0 -fabi-version=11 -fvisibility-inlines-hidden -DUSE_PTHREADPOOL -DNDEBUG -DUSE_KINETO -DLIBKINETO_NOROCTRACER -DUSE_FBGEMM -DUSE_PYTORCH_QNNPACK -DUSE_XNNPACK -DSYMBOLICATE_MOBILE_DEBUG_HANDLE -O2 -fPIC -Wall -Wextra -Werror=return-type -Werror=non-virtual-dtor -Werror=bool-operation -Wnarrowing -Wno-missing-field-initializers -Wno-type-limits -Wno-array-bounds -Wno-unknown-pragmas -Wno-unused-parameter -Wno-unused-function -Wno-unused-result -Wno-strict-overflow -Wno-strict-aliasing -Wno-stringop-overflow -Wsuggest-override -Wno-psabi -Wno-error=pedantic -Wno-error=old-style-cast -Wno-missing-braces -fdiagnostics-color=always -faligned-new -Wno-unused-but-set-variable -Wno-maybe-uninitialized -fno-math-errno -fno-trapping-math -Werror=format -Wno-stringop-overflow, LAPACK_INFO=mkl, PERF_WITH_AVX=1, PERF_WITH_AVX2=1, PERF_WITH_AVX512=1, TORCH_VERSION=2.4.1, USE_CUDA=ON, USE_CUDNN=ON, USE_CUSPARSELT=1, USE_EXCEPTION_PTR=1, USE_GFLAGS=OFF, USE_GLOG=OFF, USE_GLOO=ON, USE_MKL=ON, USE_MKLDNN=ON, USE_MPI=OFF, USE_NCCL=ON, USE_NNPACK=ON, USE_OPENMP=ON, USE_ROCM=OFF, USE_ROCM_KERNEL_ASSERT=OFF, 

[10/24 10:45:20 detectron2]: Command line arguments: Namespace(config_file='detrex/projects/dino/configs/dino-resnet/dino_r50_4scale_12ep.py', resume=False, eval_only=True, num_gpus=1, num_machines=1, machine_rank=0, dist_url='tcp://127.0.0.1:53103', opts=['train.init_checkpoint=model_files/dino_r50_4scale.pth', 'attack=none', 'attack_mode=untargeted', 'sample=0.005'])
[10/24 10:45:20 detectron2]: Contents of args.config_file=detrex/projects/dino/configs/dino-resnet/dino_r50_4scale_12ep.py:
[38;5;204mfrom[39m[38;5;15m [39m[38;5;15mdetrex[39m[38;5;15m.[39m[38;5;15mconfig[39m[38;5;15m [39m[38;5;204mimport[39m[38;5;15m [39m[38;5;15mget_config[39m
[38;5;204mfrom[39m[38;5;15m [39m[38;5;15m.[39m[38;5;15m.[39m[38;5;15mmodels[39m[38;5;15m.[39m[38;5;15mdino_r50[39m[38;5;15m [39m[38;5;204mimport[39m[38;5;15m [39m[38;5;15mmodel[39m

[38;5;245m# get default config[39m
[38;5;15mdataloader[39m[38;5;15m [39m[38;5;204m=[39m[38;5;15m [39m[38;5;15mget_config[39m[38;5;15m([39m[38;5;186m"[39m[38;5;186mcommon/data/coco_detr.py[39m[38;5;186m"[39m[38;5;15m)[39m[38;5;204m.[39m[38;5;15mdataloader[39m
[38;5;15moptimizer[39m[38;5;15m [39m[38;5;204m=[39m[38;5;15m [39m[38;5;15mget_config[39m[38;5;15m([39m[38;5;186m"[39m[38;5;186mcommon/optim.py[39m[38;5;186m"[39m[38;5;15m)[39m[38;5;204m.[39m[38;5;15mAdamW[39m
[38;5;15mlr_multiplier[39m[38;5;15m [39m[38;5;204m=[39m[38;5;15m [39m[38;5;15mget_config[39m[38;5;15m([39m[38;5;186m"[39m[38;5;186mcommon/coco_schedule.py[39m[38;5;186m"[39m[38;5;15m)[39m[38;5;204m.[39m[38;5;15mlr_multiplier_12ep[39m
[38;5;15mtrain[39m[38;5;15m [39m[38;5;204m=[39m[38;5;15m [39m[38;5;15mget_config[39m[38;5;15m([39m[38;5;186m"[39m[38;5;186mcommon/train.py[39m[38;5;186m"[39m[38;5;15m)[39m[38;5;204m.[39m[38;5;15mtrain[39m

[38;5;245m# modify training config[39m
[38;5;15mtrain[39m[38;5;204m.[39m[38;5;15minit_checkpoint[39m[38;5;15m [39m[38;5;204m=[39m[38;5;15m [39m[38;5;186m"[39m[38;5;186mdetectron2://ImageNetPretrained/torchvision/R-50.pkl[39m[38;5;186m"[39m
[38;5;15mtrain[39m[38;5;204m.[39m[38;5;15moutput_dir[39m[38;5;15m [39m[38;5;204m=[39m[38;5;15m [39m[38;5;186m"[39m[38;5;186m./output/dino_r50_4scale_12ep[39m[38;5;186m"[39m

[38;5;245m# max training iterations[39m
[38;5;15mtrain[39m[38;5;204m.[39m[38;5;15mmax_iter[39m[38;5;15m [39m[38;5;204m=[39m[38;5;15m [39m[38;5;141m90000[39m
[38;5;15mtrain[39m[38;5;204m.[39m[38;5;15meval_period[39m[38;5;15m [39m[38;5;204m=[39m[38;5;15m [39m[38;5;141m5000[39m
[38;5;15mtrain[39m[38;5;204m.[39m[38;5;15mlog_period[39m[38;5;15m [39m[38;5;204m=[39m[38;5;15m [39m[38;5;141m20[39m
[38;5;15mtrain[39m[38;5;204m.[39m[38;5;15mcheckpointer[39m[38;5;204m.[39m[38;5;15mperiod[39m[38;5;15m [39m[38;5;204m=[39m[38;5;15m [39m[38;5;141m5000[39m

[38;5;245m# gradient clipping for training[39m
[38;5;15mtrain[39m[38;5;204m.[39m[38;5;15mclip_grad[39m[38;5;204m.[39m[38;5;15menabled[39m[38;5;15m [39m[38;5;204m=[39m[38;5;15m [39m[38;5;81mTrue[39m
[38;5;15mtrain[39m[38;5;204m.[39m[38;5;15mclip_grad[39m[38;5;204m.[39m[38;5;15mparams[39m[38;5;204m.[39m[38;5;15mmax_norm[39m[38;5;15m [39m[38;5;204m=[39m[38;5;15m [39m[38;5;141m0.1[39m
[38;5;15mtrain[39m[38;5;204m.[39m[38;5;15mclip_grad[39m[38;5;204m.[39m[38;5;15mparams[39m[38;5;204m.[39m[38;5;15mnorm_type[39m[38;5;15m [39m[38;5;204m=[39m[38;5;15m [39m[38;5;141m2[39m

[38;5;245m# set training devices[39m
[38;5;15mtrain[39m[38;5;204m.[39m[38;5;15mdevice[39m[38;5;15m [39m[38;5;204m=[39m[38;5;15m [39m[38;5;186m"[39m[38;5;186mcuda[39m[38;5;186m"[39m
[38;5;15mmodel[39m[38;5;204m.[39m[38;5;15mdevice[39m[38;5;15m [39m[38;5;204m=[39m[38;5;15m [39m[38;5;15mtrain[39m[38;5;204m.[39m[38;5;15mdevice[39m

[38;5;245m# modify optimizer config[39m
[38;5;15moptimizer[39m[38;5;204m.[39m[38;5;15mlr[39m[38;5;15m [39m[38;5;204m=[39m[38;5;15m [39m[38;5;141m1e-4[39m
[38;5;15moptimizer[39m[38;5;204m.[39m[38;5;15mbetas[39m[38;5;15m [39m[38;5;204m=[39m[38;5;15m [39m[38;5;15m([39m[38;5;141m0.9[39m[38;5;15m,[39m[38;5;15m [39m[38;5;141m0.999[39m[38;5;15m)[39m
[38;5;15moptimizer[39m[38;5;204m.[39m[38;5;15mweight_decay[39m[38;5;15m [39m[38;5;204m=[39m[38;5;15m [39m[38;5;141m1e-4[39m
[38;5;15moptimizer[39m[38;5;204m.[39m[38;5;15mparams[39m[38;5;204m.[39m[38;5;15mlr_factor_func[39m[38;5;15m [39m[38;5;204m=[39m[38;5;15m [39m[38;5;81mlambda[39m[38;5;15m [39m[38;5;15mmodule_name[39m[38;5;15m:[39m[38;5;15m [39m[38;5;141m0.1[39m[38;5;15m [39m[38;5;81mif[39m[38;5;15m [39m[38;5;186m"[39m[38;5;186mbackbone[39m[38;5;186m"[39m[38;5;15m [39m[38;5;204min[39m[38;5;15m [39m[38;5;15mmodule_name[39m[38;5;15m [39m[38;5;81melse[39m[38;5;15m [39m[38;5;141m1[39m

[38;5;245m# modify dataloader config[39m
[38;5;15mdataloader[39m[38;5;204m.[39m[38;5;15mtrain[39m[38;5;204m.[39m[38;5;15mnum_workers[39m[38;5;15m [39m[38;5;204m=[39m[38;5;15m [39m[38;5;141m16[39m

[38;5;245m# please notice that this is total batch size.[39m
[38;5;245m# surpose you're using 4 gpus for training and the batch size for[39m
[38;5;245m# each gpu is 16/4 = 4[39m
[38;5;15mdataloader[39m[38;5;204m.[39m[38;5;15mtrain[39m[38;5;204m.[39m[38;5;15mtotal_batch_size[39m[38;5;15m [39m[38;5;204m=[39m[38;5;15m [39m[38;5;141m16[39m

[38;5;245m# dump the testing results into output_dir for visualization[39m
[38;5;15mdataloader[39m[38;5;204m.[39m[38;5;15mevaluator[39m[38;5;204m.[39m[38;5;15moutput_dir[39m[38;5;15m [39m[38;5;204m=[39m[38;5;15m [39m[38;5;15mtrain[39m[38;5;204m.[39m[38;5;15moutput_dir[39m

[38;5;15mattack[39m[38;5;204m=[39m[38;5;81mNone[39m
[38;5;15mattack_mode[39m[38;5;204m=[39m[38;5;81mNone[39m
[38;5;15msample[39m[38;5;204m=[39m[38;5;141m1.0[39m

WARNING [10/24 10:45:20 d2.config.lazy]: The config contains objects that cannot serialize to a valid yaml. ./output/dino_r50_4scale_12ep/config.yaml is human-readable but cannot be loaded.
WARNING [10/24 10:45:20 d2.config.lazy]: Config is saved using cloudpickle at ./output/dino_r50_4scale_12ep/config.yaml.pkl.
[10/24 10:45:20 detectron2]: Full config saved to ./output/dino_r50_4scale_12ep/config.yaml
[10/24 10:45:20 d2.utils.env]: Using a generated random seed 24185811
[10/24 10:45:23 d2.checkpoint.detection_checkpoint]: [DetectionCheckpointer] Loading from model_files/dino_r50_4scale.pth ...
[10/24 10:45:23 fvcore.common.checkpoint]: [Checkpointer] Loading from model_files/dino_r50_4scale.pth ...
/home/hice1/zyahn3/.conda/envs/TOG_test/lib/python3.12/site-packages/fvcore/common/checkpoint.py:252: FutureWarning: You are using `torch.load` with `weights_only=False` (the current default value), which uses the default pickle module implicitly. It is possible to construct malicious pickle data which will execute arbitrary code during unpickling (See https://github.com/pytorch/pytorch/blob/main/SECURITY.md#untrusted-models for more details). In a future release, the default value for `weights_only` will be flipped to `True`. This limits the functions that could be executed during unpickling. Arbitrary objects will no longer be allowed to be loaded via this mode unless they are explicitly allowlisted by the user via `torch.serialization.add_safe_globals`. We recommend you start setting `weights_only=True` for any use case where you don't have full control of the loaded file. Please open an issue on GitHub for any issues related to this experimental feature.
  return torch.load(f, map_location=torch.device("cpu"))
[10/24 10:45:26 detectron2]: Run evaluation under eval-only mode
[10/24 10:45:26 detectron2]: Run evaluation without EMA.
[10/24 10:45:27 d2.data.datasets.coco]: Loaded 5000 images in COCO format from datasets/coco/annotations/instances_val2017.json
[10/24 10:45:27 d2.data.build]: Distribution of instances among all 80 categories:
|   category    | #instances   |   category   | #instances   |   category    | #instances   |
|:-------------:|:-------------|:------------:|:-------------|:-------------:|:-------------|
|    person     | 10777        |   bicycle    | 314          |      car      | 1918         |
|  motorcycle   | 367          |   airplane   | 143          |      bus      | 283          |
|     train     | 190          |    truck     | 414          |     boat      | 424          |
| traffic light | 634          | fire hydrant | 101          |   stop sign   | 75           |
| parking meter | 60           |    bench     | 411          |     bird      | 427          |
|      cat      | 202          |     dog      | 218          |     horse     | 272          |
|     sheep     | 354          |     cow      | 372          |   elephant    | 252          |
|     bear      | 71           |    zebra     | 266          |    giraffe    | 232          |
|   backpack    | 371          |   umbrella   | 407          |    handbag    | 540          |
|      tie      | 252          |   suitcase   | 299          |    frisbee    | 115          |
|     skis      | 241          |  snowboard   | 69           |  sports ball  | 260          |
|     kite      | 327          | baseball bat | 145          | baseball gl.. | 148          |
|  skateboard   | 179          |  surfboard   | 267          | tennis racket | 225          |
|    bottle     | 1013         |  wine glass  | 341          |      cup      | 895          |
|     fork      | 215          |    knife     | 325          |     spoon     | 253          |
|     bowl      | 623          |    banana    | 370          |     apple     | 236          |
|   sandwich    | 177          |    orange    | 285          |   broccoli    | 312          |
|    carrot     | 365          |   hot dog    | 125          |     pizza     | 284          |
|     donut     | 328          |     cake     | 310          |     chair     | 1771         |
|     couch     | 261          | potted plant | 342          |      bed      | 163          |
| dining table  | 695          |    toilet    | 179          |      tv       | 288          |
|    laptop     | 231          |    mouse     | 106          |    remote     | 283          |
|   keyboard    | 153          |  cell phone  | 262          |   microwave   | 55           |
|     oven      | 143          |   toaster    | 9            |     sink      | 225          |
| refrigerator  | 126          |     book     | 1129         |     clock     | 267          |
|     vase      | 274          |   scissors   | 36           |  teddy bear   | 190          |
|  hair drier   | 11           |  toothbrush  | 57           |               |              |
|     total     | 36335        |              |              |               |              |
[10/24 10:45:27 d2.data.common]: Serializing the dataset using: <class 'detectron2.data.common._TorchSerializedList'>
[10/24 10:45:27 d2.data.common]: Serializing 5000 elements to byte tensors and concatenating them all ...
[10/24 10:45:27 d2.data.common]: Serialized dataset takes 19.10 MiB
[10/24 10:45:28 d2.evaluation.evaluator]: Start inference on 5000 batches
Doing attack: None
/home/hice1/zyahn3/.conda/envs/TOG_test/lib/python3.12/site-packages/torch/functional.py:513: UserWarning: torch.meshgrid: in an upcoming release, it will be required to pass the indexing argument. (Triggered internally at /opt/conda/conda-bld/pytorch_1724789220573/work/aten/src/ATen/native/TensorShape.cpp:3609.)
  return _VF.meshgrid(tensors, **kwargs)  # type: ignore[attr-defined]
[10/24 10:45:43 d2.evaluation.evaluator]: Inference done 7/5000. Dataloading: 0.5225 s/iter. Inference: 7.3525 s/iter. Eval: 0.0141 s/iter. Total: 7.8900 s/iter. ETA=10:56:34
[10/24 10:45:52 d2.evaluation.evaluator]: Inference done 243/5000. Dataloading: 0.0375 s/iter. Inference: 0.0630 s/iter. Eval: 0.0003 s/iter. Total: 0.1009 s/iter. ETA=0:07:59
[10/24 10:45:59 d2.evaluation.evaluator]: Inference done 458/5000. Dataloading: 0.0354 s/iter. Inference: 0.0338 s/iter. Eval: 0.0007 s/iter. Total: 0.0698 s/iter. ETA=0:05:17
[10/24 10:46:12 d2.evaluation.evaluator]: Inference done 817/5000. Dataloading: 0.0349 s/iter. Inference: 0.0190 s/iter. Eval: 0.0004 s/iter. Total: 0.0543 s/iter. ETA=0:03:46
[10/24 10:46:18 d2.evaluation.evaluator]: Inference done 1015/5000. Dataloading: 0.0345 s/iter. Inference: 0.0156 s/iter. Eval: 0.0003 s/iter. Total: 0.0504 s/iter. ETA=0:03:20
[10/24 10:46:30 d2.evaluation.evaluator]: Inference done 1369/5000. Dataloading: 0.0342 s/iter. Inference: 0.0116 s/iter. Eval: 0.0002 s/iter. Total: 0.0461 s/iter. ETA=0:02:47
[10/24 10:46:46 d2.evaluation.evaluator]: Inference done 1853/5000. Dataloading: 0.0335 s/iter. Inference: 0.0089 s/iter. Eval: 0.0002 s/iter. Total: 0.0426 s/iter. ETA=0:02:14
[10/24 10:46:53 d2.evaluation.evaluator]: Inference done 2054/5000. Dataloading: 0.0334 s/iter. Inference: 0.0082 s/iter. Eval: 0.0002 s/iter. Total: 0.0418 s/iter. ETA=0:02:03
[10/24 10:47:00 d2.evaluation.evaluator]: Inference done 2273/5000. Dataloading: 0.0332 s/iter. Inference: 0.0075 s/iter. Eval: 0.0001 s/iter. Total: 0.0408 s/iter. ETA=0:01:51
[10/24 10:47:06 d2.evaluation.evaluator]: Inference done 2445/5000. Dataloading: 0.0331 s/iter. Inference: 0.0071 s/iter. Eval: 0.0001 s/iter. Total: 0.0403 s/iter. ETA=0:01:43
[10/24 10:47:15 d2.evaluation.evaluator]: Inference done 2719/5000. Dataloading: 0.0329 s/iter. Inference: 0.0065 s/iter. Eval: 0.0001 s/iter. Total: 0.0395 s/iter. ETA=0:01:30
[10/24 10:47:27 d2.evaluation.evaluator]: Inference done 3095/5000. Dataloading: 0.0327 s/iter. Inference: 0.0057 s/iter. Eval: 0.0001 s/iter. Total: 0.0385 s/iter. ETA=0:01:13
[10/24 10:47:47 d2.evaluation.evaluator]: Inference done 3725/5000. Dataloading: 0.0325 s/iter. Inference: 0.0049 s/iter. Eval: 0.0001 s/iter. Total: 0.0374 s/iter. ETA=0:00:47
[10/24 10:47:58 d2.evaluation.evaluator]: Inference done 4080/5000. Dataloading: 0.0324 s/iter. Inference: 0.0045 s/iter. Eval: 0.0001 s/iter. Total: 0.0370 s/iter. ETA=0:00:34
[10/24 10:48:07 d2.evaluation.evaluator]: Inference done 4345/5000. Dataloading: 0.0324 s/iter. Inference: 0.0043 s/iter. Eval: 0.0001 s/iter. Total: 0.0367 s/iter. ETA=0:00:24
[10/24 10:48:13 d2.evaluation.evaluator]: Inference done 4541/5000. Dataloading: 0.0323 s/iter. Inference: 0.0041 s/iter. Eval: 0.0001 s/iter. Total: 0.0365 s/iter. ETA=0:00:16
[10/24 10:48:18 d2.evaluation.evaluator]: Inference done 4705/5000. Dataloading: 0.0323 s/iter. Inference: 0.0040 s/iter. Eval: 0.0001 s/iter. Total: 0.0363 s/iter. ETA=0:00:10
[10/24 10:48:26 d2.evaluation.evaluator]: Inference done 4932/5000. Dataloading: 0.0322 s/iter. Inference: 0.0039 s/iter. Eval: 0.0001 s/iter. Total: 0.0362 s/iter. ETA=0:00:02
[10/24 10:48:28 d2.evaluation.evaluator]: Total inference time: 0:03:00.242742 (0.036085 s / iter per device, on 1 devices)
[10/24 10:48:28 d2.evaluation.evaluator]: Total inference pure compute time: 0:00:18 (0.003800 s / iter per device, on 1 devices)
[10/24 10:48:28 d2.evaluation.coco_evaluation]: Preparing results for COCO format ...
[10/24 10:48:28 d2.evaluation.coco_evaluation]: Saving results to ./output/dino_r50_4scale_12ep/coco_instances_results.json
[10/24 10:48:28 d2.evaluation.coco_evaluation]: Evaluating predictions with unofficial COCO API...
Loading and preparing results...
DONE (t=0.01s)
creating index...
index created!
[10/24 10:48:28 d2.evaluation.fast_eval_api]: Evaluate annotation type *bbox*
[10/24 10:48:33 d2.evaluation.fast_eval_api]: COCOeval_opt.evaluate() finished in 5.45 seconds.
[10/24 10:48:34 d2.evaluation.fast_eval_api]: Accumulating evaluation results...
[10/24 10:48:34 d2.evaluation.fast_eval_api]: COCOeval_opt.accumulate() finished in 0.46 seconds.
 Average Precision  (AP) @[ IoU=0.50:0.95 | area=   all | maxDets=100 ] = 0.005
 Average Precision  (AP) @[ IoU=0.50      | area=   all | maxDets=100 ] = 0.006
 Average Precision  (AP) @[ IoU=0.75      | area=   all | maxDets=100 ] = 0.005
 Average Precision  (AP) @[ IoU=0.50:0.95 | area= small | maxDets=100 ] = 0.002
 Average Precision  (AP) @[ IoU=0.50:0.95 | area=medium | maxDets=100 ] = 0.004
 Average Precision  (AP) @[ IoU=0.50:0.95 | area= large | maxDets=100 ] = 0.004
 Average Recall     (AR) @[ IoU=0.50:0.95 | area=   all | maxDets=  1 ] = 0.002
 Average Recall     (AR) @[ IoU=0.50:0.95 | area=   all | maxDets= 10 ] = 0.003
 Average Recall     (AR) @[ IoU=0.50:0.95 | area=   all | maxDets=100 ] = 0.004
 Average Recall     (AR) @[ IoU=0.50:0.95 | area= small | maxDets=100 ] = 0.001
 Average Recall     (AR) @[ IoU=0.50:0.95 | area=medium | maxDets=100 ] = 0.003
 Average Recall     (AR) @[ IoU=0.50:0.95 | area= large | maxDets=100 ] = 0.004
[10/24 10:48:34 d2.evaluation.coco_evaluation]: Evaluation results for bbox: 
|  AP   |  AP50  |  AP75  |  APs  |  APm  |  APl  |
|:-----:|:------:|:------:|:-----:|:-----:|:-----:|
| 0.501 | 0.584  | 0.533  | 0.163 | 0.355 | 0.428 |
[10/24 10:48:34 d2.evaluation.coco_evaluation]: Per-category bbox AP: 
| category      | AP    | category     | AP    | category       | AP    |
|:--------------|:------|:-------------|:------|:---------------|:------|
| person        | 0.990 | bicycle      | 0.000 | car            | 0.990 |
| motorcycle    | 0.000 | airplane     | 0.000 | bus            | 0.941 |
| train         | 1.485 | truck        | 0.990 | boat           | 1.095 |
| traffic light | 0.000 | fire hydrant | 0.792 | stop sign      | 0.000 |
| parking meter | 0.000 | bench        | 0.002 | bird           | 0.891 |
| cat           | 0.990 | dog          | 0.000 | horse          | 1.665 |
| sheep         | 0.000 | cow          | 0.000 | elephant       | 0.000 |
| bear          | 2.970 | zebra        | 0.693 | giraffe        | 0.000 |
| backpack      | 0.812 | umbrella     | 0.644 | handbag        | 0.000 |
| tie           | 0.792 | suitcase     | 0.000 | frisbee        | 0.000 |
| skis          | 0.990 | snowboard    | 0.000 | sports ball    | 0.891 |
| kite          | 0.000 | baseball bat | 3.624 | baseball glove | 0.732 |
| skateboard    | 0.000 | surfboard    | 0.744 | tennis racket  | 0.000 |
| bottle        | 0.891 | wine glass   | 0.000 | cup            | 0.000 |
| fork          | 0.000 | knife        | 0.000 | spoon          | 0.000 |
| bowl          | 0.793 | banana       | 0.000 | apple          | 0.292 |
| sandwich      | 0.000 | orange       | 0.000 | broccoli       | 0.000 |
| carrot        | 0.990 | hot dog      | 0.000 | pizza          | 0.000 |
| donut         | 0.000 | cake         | 0.000 | chair          | 0.990 |
| couch         | 0.495 | potted plant | 0.000 | bed            | 0.792 |
| dining table  | 0.941 | toilet       | 0.000 | tv             | 0.000 |
| laptop        | 0.990 | mouse        | 0.000 | remote         | 0.000 |
| keyboard      | 0.000 | cell phone   | 0.000 | microwave      | 1.782 |
| oven          | 1.980 | toaster      | 0.000 | sink           | 0.693 |
| refrigerator  | 2.805 | book         | 0.007 | clock          | 0.000 |
| vase          | 0.891 | scissors     | 0.000 | teddy bear     | 0.990 |
| hair drier    | 0.000 | toothbrush   | 0.000 |                |       |


------- Similarity and Timing Metrics -------
Total Parameters: 47650316
Average Attack Time: 5.6326
Average L2 Norm: 0.0000
Max Difference in Images: 0.0000
------------------------------------------------


[10/24 10:48:35 d2.evaluation.testing]: copypaste: Task: bbox
[10/24 10:48:35 d2.evaluation.testing]: copypaste: AP,AP50,AP75,APs,APm,APl
[10/24 10:48:35 d2.evaluation.testing]: copypaste: 0.5006,0.5844,0.5329,0.1634,0.3555,0.4279
OrderedDict({'bbox': {'AP': 0.5005974581052193, 'AP50': 0.5843763326692654, 'AP75': 0.5328657865786579, 'APs': 0.1633646984961934, 'APm': 0.3554684878677731, 'APl': 0.4279035046361779, 'AP-person': 0.9900990099009901, 'AP-bicycle': 0.0, 'AP-car': 0.9900990099009901, 'AP-motorcycle': 0.0, 'AP-airplane': 0.0, 'AP-bus': 0.9405940594059405, 'AP-train': 1.4851485148514851, 'AP-truck': 0.9900990099009901, 'AP-boat': 1.095002357378595, 'AP-traffic light': 0.0, 'AP-fire hydrant': 0.7920792079207921, 'AP-stop sign': 0.0, 'AP-parking meter': 0.0, 'AP-bench': 0.0017070672584499828, 'AP-bird': 0.891089108910891, 'AP-cat': 0.9900990099009901, 'AP-dog': 0.0, 'AP-horse': 1.6651665166516654, 'AP-sheep': 0.0, 'AP-cow': 0.0, 'AP-elephant': 0.0, 'AP-bear': 2.9702970297029703, 'AP-zebra': 0.6930693069306931, 'AP-giraffe': 0.0, 'AP-backpack': 0.8118811881188117, 'AP-umbrella': 0.6435643564356436, 'AP-handbag': 0.0, 'AP-tie': 0.7920792079207921, 'AP-suitcase': 0.0, 'AP-frisbee': 0.0, 'AP-skis': 0.9900990099009901, 'AP-snowboard': 0.0, 'AP-sports ball': 0.891089108910891, 'AP-kite': 0.0, 'AP-baseball bat': 3.6237623762376234, 'AP-baseball glove': 0.7324193957857325, 'AP-skateboard': 0.0, 'AP-surfboard': 0.7443112732325865, 'AP-tennis racket': 0.0, 'AP-bottle': 0.891089108910891, 'AP-wine glass': 0.0, 'AP-cup': 0.0, 'AP-fork': 0.0, 'AP-knife': 0.0, 'AP-spoon': 0.0, 'AP-bowl': 0.7932043204320431, 'AP-banana': 0.0, 'AP-apple': 0.2923149457802923, 'AP-sandwich': 0.0, 'AP-orange': 0.0, 'AP-broccoli': 0.0, 'AP-carrot': 0.9900990099009901, 'AP-hot dog': 0.0, 'AP-pizza': 0.0, 'AP-donut': 0.0, 'AP-cake': 0.0, 'AP-chair': 0.9900990099009901, 'AP-couch': 0.49504950495049505, 'AP-potted plant': 0.0, 'AP-bed': 0.7920792079207921, 'AP-dining table': 0.9405940594059405, 'AP-toilet': 0.0, 'AP-tv': 0.0, 'AP-laptop': 0.9900990099009901, 'AP-mouse': 0.0, 'AP-remote': 0.0, 'AP-keyboard': 0.0, 'AP-cell phone': 0.0, 'AP-microwave': 1.782178217821782, 'AP-oven': 1.9801980198019802, 'AP-toaster': 0.0, 'AP-sink': 0.6930693069306931, 'AP-refrigerator': 2.8052805280528053, 'AP-book': 0.0074991547364591125, 'AP-clock': 0.0, 'AP-vase': 0.891089108910891, 'AP-scissors': 0.0, 'AP-teddy bear': 0.9900990099009901, 'AP-hair drier': 0.0, 'AP-toothbrush': 0.0}})
---------------------------------------
Begin Slurm Epilog: Oct-24-2024 10:48:40
Job ID:        883159
Array Job ID:  _4294967294
User ID:       zyahn3
Account:       scs
Job name:      TOG_Plus_R50
Resources:     cpu=1,gres/gpu:v100=1,mem=128G,node=1
Rsrc Used:     cput=00:04:35,vmem=0,walltime=00:04:35,mem=3801492K,energy_used=0
Partition:     coc-gpu
Nodes:         atl1-1-01-002-2-0
---------------------------------------
