---------------------------------------
Begin Slurm Prolog: Oct-23-2024 15:20:05
Job ID:    881651
User ID:   zyahn3
Account:   scs
Job name:  TOG_Plus_Focus_DETR
Partition: coc-gpu
---------------------------------------
no change     /usr/local/pace-apps/manual/packages/anaconda3/2023.03/condabin/conda
no change     /usr/local/pace-apps/manual/packages/anaconda3/2023.03/bin/conda
no change     /usr/local/pace-apps/manual/packages/anaconda3/2023.03/bin/conda-env
no change     /usr/local/pace-apps/manual/packages/anaconda3/2023.03/bin/activate
no change     /usr/local/pace-apps/manual/packages/anaconda3/2023.03/bin/deactivate
no change     /usr/local/pace-apps/manual/packages/anaconda3/2023.03/etc/profile.d/conda.sh
no change     /usr/local/pace-apps/manual/packages/anaconda3/2023.03/etc/fish/conf.d/conda.fish
no change     /usr/local/pace-apps/manual/packages/anaconda3/2023.03/shell/condabin/Conda.psm1
no change     /usr/local/pace-apps/manual/packages/anaconda3/2023.03/shell/condabin/conda-hook.ps1
no change     /usr/local/pace-apps/manual/packages/anaconda3/2023.03/lib/python3.10/site-packages/xontrib/conda.xsh
no change     /usr/local/pace-apps/manual/packages/anaconda3/2023.03/etc/profile.d/conda.csh
no change     /home/hice1/zyahn3/.bashrc
No action taken.
/home/hice1/zyahn3/.conda/envs/TOG_test
Python 3.12.4
/storage/ice1/5/9/zyahn3/TOG_plus/detrex/detrex/layers/dcn_v3.py:23: FutureWarning: `torch.cuda.amp.custom_fwd(args...)` is deprecated. Please use `torch.amp.custom_fwd(args..., device_type='cuda')` instead.
  @custom_fwd
/storage/ice1/5/9/zyahn3/TOG_plus/detrex/detrex/layers/dcn_v3.py:52: FutureWarning: `torch.cuda.amp.custom_bwd(args...)` is deprecated. Please use `torch.amp.custom_bwd(args..., device_type='cuda')` instead.
  @custom_bwd
[10/23 15:20:24 detectron2]: Rank of current process: 0. World size: 1
[10/23 15:20:26 detectron2]: Environment info:
-------------------------------  ----------------------------------------------------------------------------------------
sys.platform                     linux
Python                           3.12.4 | packaged by Anaconda, Inc. | (main, Jun 18 2024, 15:12:24) [GCC 11.2.0]
numpy                            1.26.4
detectron2                       0.6 @/storage/ice1/5/9/zyahn3/TOG_plus/detrex/detectron2/detectron2
Compiler                         GCC 12.3
CUDA compiler                    not available
DETECTRON2_ENV_MODULE            <not set>
PyTorch                          2.4.1 @/home/hice1/zyahn3/.conda/envs/TOG_test/lib/python3.12/site-packages/torch
PyTorch debug build              False
torch._C._GLIBCXX_USE_CXX11_ABI  False
GPU available                    Yes
GPU 0                            Tesla V100-PCIE-32GB (arch=7.0)
Driver version                   555.42.02
CUDA_HOME                        /usr/local/cuda
Pillow                           10.4.0
torchvision                      0.19.1 @/home/hice1/zyahn3/.conda/envs/TOG_test/lib/python3.12/site-packages/torchvision
torchvision arch flags           5.0, 6.0, 7.0, 7.5, 8.0, 8.6, 9.0
fvcore                           0.1.5.post20221221
iopath                           0.1.9
cv2                              4.10.0
-------------------------------  ----------------------------------------------------------------------------------------
PyTorch built with:
  - GCC 9.3
  - C++ Version: 201703
  - Intel(R) oneAPI Math Kernel Library Version 2023.1-Product Build 20230303 for Intel(R) 64 architecture applications
  - Intel(R) MKL-DNN v3.4.2 (Git Hash 1137e04ec0b5251ca2b4400a4fd3c667ce843d67)
  - OpenMP 201511 (a.k.a. OpenMP 4.5)
  - LAPACK is enabled (usually provided by MKL)
  - NNPACK is enabled
  - CPU capability usage: AVX512
  - CUDA Runtime 12.4
  - NVCC architecture flags: -gencode;arch=compute_50,code=sm_50;-gencode;arch=compute_60,code=sm_60;-gencode;arch=compute_61,code=sm_61;-gencode;arch=compute_70,code=sm_70;-gencode;arch=compute_75,code=sm_75;-gencode;arch=compute_80,code=sm_80;-gencode;arch=compute_86,code=sm_86;-gencode;arch=compute_90,code=sm_90
  - CuDNN 90.1
  - Magma 2.6.1
  - Build settings: BLAS_INFO=mkl, BUILD_TYPE=Release, CUDA_VERSION=12.4, CUDNN_VERSION=9.1.0, CXX_COMPILER=/opt/rh/devtoolset-9/root/usr/bin/c++, CXX_FLAGS= -D_GLIBCXX_USE_CXX11_ABI=0 -fabi-version=11 -fvisibility-inlines-hidden -DUSE_PTHREADPOOL -DNDEBUG -DUSE_KINETO -DLIBKINETO_NOROCTRACER -DUSE_FBGEMM -DUSE_PYTORCH_QNNPACK -DUSE_XNNPACK -DSYMBOLICATE_MOBILE_DEBUG_HANDLE -O2 -fPIC -Wall -Wextra -Werror=return-type -Werror=non-virtual-dtor -Werror=bool-operation -Wnarrowing -Wno-missing-field-initializers -Wno-type-limits -Wno-array-bounds -Wno-unknown-pragmas -Wno-unused-parameter -Wno-unused-function -Wno-unused-result -Wno-strict-overflow -Wno-strict-aliasing -Wno-stringop-overflow -Wsuggest-override -Wno-psabi -Wno-error=pedantic -Wno-error=old-style-cast -Wno-missing-braces -fdiagnostics-color=always -faligned-new -Wno-unused-but-set-variable -Wno-maybe-uninitialized -fno-math-errno -fno-trapping-math -Werror=format -Wno-stringop-overflow, LAPACK_INFO=mkl, PERF_WITH_AVX=1, PERF_WITH_AVX2=1, PERF_WITH_AVX512=1, TORCH_VERSION=2.4.1, USE_CUDA=ON, USE_CUDNN=ON, USE_CUSPARSELT=1, USE_EXCEPTION_PTR=1, USE_GFLAGS=OFF, USE_GLOG=OFF, USE_GLOO=ON, USE_MKL=ON, USE_MKLDNN=ON, USE_MPI=OFF, USE_NCCL=ON, USE_NNPACK=ON, USE_OPENMP=ON, USE_ROCM=OFF, USE_ROCM_KERNEL_ASSERT=OFF, 

[10/23 15:20:26 detectron2]: Command line arguments: Namespace(config_file='detrex/projects/focus_detr/configs/focus_detr_resnet/focus_detr_r50_4scale_36ep.py', resume=False, eval_only=True, num_gpus=1, num_machines=1, machine_rank=0, dist_url='tcp://127.0.0.1:53103', opts=['train.init_checkpoint=model_files/focus_detr_r50_4scale_36ep.pth', 'attack=none', 'attack_mode=none', 'sample=1.0'])
[10/23 15:20:26 detectron2]: Contents of args.config_file=detrex/projects/focus_detr/configs/focus_detr_resnet/focus_detr_r50_4scale_36ep.py:
[38;5;245m# 对24个epoch的进行修改，延长训练时间[39m
[38;5;204mfrom[39m[38;5;15m [39m[38;5;15mdetrex[39m[38;5;15m.[39m[38;5;15mconfig[39m[38;5;15m [39m[38;5;204mimport[39m[38;5;15m [39m[38;5;15mget_config[39m
[38;5;204mfrom[39m[38;5;15m [39m[38;5;15m.[39m[38;5;15mfocus_detr_r50_4scale_12ep[39m[38;5;15m [39m[38;5;204mimport[39m[38;5;15m [39m[38;5;15m([39m
[38;5;15m    [39m[38;5;15mtrain[39m[38;5;15m,[39m
[38;5;15m    [39m[38;5;15mdataloader[39m[38;5;15m,[39m
[38;5;15m    [39m[38;5;15moptimizer[39m[38;5;15m,[39m
[38;5;15m    [39m[38;5;15mmodel[39m[38;5;15m,[39m
[38;5;15m)[39m

[38;5;245m# get default config[39m
[38;5;245m#lr_multiplier = get_config("common/coco_schedule.py").lr_multiplier_24_36ep[39m

[38;5;245m# modify model config[39m
[38;5;245m# use the original implementation of dab-detr position embedding in 24 epochs training.[39m
[38;5;15mmodel[39m[38;5;204m.[39m[38;5;15mposition_embedding[39m[38;5;204m.[39m[38;5;15mtemperature[39m[38;5;15m [39m[38;5;204m=[39m[38;5;15m [39m[38;5;141m20[39m
[38;5;15mmodel[39m[38;5;204m.[39m[38;5;15mposition_embedding[39m[38;5;204m.[39m[38;5;15moffset[39m[38;5;15m [39m[38;5;204m=[39m[38;5;15m [39m[38;5;141m0.0[39m

[38;5;245m# modify training config[39m
[38;5;15mtrain[39m[38;5;204m.[39m[38;5;15minit_checkpoint[39m[38;5;15m [39m[38;5;204m=[39m[38;5;15m [39m[38;5;186m"[39m[38;5;186m./pre-trained/resnet_torch/r50_v1.pkl[39m[38;5;186m"[39m
[38;5;15mtrain[39m[38;5;204m.[39m[38;5;15moutput_dir[39m[38;5;15m [39m[38;5;204m=[39m[38;5;15m [39m[38;5;186m"[39m[38;5;186m./output/focus_detr_r50_4scale_36ep_v2[39m[38;5;186m"[39m

[38;5;245m# max training iterations[39m
[38;5;15mtrain[39m[38;5;204m.[39m[38;5;15mmax_iter[39m[38;5;15m [39m[38;5;204m=[39m[38;5;15m [39m[38;5;141m270000[39m

[38;5;245m# modify dataloader config[39m
[38;5;245m# not filter empty annotations during training[39m
[38;5;15mdataloader[39m[38;5;204m.[39m[38;5;15mtrain[39m[38;5;204m.[39m[38;5;15mdataset[39m[38;5;204m.[39m[38;5;15mfilter_empty[39m[38;5;15m [39m[38;5;204m=[39m[38;5;15m [39m[38;5;81mTrue[39m
[38;5;15mdataloader[39m[38;5;204m.[39m[38;5;15mtrain[39m[38;5;204m.[39m[38;5;15mnum_workers[39m[38;5;15m [39m[38;5;204m=[39m[38;5;15m [39m[38;5;141m16[39m

[38;5;15mattack[39m[38;5;15m [39m[38;5;204m=[39m[38;5;15m [39m[38;5;81mNone[39m
[38;5;15mattack_mode[39m[38;5;15m [39m[38;5;204m=[39m[38;5;15m [39m[38;5;81mNone[39m
[38;5;15msample[39m[38;5;15m [39m[38;5;204m=[39m[38;5;15m [39m[38;5;141m1.0[39m

WARNING [10/23 15:20:27 d2.config.lazy]: The config contains objects that cannot serialize to a valid yaml. ./output/focus_detr_r50_4scale_36ep_v2/config.yaml is human-readable but cannot be loaded.
WARNING [10/23 15:20:27 d2.config.lazy]: Config is saved using cloudpickle at ./output/focus_detr_r50_4scale_36ep_v2/config.yaml.pkl.
[10/23 15:20:27 detectron2]: Full config saved to ./output/focus_detr_r50_4scale_36ep_v2/config.yaml
[10/23 15:20:27 d2.utils.env]: Using a generated random seed 27730534
[10/23 15:20:31 d2.checkpoint.detection_checkpoint]: [DetectionCheckpointer] Loading from model_files/focus_detr_r50_4scale_36ep.pth ...
[10/23 15:20:31 fvcore.common.checkpoint]: [Checkpointer] Loading from model_files/focus_detr_r50_4scale_36ep.pth ...
/home/hice1/zyahn3/.conda/envs/TOG_test/lib/python3.12/site-packages/fvcore/common/checkpoint.py:252: FutureWarning: You are using `torch.load` with `weights_only=False` (the current default value), which uses the default pickle module implicitly. It is possible to construct malicious pickle data which will execute arbitrary code during unpickling (See https://github.com/pytorch/pytorch/blob/main/SECURITY.md#untrusted-models for more details). In a future release, the default value for `weights_only` will be flipped to `True`. This limits the functions that could be executed during unpickling. Arbitrary objects will no longer be allowed to be loaded via this mode unless they are explicitly allowlisted by the user via `torch.serialization.add_safe_globals`. We recommend you start setting `weights_only=True` for any use case where you don't have full control of the loaded file. Please open an issue on GitHub for any issues related to this experimental feature.
  return torch.load(f, map_location=torch.device("cpu"))
[10/23 15:20:34 detectron2]: Run evaluation under eval-only mode
[10/23 15:20:34 detectron2]: Run evaluation without EMA.
[10/23 15:20:35 d2.data.datasets.coco]: Loaded 5000 images in COCO format from datasets/coco/annotations/instances_val2017.json
[10/23 15:20:35 d2.data.build]: Distribution of instances among all 80 categories:
|   category    | #instances   |   category   | #instances   |   category    | #instances   |
|:-------------:|:-------------|:------------:|:-------------|:-------------:|:-------------|
|    person     | 10777        |   bicycle    | 314          |      car      | 1918         |
|  motorcycle   | 367          |   airplane   | 143          |      bus      | 283          |
|     train     | 190          |    truck     | 414          |     boat      | 424          |
| traffic light | 634          | fire hydrant | 101          |   stop sign   | 75           |
| parking meter | 60           |    bench     | 411          |     bird      | 427          |
|      cat      | 202          |     dog      | 218          |     horse     | 272          |
|     sheep     | 354          |     cow      | 372          |   elephant    | 252          |
|     bear      | 71           |    zebra     | 266          |    giraffe    | 232          |
|   backpack    | 371          |   umbrella   | 407          |    handbag    | 540          |
|      tie      | 252          |   suitcase   | 299          |    frisbee    | 115          |
|     skis      | 241          |  snowboard   | 69           |  sports ball  | 260          |
|     kite      | 327          | baseball bat | 145          | baseball gl.. | 148          |
|  skateboard   | 179          |  surfboard   | 267          | tennis racket | 225          |
|    bottle     | 1013         |  wine glass  | 341          |      cup      | 895          |
|     fork      | 215          |    knife     | 325          |     spoon     | 253          |
|     bowl      | 623          |    banana    | 370          |     apple     | 236          |
|   sandwich    | 177          |    orange    | 285          |   broccoli    | 312          |
|    carrot     | 365          |   hot dog    | 125          |     pizza     | 284          |
|     donut     | 328          |     cake     | 310          |     chair     | 1771         |
|     couch     | 261          | potted plant | 342          |      bed      | 163          |
| dining table  | 695          |    toilet    | 179          |      tv       | 288          |
|    laptop     | 231          |    mouse     | 106          |    remote     | 283          |
|   keyboard    | 153          |  cell phone  | 262          |   microwave   | 55           |
|     oven      | 143          |   toaster    | 9            |     sink      | 225          |
| refrigerator  | 126          |     book     | 1129         |     clock     | 267          |
|     vase      | 274          |   scissors   | 36           |  teddy bear   | 190          |
|  hair drier   | 11           |  toothbrush  | 57           |               |              |
|     total     | 36335        |              |              |               |              |
[10/23 15:20:35 d2.data.common]: Serializing the dataset using: <class 'detectron2.data.common._TorchSerializedList'>
[10/23 15:20:35 d2.data.common]: Serializing 5000 elements to byte tensors and concatenating them all ...
[10/23 15:20:35 d2.data.common]: Serialized dataset takes 19.10 MiB
[10/23 15:20:36 d2.evaluation.evaluator]: Start inference on 5000 batches
Doing attack: None
/home/hice1/zyahn3/.conda/envs/TOG_test/lib/python3.12/site-packages/torch/functional.py:513: UserWarning: torch.meshgrid: in an upcoming release, it will be required to pass the indexing argument. (Triggered internally at /opt/conda/conda-bld/pytorch_1724789220573/work/aten/src/ATen/native/TensorShape.cpp:3609.)
  return _VF.meshgrid(tensors, **kwargs)  # type: ignore[attr-defined]
[10/23 15:20:52 d2.evaluation.evaluator]: Inference done 1/5000. Dataloading: 1.7777 s/iter. Inference: 14.2103 s/iter. Eval: 0.0026 s/iter. Total: 15.9926 s/iter. ETA=22:12:26
[10/23 15:20:57 d2.evaluation.evaluator]: Inference done 47/5000. Dataloading: 0.0019 s/iter. Inference: 0.1003 s/iter. Eval: 0.0004 s/iter. Total: 0.1028 s/iter. ETA=0:08:28
[10/23 15:21:02 d2.evaluation.evaluator]: Inference done 97/5000. Dataloading: 0.0019 s/iter. Inference: 0.0995 s/iter. Eval: 0.0005 s/iter. Total: 0.1020 s/iter. ETA=0:08:19
[10/23 15:21:07 d2.evaluation.evaluator]: Inference done 148/5000. Dataloading: 0.0020 s/iter. Inference: 0.0986 s/iter. Eval: 0.0005 s/iter. Total: 0.1011 s/iter. ETA=0:08:10
[10/23 15:21:12 d2.evaluation.evaluator]: Inference done 199/5000. Dataloading: 0.0020 s/iter. Inference: 0.0983 s/iter. Eval: 0.0005 s/iter. Total: 0.1007 s/iter. ETA=0:08:03
[10/23 15:21:17 d2.evaluation.evaluator]: Inference done 250/5000. Dataloading: 0.0020 s/iter. Inference: 0.0978 s/iter. Eval: 0.0005 s/iter. Total: 0.1003 s/iter. ETA=0:07:56
[10/23 15:21:22 d2.evaluation.evaluator]: Inference done 299/5000. Dataloading: 0.0020 s/iter. Inference: 0.0976 s/iter. Eval: 0.0012 s/iter. Total: 0.1009 s/iter. ETA=0:07:54
[10/23 15:21:27 d2.evaluation.evaluator]: Inference done 350/5000. Dataloading: 0.0020 s/iter. Inference: 0.0974 s/iter. Eval: 0.0011 s/iter. Total: 0.1005 s/iter. ETA=0:07:47
[10/23 15:21:32 d2.evaluation.evaluator]: Inference done 401/5000. Dataloading: 0.0020 s/iter. Inference: 0.0974 s/iter. Eval: 0.0010 s/iter. Total: 0.1004 s/iter. ETA=0:07:41
[10/23 15:21:38 d2.evaluation.evaluator]: Inference done 453/5000. Dataloading: 0.0020 s/iter. Inference: 0.0972 s/iter. Eval: 0.0010 s/iter. Total: 0.1001 s/iter. ETA=0:07:35
[10/23 15:21:43 d2.evaluation.evaluator]: Inference done 504/5000. Dataloading: 0.0020 s/iter. Inference: 0.0971 s/iter. Eval: 0.0009 s/iter. Total: 0.1000 s/iter. ETA=0:07:29
[10/23 15:21:48 d2.evaluation.evaluator]: Inference done 555/5000. Dataloading: 0.0020 s/iter. Inference: 0.0970 s/iter. Eval: 0.0009 s/iter. Total: 0.0999 s/iter. ETA=0:07:24
[10/23 15:21:53 d2.evaluation.evaluator]: Inference done 604/5000. Dataloading: 0.0020 s/iter. Inference: 0.0973 s/iter. Eval: 0.0008 s/iter. Total: 0.1002 s/iter. ETA=0:07:20
[10/23 15:21:58 d2.evaluation.evaluator]: Inference done 655/5000. Dataloading: 0.0020 s/iter. Inference: 0.0972 s/iter. Eval: 0.0008 s/iter. Total: 0.1001 s/iter. ETA=0:07:14
[10/23 15:22:03 d2.evaluation.evaluator]: Inference done 706/5000. Dataloading: 0.0020 s/iter. Inference: 0.0971 s/iter. Eval: 0.0008 s/iter. Total: 0.0999 s/iter. ETA=0:07:09
[10/23 15:22:08 d2.evaluation.evaluator]: Inference done 757/5000. Dataloading: 0.0020 s/iter. Inference: 0.0971 s/iter. Eval: 0.0008 s/iter. Total: 0.0999 s/iter. ETA=0:07:03
[10/23 15:22:13 d2.evaluation.evaluator]: Inference done 808/5000. Dataloading: 0.0020 s/iter. Inference: 0.0970 s/iter. Eval: 0.0007 s/iter. Total: 0.0998 s/iter. ETA=0:06:58
[10/23 15:22:18 d2.evaluation.evaluator]: Inference done 860/5000. Dataloading: 0.0020 s/iter. Inference: 0.0969 s/iter. Eval: 0.0007 s/iter. Total: 0.0997 s/iter. ETA=0:06:52
[10/23 15:22:23 d2.evaluation.evaluator]: Inference done 912/5000. Dataloading: 0.0020 s/iter. Inference: 0.0967 s/iter. Eval: 0.0007 s/iter. Total: 0.0995 s/iter. ETA=0:06:46
[10/23 15:22:28 d2.evaluation.evaluator]: Inference done 964/5000. Dataloading: 0.0020 s/iter. Inference: 0.0967 s/iter. Eval: 0.0007 s/iter. Total: 0.0994 s/iter. ETA=0:06:41
[10/23 15:22:33 d2.evaluation.evaluator]: Inference done 1013/5000. Dataloading: 0.0020 s/iter. Inference: 0.0969 s/iter. Eval: 0.0007 s/iter. Total: 0.0996 s/iter. ETA=0:06:37
[10/23 15:22:38 d2.evaluation.evaluator]: Inference done 1065/5000. Dataloading: 0.0020 s/iter. Inference: 0.0968 s/iter. Eval: 0.0007 s/iter. Total: 0.0995 s/iter. ETA=0:06:31
[10/23 15:22:43 d2.evaluation.evaluator]: Inference done 1116/5000. Dataloading: 0.0020 s/iter. Inference: 0.0967 s/iter. Eval: 0.0007 s/iter. Total: 0.0994 s/iter. ETA=0:06:26
[10/23 15:22:48 d2.evaluation.evaluator]: Inference done 1167/5000. Dataloading: 0.0020 s/iter. Inference: 0.0967 s/iter. Eval: 0.0007 s/iter. Total: 0.0994 s/iter. ETA=0:06:20
[10/23 15:22:53 d2.evaluation.evaluator]: Inference done 1219/5000. Dataloading: 0.0020 s/iter. Inference: 0.0966 s/iter. Eval: 0.0006 s/iter. Total: 0.0993 s/iter. ETA=0:06:15
[10/23 15:22:58 d2.evaluation.evaluator]: Inference done 1271/5000. Dataloading: 0.0020 s/iter. Inference: 0.0965 s/iter. Eval: 0.0006 s/iter. Total: 0.0992 s/iter. ETA=0:06:09
[10/23 15:23:03 d2.evaluation.evaluator]: Inference done 1323/5000. Dataloading: 0.0020 s/iter. Inference: 0.0964 s/iter. Eval: 0.0006 s/iter. Total: 0.0991 s/iter. ETA=0:06:04
[10/23 15:23:08 d2.evaluation.evaluator]: Inference done 1375/5000. Dataloading: 0.0020 s/iter. Inference: 0.0964 s/iter. Eval: 0.0006 s/iter. Total: 0.0990 s/iter. ETA=0:05:58
[10/23 15:23:13 d2.evaluation.evaluator]: Inference done 1428/5000. Dataloading: 0.0020 s/iter. Inference: 0.0963 s/iter. Eval: 0.0006 s/iter. Total: 0.0989 s/iter. ETA=0:05:53
[10/23 15:23:19 d2.evaluation.evaluator]: Inference done 1477/5000. Dataloading: 0.0020 s/iter. Inference: 0.0964 s/iter. Eval: 0.0006 s/iter. Total: 0.0990 s/iter. ETA=0:05:48
[10/23 15:23:24 d2.evaluation.evaluator]: Inference done 1529/5000. Dataloading: 0.0020 s/iter. Inference: 0.0963 s/iter. Eval: 0.0006 s/iter. Total: 0.0990 s/iter. ETA=0:05:43
[10/23 15:23:29 d2.evaluation.evaluator]: Inference done 1581/5000. Dataloading: 0.0020 s/iter. Inference: 0.0963 s/iter. Eval: 0.0006 s/iter. Total: 0.0989 s/iter. ETA=0:05:38
[10/23 15:23:34 d2.evaluation.evaluator]: Inference done 1633/5000. Dataloading: 0.0020 s/iter. Inference: 0.0963 s/iter. Eval: 0.0006 s/iter. Total: 0.0989 s/iter. ETA=0:05:32
[10/23 15:23:39 d2.evaluation.evaluator]: Inference done 1686/5000. Dataloading: 0.0020 s/iter. Inference: 0.0962 s/iter. Eval: 0.0006 s/iter. Total: 0.0988 s/iter. ETA=0:05:27
[10/23 15:23:44 d2.evaluation.evaluator]: Inference done 1738/5000. Dataloading: 0.0020 s/iter. Inference: 0.0961 s/iter. Eval: 0.0006 s/iter. Total: 0.0987 s/iter. ETA=0:05:22
[10/23 15:23:49 d2.evaluation.evaluator]: Inference done 1789/5000. Dataloading: 0.0020 s/iter. Inference: 0.0962 s/iter. Eval: 0.0006 s/iter. Total: 0.0988 s/iter. ETA=0:05:17
[10/23 15:23:54 d2.evaluation.evaluator]: Inference done 1841/5000. Dataloading: 0.0020 s/iter. Inference: 0.0961 s/iter. Eval: 0.0006 s/iter. Total: 0.0987 s/iter. ETA=0:05:11
[10/23 15:23:59 d2.evaluation.evaluator]: Inference done 1893/5000. Dataloading: 0.0020 s/iter. Inference: 0.0960 s/iter. Eval: 0.0006 s/iter. Total: 0.0986 s/iter. ETA=0:05:06
[10/23 15:24:04 d2.evaluation.evaluator]: Inference done 1945/5000. Dataloading: 0.0020 s/iter. Inference: 0.0960 s/iter. Eval: 0.0006 s/iter. Total: 0.0986 s/iter. ETA=0:05:01
[10/23 15:24:09 d2.evaluation.evaluator]: Inference done 1997/5000. Dataloading: 0.0020 s/iter. Inference: 0.0960 s/iter. Eval: 0.0006 s/iter. Total: 0.0986 s/iter. ETA=0:04:55
[10/23 15:24:14 d2.evaluation.evaluator]: Inference done 2049/5000. Dataloading: 0.0020 s/iter. Inference: 0.0960 s/iter. Eval: 0.0006 s/iter. Total: 0.0985 s/iter. ETA=0:04:50
[10/23 15:24:19 d2.evaluation.evaluator]: Inference done 2098/5000. Dataloading: 0.0020 s/iter. Inference: 0.0961 s/iter. Eval: 0.0006 s/iter. Total: 0.0986 s/iter. ETA=0:04:46
[10/23 15:24:24 d2.evaluation.evaluator]: Inference done 2150/5000. Dataloading: 0.0020 s/iter. Inference: 0.0960 s/iter. Eval: 0.0006 s/iter. Total: 0.0986 s/iter. ETA=0:04:41
[10/23 15:24:29 d2.evaluation.evaluator]: Inference done 2202/5000. Dataloading: 0.0020 s/iter. Inference: 0.0960 s/iter. Eval: 0.0006 s/iter. Total: 0.0986 s/iter. ETA=0:04:35
[10/23 15:24:34 d2.evaluation.evaluator]: Inference done 2254/5000. Dataloading: 0.0020 s/iter. Inference: 0.0960 s/iter. Eval: 0.0006 s/iter. Total: 0.0985 s/iter. ETA=0:04:30
[10/23 15:24:39 d2.evaluation.evaluator]: Inference done 2306/5000. Dataloading: 0.0020 s/iter. Inference: 0.0959 s/iter. Eval: 0.0006 s/iter. Total: 0.0985 s/iter. ETA=0:04:25
[10/23 15:24:44 d2.evaluation.evaluator]: Inference done 2358/5000. Dataloading: 0.0020 s/iter. Inference: 0.0959 s/iter. Eval: 0.0006 s/iter. Total: 0.0985 s/iter. ETA=0:04:20
[10/23 15:24:49 d2.evaluation.evaluator]: Inference done 2410/5000. Dataloading: 0.0020 s/iter. Inference: 0.0959 s/iter. Eval: 0.0005 s/iter. Total: 0.0984 s/iter. ETA=0:04:14
[10/23 15:24:55 d2.evaluation.evaluator]: Inference done 2462/5000. Dataloading: 0.0020 s/iter. Inference: 0.0959 s/iter. Eval: 0.0005 s/iter. Total: 0.0984 s/iter. ETA=0:04:09
[10/23 15:25:00 d2.evaluation.evaluator]: Inference done 2515/5000. Dataloading: 0.0020 s/iter. Inference: 0.0958 s/iter. Eval: 0.0005 s/iter. Total: 0.0984 s/iter. ETA=0:04:04
[10/23 15:25:05 d2.evaluation.evaluator]: Inference done 2567/5000. Dataloading: 0.0019 s/iter. Inference: 0.0958 s/iter. Eval: 0.0005 s/iter. Total: 0.0983 s/iter. ETA=0:03:59
[10/23 15:25:10 d2.evaluation.evaluator]: Inference done 2619/5000. Dataloading: 0.0019 s/iter. Inference: 0.0958 s/iter. Eval: 0.0005 s/iter. Total: 0.0983 s/iter. ETA=0:03:54
[10/23 15:25:15 d2.evaluation.evaluator]: Inference done 2671/5000. Dataloading: 0.0019 s/iter. Inference: 0.0957 s/iter. Eval: 0.0005 s/iter. Total: 0.0983 s/iter. ETA=0:03:48
[10/23 15:25:20 d2.evaluation.evaluator]: Inference done 2723/5000. Dataloading: 0.0019 s/iter. Inference: 0.0957 s/iter. Eval: 0.0005 s/iter. Total: 0.0983 s/iter. ETA=0:03:43
[10/23 15:25:25 d2.evaluation.evaluator]: Inference done 2775/5000. Dataloading: 0.0019 s/iter. Inference: 0.0957 s/iter. Eval: 0.0005 s/iter. Total: 0.0982 s/iter. ETA=0:03:38
[10/23 15:25:30 d2.evaluation.evaluator]: Inference done 2828/5000. Dataloading: 0.0019 s/iter. Inference: 0.0956 s/iter. Eval: 0.0005 s/iter. Total: 0.0982 s/iter. ETA=0:03:33
[10/23 15:25:35 d2.evaluation.evaluator]: Inference done 2876/5000. Dataloading: 0.0019 s/iter. Inference: 0.0958 s/iter. Eval: 0.0005 s/iter. Total: 0.0983 s/iter. ETA=0:03:28
[10/23 15:25:40 d2.evaluation.evaluator]: Inference done 2928/5000. Dataloading: 0.0019 s/iter. Inference: 0.0958 s/iter. Eval: 0.0005 s/iter. Total: 0.0983 s/iter. ETA=0:03:23
[10/23 15:25:45 d2.evaluation.evaluator]: Inference done 2981/5000. Dataloading: 0.0019 s/iter. Inference: 0.0957 s/iter. Eval: 0.0005 s/iter. Total: 0.0982 s/iter. ETA=0:03:18
[10/23 15:25:50 d2.evaluation.evaluator]: Inference done 3033/5000. Dataloading: 0.0019 s/iter. Inference: 0.0957 s/iter. Eval: 0.0005 s/iter. Total: 0.0982 s/iter. ETA=0:03:13
[10/23 15:25:55 d2.evaluation.evaluator]: Inference done 3085/5000. Dataloading: 0.0019 s/iter. Inference: 0.0957 s/iter. Eval: 0.0005 s/iter. Total: 0.0982 s/iter. ETA=0:03:08
[10/23 15:26:00 d2.evaluation.evaluator]: Inference done 3136/5000. Dataloading: 0.0019 s/iter. Inference: 0.0957 s/iter. Eval: 0.0005 s/iter. Total: 0.0982 s/iter. ETA=0:03:03
[10/23 15:26:05 d2.evaluation.evaluator]: Inference done 3188/5000. Dataloading: 0.0019 s/iter. Inference: 0.0957 s/iter. Eval: 0.0005 s/iter. Total: 0.0982 s/iter. ETA=0:02:57
[10/23 15:26:10 d2.evaluation.evaluator]: Inference done 3240/5000. Dataloading: 0.0019 s/iter. Inference: 0.0957 s/iter. Eval: 0.0005 s/iter. Total: 0.0982 s/iter. ETA=0:02:52
[10/23 15:26:15 d2.evaluation.evaluator]: Inference done 3291/5000. Dataloading: 0.0019 s/iter. Inference: 0.0957 s/iter. Eval: 0.0005 s/iter. Total: 0.0982 s/iter. ETA=0:02:47
[10/23 15:26:20 d2.evaluation.evaluator]: Inference done 3343/5000. Dataloading: 0.0019 s/iter. Inference: 0.0956 s/iter. Eval: 0.0005 s/iter. Total: 0.0982 s/iter. ETA=0:02:42
[10/23 15:26:25 d2.evaluation.evaluator]: Inference done 3395/5000. Dataloading: 0.0019 s/iter. Inference: 0.0956 s/iter. Eval: 0.0005 s/iter. Total: 0.0982 s/iter. ETA=0:02:37
[10/23 15:26:31 d2.evaluation.evaluator]: Inference done 3447/5000. Dataloading: 0.0019 s/iter. Inference: 0.0956 s/iter. Eval: 0.0005 s/iter. Total: 0.0981 s/iter. ETA=0:02:32
[10/23 15:26:36 d2.evaluation.evaluator]: Inference done 3499/5000. Dataloading: 0.0019 s/iter. Inference: 0.0956 s/iter. Eval: 0.0005 s/iter. Total: 0.0981 s/iter. ETA=0:02:27
[10/23 15:26:41 d2.evaluation.evaluator]: Inference done 3551/5000. Dataloading: 0.0019 s/iter. Inference: 0.0956 s/iter. Eval: 0.0005 s/iter. Total: 0.0981 s/iter. ETA=0:02:22
[10/23 15:26:46 d2.evaluation.evaluator]: Inference done 3604/5000. Dataloading: 0.0019 s/iter. Inference: 0.0956 s/iter. Eval: 0.0005 s/iter. Total: 0.0981 s/iter. ETA=0:02:16
[10/23 15:26:51 d2.evaluation.evaluator]: Inference done 3656/5000. Dataloading: 0.0019 s/iter. Inference: 0.0955 s/iter. Eval: 0.0005 s/iter. Total: 0.0981 s/iter. ETA=0:02:11
[10/23 15:26:56 d2.evaluation.evaluator]: Inference done 3708/5000. Dataloading: 0.0019 s/iter. Inference: 0.0955 s/iter. Eval: 0.0005 s/iter. Total: 0.0981 s/iter. ETA=0:02:06
[10/23 15:27:01 d2.evaluation.evaluator]: Inference done 3761/5000. Dataloading: 0.0019 s/iter. Inference: 0.0955 s/iter. Eval: 0.0005 s/iter. Total: 0.0980 s/iter. ETA=0:02:01
[10/23 15:27:06 d2.evaluation.evaluator]: Inference done 3807/5000. Dataloading: 0.0019 s/iter. Inference: 0.0956 s/iter. Eval: 0.0005 s/iter. Total: 0.0982 s/iter. ETA=0:01:57
[10/23 15:27:11 d2.evaluation.evaluator]: Inference done 3859/5000. Dataloading: 0.0019 s/iter. Inference: 0.0956 s/iter. Eval: 0.0005 s/iter. Total: 0.0981 s/iter. ETA=0:01:51
[10/23 15:27:16 d2.evaluation.evaluator]: Inference done 3912/5000. Dataloading: 0.0019 s/iter. Inference: 0.0956 s/iter. Eval: 0.0005 s/iter. Total: 0.0981 s/iter. ETA=0:01:46
[10/23 15:27:21 d2.evaluation.evaluator]: Inference done 3964/5000. Dataloading: 0.0019 s/iter. Inference: 0.0956 s/iter. Eval: 0.0005 s/iter. Total: 0.0981 s/iter. ETA=0:01:41
[10/23 15:27:26 d2.evaluation.evaluator]: Inference done 4017/5000. Dataloading: 0.0019 s/iter. Inference: 0.0955 s/iter. Eval: 0.0005 s/iter. Total: 0.0981 s/iter. ETA=0:01:36
[10/23 15:27:31 d2.evaluation.evaluator]: Inference done 4069/5000. Dataloading: 0.0019 s/iter. Inference: 0.0955 s/iter. Eval: 0.0005 s/iter. Total: 0.0980 s/iter. ETA=0:01:31
[10/23 15:27:36 d2.evaluation.evaluator]: Inference done 4121/5000. Dataloading: 0.0019 s/iter. Inference: 0.0955 s/iter. Eval: 0.0005 s/iter. Total: 0.0980 s/iter. ETA=0:01:26
[10/23 15:27:41 d2.evaluation.evaluator]: Inference done 4173/5000. Dataloading: 0.0019 s/iter. Inference: 0.0955 s/iter. Eval: 0.0005 s/iter. Total: 0.0980 s/iter. ETA=0:01:21
[10/23 15:27:46 d2.evaluation.evaluator]: Inference done 4225/5000. Dataloading: 0.0019 s/iter. Inference: 0.0955 s/iter. Eval: 0.0005 s/iter. Total: 0.0980 s/iter. ETA=0:01:15
[10/23 15:27:51 d2.evaluation.evaluator]: Inference done 4278/5000. Dataloading: 0.0019 s/iter. Inference: 0.0955 s/iter. Eval: 0.0005 s/iter. Total: 0.0980 s/iter. ETA=0:01:10
[10/23 15:27:56 d2.evaluation.evaluator]: Inference done 4331/5000. Dataloading: 0.0019 s/iter. Inference: 0.0954 s/iter. Eval: 0.0005 s/iter. Total: 0.0979 s/iter. ETA=0:01:05
[10/23 15:28:01 d2.evaluation.evaluator]: Inference done 4383/5000. Dataloading: 0.0019 s/iter. Inference: 0.0954 s/iter. Eval: 0.0005 s/iter. Total: 0.0979 s/iter. ETA=0:01:00
[10/23 15:28:06 d2.evaluation.evaluator]: Inference done 4435/5000. Dataloading: 0.0019 s/iter. Inference: 0.0954 s/iter. Eval: 0.0005 s/iter. Total: 0.0979 s/iter. ETA=0:00:55
[10/23 15:28:12 d2.evaluation.evaluator]: Inference done 4487/5000. Dataloading: 0.0019 s/iter. Inference: 0.0954 s/iter. Eval: 0.0005 s/iter. Total: 0.0979 s/iter. ETA=0:00:50
[10/23 15:28:17 d2.evaluation.evaluator]: Inference done 4539/5000. Dataloading: 0.0019 s/iter. Inference: 0.0954 s/iter. Eval: 0.0005 s/iter. Total: 0.0979 s/iter. ETA=0:00:45
[10/23 15:28:22 d2.evaluation.evaluator]: Inference done 4591/5000. Dataloading: 0.0019 s/iter. Inference: 0.0954 s/iter. Eval: 0.0005 s/iter. Total: 0.0979 s/iter. ETA=0:00:40
[10/23 15:28:27 d2.evaluation.evaluator]: Inference done 4643/5000. Dataloading: 0.0019 s/iter. Inference: 0.0954 s/iter. Eval: 0.0005 s/iter. Total: 0.0979 s/iter. ETA=0:00:34
[10/23 15:28:32 d2.evaluation.evaluator]: Inference done 4696/5000. Dataloading: 0.0019 s/iter. Inference: 0.0953 s/iter. Eval: 0.0005 s/iter. Total: 0.0978 s/iter. ETA=0:00:29
[10/23 15:28:37 d2.evaluation.evaluator]: Inference done 4748/5000. Dataloading: 0.0019 s/iter. Inference: 0.0953 s/iter. Eval: 0.0005 s/iter. Total: 0.0978 s/iter. ETA=0:00:24
[10/23 15:28:42 d2.evaluation.evaluator]: Inference done 4800/5000. Dataloading: 0.0019 s/iter. Inference: 0.0953 s/iter. Eval: 0.0005 s/iter. Total: 0.0978 s/iter. ETA=0:00:19
[10/23 15:28:47 d2.evaluation.evaluator]: Inference done 4852/5000. Dataloading: 0.0019 s/iter. Inference: 0.0953 s/iter. Eval: 0.0005 s/iter. Total: 0.0978 s/iter. ETA=0:00:14
[10/23 15:28:52 d2.evaluation.evaluator]: Inference done 4904/5000. Dataloading: 0.0019 s/iter. Inference: 0.0953 s/iter. Eval: 0.0005 s/iter. Total: 0.0978 s/iter. ETA=0:00:09
[10/23 15:28:57 d2.evaluation.evaluator]: Inference done 4956/5000. Dataloading: 0.0019 s/iter. Inference: 0.0953 s/iter. Eval: 0.0005 s/iter. Total: 0.0978 s/iter. ETA=0:00:04
[10/23 15:29:02 d2.evaluation.evaluator]: Total inference time: 0:08:08.951555 (0.097888 s / iter per device, on 1 devices)
[10/23 15:29:02 d2.evaluation.evaluator]: Total inference pure compute time: 0:07:56 (0.095396 s / iter per device, on 1 devices)
[10/23 15:29:09 d2.evaluation.coco_evaluation]: Preparing results for COCO format ...
[10/23 15:29:09 d2.evaluation.coco_evaluation]: Saving results to ./output/focus_detr_r50_4scale_12ep/coco_instances_results.json
[10/23 15:29:17 d2.evaluation.coco_evaluation]: Evaluating predictions with unofficial COCO API...
Loading and preparing results...
DONE (t=3.41s)
creating index...
index created!
[10/23 15:29:21 d2.evaluation.fast_eval_api]: Evaluate annotation type *bbox*
[10/23 15:29:38 d2.evaluation.fast_eval_api]: COCOeval_opt.evaluate() finished in 17.19 seconds.
[10/23 15:29:39 d2.evaluation.fast_eval_api]: Accumulating evaluation results...
[10/23 15:29:45 d2.evaluation.fast_eval_api]: COCOeval_opt.accumulate() finished in 5.25 seconds.
 Average Precision  (AP) @[ IoU=0.50:0.95 | area=   all | maxDets=100 ] = 0.501
 Average Precision  (AP) @[ IoU=0.50      | area=   all | maxDets=100 ] = 0.687
 Average Precision  (AP) @[ IoU=0.75      | area=   all | maxDets=100 ] = 0.544
 Average Precision  (AP) @[ IoU=0.50:0.95 | area= small | maxDets=100 ] = 0.337
 Average Precision  (AP) @[ IoU=0.50:0.95 | area=medium | maxDets=100 ] = 0.534
 Average Precision  (AP) @[ IoU=0.50:0.95 | area= large | maxDets=100 ] = 0.635
 Average Recall     (AR) @[ IoU=0.50:0.95 | area=   all | maxDets=  1 ] = 0.383
 Average Recall     (AR) @[ IoU=0.50:0.95 | area=   all | maxDets= 10 ] = 0.654
 Average Recall     (AR) @[ IoU=0.50:0.95 | area=   all | maxDets=100 ] = 0.727
 Average Recall     (AR) @[ IoU=0.50:0.95 | area= small | maxDets=100 ] = 0.576
 Average Recall     (AR) @[ IoU=0.50:0.95 | area=medium | maxDets=100 ] = 0.764
 Average Recall     (AR) @[ IoU=0.50:0.95 | area= large | maxDets=100 ] = 0.873
[10/23 15:29:45 d2.evaluation.coco_evaluation]: Evaluation results for bbox: 
|   AP   |  AP50  |  AP75  |  APs   |  APm   |  APl   |
|:------:|:------:|:------:|:------:|:------:|:------:|
| 50.120 | 68.679 | 54.402 | 33.684 | 53.373 | 63.485 |
[10/23 15:29:45 d2.evaluation.coco_evaluation]: Per-category bbox AP: 
| category      | AP     | category     | AP     | category       | AP     |
|:--------------|:-------|:-------------|:-------|:---------------|:-------|
| person        | 61.643 | bicycle      | 37.636 | car            | 52.054 |
| motorcycle    | 49.221 | airplane     | 75.244 | bus            | 73.430 |
| train         | 69.695 | truck        | 42.366 | boat           | 32.936 |
| traffic light | 32.747 | fire hydrant | 72.995 | stop sign      | 66.818 |
| parking meter | 54.166 | bench        | 31.688 | bird           | 45.320 |
| cat           | 77.290 | dog          | 72.350 | horse          | 66.021 |
| sheep         | 62.749 | cow          | 64.964 | elephant       | 73.173 |
| bear          | 80.447 | zebra        | 76.152 | giraffe        | 74.493 |
| backpack      | 22.955 | umbrella     | 49.777 | handbag        | 23.082 |
| tie           | 43.612 | suitcase     | 47.431 | frisbee        | 73.224 |
| skis          | 32.091 | snowboard    | 49.215 | sports ball    | 52.720 |
| kite          | 50.167 | baseball bat | 42.078 | baseball glove | 43.650 |
| skateboard    | 59.231 | surfboard    | 45.111 | tennis racket  | 59.340 |
| bottle        | 46.023 | wine glass   | 45.657 | cup            | 51.001 |
| fork          | 52.191 | knife        | 29.433 | spoon          | 30.055 |
| bowl          | 49.132 | banana       | 29.512 | apple          | 27.915 |
| sandwich      | 44.732 | orange       | 37.637 | broccoli       | 26.974 |
| carrot        | 27.905 | hot dog      | 47.176 | pizza          | 59.282 |
| donut         | 59.076 | cake         | 45.141 | chair          | 36.376 |
| couch         | 50.745 | potted plant | 30.933 | bed            | 50.788 |
| dining table  | 34.592 | toilet       | 66.485 | tv             | 62.368 |
| laptop        | 68.944 | mouse        | 67.012 | remote         | 42.216 |
| keyboard      | 59.265 | cell phone   | 42.779 | microwave      | 66.852 |
| oven          | 42.070 | toaster      | 56.615 | sink           | 44.469 |
| refrigerator  | 68.727 | book         | 21.715 | clock          | 55.887 |
| vase          | 42.775 | scissors     | 41.639 | teddy bear     | 54.035 |
| hair drier    | 17.506 | toothbrush   | 36.686 |                |        |


------- Similarity and Timing Metrics -------
Average Attack Time: 0.0978
Average L2 Norm: 0.0000
Max Difference in Images: 0.0000
------------------------------------------------


[10/23 15:29:46 d2.evaluation.testing]: copypaste: Task: bbox
[10/23 15:29:46 d2.evaluation.testing]: copypaste: AP,AP50,AP75,APs,APm,APl
[10/23 15:29:46 d2.evaluation.testing]: copypaste: 50.1200,68.6793,54.4022,33.6840,53.3727,63.4850
OrderedDict({'bbox': {'AP': 50.120038564650685, 'AP50': 68.6792714565695, 'AP75': 54.40215480393012, 'APs': 33.68399539542518, 'APm': 53.37273878529193, 'APl': 63.48499351882737, 'AP-person': 61.64322399343971, 'AP-bicycle': 37.635875800887106, 'AP-car': 52.05361953043464, 'AP-motorcycle': 49.2206138881182, 'AP-airplane': 75.24441618682796, 'AP-bus': 73.43037619746183, 'AP-train': 69.69483569828843, 'AP-truck': 42.36568025512158, 'AP-boat': 32.935622800495715, 'AP-traffic light': 32.74721889884996, 'AP-fire hydrant': 72.99495945067405, 'AP-stop sign': 66.81809325854074, 'AP-parking meter': 54.16605818176373, 'AP-bench': 31.687911403776205, 'AP-bird': 45.3204324387606, 'AP-cat': 77.28993590199029, 'AP-dog': 72.35040381285093, 'AP-horse': 66.02073641109828, 'AP-sheep': 62.74864208907961, 'AP-cow': 64.96395517204031, 'AP-elephant': 73.17262235173743, 'AP-bear': 80.44693703391668, 'AP-zebra': 76.15160550675597, 'AP-giraffe': 74.49321689151492, 'AP-backpack': 22.95516854321508, 'AP-umbrella': 49.777051424613006, 'AP-handbag': 23.082228458817596, 'AP-tie': 43.61210818175691, 'AP-suitcase': 47.43133418622248, 'AP-frisbee': 73.223536935687, 'AP-skis': 32.09144908844683, 'AP-snowboard': 49.215487556350084, 'AP-sports ball': 52.72048420346959, 'AP-kite': 50.16700244408743, 'AP-baseball bat': 42.07832398903227, 'AP-baseball glove': 43.65002114318184, 'AP-skateboard': 59.23055082897736, 'AP-surfboard': 45.111076576789074, 'AP-tennis racket': 59.34034501981963, 'AP-bottle': 46.022620133434515, 'AP-wine glass': 45.65674040275795, 'AP-cup': 51.00067449803155, 'AP-fork': 52.19149165271468, 'AP-knife': 29.432633138731678, 'AP-spoon': 30.05480828319475, 'AP-bowl': 49.132432725483646, 'AP-banana': 29.512189835486495, 'AP-apple': 27.915181458859518, 'AP-sandwich': 44.73189837137154, 'AP-orange': 37.63656433677242, 'AP-broccoli': 26.97444733296449, 'AP-carrot': 27.90541514056261, 'AP-hot dog': 47.17587371161133, 'AP-pizza': 59.28161344552512, 'AP-donut': 59.076441619886864, 'AP-cake': 45.14124008272456, 'AP-chair': 36.37563028820325, 'AP-couch': 50.744695124222595, 'AP-potted plant': 30.933309032872884, 'AP-bed': 50.78845285795719, 'AP-dining table': 34.59155898732402, 'AP-toilet': 66.48532354153626, 'AP-tv': 62.36789787618824, 'AP-laptop': 68.94430008172557, 'AP-mouse': 67.01161307235549, 'AP-remote': 42.216034425295085, 'AP-keyboard': 59.2647556401662, 'AP-cell phone': 42.778936577431715, 'AP-microwave': 66.85205065637997, 'AP-oven': 42.07003857197996, 'AP-toaster': 56.614594792812625, 'AP-sink': 44.46881733584672, 'AP-refrigerator': 68.72726069135311, 'AP-book': 21.7146626130513, 'AP-clock': 55.88708661490946, 'AP-vase': 42.77537442718326, 'AP-scissors': 41.63864054249356, 'AP-teddy bear': 54.03490072480287, 'AP-hair drier': 17.505925485838496, 'AP-toothbrush': 36.68579730511913}})
---------------------------------------
Begin Slurm Epilog: Oct-23-2024 15:29:49
Job ID:        881651
Array Job ID:  _4294967294
User ID:       zyahn3
Account:       scs
Job name:      TOG_Plus_Focus_DETR
Resources:     cpu=1,gres/gpu:v100=1,mem=128G,node=1
Rsrc Used:     cput=00:09:45,vmem=0,walltime=00:09:45,mem=5814548K,energy_used=0
Partition:     coc-gpu
Nodes:         atl1-1-01-002-6-0
---------------------------------------
