---------------------------------------
Begin Slurm Prolog: Oct-24-2024 10:43:06
Job ID:    883156
User ID:   zyahn3
Account:   scs
Job name:  TOG_Plus_Focus_DETR
Partition: coc-gpu
---------------------------------------
no change     /usr/local/pace-apps/manual/packages/anaconda3/2023.03/condabin/conda
no change     /usr/local/pace-apps/manual/packages/anaconda3/2023.03/bin/conda
no change     /usr/local/pace-apps/manual/packages/anaconda3/2023.03/bin/conda-env
no change     /usr/local/pace-apps/manual/packages/anaconda3/2023.03/bin/activate
no change     /usr/local/pace-apps/manual/packages/anaconda3/2023.03/bin/deactivate
no change     /usr/local/pace-apps/manual/packages/anaconda3/2023.03/etc/profile.d/conda.sh
no change     /usr/local/pace-apps/manual/packages/anaconda3/2023.03/etc/fish/conf.d/conda.fish
no change     /usr/local/pace-apps/manual/packages/anaconda3/2023.03/shell/condabin/Conda.psm1
no change     /usr/local/pace-apps/manual/packages/anaconda3/2023.03/shell/condabin/conda-hook.ps1
no change     /usr/local/pace-apps/manual/packages/anaconda3/2023.03/lib/python3.10/site-packages/xontrib/conda.xsh
no change     /usr/local/pace-apps/manual/packages/anaconda3/2023.03/etc/profile.d/conda.csh
no change     /home/hice1/zyahn3/.bashrc
No action taken.
/home/hice1/zyahn3/.conda/envs/TOG_test
Python 3.12.4
/storage/ice1/5/9/zyahn3/TOG_plus/detrex/detrex/layers/dcn_v3.py:23: FutureWarning: `torch.cuda.amp.custom_fwd(args...)` is deprecated. Please use `torch.amp.custom_fwd(args..., device_type='cuda')` instead.
  @custom_fwd
/storage/ice1/5/9/zyahn3/TOG_plus/detrex/detrex/layers/dcn_v3.py:52: FutureWarning: `torch.cuda.amp.custom_bwd(args...)` is deprecated. Please use `torch.amp.custom_bwd(args..., device_type='cuda')` instead.
  @custom_bwd
[10/24 10:44:06 detectron2]: Rank of current process: 0. World size: 1
[10/24 10:44:07 detectron2]: Environment info:
-------------------------------  ----------------------------------------------------------------------------------------
sys.platform                     linux
Python                           3.12.4 | packaged by Anaconda, Inc. | (main, Jun 18 2024, 15:12:24) [GCC 11.2.0]
numpy                            1.26.4
detectron2                       0.6 @/storage/ice1/5/9/zyahn3/TOG_plus/detrex/detectron2/detectron2
Compiler                         GCC 12.3
CUDA compiler                    not available
DETECTRON2_ENV_MODULE            <not set>
PyTorch                          2.4.1 @/home/hice1/zyahn3/.conda/envs/TOG_test/lib/python3.12/site-packages/torch
PyTorch debug build              False
torch._C._GLIBCXX_USE_CXX11_ABI  False
GPU available                    Yes
GPU 0                            Tesla V100-PCIE-16GB (arch=7.0)
Driver version                   555.42.02
CUDA_HOME                        /usr/local/cuda
Pillow                           10.4.0
torchvision                      0.19.1 @/home/hice1/zyahn3/.conda/envs/TOG_test/lib/python3.12/site-packages/torchvision
torchvision arch flags           5.0, 6.0, 7.0, 7.5, 8.0, 8.6, 9.0
fvcore                           0.1.5.post20221221
iopath                           0.1.9
cv2                              4.10.0
-------------------------------  ----------------------------------------------------------------------------------------
PyTorch built with:
  - GCC 9.3
  - C++ Version: 201703
  - Intel(R) oneAPI Math Kernel Library Version 2023.1-Product Build 20230303 for Intel(R) 64 architecture applications
  - Intel(R) MKL-DNN v3.4.2 (Git Hash 1137e04ec0b5251ca2b4400a4fd3c667ce843d67)
  - OpenMP 201511 (a.k.a. OpenMP 4.5)
  - LAPACK is enabled (usually provided by MKL)
  - NNPACK is enabled
  - CPU capability usage: AVX512
  - CUDA Runtime 12.4
  - NVCC architecture flags: -gencode;arch=compute_50,code=sm_50;-gencode;arch=compute_60,code=sm_60;-gencode;arch=compute_61,code=sm_61;-gencode;arch=compute_70,code=sm_70;-gencode;arch=compute_75,code=sm_75;-gencode;arch=compute_80,code=sm_80;-gencode;arch=compute_86,code=sm_86;-gencode;arch=compute_90,code=sm_90
  - CuDNN 90.1
  - Magma 2.6.1
  - Build settings: BLAS_INFO=mkl, BUILD_TYPE=Release, CUDA_VERSION=12.4, CUDNN_VERSION=9.1.0, CXX_COMPILER=/opt/rh/devtoolset-9/root/usr/bin/c++, CXX_FLAGS= -D_GLIBCXX_USE_CXX11_ABI=0 -fabi-version=11 -fvisibility-inlines-hidden -DUSE_PTHREADPOOL -DNDEBUG -DUSE_KINETO -DLIBKINETO_NOROCTRACER -DUSE_FBGEMM -DUSE_PYTORCH_QNNPACK -DUSE_XNNPACK -DSYMBOLICATE_MOBILE_DEBUG_HANDLE -O2 -fPIC -Wall -Wextra -Werror=return-type -Werror=non-virtual-dtor -Werror=bool-operation -Wnarrowing -Wno-missing-field-initializers -Wno-type-limits -Wno-array-bounds -Wno-unknown-pragmas -Wno-unused-parameter -Wno-unused-function -Wno-unused-result -Wno-strict-overflow -Wno-strict-aliasing -Wno-stringop-overflow -Wsuggest-override -Wno-psabi -Wno-error=pedantic -Wno-error=old-style-cast -Wno-missing-braces -fdiagnostics-color=always -faligned-new -Wno-unused-but-set-variable -Wno-maybe-uninitialized -fno-math-errno -fno-trapping-math -Werror=format -Wno-stringop-overflow, LAPACK_INFO=mkl, PERF_WITH_AVX=1, PERF_WITH_AVX2=1, PERF_WITH_AVX512=1, TORCH_VERSION=2.4.1, USE_CUDA=ON, USE_CUDNN=ON, USE_CUSPARSELT=1, USE_EXCEPTION_PTR=1, USE_GFLAGS=OFF, USE_GLOG=OFF, USE_GLOO=ON, USE_MKL=ON, USE_MKLDNN=ON, USE_MPI=OFF, USE_NCCL=ON, USE_NNPACK=ON, USE_OPENMP=ON, USE_ROCM=OFF, USE_ROCM_KERNEL_ASSERT=OFF, 

[10/24 10:44:07 detectron2]: Command line arguments: Namespace(config_file='detrex/projects/focus_detr/configs/focus_detr_resnet/focus_detr_r50_4scale_36ep.py', resume=False, eval_only=True, num_gpus=1, num_machines=1, machine_rank=0, dist_url='tcp://127.0.0.1:53103', opts=['train.init_checkpoint=model_files/focus_detr_r50_4scale_36ep.pth', 'attack=none', 'attack_mode=untargeted', 'sample=0.005'])
[10/24 10:44:08 detectron2]: Contents of args.config_file=detrex/projects/focus_detr/configs/focus_detr_resnet/focus_detr_r50_4scale_36ep.py:
[38;5;245m# 对24个epoch的进行修改，延长训练时间[39m
[38;5;204mfrom[39m[38;5;15m [39m[38;5;15mdetrex[39m[38;5;15m.[39m[38;5;15mconfig[39m[38;5;15m [39m[38;5;204mimport[39m[38;5;15m [39m[38;5;15mget_config[39m
[38;5;204mfrom[39m[38;5;15m [39m[38;5;15m.[39m[38;5;15mfocus_detr_r50_4scale_12ep[39m[38;5;15m [39m[38;5;204mimport[39m[38;5;15m [39m[38;5;15m([39m
[38;5;15m    [39m[38;5;15mtrain[39m[38;5;15m,[39m
[38;5;15m    [39m[38;5;15mdataloader[39m[38;5;15m,[39m
[38;5;15m    [39m[38;5;15moptimizer[39m[38;5;15m,[39m
[38;5;15m    [39m[38;5;15mmodel[39m[38;5;15m,[39m
[38;5;15m)[39m

[38;5;245m# get default config[39m
[38;5;245m#lr_multiplier = get_config("common/coco_schedule.py").lr_multiplier_24_36ep[39m

[38;5;245m# modify model config[39m
[38;5;245m# use the original implementation of dab-detr position embedding in 24 epochs training.[39m
[38;5;15mmodel[39m[38;5;204m.[39m[38;5;15mposition_embedding[39m[38;5;204m.[39m[38;5;15mtemperature[39m[38;5;15m [39m[38;5;204m=[39m[38;5;15m [39m[38;5;141m20[39m
[38;5;15mmodel[39m[38;5;204m.[39m[38;5;15mposition_embedding[39m[38;5;204m.[39m[38;5;15moffset[39m[38;5;15m [39m[38;5;204m=[39m[38;5;15m [39m[38;5;141m0.0[39m

[38;5;245m# modify training config[39m
[38;5;15mtrain[39m[38;5;204m.[39m[38;5;15minit_checkpoint[39m[38;5;15m [39m[38;5;204m=[39m[38;5;15m [39m[38;5;186m"[39m[38;5;186m./pre-trained/resnet_torch/r50_v1.pkl[39m[38;5;186m"[39m
[38;5;15mtrain[39m[38;5;204m.[39m[38;5;15moutput_dir[39m[38;5;15m [39m[38;5;204m=[39m[38;5;15m [39m[38;5;186m"[39m[38;5;186m./output/focus_detr_r50_4scale_36ep_v2[39m[38;5;186m"[39m

[38;5;245m# max training iterations[39m
[38;5;15mtrain[39m[38;5;204m.[39m[38;5;15mmax_iter[39m[38;5;15m [39m[38;5;204m=[39m[38;5;15m [39m[38;5;141m270000[39m

[38;5;245m# modify dataloader config[39m
[38;5;245m# not filter empty annotations during training[39m
[38;5;15mdataloader[39m[38;5;204m.[39m[38;5;15mtrain[39m[38;5;204m.[39m[38;5;15mdataset[39m[38;5;204m.[39m[38;5;15mfilter_empty[39m[38;5;15m [39m[38;5;204m=[39m[38;5;15m [39m[38;5;81mTrue[39m
[38;5;15mdataloader[39m[38;5;204m.[39m[38;5;15mtrain[39m[38;5;204m.[39m[38;5;15mnum_workers[39m[38;5;15m [39m[38;5;204m=[39m[38;5;15m [39m[38;5;141m16[39m

[38;5;15mattack[39m[38;5;15m [39m[38;5;204m=[39m[38;5;15m [39m[38;5;81mNone[39m
[38;5;15mattack_mode[39m[38;5;15m [39m[38;5;204m=[39m[38;5;15m [39m[38;5;81mNone[39m
[38;5;15msample[39m[38;5;15m [39m[38;5;204m=[39m[38;5;15m [39m[38;5;141m1.0[39m

WARNING [10/24 10:44:08 d2.config.lazy]: The config contains objects that cannot serialize to a valid yaml. ./output/focus_detr_r50_4scale_36ep_v2/config.yaml is human-readable but cannot be loaded.
WARNING [10/24 10:44:08 d2.config.lazy]: Config is saved using cloudpickle at ./output/focus_detr_r50_4scale_36ep_v2/config.yaml.pkl.
[10/24 10:44:08 detectron2]: Full config saved to ./output/focus_detr_r50_4scale_36ep_v2/config.yaml
[10/24 10:44:08 d2.utils.env]: Using a generated random seed 12169250
[10/24 10:44:09 d2.checkpoint.detection_checkpoint]: [DetectionCheckpointer] Loading from model_files/focus_detr_r50_4scale_36ep.pth ...
[10/24 10:44:09 fvcore.common.checkpoint]: [Checkpointer] Loading from model_files/focus_detr_r50_4scale_36ep.pth ...
/home/hice1/zyahn3/.conda/envs/TOG_test/lib/python3.12/site-packages/fvcore/common/checkpoint.py:252: FutureWarning: You are using `torch.load` with `weights_only=False` (the current default value), which uses the default pickle module implicitly. It is possible to construct malicious pickle data which will execute arbitrary code during unpickling (See https://github.com/pytorch/pytorch/blob/main/SECURITY.md#untrusted-models for more details). In a future release, the default value for `weights_only` will be flipped to `True`. This limits the functions that could be executed during unpickling. Arbitrary objects will no longer be allowed to be loaded via this mode unless they are explicitly allowlisted by the user via `torch.serialization.add_safe_globals`. We recommend you start setting `weights_only=True` for any use case where you don't have full control of the loaded file. Please open an issue on GitHub for any issues related to this experimental feature.
  return torch.load(f, map_location=torch.device("cpu"))
[10/24 10:44:12 detectron2]: Run evaluation under eval-only mode
[10/24 10:44:12 detectron2]: Run evaluation without EMA.
[10/24 10:44:13 d2.data.datasets.coco]: Loaded 5000 images in COCO format from datasets/coco/annotations/instances_val2017.json
[10/24 10:44:13 d2.data.build]: Distribution of instances among all 80 categories:
|   category    | #instances   |   category   | #instances   |   category    | #instances   |
|:-------------:|:-------------|:------------:|:-------------|:-------------:|:-------------|
|    person     | 10777        |   bicycle    | 314          |      car      | 1918         |
|  motorcycle   | 367          |   airplane   | 143          |      bus      | 283          |
|     train     | 190          |    truck     | 414          |     boat      | 424          |
| traffic light | 634          | fire hydrant | 101          |   stop sign   | 75           |
| parking meter | 60           |    bench     | 411          |     bird      | 427          |
|      cat      | 202          |     dog      | 218          |     horse     | 272          |
|     sheep     | 354          |     cow      | 372          |   elephant    | 252          |
|     bear      | 71           |    zebra     | 266          |    giraffe    | 232          |
|   backpack    | 371          |   umbrella   | 407          |    handbag    | 540          |
|      tie      | 252          |   suitcase   | 299          |    frisbee    | 115          |
|     skis      | 241          |  snowboard   | 69           |  sports ball  | 260          |
|     kite      | 327          | baseball bat | 145          | baseball gl.. | 148          |
|  skateboard   | 179          |  surfboard   | 267          | tennis racket | 225          |
|    bottle     | 1013         |  wine glass  | 341          |      cup      | 895          |
|     fork      | 215          |    knife     | 325          |     spoon     | 253          |
|     bowl      | 623          |    banana    | 370          |     apple     | 236          |
|   sandwich    | 177          |    orange    | 285          |   broccoli    | 312          |
|    carrot     | 365          |   hot dog    | 125          |     pizza     | 284          |
|     donut     | 328          |     cake     | 310          |     chair     | 1771         |
|     couch     | 261          | potted plant | 342          |      bed      | 163          |
| dining table  | 695          |    toilet    | 179          |      tv       | 288          |
|    laptop     | 231          |    mouse     | 106          |    remote     | 283          |
|   keyboard    | 153          |  cell phone  | 262          |   microwave   | 55           |
|     oven      | 143          |   toaster    | 9            |     sink      | 225          |
| refrigerator  | 126          |     book     | 1129         |     clock     | 267          |
|     vase      | 274          |   scissors   | 36           |  teddy bear   | 190          |
|  hair drier   | 11           |  toothbrush  | 57           |               |              |
|     total     | 36335        |              |              |               |              |
[10/24 10:44:13 d2.data.common]: Serializing the dataset using: <class 'detectron2.data.common._TorchSerializedList'>
[10/24 10:44:13 d2.data.common]: Serializing 5000 elements to byte tensors and concatenating them all ...
[10/24 10:44:14 d2.data.common]: Serialized dataset takes 19.10 MiB
[10/24 10:44:14 d2.evaluation.evaluator]: Start inference on 5000 batches
Doing attack: None
/home/hice1/zyahn3/.conda/envs/TOG_test/lib/python3.12/site-packages/torch/functional.py:513: UserWarning: torch.meshgrid: in an upcoming release, it will be required to pass the indexing argument. (Triggered internally at /opt/conda/conda-bld/pytorch_1724789220573/work/aten/src/ATen/native/TensorShape.cpp:3609.)
  return _VF.meshgrid(tensors, **kwargs)  # type: ignore[attr-defined]
[10/24 10:44:25 d2.evaluation.evaluator]: Inference done 194/5000. Dataloading: 0.0462 s/iter. Inference: 0.0128 s/iter. Eval: 0.0003 s/iter. Total: 0.0593 s/iter. ETA=0:04:44
[10/24 10:44:32 d2.evaluation.evaluator]: Inference done 363/5000. Dataloading: 0.0418 s/iter. Inference: 0.0079 s/iter. Eval: 0.0008 s/iter. Total: 0.0505 s/iter. ETA=0:03:54
[10/24 10:44:45 d2.evaluation.evaluator]: Inference done 694/5000. Dataloading: 0.0400 s/iter. Inference: 0.0043 s/iter. Eval: 0.0004 s/iter. Total: 0.0447 s/iter. ETA=0:03:12
[10/24 10:45:03 d2.evaluation.evaluator]: Inference done 1159/5000. Dataloading: 0.0391 s/iter. Inference: 0.0027 s/iter. Eval: 0.0002 s/iter. Total: 0.0420 s/iter. ETA=0:02:41
[10/24 10:45:09 d2.evaluation.evaluator]: Inference done 1318/5000. Dataloading: 0.0388 s/iter. Inference: 0.0026 s/iter. Eval: 0.0002 s/iter. Total: 0.0417 s/iter. ETA=0:02:33
[10/24 10:45:15 d2.evaluation.evaluator]: Inference done 1485/5000. Dataloading: 0.0387 s/iter. Inference: 0.0024 s/iter. Eval: 0.0002 s/iter. Total: 0.0413 s/iter. ETA=0:02:25
[10/24 10:45:22 d2.evaluation.evaluator]: Inference done 1666/5000. Dataloading: 0.0386 s/iter. Inference: 0.0022 s/iter. Eval: 0.0002 s/iter. Total: 0.0411 s/iter. ETA=0:02:16
[10/24 10:45:37 d2.evaluation.evaluator]: Inference done 2060/5000. Dataloading: 0.0382 s/iter. Inference: 0.0019 s/iter. Eval: 0.0001 s/iter. Total: 0.0403 s/iter. ETA=0:01:58
[10/24 10:45:54 d2.evaluation.evaluator]: Inference done 2524/5000. Dataloading: 0.0379 s/iter. Inference: 0.0016 s/iter. Eval: 0.0001 s/iter. Total: 0.0397 s/iter. ETA=0:01:38
[10/24 10:46:07 d2.evaluation.evaluator]: Inference done 2879/5000. Dataloading: 0.0377 s/iter. Inference: 0.0015 s/iter. Eval: 0.0001 s/iter. Total: 0.0393 s/iter. ETA=0:01:23
[10/24 10:46:26 d2.evaluation.evaluator]: Inference done 3387/5000. Dataloading: 0.0375 s/iter. Inference: 0.0013 s/iter. Eval: 0.0001 s/iter. Total: 0.0389 s/iter. ETA=0:01:02
[10/24 10:46:34 d2.evaluation.evaluator]: Inference done 3630/5000. Dataloading: 0.0373 s/iter. Inference: 0.0013 s/iter. Eval: 0.0001 s/iter. Total: 0.0387 s/iter. ETA=0:00:53
[10/24 10:46:48 d2.evaluation.evaluator]: Inference done 3993/5000. Dataloading: 0.0372 s/iter. Inference: 0.0013 s/iter. Eval: 0.0001 s/iter. Total: 0.0385 s/iter. ETA=0:00:38
[10/24 10:46:56 d2.evaluation.evaluator]: Inference done 4231/5000. Dataloading: 0.0371 s/iter. Inference: 0.0012 s/iter. Eval: 0.0001 s/iter. Total: 0.0383 s/iter. ETA=0:00:29
[10/24 10:47:06 d2.evaluation.evaluator]: Inference done 4495/5000. Dataloading: 0.0369 s/iter. Inference: 0.0012 s/iter. Eval: 0.0001 s/iter. Total: 0.0382 s/iter. ETA=0:00:19
[10/24 10:47:12 d2.evaluation.evaluator]: Inference done 4686/5000. Dataloading: 0.0368 s/iter. Inference: 0.0012 s/iter. Eval: 0.0001 s/iter. Total: 0.0381 s/iter. ETA=0:00:11
[10/24 10:47:23 d2.evaluation.evaluator]: Total inference time: 0:03:09.193925 (0.037877 s / iter per device, on 1 devices)
[10/24 10:47:23 d2.evaluation.evaluator]: Total inference pure compute time: 0:00:06 (0.001205 s / iter per device, on 1 devices)
[10/24 10:47:23 d2.evaluation.coco_evaluation]: Preparing results for COCO format ...
[10/24 10:47:23 d2.evaluation.coco_evaluation]: Saving results to ./output/focus_detr_r50_4scale_12ep/coco_instances_results.json
[10/24 10:47:23 d2.evaluation.coco_evaluation]: Evaluating predictions with unofficial COCO API...
Loading and preparing results...
DONE (t=0.01s)
creating index...
index created!
[10/24 10:47:23 d2.evaluation.fast_eval_api]: Evaluate annotation type *bbox*
[10/24 10:47:29 d2.evaluation.fast_eval_api]: COCOeval_opt.evaluate() finished in 5.32 seconds.
[10/24 10:47:29 d2.evaluation.fast_eval_api]: Accumulating evaluation results...
[10/24 10:47:29 d2.evaluation.fast_eval_api]: COCOeval_opt.accumulate() finished in 0.44 seconds.
 Average Precision  (AP) @[ IoU=0.50:0.95 | area=   all | maxDets=100 ] = 0.005
 Average Precision  (AP) @[ IoU=0.50      | area=   all | maxDets=100 ] = 0.006
 Average Precision  (AP) @[ IoU=0.75      | area=   all | maxDets=100 ] = 0.005
 Average Precision  (AP) @[ IoU=0.50:0.95 | area= small | maxDets=100 ] = 0.002
 Average Precision  (AP) @[ IoU=0.50:0.95 | area=medium | maxDets=100 ] = 0.003
 Average Precision  (AP) @[ IoU=0.50:0.95 | area= large | maxDets=100 ] = 0.006
 Average Recall     (AR) @[ IoU=0.50:0.95 | area=   all | maxDets=  1 ] = 0.002
 Average Recall     (AR) @[ IoU=0.50:0.95 | area=   all | maxDets= 10 ] = 0.003
 Average Recall     (AR) @[ IoU=0.50:0.95 | area=   all | maxDets=100 ] = 0.003
 Average Recall     (AR) @[ IoU=0.50:0.95 | area= small | maxDets=100 ] = 0.002
 Average Recall     (AR) @[ IoU=0.50:0.95 | area=medium | maxDets=100 ] = 0.002
 Average Recall     (AR) @[ IoU=0.50:0.95 | area= large | maxDets=100 ] = 0.005
[10/24 10:47:29 d2.evaluation.coco_evaluation]: Evaluation results for bbox: 
|  AP   |  AP50  |  AP75  |  APs  |  APm  |  APl  |
|:-----:|:------:|:------:|:-----:|:-----:|:-----:|
| 0.493 | 0.616  | 0.504  | 0.228 | 0.324 | 0.584 |
[10/24 10:47:29 d2.evaluation.coco_evaluation]: Per-category bbox AP: 
| category      | AP    | category     | AP    | category       | AP    |
|:--------------|:------|:-------------|:------|:---------------|:------|
| person        | 0.990 | bicycle      | 0.000 | car            | 0.892 |
| motorcycle    | 0.990 | airplane     | 0.891 | bus            | 0.000 |
| train         | 0.891 | truck        | 0.990 | boat           | 1.182 |
| traffic light | 0.396 | fire hydrant | 0.792 | stop sign      | 0.000 |
| parking meter | 0.000 | bench        | 0.990 | bird           | 0.000 |
| cat           | 0.743 | dog          | 0.000 | horse          | 1.865 |
| sheep         | 0.000 | cow          | 0.000 | elephant       | 0.000 |
| bear          | 1.980 | zebra        | 0.693 | giraffe        | 0.000 |
| backpack      | 0.792 | umbrella     | 0.000 | handbag        | 0.792 |
| tie           | 0.891 | suitcase     | 0.990 | frisbee        | 0.000 |
| skis          | 0.380 | snowboard    | 1.584 | sports ball    | 1.235 |
| kite          | 0.891 | baseball bat | 0.825 | baseball glove | 0.000 |
| skateboard    | 0.000 | surfboard    | 0.842 | tennis racket  | 0.726 |
| bottle        | 0.000 | wine glass   | 0.000 | cup            | 0.678 |
| fork          | 0.000 | knife        | 0.000 | spoon          | 0.000 |
| bowl          | 0.891 | banana       | 0.000 | apple          | 0.000 |
| sandwich      | 0.000 | orange       | 0.891 | broccoli       | 0.000 |
| carrot        | 0.000 | hot dog      | 0.000 | pizza          | 0.000 |
| donut         | 0.000 | cake         | 0.891 | chair          | 0.990 |
| couch         | 0.990 | potted plant | 0.000 | bed            | 0.000 |
| dining table  | 0.990 | toilet       | 1.980 | tv             | 0.990 |
| laptop        | 0.000 | mouse        | 0.990 | remote         | 0.667 |
| keyboard      | 1.782 | cell phone   | 1.052 | microwave      | 0.000 |
| oven          | 0.000 | toaster      | 0.000 | sink           | 0.495 |
| refrigerator  | 0.000 | book         | 0.891 | clock          | 0.000 |
| vase          | 0.000 | scissors     | 0.000 | teddy bear     | 0.000 |
| hair drier    | 0.000 | toothbrush   | 0.000 |                |       |


------- Similarity and Timing Metrics -------
Total Parameters: 49339920
Average Attack Time: 6.5239
Average L2 Norm: 0.0000
Max Difference in Images: 0.0000
------------------------------------------------


[10/24 10:47:30 d2.evaluation.testing]: copypaste: Task: bbox
[10/24 10:47:30 d2.evaluation.testing]: copypaste: AP,AP50,AP75,APs,APm,APl
[10/24 10:47:30 d2.evaluation.testing]: copypaste: 0.4925,0.6163,0.5043,0.2281,0.3239,0.5840
OrderedDict({'bbox': {'AP': 0.49252568186988493, 'AP50': 0.6163071664309289, 'AP75': 0.5043189523302775, 'APs': 0.22813780933458602, 'APm': 0.3239106053462489, 'APl': 0.5840339193971984, 'AP-person': 0.9900990099009901, 'AP-bicycle': 0.0, 'AP-car': 0.8920994140230349, 'AP-motorcycle': 0.9900990099009901, 'AP-airplane': 0.891089108910891, 'AP-bus': 0.0, 'AP-train': 0.891089108910891, 'AP-truck': 0.9900990099009901, 'AP-boat': 1.181661644425312, 'AP-traffic light': 0.39603960396039606, 'AP-fire hydrant': 0.7920792079207921, 'AP-stop sign': 0.0, 'AP-parking meter': 0.0, 'AP-bench': 0.9900990099009901, 'AP-bird': 0.0, 'AP-cat': 0.7425742574257426, 'AP-dog': 0.0, 'AP-horse': 1.8646864686468645, 'AP-sheep': 0.0, 'AP-cow': 0.0, 'AP-elephant': 0.0, 'AP-bear': 1.9801980198019802, 'AP-zebra': 0.6930693069306931, 'AP-giraffe': 0.0, 'AP-backpack': 0.7920792079207921, 'AP-umbrella': 0.0, 'AP-handbag': 0.7920792079207921, 'AP-tie': 0.891089108910891, 'AP-suitcase': 0.9900990099009901, 'AP-frisbee': 0.0, 'AP-skis': 0.3795379537953795, 'AP-snowboard': 1.5841584158415842, 'AP-sports ball': 1.2349263772531098, 'AP-kite': 0.891089108910891, 'AP-baseball bat': 0.825082508250825, 'AP-baseball glove': 0.0, 'AP-skateboard': 0.0, 'AP-surfboard': 0.8415841584158417, 'AP-tennis racket': 0.7260726072607262, 'AP-bottle': 0.0, 'AP-wine glass': 0.0, 'AP-cup': 0.6782747240241265, 'AP-fork': 0.0, 'AP-knife': 0.0, 'AP-spoon': 0.0, 'AP-bowl': 0.891089108910891, 'AP-banana': 0.0, 'AP-apple': 0.0, 'AP-sandwich': 0.0, 'AP-orange': 0.891089108910891, 'AP-broccoli': 0.0, 'AP-carrot': 0.0, 'AP-hot dog': 0.0, 'AP-pizza': 0.0, 'AP-donut': 0.0, 'AP-cake': 0.891089108910891, 'AP-chair': 0.9900990099009901, 'AP-couch': 0.9900990099009901, 'AP-potted plant': 0.0, 'AP-bed': 0.0, 'AP-dining table': 0.9900990099009901, 'AP-toilet': 1.9801980198019802, 'AP-tv': 0.9900990099009901, 'AP-laptop': 0.0, 'AP-mouse': 0.9900990099009901, 'AP-remote': 0.6671381423856673, 'AP-keyboard': 1.782178217821782, 'AP-cell phone': 1.051584610515846, 'AP-microwave': 0.0, 'AP-oven': 0.0, 'AP-toaster': 0.0, 'AP-sink': 0.49504950495049505, 'AP-refrigerator': 0.0, 'AP-book': 0.891089108910891, 'AP-clock': 0.0, 'AP-vase': 0.0, 'AP-scissors': 0.0, 'AP-teddy bear': 0.0, 'AP-hair drier': 0.0, 'AP-toothbrush': 0.0}})
---------------------------------------
Begin Slurm Epilog: Oct-24-2024 10:47:31
Job ID:        883156
Array Job ID:  _4294967294
User ID:       zyahn3
Account:       scs
Job name:      TOG_Plus_Focus_DETR
Resources:     cpu=1,gres/gpu:v100=1,mem=128G,node=1
Rsrc Used:     cput=00:04:26,vmem=0,walltime=00:04:26,mem=3566336K,energy_used=0
Partition:     coc-gpu
Nodes:         atl1-1-02-009-32-0
---------------------------------------
