---------------------------------------
Begin Slurm Prolog: Nov-05-2024 16:23:02
Job ID:    912789
User ID:   zyahn3
Account:   scs
Job name:  TOG_Plus
Partition: coc-cpu
---------------------------------------
/usr/local/pace-apps/manual/packages/anaconda3/2023.03
/home/hice1/zyahn3/.conda/envs/AFOG_CNN
Using TensorFlow backend.
/home/hice1/zyahn3/.conda/envs/AFOG_CNN/lib/python3.7/site-packages/tensorflow/python/framework/dtypes.py:516: FutureWarning: Passing (type, 1) or '1type' as a synonym of type is deprecated; in a future version of numpy, it will be understood as (type, (1,)) / '(1,)type'.
  _np_qint8 = np.dtype([("qint8", np.int8, 1)])
/home/hice1/zyahn3/.conda/envs/AFOG_CNN/lib/python3.7/site-packages/tensorflow/python/framework/dtypes.py:517: FutureWarning: Passing (type, 1) or '1type' as a synonym of type is deprecated; in a future version of numpy, it will be understood as (type, (1,)) / '(1,)type'.
  _np_quint8 = np.dtype([("quint8", np.uint8, 1)])
/home/hice1/zyahn3/.conda/envs/AFOG_CNN/lib/python3.7/site-packages/tensorflow/python/framework/dtypes.py:518: FutureWarning: Passing (type, 1) or '1type' as a synonym of type is deprecated; in a future version of numpy, it will be understood as (type, (1,)) / '(1,)type'.
  _np_qint16 = np.dtype([("qint16", np.int16, 1)])
/home/hice1/zyahn3/.conda/envs/AFOG_CNN/lib/python3.7/site-packages/tensorflow/python/framework/dtypes.py:519: FutureWarning: Passing (type, 1) or '1type' as a synonym of type is deprecated; in a future version of numpy, it will be understood as (type, (1,)) / '(1,)type'.
  _np_quint16 = np.dtype([("quint16", np.uint16, 1)])
/home/hice1/zyahn3/.conda/envs/AFOG_CNN/lib/python3.7/site-packages/tensorflow/python/framework/dtypes.py:520: FutureWarning: Passing (type, 1) or '1type' as a synonym of type is deprecated; in a future version of numpy, it will be understood as (type, (1,)) / '(1,)type'.
  _np_qint32 = np.dtype([("qint32", np.int32, 1)])
/home/hice1/zyahn3/.conda/envs/AFOG_CNN/lib/python3.7/site-packages/tensorflow/python/framework/dtypes.py:525: FutureWarning: Passing (type, 1) or '1type' as a synonym of type is deprecated; in a future version of numpy, it will be understood as (type, (1,)) / '(1,)type'.
  np_resource = np.dtype([("resource", np.ubyte, 1)])
/home/hice1/zyahn3/.conda/envs/AFOG_CNN/lib/python3.7/site-packages/tensorboard/compat/tensorflow_stub/dtypes.py:541: FutureWarning: Passing (type, 1) or '1type' as a synonym of type is deprecated; in a future version of numpy, it will be understood as (type, (1,)) / '(1,)type'.
  _np_qint8 = np.dtype([("qint8", np.int8, 1)])
/home/hice1/zyahn3/.conda/envs/AFOG_CNN/lib/python3.7/site-packages/tensorboard/compat/tensorflow_stub/dtypes.py:542: FutureWarning: Passing (type, 1) or '1type' as a synonym of type is deprecated; in a future version of numpy, it will be understood as (type, (1,)) / '(1,)type'.
  _np_quint8 = np.dtype([("quint8", np.uint8, 1)])
/home/hice1/zyahn3/.conda/envs/AFOG_CNN/lib/python3.7/site-packages/tensorboard/compat/tensorflow_stub/dtypes.py:543: FutureWarning: Passing (type, 1) or '1type' as a synonym of type is deprecated; in a future version of numpy, it will be understood as (type, (1,)) / '(1,)type'.
  _np_qint16 = np.dtype([("qint16", np.int16, 1)])
/home/hice1/zyahn3/.conda/envs/AFOG_CNN/lib/python3.7/site-packages/tensorboard/compat/tensorflow_stub/dtypes.py:544: FutureWarning: Passing (type, 1) or '1type' as a synonym of type is deprecated; in a future version of numpy, it will be understood as (type, (1,)) / '(1,)type'.
  _np_quint16 = np.dtype([("quint16", np.uint16, 1)])
/home/hice1/zyahn3/.conda/envs/AFOG_CNN/lib/python3.7/site-packages/tensorboard/compat/tensorflow_stub/dtypes.py:545: FutureWarning: Passing (type, 1) or '1type' as a synonym of type is deprecated; in a future version of numpy, it will be understood as (type, (1,)) / '(1,)type'.
  _np_qint32 = np.dtype([("qint32", np.int32, 1)])
/home/hice1/zyahn3/.conda/envs/AFOG_CNN/lib/python3.7/site-packages/tensorboard/compat/tensorflow_stub/dtypes.py:550: FutureWarning: Passing (type, 1) or '1type' as a synonym of type is deprecated; in a future version of numpy, it will be understood as (type, (1,)) / '(1,)type'.
  np_resource = np.dtype([("resource", np.ubyte, 1)])
WARNING:tensorflow:From /home/hice1/zyahn3/.conda/envs/AFOG_CNN/lib/python3.7/site-packages/keras/backend/tensorflow_backend.py:74: The name tf.get_default_graph is deprecated. Please use tf.compat.v1.get_default_graph instead.

WARNING:tensorflow:From /home/hice1/zyahn3/.conda/envs/AFOG_CNN/lib/python3.7/site-packages/keras/backend/tensorflow_backend.py:517: The name tf.placeholder is deprecated. Please use tf.compat.v1.placeholder instead.

WARNING:tensorflow:From /home/hice1/zyahn3/.conda/envs/AFOG_CNN/lib/python3.7/site-packages/keras/backend/tensorflow_backend.py:4138: The name tf.random_uniform is deprecated. Please use tf.random.uniform instead.

WARNING:tensorflow:From /home/hice1/zyahn3/.conda/envs/AFOG_CNN/lib/python3.7/site-packages/keras/backend/tensorflow_backend.py:174: The name tf.get_default_session is deprecated. Please use tf.compat.v1.get_default_session instead.

WARNING:tensorflow:From /home/hice1/zyahn3/.conda/envs/AFOG_CNN/lib/python3.7/site-packages/keras/backend/tensorflow_backend.py:181: The name tf.ConfigProto is deprecated. Please use tf.compat.v1.ConfigProto instead.

2024-11-05 16:23:10.866876: I tensorflow/core/platform/cpu_feature_guard.cc:142] Your CPU supports instructions that this TensorFlow binary was not compiled to use: AVX2 AVX512F FMA
2024-11-05 16:23:10.884590: I tensorflow/core/platform/profile_utils/cpu_utils.cc:94] CPU Frequency: 2700000000 Hz
2024-11-05 16:23:10.885019: I tensorflow/compiler/xla/service/service.cc:168] XLA service 0x2532c30 executing computations on platform Host. Devices:
2024-11-05 16:23:10.885186: I tensorflow/compiler/xla/service/service.cc:175]   StreamExecutor device (0): <undefined>, <undefined>
2024-11-05 16:23:10.889103: I tensorflow/stream_executor/platform/default/dso_loader.cc:53] Could not dlopen library 'libcuda.so.1'; dlerror: libcuda.so.1: cannot open shared object file: No such file or directory; LD_LIBRARY_PATH: /usr/local/pace-apps/spack/packages/linux-rhel9-x86_64_v3/gcc-12.3.0/mvapich2-2.3.7-1-qv3gjagtbx5e3rlbdy6iy2sfczryftyt/lib:/opt/slurm/current/lib:/opt/pmix/4.2.6/lib:/usr/local/pace-apps/spack/packages/linux-rhel9-x86_64_v3/gcc-12.3.0/libxml2-2.10.3-ve5kggawwlt6jijzmrfy7idkx5hcwmuw/lib:/usr/local/pace-apps/spack/packages/linux-rhel9-x86_64_v3/gcc-12.3.0/xz-5.4.1-23t2osmoz6du7oygrv5zeiignuxhmmp4/lib:/usr/local/pace-apps/spack/packages/linux-rhel9-x86_64_v3/gcc-12.3.0/libiconv-1.17-fsjufoyqbs3t36il6apgxqcqrceerbe2/lib:/usr/local/pace-apps/spack/packages/linux-rhel9-x86_64_v3/gcc-12.3.0/libpciaccess-0.17-pjfe4ct4gfm5k26s36hmewhbz4k232dl/lib:/usr/local/pace-apps/spack/packages/linux-rhel9-x86_64_v3/gcc-11.3.1/gcc-12.3.0-ukkkutsxfl5kpnnaxflpkq2jtliwthfz/lib64:/usr/local/pace-apps/spack/packages/linux-rhel9-x86_64_v3/gcc-11.3.1/gcc-12.3.0-ukkkutsxfl5kpnnaxflpkq2jtliwthfz/lib:/usr/local/pace-apps/spack/packages/linux-rhel9-x86_64_v3/gcc-12.3.0/zlib-1.2.13-3qhjpij2pji47kfanmlflvwk5ljcn5lh/lib:/usr/local/pace-apps/spack/packages/linux-rhel9-x86_64_v3/gcc-12.3.0/mpc-1.3.1-3zvixith5i243hwiill4exyu3lf2q6ad/lib:/usr/local/pace-apps/spack/packages/linux-rhel9-x86_64_v3/gcc-12.3.0/mpfr-4.2.0-tox4bdsc25zr763rnq5gzlukfbvw7uj7/lib:/usr/local/pace-apps/spack/packages/linux-rhel9-x86_64_v3/gcc-12.3.0/gmp-6.2.1-n7dzsse5e3f6w5z6q6cuqursydg6yypo/lib::
2024-11-05 16:23:10.889464: E tensorflow/stream_executor/cuda/cuda_driver.cc:318] failed call to cuInit: UNKNOWN ERROR (303)
2024-11-05 16:23:10.889627: I tensorflow/stream_executor/cuda/cuda_diagnostics.cc:156] kernel driver does not appear to be running on this host (atl1-1-02-003-19-2.pace.gatech.edu): /proc/driver/nvidia/version does not exist
2024-11-05 16:23:10.919218: W tensorflow/compiler/jit/mark_for_compilation_pass.cc:1412] (One-time warning): Not using XLA:CPU for cluster because envvar TF_XLA_FLAGS=--tf_xla_cpu_global_jit was not set.  If you want XLA:CPU, either set that envvar, or use experimental_jit_scope to enable XLA:CPU.  To confirm that XLA is active, pass --vmodule=xla_compilation_cache=1 (as a proper command-line flag, not via TF_XLA_FLAGS) or set the envvar XLA_FLAGS=--xla_hlo_profile.
WARNING:tensorflow:From /home/hice1/zyahn3/.conda/envs/AFOG_CNN/lib/python3.7/site-packages/keras/backend/tensorflow_backend.py:1834: The name tf.nn.fused_batch_norm is deprecated. Please use tf.compat.v1.nn.fused_batch_norm instead.

WARNING:tensorflow:From /home/hice1/zyahn3/.conda/envs/AFOG_CNN/lib/python3.7/site-packages/keras/backend/tensorflow_backend.py:2018: The name tf.image.resize_nearest_neighbor is deprecated. Please use tf.compat.v1.image.resize_nearest_neighbor instead.

srun: Job step aborted: Waiting up to 32 seconds for job step to finish.
slurmstepd: error: *** JOB 912789 ON atl1-1-02-003-19-2 CANCELLED AT 2024-11-05T16:23:16 ***
---------------------------------------
Begin Slurm Epilog: Nov-05-2024 16:23:27
Job ID:        912789
Array Job ID:  _4294967294
User ID:       zyahn3
Account:       scs
Job name:      TOG_Plus
Resources:     cpu=1,mem=4G,node=1
Rsrc Used:     cput=00:00:14,vmem=0,walltime=00:00:14,mem=6336K,energy_used=0
Partition:     coc-cpu
Nodes:         atl1-1-02-003-19-2
---------------------------------------
