---------------------------------------
Begin Slurm Prolog: Nov-07-2024 23:42:19
Job ID:    917319
User ID:   zyahn3
Account:   scs
Job name:  AFOG_Deformable_DETR
Partition: coc-gpu
---------------------------------------

EnvironmentNameNotFound: Could not find conda environment: TOG_test
You can list all discoverable environments with `conda info --envs`.


Traceback (most recent call last):
srun: error: atl1-1-01-005-13-0: task 0: Exited with exit code 1
  File "/storage/ice1/5/9/zyahn3/TOG_plus/attack_deformable_detr.py", line 19, in <module>
    import torch
ModuleNotFoundError: No module named 'torch'
---------------------------------------
Begin Slurm Epilog: Nov-07-2024 23:42:24
Job ID:        917319
Array Job ID:  _4294967294
User ID:       zyahn3
Account:       scs
Job name:      AFOG_Deformable_DETR
Resources:     cpu=1,gres/gpu:a100=1,mem=32G,node=1
Rsrc Used:     cput=00:00:05,vmem=0,walltime=00:00:05,mem=72K,energy_used=0
Partition:     coc-gpu
Nodes:         atl1-1-01-005-13-0
---------------------------------------
