---------------------------------------
Begin Slurm Prolog: Oct-30-2024 23:41:50
Job ID:    898695
User ID:   zyahn3
Account:   scs
Job name:  TOG_Plus_Align_DETR
Partition: coc-gpu
---------------------------------------
no change     /usr/local/pace-apps/manual/packages/anaconda3/2023.03/condabin/conda
no change     /usr/local/pace-apps/manual/packages/anaconda3/2023.03/bin/conda
no change     /usr/local/pace-apps/manual/packages/anaconda3/2023.03/bin/conda-env
no change     /usr/local/pace-apps/manual/packages/anaconda3/2023.03/bin/activate
no change     /usr/local/pace-apps/manual/packages/anaconda3/2023.03/bin/deactivate
no change     /usr/local/pace-apps/manual/packages/anaconda3/2023.03/etc/profile.d/conda.sh
no change     /usr/local/pace-apps/manual/packages/anaconda3/2023.03/etc/fish/conf.d/conda.fish
no change     /usr/local/pace-apps/manual/packages/anaconda3/2023.03/shell/condabin/Conda.psm1
no change     /usr/local/pace-apps/manual/packages/anaconda3/2023.03/shell/condabin/conda-hook.ps1
no change     /usr/local/pace-apps/manual/packages/anaconda3/2023.03/lib/python3.10/site-packages/xontrib/conda.xsh
no change     /usr/local/pace-apps/manual/packages/anaconda3/2023.03/etc/profile.d/conda.csh
no change     /home/hice1/zyahn3/.bashrc
No action taken.
/storage/ice1/5/9/zyahn3/TOG_plus/detrex/detrex/layers/dcn_v3.py:23: FutureWarning: `torch.cuda.amp.custom_fwd(args...)` is deprecated. Please use `torch.amp.custom_fwd(args..., device_type='cuda')` instead.
  @custom_fwd
/storage/ice1/5/9/zyahn3/TOG_plus/detrex/detrex/layers/dcn_v3.py:52: FutureWarning: `torch.cuda.amp.custom_bwd(args...)` is deprecated. Please use `torch.amp.custom_bwd(args..., device_type='cuda')` instead.
  @custom_bwd
[10/30 23:42:06 detectron2]: Rank of current process: 0. World size: 1
[10/30 23:42:08 detectron2]: Environment info:
-------------------------------  ----------------------------------------------------------------------------------------
sys.platform                     linux
Python                           3.12.4 | packaged by Anaconda, Inc. | (main, Jun 18 2024, 15:12:24) [GCC 11.2.0]
numpy                            1.26.4
detectron2                       0.6 @/storage/ice1/5/9/zyahn3/TOG_plus/detrex/detectron2/detectron2
Compiler                         GCC 12.3
CUDA compiler                    not available
DETECTRON2_ENV_MODULE            <not set>
PyTorch                          2.4.1 @/home/hice1/zyahn3/.conda/envs/TOG_test/lib/python3.12/site-packages/torch
PyTorch debug build              False
torch._C._GLIBCXX_USE_CXX11_ABI  False
GPU available                    Yes
GPU 0                            NVIDIA A100 80GB PCIe (arch=8.0)
Driver version                   555.42.02
CUDA_HOME                        /usr/local/cuda
Pillow                           10.4.0
torchvision                      0.19.1 @/home/hice1/zyahn3/.conda/envs/TOG_test/lib/python3.12/site-packages/torchvision
torchvision arch flags           5.0, 6.0, 7.0, 7.5, 8.0, 8.6, 9.0
fvcore                           0.1.5.post20221221
iopath                           0.1.9
cv2                              4.10.0
-------------------------------  ----------------------------------------------------------------------------------------
PyTorch built with:
  - GCC 9.3
  - C++ Version: 201703
  - Intel(R) oneAPI Math Kernel Library Version 2023.1-Product Build 20230303 for Intel(R) 64 architecture applications
  - Intel(R) MKL-DNN v3.4.2 (Git Hash 1137e04ec0b5251ca2b4400a4fd3c667ce843d67)
  - OpenMP 201511 (a.k.a. OpenMP 4.5)
  - LAPACK is enabled (usually provided by MKL)
  - NNPACK is enabled
  - CPU capability usage: AVX2
  - CUDA Runtime 12.4
  - NVCC architecture flags: -gencode;arch=compute_50,code=sm_50;-gencode;arch=compute_60,code=sm_60;-gencode;arch=compute_61,code=sm_61;-gencode;arch=compute_70,code=sm_70;-gencode;arch=compute_75,code=sm_75;-gencode;arch=compute_80,code=sm_80;-gencode;arch=compute_86,code=sm_86;-gencode;arch=compute_90,code=sm_90
  - CuDNN 90.1
  - Magma 2.6.1
  - Build settings: BLAS_INFO=mkl, BUILD_TYPE=Release, CUDA_VERSION=12.4, CUDNN_VERSION=9.1.0, CXX_COMPILER=/opt/rh/devtoolset-9/root/usr/bin/c++, CXX_FLAGS= -D_GLIBCXX_USE_CXX11_ABI=0 -fabi-version=11 -fvisibility-inlines-hidden -DUSE_PTHREADPOOL -DNDEBUG -DUSE_KINETO -DLIBKINETO_NOROCTRACER -DUSE_FBGEMM -DUSE_PYTORCH_QNNPACK -DUSE_XNNPACK -DSYMBOLICATE_MOBILE_DEBUG_HANDLE -O2 -fPIC -Wall -Wextra -Werror=return-type -Werror=non-virtual-dtor -Werror=bool-operation -Wnarrowing -Wno-missing-field-initializers -Wno-type-limits -Wno-array-bounds -Wno-unknown-pragmas -Wno-unused-parameter -Wno-unused-function -Wno-unused-result -Wno-strict-overflow -Wno-strict-aliasing -Wno-stringop-overflow -Wsuggest-override -Wno-psabi -Wno-error=pedantic -Wno-error=old-style-cast -Wno-missing-braces -fdiagnostics-color=always -faligned-new -Wno-unused-but-set-variable -Wno-maybe-uninitialized -fno-math-errno -fno-trapping-math -Werror=format -Wno-stringop-overflow, LAPACK_INFO=mkl, PERF_WITH_AVX=1, PERF_WITH_AVX2=1, PERF_WITH_AVX512=1, TORCH_VERSION=2.4.1, USE_CUDA=ON, USE_CUDNN=ON, USE_CUSPARSELT=1, USE_EXCEPTION_PTR=1, USE_GFLAGS=OFF, USE_GLOG=OFF, USE_GLOO=ON, USE_MKL=ON, USE_MKLDNN=ON, USE_MPI=OFF, USE_NCCL=ON, USE_NNPACK=ON, USE_OPENMP=ON, USE_ROCM=OFF, USE_ROCM_KERNEL_ASSERT=OFF, 

[10/30 23:42:08 detectron2]: Command line arguments: Namespace(config_file='detrex/projects/align_detr/configs/aligndetr_k=2_r50_4scale_24ep.py', resume=False, eval_only=True, num_gpus=1, num_machines=1, machine_rank=0, dist_url='tcp://127.0.0.1:53103', opts=['train.init_checkpoint=model_files/aligndetr_r50_multi_4scale_24ep.pth', 'attack=none', 'attack_mode=none', 'sample=1.0', 'save_dir=', 'save_attack=0.0', 'load_dir=datasets/blackbox/focalnet_vanishing/', 'load_attack=1.0'])
[10/30 23:42:09 detectron2]: Contents of args.config_file=detrex/projects/align_detr/configs/aligndetr_k=2_r50_4scale_24ep.py:
[38;5;204mfrom[39m[38;5;15m [39m[38;5;15mdetrex[39m[38;5;15m.[39m[38;5;15mconfig[39m[38;5;15m [39m[38;5;204mimport[39m[38;5;15m [39m[38;5;15mget_config[39m
[38;5;204mfrom[39m[38;5;15m [39m[38;5;15m.[39m[38;5;15mmodels[39m[38;5;15m.[39m[38;5;15maligndetr_r50[39m[38;5;15m [39m[38;5;204mimport[39m[38;5;15m [39m[38;5;15mmodel[39m

[38;5;15mattack[39m[38;5;15m [39m[38;5;204m=[39m[38;5;15m [39m[38;5;81mNone[39m
[38;5;15mattack_mode[39m[38;5;15m [39m[38;5;204m=[39m[38;5;15m [39m[38;5;81mNone[39m
[38;5;15msample[39m[38;5;15m [39m[38;5;204m=[39m[38;5;15m [39m[38;5;141m1.0[39m

[38;5;245m# get default config[39m
[38;5;15mdataloader[39m[38;5;15m [39m[38;5;204m=[39m[38;5;15m [39m[38;5;15mget_config[39m[38;5;15m([39m[38;5;186m"[39m[38;5;186mcommon/data/coco_detr.py[39m[38;5;186m"[39m[38;5;15m)[39m[38;5;204m.[39m[38;5;15mdataloader[39m
[38;5;15moptimizer[39m[38;5;15m [39m[38;5;204m=[39m[38;5;15m [39m[38;5;15mget_config[39m[38;5;15m([39m[38;5;186m"[39m[38;5;186mcommon/optim.py[39m[38;5;186m"[39m[38;5;15m)[39m[38;5;204m.[39m[38;5;15mAdamW[39m
[38;5;15mlr_multiplier[39m[38;5;15m [39m[38;5;204m=[39m[38;5;15m [39m[38;5;15mget_config[39m[38;5;15m([39m[38;5;186m"[39m[38;5;186mcommon/coco_schedule.py[39m[38;5;186m"[39m[38;5;15m)[39m[38;5;204m.[39m[38;5;15mlr_multiplier_24ep[39m
[38;5;15mtrain[39m[38;5;15m [39m[38;5;204m=[39m[38;5;15m [39m[38;5;15mget_config[39m[38;5;15m([39m[38;5;186m"[39m[38;5;186mcommon/train.py[39m[38;5;186m"[39m[38;5;15m)[39m[38;5;204m.[39m[38;5;15mtrain[39m

[38;5;15mmodel[39m[38;5;204m.[39m[38;5;15mcriterion[39m[38;5;204m.[39m[38;5;15mmatch_num[39m[38;5;15m [39m[38;5;204m=[39m[38;5;15m [39m[38;5;15m[[39m[38;5;141m2[39m[38;5;15m,[39m[38;5;141m2[39m[38;5;15m,[39m[38;5;141m2[39m[38;5;15m,[39m[38;5;141m2[39m[38;5;15m,[39m[38;5;141m2[39m[38;5;15m,[39m[38;5;141m2[39m[38;5;15m,[39m[38;5;141m1[39m[38;5;15m][39m
[38;5;15mmodel[39m[38;5;204m.[39m[38;5;15mcriterion[39m[38;5;204m.[39m[38;5;15mtau[39m[38;5;15m [39m[38;5;204m=[39m[38;5;15m [39m[38;5;141m1.5[39m
[38;5;245m# modify training config[39m
[38;5;15mtrain[39m[38;5;204m.[39m[38;5;15minit_checkpoint[39m[38;5;15m [39m[38;5;204m=[39m[38;5;15m [39m[38;5;186m"[39m[38;5;186mdetectron2://ImageNetPretrained/torchvision/R-50.pkl[39m[38;5;186m"[39m
[38;5;15mtrain[39m[38;5;204m.[39m[38;5;15moutput_dir[39m[38;5;15m [39m[38;5;204m=[39m[38;5;15m [39m[38;5;186m"[39m[38;5;186m./output/aligndetr_k2_24ep[39m[38;5;186m"[39m

[38;5;245m# max training iterations[39m
[38;5;15mtrain[39m[38;5;204m.[39m[38;5;15mmax_iter[39m[38;5;15m [39m[38;5;204m=[39m[38;5;15m [39m[38;5;141m180000[39m[38;5;15m [39m

[38;5;245m# run evaluation every 5000 iters[39m
[38;5;15mtrain[39m[38;5;204m.[39m[38;5;15meval_period[39m[38;5;15m [39m[38;5;204m=[39m[38;5;15m [39m[38;5;141m5000[39m

[38;5;245m# log training infomation every 20 iters[39m
[38;5;15mtrain[39m[38;5;204m.[39m[38;5;15mlog_period[39m[38;5;15m [39m[38;5;204m=[39m[38;5;15m [39m[38;5;141m100[39m

[38;5;245m# save checkpoint every 5000 iters[39m
[38;5;15mtrain[39m[38;5;204m.[39m[38;5;15mcheckpointer[39m[38;5;204m.[39m[38;5;15mperiod[39m[38;5;15m [39m[38;5;204m=[39m[38;5;15m [39m[38;5;141m10000[39m[38;5;15m [39m

[38;5;245m# gradient clipping for training[39m
[38;5;15mtrain[39m[38;5;204m.[39m[38;5;15mclip_grad[39m[38;5;204m.[39m[38;5;15menabled[39m[38;5;15m [39m[38;5;204m=[39m[38;5;15m [39m[38;5;81mTrue[39m
[38;5;15mtrain[39m[38;5;204m.[39m[38;5;15mclip_grad[39m[38;5;204m.[39m[38;5;15mparams[39m[38;5;204m.[39m[38;5;15mmax_norm[39m[38;5;15m [39m[38;5;204m=[39m[38;5;15m [39m[38;5;141m0.1[39m
[38;5;15mtrain[39m[38;5;204m.[39m[38;5;15mclip_grad[39m[38;5;204m.[39m[38;5;15mparams[39m[38;5;204m.[39m[38;5;15mnorm_type[39m[38;5;15m [39m[38;5;204m=[39m[38;5;15m [39m[38;5;141m2[39m

[38;5;245m# set training devices[39m
[38;5;15mtrain[39m[38;5;204m.[39m[38;5;15mdevice[39m[38;5;15m [39m[38;5;204m=[39m[38;5;15m [39m[38;5;186m"[39m[38;5;186mcuda[39m[38;5;186m"[39m

[38;5;15mmodel[39m[38;5;204m.[39m[38;5;15mdevice[39m[38;5;15m [39m[38;5;204m=[39m[38;5;15m [39m[38;5;15mtrain[39m[38;5;204m.[39m[38;5;15mdevice[39m
[38;5;245m# modify optimizer config[39m
[38;5;15moptimizer[39m[38;5;204m.[39m[38;5;15mlr[39m[38;5;15m [39m[38;5;204m=[39m[38;5;15m [39m[38;5;141m1e-4[39m
[38;5;15moptimizer[39m[38;5;204m.[39m[38;5;15mbetas[39m[38;5;15m [39m[38;5;204m=[39m[38;5;15m [39m[38;5;15m([39m[38;5;141m0.9[39m[38;5;15m,[39m[38;5;15m [39m[38;5;141m0.999[39m[38;5;15m)[39m
[38;5;15moptimizer[39m[38;5;204m.[39m[38;5;15mweight_decay[39m[38;5;15m [39m[38;5;204m=[39m[38;5;15m [39m[38;5;141m1e-4[39m
[38;5;15moptimizer[39m[38;5;204m.[39m[38;5;15mparams[39m[38;5;204m.[39m[38;5;15mlr_factor_func[39m[38;5;15m [39m[38;5;204m=[39m[38;5;15m [39m[38;5;81mlambda[39m[38;5;15m [39m[38;5;15mmodule_name[39m[38;5;15m:[39m[38;5;15m [39m[38;5;141m0.1[39m[38;5;15m [39m[38;5;81mif[39m[38;5;15m [39m[38;5;186m"[39m[38;5;186mbackbone[39m[38;5;186m"[39m[38;5;15m [39m[38;5;204min[39m[38;5;15m [39m[38;5;15mmodule_name[39m[38;5;15m [39m[38;5;81melse[39m[38;5;15m [39m[38;5;141m1[39m

[38;5;245m# modify dataloader config[39m
[38;5;15mdataloader[39m[38;5;204m.[39m[38;5;15mtrain[39m[38;5;204m.[39m[38;5;15mnum_workers[39m[38;5;15m [39m[38;5;204m=[39m[38;5;15m [39m[38;5;141m16[39m

[38;5;245m# please notice that this is total batch size.[39m
[38;5;245m# surpose you're using 4 gpus for training and the batch size for[39m
[38;5;245m# each gpu is 16/4 = 4[39m
[38;5;15mdataloader[39m[38;5;204m.[39m[38;5;15mtrain[39m[38;5;204m.[39m[38;5;15mtotal_batch_size[39m[38;5;15m [39m[38;5;204m=[39m[38;5;15m [39m[38;5;141m16[39m

[38;5;245m# dump the testing results into output_dir for visualization[39m
[38;5;15mdataloader[39m[38;5;204m.[39m[38;5;15mevaluator[39m[38;5;204m.[39m[38;5;15moutput_dir[39m[38;5;15m [39m[38;5;204m=[39m[38;5;15m [39m[38;5;15mtrain[39m[38;5;204m.[39m[38;5;15moutput_dir[39m

WARNING [10/30 23:42:09 d2.config.lazy]: The config contains objects that cannot serialize to a valid yaml. ./output/aligndetr_k2_24ep/config.yaml is human-readable but cannot be loaded.
WARNING [10/30 23:42:09 d2.config.lazy]: Config is saved using cloudpickle at ./output/aligndetr_k2_24ep/config.yaml.pkl.
[10/30 23:42:09 detectron2]: Full config saved to ./output/aligndetr_k2_24ep/config.yaml
[10/30 23:42:09 d2.utils.env]: Using a generated random seed 11280084
[10/30 23:42:10 d2.checkpoint.detection_checkpoint]: [DetectionCheckpointer] Loading from model_files/aligndetr_r50_multi_4scale_24ep.pth ...
[10/30 23:42:10 fvcore.common.checkpoint]: [Checkpointer] Loading from model_files/aligndetr_r50_multi_4scale_24ep.pth ...
/home/hice1/zyahn3/.conda/envs/TOG_test/lib/python3.12/site-packages/fvcore/common/checkpoint.py:252: FutureWarning: You are using `torch.load` with `weights_only=False` (the current default value), which uses the default pickle module implicitly. It is possible to construct malicious pickle data which will execute arbitrary code during unpickling (See https://github.com/pytorch/pytorch/blob/main/SECURITY.md#untrusted-models for more details). In a future release, the default value for `weights_only` will be flipped to `True`. This limits the functions that could be executed during unpickling. Arbitrary objects will no longer be allowed to be loaded via this mode unless they are explicitly allowlisted by the user via `torch.serialization.add_safe_globals`. We recommend you start setting `weights_only=True` for any use case where you don't have full control of the loaded file. Please open an issue on GitHub for any issues related to this experimental feature.
  return torch.load(f, map_location=torch.device("cpu"))
[10/30 23:42:12 detectron2]: Run evaluation under eval-only mode
[10/30 23:42:12 detectron2]: Run evaluation without EMA.
[10/30 23:42:13 d2.data.datasets.coco]: Loaded 5000 images in COCO format from datasets/coco/annotations/instances_val2017.json
[10/30 23:42:13 d2.data.build]: Distribution of instances among all 80 categories:
|   category    | #instances   |   category   | #instances   |   category    | #instances   |
|:-------------:|:-------------|:------------:|:-------------|:-------------:|:-------------|
|    person     | 10777        |   bicycle    | 314          |      car      | 1918         |
|  motorcycle   | 367          |   airplane   | 143          |      bus      | 283          |
|     train     | 190          |    truck     | 414          |     boat      | 424          |
| traffic light | 634          | fire hydrant | 101          |   stop sign   | 75           |
| parking meter | 60           |    bench     | 411          |     bird      | 427          |
|      cat      | 202          |     dog      | 218          |     horse     | 272          |
|     sheep     | 354          |     cow      | 372          |   elephant    | 252          |
|     bear      | 71           |    zebra     | 266          |    giraffe    | 232          |
|   backpack    | 371          |   umbrella   | 407          |    handbag    | 540          |
|      tie      | 252          |   suitcase   | 299          |    frisbee    | 115          |
|     skis      | 241          |  snowboard   | 69           |  sports ball  | 260          |
|     kite      | 327          | baseball bat | 145          | baseball gl.. | 148          |
|  skateboard   | 179          |  surfboard   | 267          | tennis racket | 225          |
|    bottle     | 1013         |  wine glass  | 341          |      cup      | 895          |
|     fork      | 215          |    knife     | 325          |     spoon     | 253          |
|     bowl      | 623          |    banana    | 370          |     apple     | 236          |
|   sandwich    | 177          |    orange    | 285          |   broccoli    | 312          |
|    carrot     | 365          |   hot dog    | 125          |     pizza     | 284          |
|     donut     | 328          |     cake     | 310          |     chair     | 1771         |
|     couch     | 261          | potted plant | 342          |      bed      | 163          |
| dining table  | 695          |    toilet    | 179          |      tv       | 288          |
|    laptop     | 231          |    mouse     | 106          |    remote     | 283          |
|   keyboard    | 153          |  cell phone  | 262          |   microwave   | 55           |
|     oven      | 143          |   toaster    | 9            |     sink      | 225          |
| refrigerator  | 126          |     book     | 1129         |     clock     | 267          |
|     vase      | 274          |   scissors   | 36           |  teddy bear   | 190          |
|  hair drier   | 11           |  toothbrush  | 57           |               |              |
|     total     | 36335        |              |              |               |              |
[10/30 23:42:13 d2.data.common]: Serializing the dataset using: <class 'detectron2.data.common._TorchSerializedList'>
[10/30 23:42:13 d2.data.common]: Serializing 5000 elements to byte tensors and concatenating them all ...
[10/30 23:42:13 d2.data.common]: Serialized dataset takes 19.10 MiB
[10/30 23:42:14 d2.evaluation.evaluator]: Start inference on 5000 batches
Doing attack: None
/home/hice1/zyahn3/.conda/envs/TOG_test/lib/python3.12/site-packages/torch/functional.py:513: UserWarning: torch.meshgrid: in an upcoming release, it will be required to pass the indexing argument. (Triggered internally at /opt/conda/conda-bld/pytorch_1724789220573/work/aten/src/ATen/native/TensorShape.cpp:3609.)
  return _VF.meshgrid(tensors, **kwargs)  # type: ignore[attr-defined]
[10/30 23:42:18 d2.evaluation.evaluator]: Inference done 11/5000. Dataloading: 0.0012 s/iter. Inference: 0.1658 s/iter. Eval: 0.0003 s/iter. Total: 0.1673 s/iter. ETA=0:13:54
[10/30 23:42:23 d2.evaluation.evaluator]: Inference done 43/5000. Dataloading: 0.0013 s/iter. Inference: 0.1593 s/iter. Eval: 0.0003 s/iter. Total: 0.1610 s/iter. ETA=0:13:18
[10/30 23:42:28 d2.evaluation.evaluator]: Inference done 77/5000. Dataloading: 0.0013 s/iter. Inference: 0.1531 s/iter. Eval: 0.0003 s/iter. Total: 0.1548 s/iter. ETA=0:12:41
[10/30 23:42:33 d2.evaluation.evaluator]: Inference done 112/5000. Dataloading: 0.0013 s/iter. Inference: 0.1502 s/iter. Eval: 0.0003 s/iter. Total: 0.1520 s/iter. ETA=0:12:22
[10/30 23:42:38 d2.evaluation.evaluator]: Inference done 146/5000. Dataloading: 0.0013 s/iter. Inference: 0.1499 s/iter. Eval: 0.0003 s/iter. Total: 0.1517 s/iter. ETA=0:12:16
[10/30 23:42:43 d2.evaluation.evaluator]: Inference done 180/5000. Dataloading: 0.0014 s/iter. Inference: 0.1494 s/iter. Eval: 0.0003 s/iter. Total: 0.1512 s/iter. ETA=0:12:08
[10/30 23:42:49 d2.evaluation.evaluator]: Inference done 215/5000. Dataloading: 0.0013 s/iter. Inference: 0.1482 s/iter. Eval: 0.0003 s/iter. Total: 0.1500 s/iter. ETA=0:11:57
[10/30 23:42:54 d2.evaluation.evaluator]: Inference done 248/5000. Dataloading: 0.0013 s/iter. Inference: 0.1489 s/iter. Eval: 0.0003 s/iter. Total: 0.1506 s/iter. ETA=0:11:55
[10/30 23:42:59 d2.evaluation.evaluator]: Inference done 282/5000. Dataloading: 0.0014 s/iter. Inference: 0.1490 s/iter. Eval: 0.0003 s/iter. Total: 0.1507 s/iter. ETA=0:11:51
[10/30 23:43:04 d2.evaluation.evaluator]: Inference done 316/5000. Dataloading: 0.0014 s/iter. Inference: 0.1489 s/iter. Eval: 0.0003 s/iter. Total: 0.1507 s/iter. ETA=0:11:45
[10/30 23:43:09 d2.evaluation.evaluator]: Inference done 349/5000. Dataloading: 0.0014 s/iter. Inference: 0.1493 s/iter. Eval: 0.0003 s/iter. Total: 0.1511 s/iter. ETA=0:11:42
[10/30 23:43:14 d2.evaluation.evaluator]: Inference done 382/5000. Dataloading: 0.0014 s/iter. Inference: 0.1494 s/iter. Eval: 0.0003 s/iter. Total: 0.1511 s/iter. ETA=0:11:37
[10/30 23:43:19 d2.evaluation.evaluator]: Inference done 416/5000. Dataloading: 0.0014 s/iter. Inference: 0.1491 s/iter. Eval: 0.0003 s/iter. Total: 0.1508 s/iter. ETA=0:11:31
[10/30 23:43:24 d2.evaluation.evaluator]: Inference done 449/5000. Dataloading: 0.0014 s/iter. Inference: 0.1492 s/iter. Eval: 0.0003 s/iter. Total: 0.1510 s/iter. ETA=0:11:27
[10/30 23:43:29 d2.evaluation.evaluator]: Inference done 481/5000. Dataloading: 0.0014 s/iter. Inference: 0.1496 s/iter. Eval: 0.0003 s/iter. Total: 0.1513 s/iter. ETA=0:11:23
[10/30 23:43:34 d2.evaluation.evaluator]: Inference done 514/5000. Dataloading: 0.0014 s/iter. Inference: 0.1498 s/iter. Eval: 0.0003 s/iter. Total: 0.1516 s/iter. ETA=0:11:19
[10/30 23:43:39 d2.evaluation.evaluator]: Inference done 546/5000. Dataloading: 0.0014 s/iter. Inference: 0.1503 s/iter. Eval: 0.0003 s/iter. Total: 0.1520 s/iter. ETA=0:11:17
[10/30 23:43:44 d2.evaluation.evaluator]: Inference done 577/5000. Dataloading: 0.0014 s/iter. Inference: 0.1510 s/iter. Eval: 0.0003 s/iter. Total: 0.1528 s/iter. ETA=0:11:15
[10/30 23:43:50 d2.evaluation.evaluator]: Inference done 611/5000. Dataloading: 0.0014 s/iter. Inference: 0.1509 s/iter. Eval: 0.0003 s/iter. Total: 0.1526 s/iter. ETA=0:11:09
[10/30 23:43:55 d2.evaluation.evaluator]: Inference done 642/5000. Dataloading: 0.0014 s/iter. Inference: 0.1515 s/iter. Eval: 0.0003 s/iter. Total: 0.1533 s/iter. ETA=0:11:07
[10/30 23:44:00 d2.evaluation.evaluator]: Inference done 675/5000. Dataloading: 0.0014 s/iter. Inference: 0.1515 s/iter. Eval: 0.0003 s/iter. Total: 0.1533 s/iter. ETA=0:11:02
[10/30 23:44:05 d2.evaluation.evaluator]: Inference done 706/5000. Dataloading: 0.0014 s/iter. Inference: 0.1521 s/iter. Eval: 0.0003 s/iter. Total: 0.1538 s/iter. ETA=0:11:00
[10/30 23:44:10 d2.evaluation.evaluator]: Inference done 738/5000. Dataloading: 0.0014 s/iter. Inference: 0.1524 s/iter. Eval: 0.0003 s/iter. Total: 0.1542 s/iter. ETA=0:10:57
[10/30 23:44:15 d2.evaluation.evaluator]: Inference done 771/5000. Dataloading: 0.0014 s/iter. Inference: 0.1524 s/iter. Eval: 0.0003 s/iter. Total: 0.1542 s/iter. ETA=0:10:52
[10/30 23:44:20 d2.evaluation.evaluator]: Inference done 802/5000. Dataloading: 0.0014 s/iter. Inference: 0.1528 s/iter. Eval: 0.0003 s/iter. Total: 0.1545 s/iter. ETA=0:10:48
[10/30 23:44:25 d2.evaluation.evaluator]: Inference done 834/5000. Dataloading: 0.0014 s/iter. Inference: 0.1530 s/iter. Eval: 0.0003 s/iter. Total: 0.1547 s/iter. ETA=0:10:44
[10/30 23:44:30 d2.evaluation.evaluator]: Inference done 865/5000. Dataloading: 0.0014 s/iter. Inference: 0.1534 s/iter. Eval: 0.0003 s/iter. Total: 0.1551 s/iter. ETA=0:10:41
[10/30 23:44:35 d2.evaluation.evaluator]: Inference done 897/5000. Dataloading: 0.0014 s/iter. Inference: 0.1534 s/iter. Eval: 0.0003 s/iter. Total: 0.1552 s/iter. ETA=0:10:36
[10/30 23:44:40 d2.evaluation.evaluator]: Inference done 928/5000. Dataloading: 0.0014 s/iter. Inference: 0.1536 s/iter. Eval: 0.0003 s/iter. Total: 0.1554 s/iter. ETA=0:10:32
[10/30 23:44:45 d2.evaluation.evaluator]: Inference done 959/5000. Dataloading: 0.0014 s/iter. Inference: 0.1538 s/iter. Eval: 0.0003 s/iter. Total: 0.1556 s/iter. ETA=0:10:28
[10/30 23:44:51 d2.evaluation.evaluator]: Inference done 990/5000. Dataloading: 0.0014 s/iter. Inference: 0.1541 s/iter. Eval: 0.0003 s/iter. Total: 0.1560 s/iter. ETA=0:10:25
[10/30 23:44:56 d2.evaluation.evaluator]: Inference done 1023/5000. Dataloading: 0.0015 s/iter. Inference: 0.1540 s/iter. Eval: 0.0003 s/iter. Total: 0.1559 s/iter. ETA=0:10:19
[10/30 23:45:01 d2.evaluation.evaluator]: Inference done 1056/5000. Dataloading: 0.0015 s/iter. Inference: 0.1540 s/iter. Eval: 0.0003 s/iter. Total: 0.1558 s/iter. ETA=0:10:14
[10/30 23:45:06 d2.evaluation.evaluator]: Inference done 1087/5000. Dataloading: 0.0015 s/iter. Inference: 0.1542 s/iter. Eval: 0.0003 s/iter. Total: 0.1561 s/iter. ETA=0:10:10
[10/30 23:45:11 d2.evaluation.evaluator]: Inference done 1118/5000. Dataloading: 0.0015 s/iter. Inference: 0.1544 s/iter. Eval: 0.0003 s/iter. Total: 0.1563 s/iter. ETA=0:10:06
[10/30 23:45:16 d2.evaluation.evaluator]: Inference done 1151/5000. Dataloading: 0.0015 s/iter. Inference: 0.1543 s/iter. Eval: 0.0003 s/iter. Total: 0.1562 s/iter. ETA=0:10:01
[10/30 23:45:21 d2.evaluation.evaluator]: Inference done 1183/5000. Dataloading: 0.0015 s/iter. Inference: 0.1544 s/iter. Eval: 0.0003 s/iter. Total: 0.1562 s/iter. ETA=0:09:56
[10/30 23:45:26 d2.evaluation.evaluator]: Inference done 1215/5000. Dataloading: 0.0015 s/iter. Inference: 0.1544 s/iter. Eval: 0.0003 s/iter. Total: 0.1563 s/iter. ETA=0:09:51
[10/30 23:45:31 d2.evaluation.evaluator]: Inference done 1246/5000. Dataloading: 0.0015 s/iter. Inference: 0.1546 s/iter. Eval: 0.0003 s/iter. Total: 0.1564 s/iter. ETA=0:09:47
[10/30 23:45:36 d2.evaluation.evaluator]: Inference done 1278/5000. Dataloading: 0.0015 s/iter. Inference: 0.1546 s/iter. Eval: 0.0003 s/iter. Total: 0.1564 s/iter. ETA=0:09:42
[10/30 23:45:41 d2.evaluation.evaluator]: Inference done 1310/5000. Dataloading: 0.0015 s/iter. Inference: 0.1546 s/iter. Eval: 0.0003 s/iter. Total: 0.1564 s/iter. ETA=0:09:37
[10/30 23:45:46 d2.evaluation.evaluator]: Inference done 1343/5000. Dataloading: 0.0015 s/iter. Inference: 0.1546 s/iter. Eval: 0.0003 s/iter. Total: 0.1564 s/iter. ETA=0:09:32
[10/30 23:45:51 d2.evaluation.evaluator]: Inference done 1375/5000. Dataloading: 0.0015 s/iter. Inference: 0.1546 s/iter. Eval: 0.0003 s/iter. Total: 0.1565 s/iter. ETA=0:09:27
[10/30 23:45:56 d2.evaluation.evaluator]: Inference done 1407/5000. Dataloading: 0.0015 s/iter. Inference: 0.1547 s/iter. Eval: 0.0003 s/iter. Total: 0.1565 s/iter. ETA=0:09:22
[10/30 23:46:02 d2.evaluation.evaluator]: Inference done 1439/5000. Dataloading: 0.0015 s/iter. Inference: 0.1547 s/iter. Eval: 0.0003 s/iter. Total: 0.1566 s/iter. ETA=0:09:17
[10/30 23:46:07 d2.evaluation.evaluator]: Inference done 1469/5000. Dataloading: 0.0015 s/iter. Inference: 0.1549 s/iter. Eval: 0.0003 s/iter. Total: 0.1568 s/iter. ETA=0:09:13
[10/30 23:46:12 d2.evaluation.evaluator]: Inference done 1502/5000. Dataloading: 0.0015 s/iter. Inference: 0.1549 s/iter. Eval: 0.0003 s/iter. Total: 0.1567 s/iter. ETA=0:09:08
[10/30 23:46:17 d2.evaluation.evaluator]: Inference done 1535/5000. Dataloading: 0.0014 s/iter. Inference: 0.1548 s/iter. Eval: 0.0003 s/iter. Total: 0.1567 s/iter. ETA=0:09:02
[10/30 23:46:22 d2.evaluation.evaluator]: Inference done 1566/5000. Dataloading: 0.0015 s/iter. Inference: 0.1549 s/iter. Eval: 0.0003 s/iter. Total: 0.1568 s/iter. ETA=0:08:58
[10/30 23:46:27 d2.evaluation.evaluator]: Inference done 1598/5000. Dataloading: 0.0015 s/iter. Inference: 0.1549 s/iter. Eval: 0.0003 s/iter. Total: 0.1568 s/iter. ETA=0:08:53
[10/30 23:46:32 d2.evaluation.evaluator]: Inference done 1630/5000. Dataloading: 0.0015 s/iter. Inference: 0.1550 s/iter. Eval: 0.0003 s/iter. Total: 0.1569 s/iter. ETA=0:08:48
[10/30 23:46:37 d2.evaluation.evaluator]: Inference done 1662/5000. Dataloading: 0.0015 s/iter. Inference: 0.1550 s/iter. Eval: 0.0003 s/iter. Total: 0.1569 s/iter. ETA=0:08:43
[10/30 23:46:42 d2.evaluation.evaluator]: Inference done 1694/5000. Dataloading: 0.0015 s/iter. Inference: 0.1550 s/iter. Eval: 0.0003 s/iter. Total: 0.1569 s/iter. ETA=0:08:38
[10/30 23:46:47 d2.evaluation.evaluator]: Inference done 1726/5000. Dataloading: 0.0015 s/iter. Inference: 0.1551 s/iter. Eval: 0.0003 s/iter. Total: 0.1569 s/iter. ETA=0:08:33
[10/30 23:46:52 d2.evaluation.evaluator]: Inference done 1758/5000. Dataloading: 0.0015 s/iter. Inference: 0.1551 s/iter. Eval: 0.0003 s/iter. Total: 0.1570 s/iter. ETA=0:08:28
[10/30 23:46:57 d2.evaluation.evaluator]: Inference done 1791/5000. Dataloading: 0.0015 s/iter. Inference: 0.1550 s/iter. Eval: 0.0003 s/iter. Total: 0.1569 s/iter. ETA=0:08:23
[10/30 23:47:02 d2.evaluation.evaluator]: Inference done 1824/5000. Dataloading: 0.0015 s/iter. Inference: 0.1550 s/iter. Eval: 0.0003 s/iter. Total: 0.1569 s/iter. ETA=0:08:18
[10/30 23:47:07 d2.evaluation.evaluator]: Inference done 1856/5000. Dataloading: 0.0015 s/iter. Inference: 0.1550 s/iter. Eval: 0.0003 s/iter. Total: 0.1569 s/iter. ETA=0:08:13
[10/30 23:47:13 d2.evaluation.evaluator]: Inference done 1889/5000. Dataloading: 0.0015 s/iter. Inference: 0.1550 s/iter. Eval: 0.0003 s/iter. Total: 0.1569 s/iter. ETA=0:08:08
[10/30 23:47:18 d2.evaluation.evaluator]: Inference done 1922/5000. Dataloading: 0.0015 s/iter. Inference: 0.1550 s/iter. Eval: 0.0003 s/iter. Total: 0.1568 s/iter. ETA=0:08:02
[10/30 23:47:23 d2.evaluation.evaluator]: Inference done 1953/5000. Dataloading: 0.0015 s/iter. Inference: 0.1551 s/iter. Eval: 0.0003 s/iter. Total: 0.1569 s/iter. ETA=0:07:58
[10/30 23:47:28 d2.evaluation.evaluator]: Inference done 1986/5000. Dataloading: 0.0015 s/iter. Inference: 0.1550 s/iter. Eval: 0.0003 s/iter. Total: 0.1569 s/iter. ETA=0:07:52
[10/30 23:47:33 d2.evaluation.evaluator]: Inference done 2018/5000. Dataloading: 0.0015 s/iter. Inference: 0.1550 s/iter. Eval: 0.0003 s/iter. Total: 0.1569 s/iter. ETA=0:07:47
[10/30 23:47:38 d2.evaluation.evaluator]: Inference done 2052/5000. Dataloading: 0.0015 s/iter. Inference: 0.1549 s/iter. Eval: 0.0003 s/iter. Total: 0.1568 s/iter. ETA=0:07:42
[10/30 23:47:43 d2.evaluation.evaluator]: Inference done 2083/5000. Dataloading: 0.0015 s/iter. Inference: 0.1550 s/iter. Eval: 0.0003 s/iter. Total: 0.1569 s/iter. ETA=0:07:37
[10/30 23:47:48 d2.evaluation.evaluator]: Inference done 2114/5000. Dataloading: 0.0015 s/iter. Inference: 0.1551 s/iter. Eval: 0.0003 s/iter. Total: 0.1570 s/iter. ETA=0:07:33
[10/30 23:47:53 d2.evaluation.evaluator]: Inference done 2146/5000. Dataloading: 0.0015 s/iter. Inference: 0.1551 s/iter. Eval: 0.0003 s/iter. Total: 0.1570 s/iter. ETA=0:07:28
[10/30 23:47:58 d2.evaluation.evaluator]: Inference done 2179/5000. Dataloading: 0.0015 s/iter. Inference: 0.1551 s/iter. Eval: 0.0003 s/iter. Total: 0.1570 s/iter. ETA=0:07:22
[10/30 23:48:03 d2.evaluation.evaluator]: Inference done 2212/5000. Dataloading: 0.0015 s/iter. Inference: 0.1551 s/iter. Eval: 0.0003 s/iter. Total: 0.1569 s/iter. ETA=0:07:17
[10/30 23:48:08 d2.evaluation.evaluator]: Inference done 2244/5000. Dataloading: 0.0015 s/iter. Inference: 0.1551 s/iter. Eval: 0.0003 s/iter. Total: 0.1569 s/iter. ETA=0:07:12
[10/30 23:48:13 d2.evaluation.evaluator]: Inference done 2276/5000. Dataloading: 0.0014 s/iter. Inference: 0.1551 s/iter. Eval: 0.0003 s/iter. Total: 0.1569 s/iter. ETA=0:07:07
[10/30 23:48:19 d2.evaluation.evaluator]: Inference done 2308/5000. Dataloading: 0.0015 s/iter. Inference: 0.1551 s/iter. Eval: 0.0003 s/iter. Total: 0.1570 s/iter. ETA=0:07:02
[10/30 23:48:24 d2.evaluation.evaluator]: Inference done 2339/5000. Dataloading: 0.0015 s/iter. Inference: 0.1552 s/iter. Eval: 0.0003 s/iter. Total: 0.1571 s/iter. ETA=0:06:58
[10/30 23:48:29 d2.evaluation.evaluator]: Inference done 2370/5000. Dataloading: 0.0015 s/iter. Inference: 0.1553 s/iter. Eval: 0.0003 s/iter. Total: 0.1572 s/iter. ETA=0:06:53
[10/30 23:48:34 d2.evaluation.evaluator]: Inference done 2401/5000. Dataloading: 0.0015 s/iter. Inference: 0.1553 s/iter. Eval: 0.0003 s/iter. Total: 0.1572 s/iter. ETA=0:06:48
[10/30 23:48:39 d2.evaluation.evaluator]: Inference done 2433/5000. Dataloading: 0.0015 s/iter. Inference: 0.1554 s/iter. Eval: 0.0003 s/iter. Total: 0.1573 s/iter. ETA=0:06:43
[10/30 23:48:44 d2.evaluation.evaluator]: Inference done 2464/5000. Dataloading: 0.0015 s/iter. Inference: 0.1555 s/iter. Eval: 0.0003 s/iter. Total: 0.1574 s/iter. ETA=0:06:39
[10/30 23:48:49 d2.evaluation.evaluator]: Inference done 2496/5000. Dataloading: 0.0015 s/iter. Inference: 0.1555 s/iter. Eval: 0.0003 s/iter. Total: 0.1574 s/iter. ETA=0:06:34
[10/30 23:48:54 d2.evaluation.evaluator]: Inference done 2527/5000. Dataloading: 0.0015 s/iter. Inference: 0.1555 s/iter. Eval: 0.0003 s/iter. Total: 0.1574 s/iter. ETA=0:06:29
[10/30 23:48:59 d2.evaluation.evaluator]: Inference done 2560/5000. Dataloading: 0.0015 s/iter. Inference: 0.1555 s/iter. Eval: 0.0003 s/iter. Total: 0.1574 s/iter. ETA=0:06:24
[10/30 23:49:04 d2.evaluation.evaluator]: Inference done 2593/5000. Dataloading: 0.0015 s/iter. Inference: 0.1555 s/iter. Eval: 0.0003 s/iter. Total: 0.1574 s/iter. ETA=0:06:18
[10/30 23:49:09 d2.evaluation.evaluator]: Inference done 2624/5000. Dataloading: 0.0015 s/iter. Inference: 0.1556 s/iter. Eval: 0.0003 s/iter. Total: 0.1575 s/iter. ETA=0:06:14
[10/30 23:49:14 d2.evaluation.evaluator]: Inference done 2655/5000. Dataloading: 0.0015 s/iter. Inference: 0.1556 s/iter. Eval: 0.0003 s/iter. Total: 0.1575 s/iter. ETA=0:06:09
[10/30 23:49:19 d2.evaluation.evaluator]: Inference done 2686/5000. Dataloading: 0.0015 s/iter. Inference: 0.1557 s/iter. Eval: 0.0003 s/iter. Total: 0.1576 s/iter. ETA=0:06:04
[10/30 23:49:25 d2.evaluation.evaluator]: Inference done 2716/5000. Dataloading: 0.0015 s/iter. Inference: 0.1558 s/iter. Eval: 0.0003 s/iter. Total: 0.1577 s/iter. ETA=0:06:00
[10/30 23:49:30 d2.evaluation.evaluator]: Inference done 2748/5000. Dataloading: 0.0015 s/iter. Inference: 0.1559 s/iter. Eval: 0.0003 s/iter. Total: 0.1578 s/iter. ETA=0:05:55
[10/30 23:49:35 d2.evaluation.evaluator]: Inference done 2779/5000. Dataloading: 0.0015 s/iter. Inference: 0.1560 s/iter. Eval: 0.0003 s/iter. Total: 0.1579 s/iter. ETA=0:05:50
[10/30 23:49:40 d2.evaluation.evaluator]: Inference done 2813/5000. Dataloading: 0.0015 s/iter. Inference: 0.1559 s/iter. Eval: 0.0003 s/iter. Total: 0.1578 s/iter. ETA=0:05:45
[10/30 23:49:45 d2.evaluation.evaluator]: Inference done 2845/5000. Dataloading: 0.0015 s/iter. Inference: 0.1559 s/iter. Eval: 0.0003 s/iter. Total: 0.1578 s/iter. ETA=0:05:40
[10/30 23:49:50 d2.evaluation.evaluator]: Inference done 2875/5000. Dataloading: 0.0015 s/iter. Inference: 0.1560 s/iter. Eval: 0.0003 s/iter. Total: 0.1579 s/iter. ETA=0:05:35
[10/30 23:49:55 d2.evaluation.evaluator]: Inference done 2907/5000. Dataloading: 0.0015 s/iter. Inference: 0.1561 s/iter. Eval: 0.0003 s/iter. Total: 0.1579 s/iter. ETA=0:05:30
[10/30 23:50:00 d2.evaluation.evaluator]: Inference done 2938/5000. Dataloading: 0.0015 s/iter. Inference: 0.1561 s/iter. Eval: 0.0003 s/iter. Total: 0.1580 s/iter. ETA=0:05:25
[10/30 23:50:05 d2.evaluation.evaluator]: Inference done 2970/5000. Dataloading: 0.0015 s/iter. Inference: 0.1561 s/iter. Eval: 0.0003 s/iter. Total: 0.1580 s/iter. ETA=0:05:20
[10/30 23:50:10 d2.evaluation.evaluator]: Inference done 3002/5000. Dataloading: 0.0015 s/iter. Inference: 0.1561 s/iter. Eval: 0.0003 s/iter. Total: 0.1580 s/iter. ETA=0:05:15
[10/30 23:50:16 d2.evaluation.evaluator]: Inference done 3032/5000. Dataloading: 0.0015 s/iter. Inference: 0.1562 s/iter. Eval: 0.0003 s/iter. Total: 0.1581 s/iter. ETA=0:05:11
[10/30 23:50:21 d2.evaluation.evaluator]: Inference done 3064/5000. Dataloading: 0.0015 s/iter. Inference: 0.1562 s/iter. Eval: 0.0003 s/iter. Total: 0.1581 s/iter. ETA=0:05:06
[10/30 23:50:26 d2.evaluation.evaluator]: Inference done 3096/5000. Dataloading: 0.0015 s/iter. Inference: 0.1562 s/iter. Eval: 0.0003 s/iter. Total: 0.1581 s/iter. ETA=0:05:01
[10/30 23:50:31 d2.evaluation.evaluator]: Inference done 3128/5000. Dataloading: 0.0015 s/iter. Inference: 0.1562 s/iter. Eval: 0.0003 s/iter. Total: 0.1581 s/iter. ETA=0:04:56
[10/30 23:50:36 d2.evaluation.evaluator]: Inference done 3160/5000. Dataloading: 0.0015 s/iter. Inference: 0.1563 s/iter. Eval: 0.0003 s/iter. Total: 0.1582 s/iter. ETA=0:04:51
[10/30 23:50:41 d2.evaluation.evaluator]: Inference done 3191/5000. Dataloading: 0.0015 s/iter. Inference: 0.1563 s/iter. Eval: 0.0003 s/iter. Total: 0.1582 s/iter. ETA=0:04:46
[10/30 23:50:46 d2.evaluation.evaluator]: Inference done 3224/5000. Dataloading: 0.0015 s/iter. Inference: 0.1563 s/iter. Eval: 0.0003 s/iter. Total: 0.1582 s/iter. ETA=0:04:40
[10/30 23:50:51 d2.evaluation.evaluator]: Inference done 3256/5000. Dataloading: 0.0015 s/iter. Inference: 0.1563 s/iter. Eval: 0.0003 s/iter. Total: 0.1582 s/iter. ETA=0:04:35
[10/30 23:50:56 d2.evaluation.evaluator]: Inference done 3287/5000. Dataloading: 0.0015 s/iter. Inference: 0.1564 s/iter. Eval: 0.0003 s/iter. Total: 0.1583 s/iter. ETA=0:04:31
[10/30 23:51:01 d2.evaluation.evaluator]: Inference done 3319/5000. Dataloading: 0.0015 s/iter. Inference: 0.1564 s/iter. Eval: 0.0003 s/iter. Total: 0.1583 s/iter. ETA=0:04:26
[10/30 23:51:07 d2.evaluation.evaluator]: Inference done 3351/5000. Dataloading: 0.0015 s/iter. Inference: 0.1564 s/iter. Eval: 0.0003 s/iter. Total: 0.1583 s/iter. ETA=0:04:20
[10/30 23:51:12 d2.evaluation.evaluator]: Inference done 3384/5000. Dataloading: 0.0015 s/iter. Inference: 0.1563 s/iter. Eval: 0.0003 s/iter. Total: 0.1582 s/iter. ETA=0:04:15
[10/30 23:51:17 d2.evaluation.evaluator]: Inference done 3417/5000. Dataloading: 0.0015 s/iter. Inference: 0.1563 s/iter. Eval: 0.0003 s/iter. Total: 0.1582 s/iter. ETA=0:04:10
[10/30 23:51:22 d2.evaluation.evaluator]: Inference done 3449/5000. Dataloading: 0.0015 s/iter. Inference: 0.1563 s/iter. Eval: 0.0003 s/iter. Total: 0.1582 s/iter. ETA=0:04:05
[10/30 23:51:27 d2.evaluation.evaluator]: Inference done 3481/5000. Dataloading: 0.0015 s/iter. Inference: 0.1563 s/iter. Eval: 0.0003 s/iter. Total: 0.1582 s/iter. ETA=0:04:00
[10/30 23:51:32 d2.evaluation.evaluator]: Inference done 3514/5000. Dataloading: 0.0015 s/iter. Inference: 0.1563 s/iter. Eval: 0.0003 s/iter. Total: 0.1582 s/iter. ETA=0:03:55
[10/30 23:51:37 d2.evaluation.evaluator]: Inference done 3546/5000. Dataloading: 0.0015 s/iter. Inference: 0.1563 s/iter. Eval: 0.0003 s/iter. Total: 0.1582 s/iter. ETA=0:03:50
[10/30 23:51:42 d2.evaluation.evaluator]: Inference done 3578/5000. Dataloading: 0.0015 s/iter. Inference: 0.1563 s/iter. Eval: 0.0003 s/iter. Total: 0.1582 s/iter. ETA=0:03:44
[10/30 23:51:47 d2.evaluation.evaluator]: Inference done 3610/5000. Dataloading: 0.0015 s/iter. Inference: 0.1564 s/iter. Eval: 0.0003 s/iter. Total: 0.1582 s/iter. ETA=0:03:39
[10/30 23:51:53 d2.evaluation.evaluator]: Inference done 3642/5000. Dataloading: 0.0015 s/iter. Inference: 0.1564 s/iter. Eval: 0.0003 s/iter. Total: 0.1582 s/iter. ETA=0:03:34
[10/30 23:51:58 d2.evaluation.evaluator]: Inference done 3675/5000. Dataloading: 0.0015 s/iter. Inference: 0.1563 s/iter. Eval: 0.0003 s/iter. Total: 0.1582 s/iter. ETA=0:03:29
[10/30 23:52:03 d2.evaluation.evaluator]: Inference done 3707/5000. Dataloading: 0.0015 s/iter. Inference: 0.1563 s/iter. Eval: 0.0003 s/iter. Total: 0.1582 s/iter. ETA=0:03:24
[10/30 23:52:08 d2.evaluation.evaluator]: Inference done 3738/5000. Dataloading: 0.0015 s/iter. Inference: 0.1564 s/iter. Eval: 0.0003 s/iter. Total: 0.1583 s/iter. ETA=0:03:19
[10/30 23:52:13 d2.evaluation.evaluator]: Inference done 3770/5000. Dataloading: 0.0015 s/iter. Inference: 0.1564 s/iter. Eval: 0.0003 s/iter. Total: 0.1583 s/iter. ETA=0:03:14
[10/30 23:52:18 d2.evaluation.evaluator]: Inference done 3801/5000. Dataloading: 0.0015 s/iter. Inference: 0.1564 s/iter. Eval: 0.0003 s/iter. Total: 0.1583 s/iter. ETA=0:03:09
[10/30 23:52:23 d2.evaluation.evaluator]: Inference done 3830/5000. Dataloading: 0.0015 s/iter. Inference: 0.1566 s/iter. Eval: 0.0003 s/iter. Total: 0.1585 s/iter. ETA=0:03:05
[10/30 23:52:28 d2.evaluation.evaluator]: Inference done 3862/5000. Dataloading: 0.0015 s/iter. Inference: 0.1566 s/iter. Eval: 0.0003 s/iter. Total: 0.1585 s/iter. ETA=0:03:00
[10/30 23:52:33 d2.evaluation.evaluator]: Inference done 3897/5000. Dataloading: 0.0015 s/iter. Inference: 0.1565 s/iter. Eval: 0.0003 s/iter. Total: 0.1584 s/iter. ETA=0:02:54
[10/30 23:52:39 d2.evaluation.evaluator]: Inference done 3932/5000. Dataloading: 0.0015 s/iter. Inference: 0.1564 s/iter. Eval: 0.0003 s/iter. Total: 0.1583 s/iter. ETA=0:02:49
[10/30 23:52:44 d2.evaluation.evaluator]: Inference done 3967/5000. Dataloading: 0.0015 s/iter. Inference: 0.1563 s/iter. Eval: 0.0003 s/iter. Total: 0.1581 s/iter. ETA=0:02:43
[10/30 23:52:49 d2.evaluation.evaluator]: Inference done 4001/5000. Dataloading: 0.0015 s/iter. Inference: 0.1562 s/iter. Eval: 0.0003 s/iter. Total: 0.1581 s/iter. ETA=0:02:37
[10/30 23:52:54 d2.evaluation.evaluator]: Inference done 4034/5000. Dataloading: 0.0015 s/iter. Inference: 0.1561 s/iter. Eval: 0.0003 s/iter. Total: 0.1580 s/iter. ETA=0:02:32
[10/30 23:52:59 d2.evaluation.evaluator]: Inference done 4067/5000. Dataloading: 0.0015 s/iter. Inference: 0.1561 s/iter. Eval: 0.0003 s/iter. Total: 0.1580 s/iter. ETA=0:02:27
[10/30 23:53:04 d2.evaluation.evaluator]: Inference done 4099/5000. Dataloading: 0.0015 s/iter. Inference: 0.1561 s/iter. Eval: 0.0003 s/iter. Total: 0.1580 s/iter. ETA=0:02:22
[10/30 23:53:09 d2.evaluation.evaluator]: Inference done 4131/5000. Dataloading: 0.0015 s/iter. Inference: 0.1561 s/iter. Eval: 0.0003 s/iter. Total: 0.1580 s/iter. ETA=0:02:17
[10/30 23:53:14 d2.evaluation.evaluator]: Inference done 4163/5000. Dataloading: 0.0015 s/iter. Inference: 0.1561 s/iter. Eval: 0.0003 s/iter. Total: 0.1580 s/iter. ETA=0:02:12
[10/30 23:53:19 d2.evaluation.evaluator]: Inference done 4195/5000. Dataloading: 0.0015 s/iter. Inference: 0.1561 s/iter. Eval: 0.0003 s/iter. Total: 0.1580 s/iter. ETA=0:02:07
[10/30 23:53:24 d2.evaluation.evaluator]: Inference done 4227/5000. Dataloading: 0.0015 s/iter. Inference: 0.1561 s/iter. Eval: 0.0003 s/iter. Total: 0.1580 s/iter. ETA=0:02:02
[10/30 23:53:29 d2.evaluation.evaluator]: Inference done 4261/5000. Dataloading: 0.0015 s/iter. Inference: 0.1561 s/iter. Eval: 0.0003 s/iter. Total: 0.1579 s/iter. ETA=0:01:56
[10/30 23:53:34 d2.evaluation.evaluator]: Inference done 4293/5000. Dataloading: 0.0015 s/iter. Inference: 0.1561 s/iter. Eval: 0.0003 s/iter. Total: 0.1579 s/iter. ETA=0:01:51
[10/30 23:53:39 d2.evaluation.evaluator]: Inference done 4325/5000. Dataloading: 0.0015 s/iter. Inference: 0.1561 s/iter. Eval: 0.0003 s/iter. Total: 0.1579 s/iter. ETA=0:01:46
[10/30 23:53:44 d2.evaluation.evaluator]: Inference done 4358/5000. Dataloading: 0.0015 s/iter. Inference: 0.1561 s/iter. Eval: 0.0003 s/iter. Total: 0.1579 s/iter. ETA=0:01:41
[10/30 23:53:49 d2.evaluation.evaluator]: Inference done 4390/5000. Dataloading: 0.0015 s/iter. Inference: 0.1561 s/iter. Eval: 0.0003 s/iter. Total: 0.1579 s/iter. ETA=0:01:36
[10/30 23:53:55 d2.evaluation.evaluator]: Inference done 4423/5000. Dataloading: 0.0015 s/iter. Inference: 0.1560 s/iter. Eval: 0.0003 s/iter. Total: 0.1579 s/iter. ETA=0:01:31
[10/30 23:54:00 d2.evaluation.evaluator]: Inference done 4455/5000. Dataloading: 0.0015 s/iter. Inference: 0.1560 s/iter. Eval: 0.0003 s/iter. Total: 0.1579 s/iter. ETA=0:01:26
[10/30 23:54:05 d2.evaluation.evaluator]: Inference done 4489/5000. Dataloading: 0.0015 s/iter. Inference: 0.1560 s/iter. Eval: 0.0003 s/iter. Total: 0.1578 s/iter. ETA=0:01:20
[10/30 23:54:10 d2.evaluation.evaluator]: Inference done 4522/5000. Dataloading: 0.0015 s/iter. Inference: 0.1559 s/iter. Eval: 0.0003 s/iter. Total: 0.1578 s/iter. ETA=0:01:15
[10/30 23:54:15 d2.evaluation.evaluator]: Inference done 4556/5000. Dataloading: 0.0015 s/iter. Inference: 0.1559 s/iter. Eval: 0.0003 s/iter. Total: 0.1577 s/iter. ETA=0:01:10
[10/30 23:54:20 d2.evaluation.evaluator]: Inference done 4589/5000. Dataloading: 0.0015 s/iter. Inference: 0.1558 s/iter. Eval: 0.0003 s/iter. Total: 0.1577 s/iter. ETA=0:01:04
[10/30 23:54:25 d2.evaluation.evaluator]: Inference done 4623/5000. Dataloading: 0.0015 s/iter. Inference: 0.1558 s/iter. Eval: 0.0003 s/iter. Total: 0.1576 s/iter. ETA=0:00:59
[10/30 23:54:30 d2.evaluation.evaluator]: Inference done 4659/5000. Dataloading: 0.0015 s/iter. Inference: 0.1557 s/iter. Eval: 0.0003 s/iter. Total: 0.1575 s/iter. ETA=0:00:53
[10/30 23:54:35 d2.evaluation.evaluator]: Inference done 4696/5000. Dataloading: 0.0014 s/iter. Inference: 0.1555 s/iter. Eval: 0.0003 s/iter. Total: 0.1573 s/iter. ETA=0:00:47
[10/30 23:54:40 d2.evaluation.evaluator]: Inference done 4733/5000. Dataloading: 0.0014 s/iter. Inference: 0.1553 s/iter. Eval: 0.0003 s/iter. Total: 0.1572 s/iter. ETA=0:00:41
[10/30 23:54:45 d2.evaluation.evaluator]: Inference done 4771/5000. Dataloading: 0.0014 s/iter. Inference: 0.1552 s/iter. Eval: 0.0003 s/iter. Total: 0.1570 s/iter. ETA=0:00:35
[10/30 23:54:50 d2.evaluation.evaluator]: Inference done 4808/5000. Dataloading: 0.0014 s/iter. Inference: 0.1550 s/iter. Eval: 0.0003 s/iter. Total: 0.1569 s/iter. ETA=0:00:30
[10/30 23:54:55 d2.evaluation.evaluator]: Inference done 4847/5000. Dataloading: 0.0014 s/iter. Inference: 0.1548 s/iter. Eval: 0.0003 s/iter. Total: 0.1566 s/iter. ETA=0:00:23
[10/30 23:55:01 d2.evaluation.evaluator]: Inference done 4883/5000. Dataloading: 0.0014 s/iter. Inference: 0.1547 s/iter. Eval: 0.0003 s/iter. Total: 0.1565 s/iter. ETA=0:00:18
[10/30 23:55:06 d2.evaluation.evaluator]: Inference done 4917/5000. Dataloading: 0.0014 s/iter. Inference: 0.1546 s/iter. Eval: 0.0003 s/iter. Total: 0.1565 s/iter. ETA=0:00:12
[10/30 23:55:11 d2.evaluation.evaluator]: Inference done 4953/5000. Dataloading: 0.0014 s/iter. Inference: 0.1545 s/iter. Eval: 0.0003 s/iter. Total: 0.1564 s/iter. ETA=0:00:07
[10/30 23:55:16 d2.evaluation.evaluator]: Inference done 4987/5000. Dataloading: 0.0014 s/iter. Inference: 0.1545 s/iter. Eval: 0.0003 s/iter. Total: 0.1563 s/iter. ETA=0:00:02
[10/30 23:55:18 d2.evaluation.evaluator]: Total inference time: 0:13:00.875835 (0.156331 s / iter per device, on 1 devices)
[10/30 23:55:18 d2.evaluation.evaluator]: Total inference pure compute time: 0:12:51 (0.154487 s / iter per device, on 1 devices)
[10/30 23:55:24 d2.evaluation.coco_evaluation]: Preparing results for COCO format ...
[10/30 23:55:24 d2.evaluation.coco_evaluation]: Saving results to ./output/aligndetr_k2_24ep/coco_instances_results.json
[10/30 23:55:29 d2.evaluation.coco_evaluation]: Evaluating predictions with unofficial COCO API...
Loading and preparing results...
DONE (t=2.62s)
creating index...
index created!
[10/30 23:55:32 d2.evaluation.fast_eval_api]: Evaluate annotation type *bbox*
[10/30 23:55:45 d2.evaluation.fast_eval_api]: COCOeval_opt.evaluate() finished in 12.42 seconds.
[10/30 23:55:45 d2.evaluation.fast_eval_api]: Accumulating evaluation results...
[10/30 23:55:48 d2.evaluation.fast_eval_api]: COCOeval_opt.accumulate() finished in 2.65 seconds.
 Average Precision  (AP) @[ IoU=0.50:0.95 | area=   all | maxDets=100 ] = 0.413
 Average Precision  (AP) @[ IoU=0.50      | area=   all | maxDets=100 ] = 0.577
 Average Precision  (AP) @[ IoU=0.75      | area=   all | maxDets=100 ] = 0.443
 Average Precision  (AP) @[ IoU=0.50:0.95 | area= small | maxDets=100 ] = 0.273
 Average Precision  (AP) @[ IoU=0.50:0.95 | area=medium | maxDets=100 ] = 0.437
 Average Precision  (AP) @[ IoU=0.50:0.95 | area= large | maxDets=100 ] = 0.543
 Average Recall     (AR) @[ IoU=0.50:0.95 | area=   all | maxDets=  1 ] = 0.336
 Average Recall     (AR) @[ IoU=0.50:0.95 | area=   all | maxDets= 10 ] = 0.591
 Average Recall     (AR) @[ IoU=0.50:0.95 | area=   all | maxDets=100 ] = 0.669
 Average Recall     (AR) @[ IoU=0.50:0.95 | area= small | maxDets=100 ] = 0.506
 Average Recall     (AR) @[ IoU=0.50:0.95 | area=medium | maxDets=100 ] = 0.701
 Average Recall     (AR) @[ IoU=0.50:0.95 | area= large | maxDets=100 ] = 0.826
[10/30 23:55:48 d2.evaluation.coco_evaluation]: Evaluation results for bbox: 
|   AP   |  AP50  |  AP75  |  APs   |  APm   |  APl   |
|:------:|:------:|:------:|:------:|:------:|:------:|
| 41.285 | 57.705 | 44.253 | 27.311 | 43.679 | 54.330 |
[10/30 23:55:48 d2.evaluation.coco_evaluation]: Per-category bbox AP: 
| category      | AP     | category     | AP     | category       | AP     |
|:--------------|:-------|:-------------|:-------|:---------------|:-------|
| person        | 55.277 | bicycle      | 30.365 | car            | 45.169 |
| motorcycle    | 44.446 | airplane     | 67.275 | bus            | 69.565 |
| train         | 63.943 | truck        | 37.684 | boat           | 28.123 |
| traffic light | 27.774 | fire hydrant | 64.912 | stop sign      | 64.791 |
| parking meter | 42.711 | bench        | 24.578 | bird           | 36.774 |
| cat           | 59.631 | dog          | 56.591 | horse          | 58.622 |
| sheep         | 47.808 | cow          | 55.478 | elephant       | 62.112 |
| bear          | 68.723 | zebra        | 69.871 | giraffe        | 72.309 |
| backpack      | 14.598 | umbrella     | 40.515 | handbag        | 14.880 |
| tie           | 34.460 | suitcase     | 40.934 | frisbee        | 66.986 |
| skis          | 27.098 | snowboard    | 36.476 | sports ball    | 47.630 |
| kite          | 44.625 | baseball bat | 33.818 | baseball glove | 37.685 |
| skateboard    | 53.900 | surfboard    | 38.940 | tennis racket  | 51.048 |
| bottle        | 34.113 | wine glass   | 34.533 | cup            | 38.040 |
| fork          | 40.572 | knife        | 25.580 | spoon          | 20.162 |
| bowl          | 40.133 | banana       | 20.300 | apple          | 21.198 |
| sandwich      | 28.139 | orange       | 32.278 | broccoli       | 18.400 |
| carrot        | 21.713 | hot dog      | 36.122 | pizza          | 57.078 |
| donut         | 44.967 | cake         | 34.968 | chair          | 25.613 |
| couch         | 39.880 | potted plant | 24.171 | bed            | 40.627 |
| dining table  | 30.847 | toilet       | 54.622 | tv             | 50.815 |
| laptop        | 55.162 | mouse        | 55.437 | remote         | 30.503 |
| keyboard      | 53.184 | cell phone   | 36.790 | microwave      | 51.152 |
| oven          | 34.666 | toaster      | 28.699 | sink           | 31.184 |
| refrigerator  | 52.470 | book         | 18.062 | clock          | 52.757 |
| vase          | 34.161 | scissors     | 35.244 | teddy bear     | 40.939 |
| hair drier    | 7.352  | toothbrush   | 32.053 |                |        |


------- Similarity and Timing Metrics -------
Total Parameters: 47650316
Average Attack Time: 0.1562
Average L2 Norm: 0.0000
Max Difference in Images: 0.0000
------------------------------------------------


[10/30 23:55:49 d2.evaluation.testing]: copypaste: Task: bbox
[10/30 23:55:49 d2.evaluation.testing]: copypaste: AP,AP50,AP75,APs,APm,APl
[10/30 23:55:49 d2.evaluation.testing]: copypaste: 41.2851,57.7050,44.2534,27.3112,43.6789,54.3299
OrderedDict({'bbox': {'AP': 41.28514654639769, 'AP50': 57.70498952954637, 'AP75': 44.25343142898288, 'APs': 27.311237363667313, 'APm': 43.67892448610144, 'APl': 54.329853069129626, 'AP-person': 55.27680023396411, 'AP-bicycle': 30.365395970458685, 'AP-car': 45.16856081155336, 'AP-motorcycle': 44.44552949294631, 'AP-airplane': 67.27458580791806, 'AP-bus': 69.5654260977102, 'AP-train': 63.943309049141604, 'AP-truck': 37.68449984164414, 'AP-boat': 28.122690211323075, 'AP-traffic light': 27.774109064693075, 'AP-fire hydrant': 64.91236109798567, 'AP-stop sign': 64.79140275155895, 'AP-parking meter': 42.710642944882444, 'AP-bench': 24.578012435729768, 'AP-bird': 36.77432331325067, 'AP-cat': 59.63078701568042, 'AP-dog': 56.59063182613466, 'AP-horse': 58.622016061395456, 'AP-sheep': 47.80843214352897, 'AP-cow': 55.47822400250338, 'AP-elephant': 62.1116557736428, 'AP-bear': 68.72269889681606, 'AP-zebra': 69.87062350047081, 'AP-giraffe': 72.3089686651266, 'AP-backpack': 14.597930055611192, 'AP-umbrella': 40.514798915316035, 'AP-handbag': 14.879959310966791, 'AP-tie': 34.46022531226684, 'AP-suitcase': 40.934457667984574, 'AP-frisbee': 66.98607312117005, 'AP-skis': 27.097884585532068, 'AP-snowboard': 36.4763028153197, 'AP-sports ball': 47.63004661309315, 'AP-kite': 44.625425952853476, 'AP-baseball bat': 33.81797293421578, 'AP-baseball glove': 37.68514056864294, 'AP-skateboard': 53.89992240504697, 'AP-surfboard': 38.94034581199768, 'AP-tennis racket': 51.047974808903504, 'AP-bottle': 34.11266654393876, 'AP-wine glass': 34.532983615105465, 'AP-cup': 38.03993221723385, 'AP-fork': 40.57222532879523, 'AP-knife': 25.57954249828492, 'AP-spoon': 20.16220434591549, 'AP-bowl': 40.13276940853147, 'AP-banana': 20.300154874439215, 'AP-apple': 21.198002056114102, 'AP-sandwich': 28.139347750071636, 'AP-orange': 32.278328090284084, 'AP-broccoli': 18.400491550453985, 'AP-carrot': 21.71300905705471, 'AP-hot dog': 36.121928501642195, 'AP-pizza': 57.07835434914744, 'AP-donut': 44.967462946196505, 'AP-cake': 34.967580603767615, 'AP-chair': 25.6129178160942, 'AP-couch': 39.87967906348836, 'AP-potted plant': 24.17053054780956, 'AP-bed': 40.62685383997612, 'AP-dining table': 30.84740151809216, 'AP-toilet': 54.62169853757636, 'AP-tv': 50.81458116280405, 'AP-laptop': 55.16244342105493, 'AP-mouse': 55.436727344198886, 'AP-remote': 30.502543753817225, 'AP-keyboard': 53.1841389681521, 'AP-cell phone': 36.78988881726736, 'AP-microwave': 51.1520245362181, 'AP-oven': 34.66609954692103, 'AP-toaster': 28.699496241242954, 'AP-sink': 31.18402082387689, 'AP-refrigerator': 52.46961647471742, 'AP-book': 18.061988257695706, 'AP-clock': 52.756508401100696, 'AP-vase': 34.161242473857925, 'AP-scissors': 35.24424609601415, 'AP-teddy bear': 40.93887225386534, 'AP-hair drier': 7.351967001139725, 'AP-toothbrush': 32.05310518887737}})
---------------------------------------
Begin Slurm Epilog: Oct-30-2024 23:55:51
Job ID:        898695
Array Job ID:  _4294967294
User ID:       zyahn3
Account:       scs
Job name:      TOG_Plus_Align_DETR
Resources:     cpu=1,gres/gpu:a100=1,mem=128G,node=1
Rsrc Used:     cput=00:14:00,vmem=0,walltime=00:14:00,mem=21635436K,energy_used=0
Partition:     coc-gpu
Nodes:         atl1-1-01-005-15-0
---------------------------------------
