---------------------------------------
Begin Slurm Prolog: Oct-31-2024 00:17:43
Job ID:    898706
User ID:   zyahn3
Account:   scs
Job name:  TOG_Plus_DETA
Partition: coc-gpu
---------------------------------------
/storage/ice1/5/9/zyahn3/TOG_plus/detrex/detrex/layers/dcn_v3.py:23: FutureWarning: `torch.cuda.amp.custom_fwd(args...)` is deprecated. Please use `torch.amp.custom_fwd(args..., device_type='cuda')` instead.
  @custom_fwd
/storage/ice1/5/9/zyahn3/TOG_plus/detrex/detrex/layers/dcn_v3.py:52: FutureWarning: `torch.cuda.amp.custom_bwd(args...)` is deprecated. Please use `torch.amp.custom_bwd(args..., device_type='cuda')` instead.
  @custom_bwd
[10/31 00:17:52 detectron2]: Rank of current process: 0. World size: 1
[10/31 00:17:54 detectron2]: Environment info:
-------------------------------  ----------------------------------------------------------------------------------------
sys.platform                     linux
Python                           3.12.4 | packaged by Anaconda, Inc. | (main, Jun 18 2024, 15:12:24) [GCC 11.2.0]
numpy                            1.26.4
detectron2                       0.6 @/storage/ice1/5/9/zyahn3/TOG_plus/detrex/detectron2/detectron2
Compiler                         GCC 12.3
CUDA compiler                    not available
DETECTRON2_ENV_MODULE            <not set>
PyTorch                          2.4.1 @/home/hice1/zyahn3/.conda/envs/TOG_test/lib/python3.12/site-packages/torch
PyTorch debug build              False
torch._C._GLIBCXX_USE_CXX11_ABI  False
GPU available                    Yes
GPU 0                            NVIDIA A100 80GB PCIe (arch=8.0)
Driver version                   555.42.02
CUDA_HOME                        /usr/local/cuda
Pillow                           10.4.0
torchvision                      0.19.1 @/home/hice1/zyahn3/.conda/envs/TOG_test/lib/python3.12/site-packages/torchvision
torchvision arch flags           5.0, 6.0, 7.0, 7.5, 8.0, 8.6, 9.0
fvcore                           0.1.5.post20221221
iopath                           0.1.9
cv2                              4.10.0
-------------------------------  ----------------------------------------------------------------------------------------
PyTorch built with:
  - GCC 9.3
  - C++ Version: 201703
  - Intel(R) oneAPI Math Kernel Library Version 2023.1-Product Build 20230303 for Intel(R) 64 architecture applications
  - Intel(R) MKL-DNN v3.4.2 (Git Hash 1137e04ec0b5251ca2b4400a4fd3c667ce843d67)
  - OpenMP 201511 (a.k.a. OpenMP 4.5)
  - LAPACK is enabled (usually provided by MKL)
  - NNPACK is enabled
  - CPU capability usage: AVX2
  - CUDA Runtime 12.4
  - NVCC architecture flags: -gencode;arch=compute_50,code=sm_50;-gencode;arch=compute_60,code=sm_60;-gencode;arch=compute_61,code=sm_61;-gencode;arch=compute_70,code=sm_70;-gencode;arch=compute_75,code=sm_75;-gencode;arch=compute_80,code=sm_80;-gencode;arch=compute_86,code=sm_86;-gencode;arch=compute_90,code=sm_90
  - CuDNN 90.1
  - Magma 2.6.1
  - Build settings: BLAS_INFO=mkl, BUILD_TYPE=Release, CUDA_VERSION=12.4, CUDNN_VERSION=9.1.0, CXX_COMPILER=/opt/rh/devtoolset-9/root/usr/bin/c++, CXX_FLAGS= -D_GLIBCXX_USE_CXX11_ABI=0 -fabi-version=11 -fvisibility-inlines-hidden -DUSE_PTHREADPOOL -DNDEBUG -DUSE_KINETO -DLIBKINETO_NOROCTRACER -DUSE_FBGEMM -DUSE_PYTORCH_QNNPACK -DUSE_XNNPACK -DSYMBOLICATE_MOBILE_DEBUG_HANDLE -O2 -fPIC -Wall -Wextra -Werror=return-type -Werror=non-virtual-dtor -Werror=bool-operation -Wnarrowing -Wno-missing-field-initializers -Wno-type-limits -Wno-array-bounds -Wno-unknown-pragmas -Wno-unused-parameter -Wno-unused-function -Wno-unused-result -Wno-strict-overflow -Wno-strict-aliasing -Wno-stringop-overflow -Wsuggest-override -Wno-psabi -Wno-error=pedantic -Wno-error=old-style-cast -Wno-missing-braces -fdiagnostics-color=always -faligned-new -Wno-unused-but-set-variable -Wno-maybe-uninitialized -fno-math-errno -fno-trapping-math -Werror=format -Wno-stringop-overflow, LAPACK_INFO=mkl, PERF_WITH_AVX=1, PERF_WITH_AVX2=1, PERF_WITH_AVX512=1, TORCH_VERSION=2.4.1, USE_CUDA=ON, USE_CUDNN=ON, USE_CUSPARSELT=1, USE_EXCEPTION_PTR=1, USE_GFLAGS=OFF, USE_GLOG=OFF, USE_GLOO=ON, USE_MKL=ON, USE_MKLDNN=ON, USE_MPI=OFF, USE_NCCL=ON, USE_NNPACK=ON, USE_OPENMP=ON, USE_ROCM=OFF, USE_ROCM_KERNEL_ASSERT=OFF, 

[10/31 00:17:54 detectron2]: Command line arguments: Namespace(config_file='detrex/projects/deta/configs/deta_swin_large_finetune_24ep.py', resume=False, eval_only=True, num_gpus=1, num_machines=1, machine_rank=0, dist_url='tcp://127.0.0.1:53103', opts=['train.init_checkpoint=model_files/deta.pth', 'attack=none', 'attack_mode=none', 'sample=1.0', 'save_attack=0.0', 'save_dir=', 'save_attack=0.0', 'save_dir=', 'load_attack=1.0', 'load_dir=datasets/blackbox/focalnet_vanishing/'])
[10/31 00:17:54 detectron2]: Contents of args.config_file=detrex/projects/deta/configs/deta_swin_large_finetune_24ep.py:
[38;5;204mfrom[39m[38;5;15m [39m[38;5;15mdetrex[39m[38;5;15m.[39m[38;5;15mconfig[39m[38;5;15m [39m[38;5;204mimport[39m[38;5;15m [39m[38;5;15mget_config[39m
[38;5;204mfrom[39m[38;5;15m [39m[38;5;15m.[39m[38;5;15mdeta_r50_5scale_12ep[39m[38;5;15m [39m[38;5;204mimport[39m[38;5;15m [39m[38;5;15m([39m
[38;5;15m    [39m[38;5;15mtrain[39m[38;5;15m,[39m
[38;5;15m    [39m[38;5;15moptimizer[39m[38;5;15m,[39m
[38;5;15m)[39m

[38;5;204mfrom[39m[38;5;15m [39m[38;5;15m.[39m[38;5;15mmodels[39m[38;5;15m.[39m[38;5;15mdeta_swin[39m[38;5;15m [39m[38;5;204mimport[39m[38;5;15m [39m[38;5;15mmodel[39m
[38;5;204mfrom[39m[38;5;15m [39m[38;5;15m.[39m[38;5;15mdata[39m[38;5;15m.[39m[38;5;15mcoco_detr_larger[39m[38;5;15m [39m[38;5;204mimport[39m[38;5;15m [39m[38;5;15mdataloader[39m

[38;5;245m# 24ep for finetuning[39m
[38;5;15mlr_multiplier[39m[38;5;15m [39m[38;5;204m=[39m[38;5;15m [39m[38;5;15mget_config[39m[38;5;15m([39m[38;5;186m"[39m[38;5;186mcommon/coco_schedule.py[39m[38;5;186m"[39m[38;5;15m)[39m[38;5;204m.[39m[38;5;15mlr_multiplier_24ep[39m

[38;5;245m# modify learning rate[39m
[38;5;15moptimizer[39m[38;5;204m.[39m[38;5;15mlr[39m[38;5;15m [39m[38;5;204m=[39m[38;5;15m [39m[38;5;141m5e-5[39m
[38;5;15moptimizer[39m[38;5;204m.[39m[38;5;15mparams[39m[38;5;204m.[39m[38;5;15mlr_factor_func[39m[38;5;15m [39m[38;5;204m=[39m[38;5;15m [39m[38;5;81mlambda[39m[38;5;15m [39m[38;5;15mmodule_name[39m[38;5;15m:[39m[38;5;15m [39m[38;5;141m0.1[39m[38;5;15m [39m[38;5;81mif[39m[38;5;15m [39m[38;5;186m"[39m[38;5;186mbackbone[39m[38;5;186m"[39m[38;5;15m [39m[38;5;204min[39m[38;5;15m [39m[38;5;15mmodule_name[39m[38;5;15m [39m[38;5;81melse[39m[38;5;15m [39m[38;5;141m1[39m

[38;5;15mattack[39m[38;5;204m=[39m[38;5;81mNone[39m
[38;5;15mattack_mode[39m[38;5;204m=[39m[38;5;81mNone[39m
[38;5;15msample[39m[38;5;204m=[39m[38;5;141m1.0[39m

WARNING [10/31 00:17:54 d2.config.lazy]: The config contains objects that cannot serialize to a valid yaml. ./output/deta_r50_5scale_12ep/config.yaml is human-readable but cannot be loaded.
WARNING [10/31 00:17:54 d2.config.lazy]: Config is saved using cloudpickle at ./output/deta_r50_5scale_12ep/config.yaml.pkl.
[10/31 00:17:54 detectron2]: Full config saved to ./output/deta_r50_5scale_12ep/config.yaml
[10/31 00:17:54 d2.utils.env]: Using a generated random seed 56190160
/home/hice1/zyahn3/.conda/envs/TOG_test/lib/python3.12/site-packages/torch/functional.py:513: UserWarning: torch.meshgrid: in an upcoming release, it will be required to pass the indexing argument. (Triggered internally at /opt/conda/conda-bld/pytorch_1724789220573/work/aten/src/ATen/native/TensorShape.cpp:3609.)
  return _VF.meshgrid(tensors, **kwargs)  # type: ignore[attr-defined]
[10/31 00:17:57 d2.checkpoint.detection_checkpoint]: [DetectionCheckpointer] Loading from model_files/deta.pth ...
[10/31 00:17:57 fvcore.common.checkpoint]: [Checkpointer] Loading from model_files/deta.pth ...
/home/hice1/zyahn3/.conda/envs/TOG_test/lib/python3.12/site-packages/fvcore/common/checkpoint.py:252: FutureWarning: You are using `torch.load` with `weights_only=False` (the current default value), which uses the default pickle module implicitly. It is possible to construct malicious pickle data which will execute arbitrary code during unpickling (See https://github.com/pytorch/pytorch/blob/main/SECURITY.md#untrusted-models for more details). In a future release, the default value for `weights_only` will be flipped to `True`. This limits the functions that could be executed during unpickling. Arbitrary objects will no longer be allowed to be loaded via this mode unless they are explicitly allowlisted by the user via `torch.serialization.add_safe_globals`. We recommend you start setting `weights_only=True` for any use case where you don't have full control of the loaded file. Please open an issue on GitHub for any issues related to this experimental feature.
  return torch.load(f, map_location=torch.device("cpu"))
[10/31 00:18:00 detectron2]: Run evaluation under eval-only mode
[10/31 00:18:00 detectron2]: Run evaluation without EMA.
[10/31 00:18:01 d2.data.datasets.coco]: Loaded 5000 images in COCO format from datasets/coco/annotations/instances_val2017.json
[10/31 00:18:01 d2.data.build]: Distribution of instances among all 80 categories:
|   category    | #instances   |   category   | #instances   |   category    | #instances   |
|:-------------:|:-------------|:------------:|:-------------|:-------------:|:-------------|
|    person     | 10777        |   bicycle    | 314          |      car      | 1918         |
|  motorcycle   | 367          |   airplane   | 143          |      bus      | 283          |
|     train     | 190          |    truck     | 414          |     boat      | 424          |
| traffic light | 634          | fire hydrant | 101          |   stop sign   | 75           |
| parking meter | 60           |    bench     | 411          |     bird      | 427          |
|      cat      | 202          |     dog      | 218          |     horse     | 272          |
|     sheep     | 354          |     cow      | 372          |   elephant    | 252          |
|     bear      | 71           |    zebra     | 266          |    giraffe    | 232          |
|   backpack    | 371          |   umbrella   | 407          |    handbag    | 540          |
|      tie      | 252          |   suitcase   | 299          |    frisbee    | 115          |
|     skis      | 241          |  snowboard   | 69           |  sports ball  | 260          |
|     kite      | 327          | baseball bat | 145          | baseball gl.. | 148          |
|  skateboard   | 179          |  surfboard   | 267          | tennis racket | 225          |
|    bottle     | 1013         |  wine glass  | 341          |      cup      | 895          |
|     fork      | 215          |    knife     | 325          |     spoon     | 253          |
|     bowl      | 623          |    banana    | 370          |     apple     | 236          |
|   sandwich    | 177          |    orange    | 285          |   broccoli    | 312          |
|    carrot     | 365          |   hot dog    | 125          |     pizza     | 284          |
|     donut     | 328          |     cake     | 310          |     chair     | 1771         |
|     couch     | 261          | potted plant | 342          |      bed      | 163          |
| dining table  | 695          |    toilet    | 179          |      tv       | 288          |
|    laptop     | 231          |    mouse     | 106          |    remote     | 283          |
|   keyboard    | 153          |  cell phone  | 262          |   microwave   | 55           |
|     oven      | 143          |   toaster    | 9            |     sink      | 225          |
| refrigerator  | 126          |     book     | 1129         |     clock     | 267          |
|     vase      | 274          |   scissors   | 36           |  teddy bear   | 190          |
|  hair drier   | 11           |  toothbrush  | 57           |               |              |
|     total     | 36335        |              |              |               |              |
[10/31 00:18:01 d2.data.common]: Serializing the dataset using: <class 'detectron2.data.common._TorchSerializedList'>
[10/31 00:18:01 d2.data.common]: Serializing 5000 elements to byte tensors and concatenating them all ...
[10/31 00:18:01 d2.data.common]: Serialized dataset takes 19.10 MiB
/home/hice1/zyahn3/.conda/envs/TOG_test/lib/python3.12/site-packages/torch/utils/data/dataloader.py:557: UserWarning: This DataLoader will create 4 worker processes in total. Our suggested max number of worker in current system is 1, which is smaller than what this DataLoader is going to create. Please be aware that excessive worker creation might get DataLoader running slow or even freeze, lower the worker number to avoid potential slowness/freeze if necessary.
  warnings.warn(_create_warning_msg(
[10/31 00:18:02 d2.evaluation.evaluator]: Start inference on 5000 batches
Doing attack: None
[10/31 00:18:10 d2.evaluation.evaluator]: Inference done 11/5000. Dataloading: 0.0010 s/iter. Inference: 0.4438 s/iter. Eval: 0.0002 s/iter. Total: 0.4451 s/iter. ETA=0:37:00
[10/31 00:18:15 d2.evaluation.evaluator]: Inference done 23/5000. Dataloading: 0.0012 s/iter. Inference: 0.4431 s/iter. Eval: 0.0002 s/iter. Total: 0.4446 s/iter. ETA=0:36:52
[10/31 00:18:20 d2.evaluation.evaluator]: Inference done 34/5000. Dataloading: 0.0018 s/iter. Inference: 0.4465 s/iter. Eval: 0.0002 s/iter. Total: 0.4487 s/iter. ETA=0:37:08
[10/31 00:18:26 d2.evaluation.evaluator]: Inference done 46/5000. Dataloading: 0.0021 s/iter. Inference: 0.4445 s/iter. Eval: 0.0002 s/iter. Total: 0.4469 s/iter. ETA=0:36:54
[10/31 00:18:31 d2.evaluation.evaluator]: Inference done 57/5000. Dataloading: 0.0023 s/iter. Inference: 0.4464 s/iter. Eval: 0.0002 s/iter. Total: 0.4490 s/iter. ETA=0:36:59
[10/31 00:18:36 d2.evaluation.evaluator]: Inference done 68/5000. Dataloading: 0.0021 s/iter. Inference: 0.4477 s/iter. Eval: 0.0002 s/iter. Total: 0.4501 s/iter. ETA=0:36:59
[10/31 00:18:41 d2.evaluation.evaluator]: Inference done 80/5000. Dataloading: 0.0020 s/iter. Inference: 0.4483 s/iter. Eval: 0.0002 s/iter. Total: 0.4506 s/iter. ETA=0:36:57
[10/31 00:18:46 d2.evaluation.evaluator]: Inference done 92/5000. Dataloading: 0.0020 s/iter. Inference: 0.4455 s/iter. Eval: 0.0002 s/iter. Total: 0.4478 s/iter. ETA=0:36:37
[10/31 00:18:51 d2.evaluation.evaluator]: Inference done 104/5000. Dataloading: 0.0019 s/iter. Inference: 0.4437 s/iter. Eval: 0.0002 s/iter. Total: 0.4458 s/iter. ETA=0:36:22
[10/31 00:18:57 d2.evaluation.evaluator]: Inference done 116/5000. Dataloading: 0.0018 s/iter. Inference: 0.4432 s/iter. Eval: 0.0002 s/iter. Total: 0.4453 s/iter. ETA=0:36:15
[10/31 00:19:02 d2.evaluation.evaluator]: Inference done 128/5000. Dataloading: 0.0018 s/iter. Inference: 0.4441 s/iter. Eval: 0.0002 s/iter. Total: 0.4461 s/iter. ETA=0:36:13
[10/31 00:19:07 d2.evaluation.evaluator]: Inference done 139/5000. Dataloading: 0.0017 s/iter. Inference: 0.4455 s/iter. Eval: 0.0002 s/iter. Total: 0.4475 s/iter. ETA=0:36:15
[10/31 00:19:12 d2.evaluation.evaluator]: Inference done 150/5000. Dataloading: 0.0017 s/iter. Inference: 0.4466 s/iter. Eval: 0.0002 s/iter. Total: 0.4486 s/iter. ETA=0:36:15
[10/31 00:19:17 d2.evaluation.evaluator]: Inference done 161/5000. Dataloading: 0.0017 s/iter. Inference: 0.4472 s/iter. Eval: 0.0002 s/iter. Total: 0.4492 s/iter. ETA=0:36:13
[10/31 00:19:23 d2.evaluation.evaluator]: Inference done 173/5000. Dataloading: 0.0016 s/iter. Inference: 0.4463 s/iter. Eval: 0.0002 s/iter. Total: 0.4483 s/iter. ETA=0:36:03
[10/31 00:19:28 d2.evaluation.evaluator]: Inference done 185/5000. Dataloading: 0.0016 s/iter. Inference: 0.4460 s/iter. Eval: 0.0002 s/iter. Total: 0.4479 s/iter. ETA=0:35:56
[10/31 00:19:33 d2.evaluation.evaluator]: Inference done 197/5000. Dataloading: 0.0017 s/iter. Inference: 0.4458 s/iter. Eval: 0.0002 s/iter. Total: 0.4478 s/iter. ETA=0:35:50
[10/31 00:19:39 d2.evaluation.evaluator]: Inference done 209/5000. Dataloading: 0.0017 s/iter. Inference: 0.4459 s/iter. Eval: 0.0002 s/iter. Total: 0.4479 s/iter. ETA=0:35:45
[10/31 00:19:44 d2.evaluation.evaluator]: Inference done 221/5000. Dataloading: 0.0018 s/iter. Inference: 0.4455 s/iter. Eval: 0.0002 s/iter. Total: 0.4476 s/iter. ETA=0:35:38
[10/31 00:19:49 d2.evaluation.evaluator]: Inference done 233/5000. Dataloading: 0.0018 s/iter. Inference: 0.4457 s/iter. Eval: 0.0002 s/iter. Total: 0.4478 s/iter. ETA=0:35:34
[10/31 00:19:54 d2.evaluation.evaluator]: Inference done 244/5000. Dataloading: 0.0017 s/iter. Inference: 0.4461 s/iter. Eval: 0.0002 s/iter. Total: 0.4481 s/iter. ETA=0:35:31
[10/31 00:20:00 d2.evaluation.evaluator]: Inference done 256/5000. Dataloading: 0.0017 s/iter. Inference: 0.4462 s/iter. Eval: 0.0002 s/iter. Total: 0.4482 s/iter. ETA=0:35:26
[10/31 00:20:05 d2.evaluation.evaluator]: Inference done 268/5000. Dataloading: 0.0017 s/iter. Inference: 0.4465 s/iter. Eval: 0.0002 s/iter. Total: 0.4485 s/iter. ETA=0:35:22
[10/31 00:20:10 d2.evaluation.evaluator]: Inference done 280/5000. Dataloading: 0.0018 s/iter. Inference: 0.4457 s/iter. Eval: 0.0002 s/iter. Total: 0.4477 s/iter. ETA=0:35:13
[10/31 00:20:16 d2.evaluation.evaluator]: Inference done 291/5000. Dataloading: 0.0017 s/iter. Inference: 0.4466 s/iter. Eval: 0.0002 s/iter. Total: 0.4486 s/iter. ETA=0:35:12
[10/31 00:20:21 d2.evaluation.evaluator]: Inference done 303/5000. Dataloading: 0.0017 s/iter. Inference: 0.4468 s/iter. Eval: 0.0002 s/iter. Total: 0.4488 s/iter. ETA=0:35:08
[10/31 00:20:26 d2.evaluation.evaluator]: Inference done 315/5000. Dataloading: 0.0017 s/iter. Inference: 0.4467 s/iter. Eval: 0.0002 s/iter. Total: 0.4487 s/iter. ETA=0:35:02
[10/31 00:20:32 d2.evaluation.evaluator]: Inference done 326/5000. Dataloading: 0.0017 s/iter. Inference: 0.4472 s/iter. Eval: 0.0002 s/iter. Total: 0.4492 s/iter. ETA=0:34:59
[10/31 00:20:37 d2.evaluation.evaluator]: Inference done 337/5000. Dataloading: 0.0017 s/iter. Inference: 0.4477 s/iter. Eval: 0.0002 s/iter. Total: 0.4497 s/iter. ETA=0:34:56
[10/31 00:20:42 d2.evaluation.evaluator]: Inference done 348/5000. Dataloading: 0.0017 s/iter. Inference: 0.4483 s/iter. Eval: 0.0002 s/iter. Total: 0.4503 s/iter. ETA=0:34:54
[10/31 00:20:47 d2.evaluation.evaluator]: Inference done 359/5000. Dataloading: 0.0017 s/iter. Inference: 0.4490 s/iter. Eval: 0.0002 s/iter. Total: 0.4509 s/iter. ETA=0:34:52
[10/31 00:20:52 d2.evaluation.evaluator]: Inference done 370/5000. Dataloading: 0.0016 s/iter. Inference: 0.4492 s/iter. Eval: 0.0002 s/iter. Total: 0.4512 s/iter. ETA=0:34:48
[10/31 00:20:57 d2.evaluation.evaluator]: Inference done 382/5000. Dataloading: 0.0016 s/iter. Inference: 0.4490 s/iter. Eval: 0.0002 s/iter. Total: 0.4509 s/iter. ETA=0:34:42
[10/31 00:21:03 d2.evaluation.evaluator]: Inference done 394/5000. Dataloading: 0.0016 s/iter. Inference: 0.4485 s/iter. Eval: 0.0002 s/iter. Total: 0.4505 s/iter. ETA=0:34:34
[10/31 00:21:08 d2.evaluation.evaluator]: Inference done 405/5000. Dataloading: 0.0016 s/iter. Inference: 0.4487 s/iter. Eval: 0.0002 s/iter. Total: 0.4506 s/iter. ETA=0:34:30
[10/31 00:21:13 d2.evaluation.evaluator]: Inference done 417/5000. Dataloading: 0.0016 s/iter. Inference: 0.4487 s/iter. Eval: 0.0002 s/iter. Total: 0.4506 s/iter. ETA=0:34:25
[10/31 00:21:18 d2.evaluation.evaluator]: Inference done 429/5000. Dataloading: 0.0016 s/iter. Inference: 0.4487 s/iter. Eval: 0.0002 s/iter. Total: 0.4506 s/iter. ETA=0:34:19
[10/31 00:21:24 d2.evaluation.evaluator]: Inference done 440/5000. Dataloading: 0.0017 s/iter. Inference: 0.4490 s/iter. Eval: 0.0002 s/iter. Total: 0.4510 s/iter. ETA=0:34:16
[10/31 00:21:29 d2.evaluation.evaluator]: Inference done 452/5000. Dataloading: 0.0016 s/iter. Inference: 0.4488 s/iter. Eval: 0.0002 s/iter. Total: 0.4508 s/iter. ETA=0:34:10
[10/31 00:21:34 d2.evaluation.evaluator]: Inference done 463/5000. Dataloading: 0.0016 s/iter. Inference: 0.4494 s/iter. Eval: 0.0002 s/iter. Total: 0.4513 s/iter. ETA=0:34:07
[10/31 00:21:39 d2.evaluation.evaluator]: Inference done 474/5000. Dataloading: 0.0017 s/iter. Inference: 0.4500 s/iter. Eval: 0.0002 s/iter. Total: 0.4519 s/iter. ETA=0:34:05
[10/31 00:21:44 d2.evaluation.evaluator]: Inference done 485/5000. Dataloading: 0.0017 s/iter. Inference: 0.4502 s/iter. Eval: 0.0002 s/iter. Total: 0.4522 s/iter. ETA=0:34:01
[10/31 00:21:49 d2.evaluation.evaluator]: Inference done 496/5000. Dataloading: 0.0017 s/iter. Inference: 0.4504 s/iter. Eval: 0.0002 s/iter. Total: 0.4524 s/iter. ETA=0:33:57
[10/31 00:21:55 d2.evaluation.evaluator]: Inference done 508/5000. Dataloading: 0.0017 s/iter. Inference: 0.4501 s/iter. Eval: 0.0002 s/iter. Total: 0.4521 s/iter. ETA=0:33:50
[10/31 00:22:00 d2.evaluation.evaluator]: Inference done 520/5000. Dataloading: 0.0017 s/iter. Inference: 0.4498 s/iter. Eval: 0.0002 s/iter. Total: 0.4518 s/iter. ETA=0:33:44
[10/31 00:22:05 d2.evaluation.evaluator]: Inference done 531/5000. Dataloading: 0.0017 s/iter. Inference: 0.4501 s/iter. Eval: 0.0002 s/iter. Total: 0.4522 s/iter. ETA=0:33:40
[10/31 00:22:10 d2.evaluation.evaluator]: Inference done 542/5000. Dataloading: 0.0018 s/iter. Inference: 0.4501 s/iter. Eval: 0.0002 s/iter. Total: 0.4522 s/iter. ETA=0:33:35
[10/31 00:22:16 d2.evaluation.evaluator]: Inference done 554/5000. Dataloading: 0.0018 s/iter. Inference: 0.4501 s/iter. Eval: 0.0002 s/iter. Total: 0.4522 s/iter. ETA=0:33:30
[10/31 00:22:21 d2.evaluation.evaluator]: Inference done 566/5000. Dataloading: 0.0017 s/iter. Inference: 0.4501 s/iter. Eval: 0.0002 s/iter. Total: 0.4522 s/iter. ETA=0:33:24
[10/31 00:22:26 d2.evaluation.evaluator]: Inference done 577/5000. Dataloading: 0.0017 s/iter. Inference: 0.4504 s/iter. Eval: 0.0002 s/iter. Total: 0.4525 s/iter. ETA=0:33:21
[10/31 00:22:31 d2.evaluation.evaluator]: Inference done 589/5000. Dataloading: 0.0017 s/iter. Inference: 0.4501 s/iter. Eval: 0.0002 s/iter. Total: 0.4522 s/iter. ETA=0:33:14
[10/31 00:22:36 d2.evaluation.evaluator]: Inference done 600/5000. Dataloading: 0.0017 s/iter. Inference: 0.4502 s/iter. Eval: 0.0002 s/iter. Total: 0.4522 s/iter. ETA=0:33:09
[10/31 00:22:41 d2.evaluation.evaluator]: Inference done 611/5000. Dataloading: 0.0018 s/iter. Inference: 0.4503 s/iter. Eval: 0.0002 s/iter. Total: 0.4523 s/iter. ETA=0:33:05
[10/31 00:22:47 d2.evaluation.evaluator]: Inference done 622/5000. Dataloading: 0.0018 s/iter. Inference: 0.4507 s/iter. Eval: 0.0002 s/iter. Total: 0.4528 s/iter. ETA=0:33:02
[10/31 00:22:52 d2.evaluation.evaluator]: Inference done 634/5000. Dataloading: 0.0018 s/iter. Inference: 0.4507 s/iter. Eval: 0.0002 s/iter. Total: 0.4528 s/iter. ETA=0:32:56
[10/31 00:22:57 d2.evaluation.evaluator]: Inference done 645/5000. Dataloading: 0.0018 s/iter. Inference: 0.4508 s/iter. Eval: 0.0002 s/iter. Total: 0.4529 s/iter. ETA=0:32:52
[10/31 00:23:03 d2.evaluation.evaluator]: Inference done 657/5000. Dataloading: 0.0018 s/iter. Inference: 0.4508 s/iter. Eval: 0.0002 s/iter. Total: 0.4529 s/iter. ETA=0:32:47
[10/31 00:23:08 d2.evaluation.evaluator]: Inference done 669/5000. Dataloading: 0.0018 s/iter. Inference: 0.4509 s/iter. Eval: 0.0002 s/iter. Total: 0.4530 s/iter. ETA=0:32:42
[10/31 00:23:13 d2.evaluation.evaluator]: Inference done 680/5000. Dataloading: 0.0019 s/iter. Inference: 0.4510 s/iter. Eval: 0.0002 s/iter. Total: 0.4532 s/iter. ETA=0:32:37
[10/31 00:23:18 d2.evaluation.evaluator]: Inference done 691/5000. Dataloading: 0.0019 s/iter. Inference: 0.4512 s/iter. Eval: 0.0002 s/iter. Total: 0.4534 s/iter. ETA=0:32:33
[10/31 00:23:24 d2.evaluation.evaluator]: Inference done 702/5000. Dataloading: 0.0019 s/iter. Inference: 0.4515 s/iter. Eval: 0.0002 s/iter. Total: 0.4537 s/iter. ETA=0:32:29
[10/31 00:23:29 d2.evaluation.evaluator]: Inference done 713/5000. Dataloading: 0.0019 s/iter. Inference: 0.4517 s/iter. Eval: 0.0002 s/iter. Total: 0.4539 s/iter. ETA=0:32:25
[10/31 00:23:34 d2.evaluation.evaluator]: Inference done 724/5000. Dataloading: 0.0019 s/iter. Inference: 0.4518 s/iter. Eval: 0.0002 s/iter. Total: 0.4540 s/iter. ETA=0:32:21
[10/31 00:23:39 d2.evaluation.evaluator]: Inference done 736/5000. Dataloading: 0.0019 s/iter. Inference: 0.4519 s/iter. Eval: 0.0002 s/iter. Total: 0.4540 s/iter. ETA=0:32:15
[10/31 00:23:44 d2.evaluation.evaluator]: Inference done 747/5000. Dataloading: 0.0019 s/iter. Inference: 0.4519 s/iter. Eval: 0.0002 s/iter. Total: 0.4541 s/iter. ETA=0:32:11
[10/31 00:23:50 d2.evaluation.evaluator]: Inference done 758/5000. Dataloading: 0.0019 s/iter. Inference: 0.4524 s/iter. Eval: 0.0002 s/iter. Total: 0.4546 s/iter. ETA=0:32:08
[10/31 00:23:55 d2.evaluation.evaluator]: Inference done 770/5000. Dataloading: 0.0019 s/iter. Inference: 0.4524 s/iter. Eval: 0.0002 s/iter. Total: 0.4546 s/iter. ETA=0:32:03
[10/31 00:24:00 d2.evaluation.evaluator]: Inference done 781/5000. Dataloading: 0.0019 s/iter. Inference: 0.4526 s/iter. Eval: 0.0002 s/iter. Total: 0.4548 s/iter. ETA=0:31:58
[10/31 00:24:05 d2.evaluation.evaluator]: Inference done 792/5000. Dataloading: 0.0020 s/iter. Inference: 0.4527 s/iter. Eval: 0.0002 s/iter. Total: 0.4549 s/iter. ETA=0:31:54
[10/31 00:24:11 d2.evaluation.evaluator]: Inference done 804/5000. Dataloading: 0.0020 s/iter. Inference: 0.4527 s/iter. Eval: 0.0002 s/iter. Total: 0.4550 s/iter. ETA=0:31:49
[10/31 00:24:16 d2.evaluation.evaluator]: Inference done 815/5000. Dataloading: 0.0021 s/iter. Inference: 0.4527 s/iter. Eval: 0.0002 s/iter. Total: 0.4550 s/iter. ETA=0:31:44
[10/31 00:24:21 d2.evaluation.evaluator]: Inference done 826/5000. Dataloading: 0.0021 s/iter. Inference: 0.4526 s/iter. Eval: 0.0002 s/iter. Total: 0.4550 s/iter. ETA=0:31:39
[10/31 00:24:26 d2.evaluation.evaluator]: Inference done 837/5000. Dataloading: 0.0021 s/iter. Inference: 0.4526 s/iter. Eval: 0.0002 s/iter. Total: 0.4551 s/iter. ETA=0:31:34
[10/31 00:24:31 d2.evaluation.evaluator]: Inference done 849/5000. Dataloading: 0.0021 s/iter. Inference: 0.4526 s/iter. Eval: 0.0002 s/iter. Total: 0.4550 s/iter. ETA=0:31:28
[10/31 00:24:37 d2.evaluation.evaluator]: Inference done 860/5000. Dataloading: 0.0022 s/iter. Inference: 0.4527 s/iter. Eval: 0.0002 s/iter. Total: 0.4552 s/iter. ETA=0:31:24
[10/31 00:24:42 d2.evaluation.evaluator]: Inference done 871/5000. Dataloading: 0.0022 s/iter. Inference: 0.4528 s/iter. Eval: 0.0002 s/iter. Total: 0.4553 s/iter. ETA=0:31:19
[10/31 00:24:47 d2.evaluation.evaluator]: Inference done 882/5000. Dataloading: 0.0022 s/iter. Inference: 0.4528 s/iter. Eval: 0.0002 s/iter. Total: 0.4553 s/iter. ETA=0:31:14
[10/31 00:24:52 d2.evaluation.evaluator]: Inference done 893/5000. Dataloading: 0.0022 s/iter. Inference: 0.4529 s/iter. Eval: 0.0002 s/iter. Total: 0.4553 s/iter. ETA=0:31:10
[10/31 00:24:57 d2.evaluation.evaluator]: Inference done 905/5000. Dataloading: 0.0021 s/iter. Inference: 0.4527 s/iter. Eval: 0.0002 s/iter. Total: 0.4551 s/iter. ETA=0:31:03
[10/31 00:25:02 d2.evaluation.evaluator]: Inference done 917/5000. Dataloading: 0.0021 s/iter. Inference: 0.4524 s/iter. Eval: 0.0002 s/iter. Total: 0.4549 s/iter. ETA=0:30:57
[10/31 00:25:08 d2.evaluation.evaluator]: Inference done 929/5000. Dataloading: 0.0021 s/iter. Inference: 0.4524 s/iter. Eval: 0.0002 s/iter. Total: 0.4548 s/iter. ETA=0:30:51
[10/31 00:25:13 d2.evaluation.evaluator]: Inference done 940/5000. Dataloading: 0.0021 s/iter. Inference: 0.4525 s/iter. Eval: 0.0002 s/iter. Total: 0.4549 s/iter. ETA=0:30:46
[10/31 00:25:18 d2.evaluation.evaluator]: Inference done 952/5000. Dataloading: 0.0021 s/iter. Inference: 0.4525 s/iter. Eval: 0.0002 s/iter. Total: 0.4549 s/iter. ETA=0:30:41
[10/31 00:25:24 d2.evaluation.evaluator]: Inference done 964/5000. Dataloading: 0.0021 s/iter. Inference: 0.4524 s/iter. Eval: 0.0002 s/iter. Total: 0.4548 s/iter. ETA=0:30:35
[10/31 00:25:29 d2.evaluation.evaluator]: Inference done 976/5000. Dataloading: 0.0021 s/iter. Inference: 0.4523 s/iter. Eval: 0.0002 s/iter. Total: 0.4547 s/iter. ETA=0:30:29
[10/31 00:25:34 d2.evaluation.evaluator]: Inference done 988/5000. Dataloading: 0.0021 s/iter. Inference: 0.4522 s/iter. Eval: 0.0002 s/iter. Total: 0.4546 s/iter. ETA=0:30:23
[10/31 00:25:40 d2.evaluation.evaluator]: Inference done 1000/5000. Dataloading: 0.0022 s/iter. Inference: 0.4521 s/iter. Eval: 0.0002 s/iter. Total: 0.4546 s/iter. ETA=0:30:18
[10/31 00:25:45 d2.evaluation.evaluator]: Inference done 1012/5000. Dataloading: 0.0022 s/iter. Inference: 0.4520 s/iter. Eval: 0.0002 s/iter. Total: 0.4545 s/iter. ETA=0:30:12
[10/31 00:25:50 d2.evaluation.evaluator]: Inference done 1024/5000. Dataloading: 0.0022 s/iter. Inference: 0.4518 s/iter. Eval: 0.0002 s/iter. Total: 0.4543 s/iter. ETA=0:30:06
[10/31 00:25:55 d2.evaluation.evaluator]: Inference done 1035/5000. Dataloading: 0.0021 s/iter. Inference: 0.4519 s/iter. Eval: 0.0002 s/iter. Total: 0.4544 s/iter. ETA=0:30:01
[10/31 00:26:01 d2.evaluation.evaluator]: Inference done 1047/5000. Dataloading: 0.0022 s/iter. Inference: 0.4518 s/iter. Eval: 0.0002 s/iter. Total: 0.4542 s/iter. ETA=0:29:55
[10/31 00:26:06 d2.evaluation.evaluator]: Inference done 1058/5000. Dataloading: 0.0022 s/iter. Inference: 0.4518 s/iter. Eval: 0.0002 s/iter. Total: 0.4543 s/iter. ETA=0:29:50
[10/31 00:26:11 d2.evaluation.evaluator]: Inference done 1069/5000. Dataloading: 0.0022 s/iter. Inference: 0.4519 s/iter. Eval: 0.0002 s/iter. Total: 0.4544 s/iter. ETA=0:29:46
[10/31 00:26:16 d2.evaluation.evaluator]: Inference done 1080/5000. Dataloading: 0.0022 s/iter. Inference: 0.4519 s/iter. Eval: 0.0002 s/iter. Total: 0.4544 s/iter. ETA=0:29:41
[10/31 00:26:21 d2.evaluation.evaluator]: Inference done 1092/5000. Dataloading: 0.0021 s/iter. Inference: 0.4519 s/iter. Eval: 0.0002 s/iter. Total: 0.4543 s/iter. ETA=0:29:35
[10/31 00:26:27 d2.evaluation.evaluator]: Inference done 1104/5000. Dataloading: 0.0022 s/iter. Inference: 0.4519 s/iter. Eval: 0.0002 s/iter. Total: 0.4543 s/iter. ETA=0:29:30
[10/31 00:26:32 d2.evaluation.evaluator]: Inference done 1116/5000. Dataloading: 0.0022 s/iter. Inference: 0.4518 s/iter. Eval: 0.0002 s/iter. Total: 0.4543 s/iter. ETA=0:29:24
[10/31 00:26:38 d2.evaluation.evaluator]: Inference done 1128/5000. Dataloading: 0.0022 s/iter. Inference: 0.4519 s/iter. Eval: 0.0002 s/iter. Total: 0.4543 s/iter. ETA=0:29:19
[10/31 00:26:43 d2.evaluation.evaluator]: Inference done 1139/5000. Dataloading: 0.0021 s/iter. Inference: 0.4521 s/iter. Eval: 0.0002 s/iter. Total: 0.4545 s/iter. ETA=0:29:14
[10/31 00:26:48 d2.evaluation.evaluator]: Inference done 1151/5000. Dataloading: 0.0021 s/iter. Inference: 0.4519 s/iter. Eval: 0.0002 s/iter. Total: 0.4543 s/iter. ETA=0:29:08
[10/31 00:26:53 d2.evaluation.evaluator]: Inference done 1162/5000. Dataloading: 0.0021 s/iter. Inference: 0.4520 s/iter. Eval: 0.0002 s/iter. Total: 0.4544 s/iter. ETA=0:29:04
[10/31 00:26:58 d2.evaluation.evaluator]: Inference done 1173/5000. Dataloading: 0.0021 s/iter. Inference: 0.4521 s/iter. Eval: 0.0002 s/iter. Total: 0.4545 s/iter. ETA=0:28:59
[10/31 00:27:04 d2.evaluation.evaluator]: Inference done 1185/5000. Dataloading: 0.0021 s/iter. Inference: 0.4521 s/iter. Eval: 0.0002 s/iter. Total: 0.4545 s/iter. ETA=0:28:53
[10/31 00:27:09 d2.evaluation.evaluator]: Inference done 1197/5000. Dataloading: 0.0021 s/iter. Inference: 0.4521 s/iter. Eval: 0.0002 s/iter. Total: 0.4545 s/iter. ETA=0:28:48
[10/31 00:27:14 d2.evaluation.evaluator]: Inference done 1208/5000. Dataloading: 0.0021 s/iter. Inference: 0.4521 s/iter. Eval: 0.0002 s/iter. Total: 0.4545 s/iter. ETA=0:28:43
[10/31 00:27:19 d2.evaluation.evaluator]: Inference done 1220/5000. Dataloading: 0.0021 s/iter. Inference: 0.4519 s/iter. Eval: 0.0002 s/iter. Total: 0.4543 s/iter. ETA=0:28:37
[10/31 00:27:24 d2.evaluation.evaluator]: Inference done 1231/5000. Dataloading: 0.0021 s/iter. Inference: 0.4520 s/iter. Eval: 0.0002 s/iter. Total: 0.4544 s/iter. ETA=0:28:32
[10/31 00:27:30 d2.evaluation.evaluator]: Inference done 1243/5000. Dataloading: 0.0021 s/iter. Inference: 0.4519 s/iter. Eval: 0.0002 s/iter. Total: 0.4543 s/iter. ETA=0:28:26
[10/31 00:27:35 d2.evaluation.evaluator]: Inference done 1255/5000. Dataloading: 0.0021 s/iter. Inference: 0.4518 s/iter. Eval: 0.0002 s/iter. Total: 0.4542 s/iter. ETA=0:28:21
[10/31 00:27:40 d2.evaluation.evaluator]: Inference done 1267/5000. Dataloading: 0.0021 s/iter. Inference: 0.4516 s/iter. Eval: 0.0002 s/iter. Total: 0.4540 s/iter. ETA=0:28:14
[10/31 00:27:45 d2.evaluation.evaluator]: Inference done 1278/5000. Dataloading: 0.0021 s/iter. Inference: 0.4517 s/iter. Eval: 0.0002 s/iter. Total: 0.4541 s/iter. ETA=0:28:10
[10/31 00:27:50 d2.evaluation.evaluator]: Inference done 1289/5000. Dataloading: 0.0021 s/iter. Inference: 0.4517 s/iter. Eval: 0.0002 s/iter. Total: 0.4541 s/iter. ETA=0:28:05
[10/31 00:27:56 d2.evaluation.evaluator]: Inference done 1301/5000. Dataloading: 0.0021 s/iter. Inference: 0.4516 s/iter. Eval: 0.0002 s/iter. Total: 0.4540 s/iter. ETA=0:27:59
[10/31 00:28:01 d2.evaluation.evaluator]: Inference done 1313/5000. Dataloading: 0.0021 s/iter. Inference: 0.4515 s/iter. Eval: 0.0002 s/iter. Total: 0.4539 s/iter. ETA=0:27:53
[10/31 00:28:06 d2.evaluation.evaluator]: Inference done 1325/5000. Dataloading: 0.0021 s/iter. Inference: 0.4513 s/iter. Eval: 0.0002 s/iter. Total: 0.4537 s/iter. ETA=0:27:47
[10/31 00:28:11 d2.evaluation.evaluator]: Inference done 1336/5000. Dataloading: 0.0021 s/iter. Inference: 0.4513 s/iter. Eval: 0.0002 s/iter. Total: 0.4537 s/iter. ETA=0:27:42
[10/31 00:28:17 d2.evaluation.evaluator]: Inference done 1348/5000. Dataloading: 0.0021 s/iter. Inference: 0.4514 s/iter. Eval: 0.0002 s/iter. Total: 0.4538 s/iter. ETA=0:27:37
[10/31 00:28:22 d2.evaluation.evaluator]: Inference done 1360/5000. Dataloading: 0.0021 s/iter. Inference: 0.4513 s/iter. Eval: 0.0002 s/iter. Total: 0.4537 s/iter. ETA=0:27:31
[10/31 00:28:27 d2.evaluation.evaluator]: Inference done 1371/5000. Dataloading: 0.0021 s/iter. Inference: 0.4513 s/iter. Eval: 0.0002 s/iter. Total: 0.4537 s/iter. ETA=0:27:26
[10/31 00:28:32 d2.evaluation.evaluator]: Inference done 1383/5000. Dataloading: 0.0021 s/iter. Inference: 0.4512 s/iter. Eval: 0.0002 s/iter. Total: 0.4536 s/iter. ETA=0:27:20
[10/31 00:28:38 d2.evaluation.evaluator]: Inference done 1395/5000. Dataloading: 0.0021 s/iter. Inference: 0.4511 s/iter. Eval: 0.0002 s/iter. Total: 0.4534 s/iter. ETA=0:27:14
[10/31 00:28:43 d2.evaluation.evaluator]: Inference done 1406/5000. Dataloading: 0.0020 s/iter. Inference: 0.4511 s/iter. Eval: 0.0002 s/iter. Total: 0.4535 s/iter. ETA=0:27:09
[10/31 00:28:48 d2.evaluation.evaluator]: Inference done 1415/5000. Dataloading: 0.0020 s/iter. Inference: 0.4521 s/iter. Eval: 0.0002 s/iter. Total: 0.4544 s/iter. ETA=0:27:09
[10/31 00:28:53 d2.evaluation.evaluator]: Inference done 1427/5000. Dataloading: 0.0021 s/iter. Inference: 0.4519 s/iter. Eval: 0.0002 s/iter. Total: 0.4543 s/iter. ETA=0:27:03
[10/31 00:28:58 d2.evaluation.evaluator]: Inference done 1438/5000. Dataloading: 0.0021 s/iter. Inference: 0.4519 s/iter. Eval: 0.0002 s/iter. Total: 0.4543 s/iter. ETA=0:26:58
[10/31 00:29:04 d2.evaluation.evaluator]: Inference done 1450/5000. Dataloading: 0.0021 s/iter. Inference: 0.4518 s/iter. Eval: 0.0002 s/iter. Total: 0.4542 s/iter. ETA=0:26:52
[10/31 00:29:09 d2.evaluation.evaluator]: Inference done 1462/5000. Dataloading: 0.0021 s/iter. Inference: 0.4517 s/iter. Eval: 0.0002 s/iter. Total: 0.4541 s/iter. ETA=0:26:46
[10/31 00:29:14 d2.evaluation.evaluator]: Inference done 1474/5000. Dataloading: 0.0021 s/iter. Inference: 0.4515 s/iter. Eval: 0.0002 s/iter. Total: 0.4539 s/iter. ETA=0:26:40
[10/31 00:29:20 d2.evaluation.evaluator]: Inference done 1486/5000. Dataloading: 0.0021 s/iter. Inference: 0.4515 s/iter. Eval: 0.0002 s/iter. Total: 0.4539 s/iter. ETA=0:26:34
[10/31 00:29:25 d2.evaluation.evaluator]: Inference done 1498/5000. Dataloading: 0.0021 s/iter. Inference: 0.4514 s/iter. Eval: 0.0002 s/iter. Total: 0.4538 s/iter. ETA=0:26:29
[10/31 00:29:30 d2.evaluation.evaluator]: Inference done 1510/5000. Dataloading: 0.0021 s/iter. Inference: 0.4512 s/iter. Eval: 0.0002 s/iter. Total: 0.4536 s/iter. ETA=0:26:22
[10/31 00:29:35 d2.evaluation.evaluator]: Inference done 1522/5000. Dataloading: 0.0021 s/iter. Inference: 0.4511 s/iter. Eval: 0.0002 s/iter. Total: 0.4534 s/iter. ETA=0:26:17
[10/31 00:29:41 d2.evaluation.evaluator]: Inference done 1534/5000. Dataloading: 0.0021 s/iter. Inference: 0.4510 s/iter. Eval: 0.0002 s/iter. Total: 0.4534 s/iter. ETA=0:26:11
[10/31 00:29:46 d2.evaluation.evaluator]: Inference done 1545/5000. Dataloading: 0.0021 s/iter. Inference: 0.4511 s/iter. Eval: 0.0002 s/iter. Total: 0.4535 s/iter. ETA=0:26:06
[10/31 00:29:51 d2.evaluation.evaluator]: Inference done 1556/5000. Dataloading: 0.0021 s/iter. Inference: 0.4511 s/iter. Eval: 0.0002 s/iter. Total: 0.4535 s/iter. ETA=0:26:01
[10/31 00:29:56 d2.evaluation.evaluator]: Inference done 1568/5000. Dataloading: 0.0021 s/iter. Inference: 0.4511 s/iter. Eval: 0.0002 s/iter. Total: 0.4535 s/iter. ETA=0:25:56
[10/31 00:30:02 d2.evaluation.evaluator]: Inference done 1580/5000. Dataloading: 0.0021 s/iter. Inference: 0.4511 s/iter. Eval: 0.0002 s/iter. Total: 0.4535 s/iter. ETA=0:25:50
[10/31 00:30:07 d2.evaluation.evaluator]: Inference done 1591/5000. Dataloading: 0.0021 s/iter. Inference: 0.4511 s/iter. Eval: 0.0002 s/iter. Total: 0.4535 s/iter. ETA=0:25:46
[10/31 00:30:12 d2.evaluation.evaluator]: Inference done 1603/5000. Dataloading: 0.0021 s/iter. Inference: 0.4511 s/iter. Eval: 0.0002 s/iter. Total: 0.4535 s/iter. ETA=0:25:40
[10/31 00:30:17 d2.evaluation.evaluator]: Inference done 1614/5000. Dataloading: 0.0021 s/iter. Inference: 0.4511 s/iter. Eval: 0.0002 s/iter. Total: 0.4535 s/iter. ETA=0:25:35
[10/31 00:30:22 d2.evaluation.evaluator]: Inference done 1626/5000. Dataloading: 0.0021 s/iter. Inference: 0.4510 s/iter. Eval: 0.0002 s/iter. Total: 0.4534 s/iter. ETA=0:25:29
[10/31 00:30:28 d2.evaluation.evaluator]: Inference done 1638/5000. Dataloading: 0.0021 s/iter. Inference: 0.4509 s/iter. Eval: 0.0002 s/iter. Total: 0.4533 s/iter. ETA=0:25:24
[10/31 00:30:33 d2.evaluation.evaluator]: Inference done 1650/5000. Dataloading: 0.0021 s/iter. Inference: 0.4509 s/iter. Eval: 0.0002 s/iter. Total: 0.4533 s/iter. ETA=0:25:18
[10/31 00:30:38 d2.evaluation.evaluator]: Inference done 1662/5000. Dataloading: 0.0021 s/iter. Inference: 0.4509 s/iter. Eval: 0.0002 s/iter. Total: 0.4532 s/iter. ETA=0:25:12
[10/31 00:30:44 d2.evaluation.evaluator]: Inference done 1674/5000. Dataloading: 0.0021 s/iter. Inference: 0.4508 s/iter. Eval: 0.0002 s/iter. Total: 0.4532 s/iter. ETA=0:25:07
[10/31 00:30:49 d2.evaluation.evaluator]: Inference done 1686/5000. Dataloading: 0.0021 s/iter. Inference: 0.4508 s/iter. Eval: 0.0002 s/iter. Total: 0.4532 s/iter. ETA=0:25:01
[10/31 00:30:54 d2.evaluation.evaluator]: Inference done 1697/5000. Dataloading: 0.0021 s/iter. Inference: 0.4508 s/iter. Eval: 0.0002 s/iter. Total: 0.4532 s/iter. ETA=0:24:56
[10/31 00:30:59 d2.evaluation.evaluator]: Inference done 1708/5000. Dataloading: 0.0021 s/iter. Inference: 0.4509 s/iter. Eval: 0.0002 s/iter. Total: 0.4533 s/iter. ETA=0:24:52
[10/31 00:31:05 d2.evaluation.evaluator]: Inference done 1720/5000. Dataloading: 0.0021 s/iter. Inference: 0.4509 s/iter. Eval: 0.0002 s/iter. Total: 0.4532 s/iter. ETA=0:24:46
[10/31 00:31:10 d2.evaluation.evaluator]: Inference done 1732/5000. Dataloading: 0.0021 s/iter. Inference: 0.4508 s/iter. Eval: 0.0002 s/iter. Total: 0.4532 s/iter. ETA=0:24:41
[10/31 00:31:15 d2.evaluation.evaluator]: Inference done 1743/5000. Dataloading: 0.0021 s/iter. Inference: 0.4509 s/iter. Eval: 0.0002 s/iter. Total: 0.4532 s/iter. ETA=0:24:36
[10/31 00:31:20 d2.evaluation.evaluator]: Inference done 1754/5000. Dataloading: 0.0021 s/iter. Inference: 0.4509 s/iter. Eval: 0.0002 s/iter. Total: 0.4533 s/iter. ETA=0:24:31
[10/31 00:31:25 d2.evaluation.evaluator]: Inference done 1766/5000. Dataloading: 0.0021 s/iter. Inference: 0.4509 s/iter. Eval: 0.0002 s/iter. Total: 0.4532 s/iter. ETA=0:24:25
[10/31 00:31:31 d2.evaluation.evaluator]: Inference done 1778/5000. Dataloading: 0.0020 s/iter. Inference: 0.4507 s/iter. Eval: 0.0002 s/iter. Total: 0.4531 s/iter. ETA=0:24:19
[10/31 00:31:36 d2.evaluation.evaluator]: Inference done 1790/5000. Dataloading: 0.0020 s/iter. Inference: 0.4506 s/iter. Eval: 0.0002 s/iter. Total: 0.4530 s/iter. ETA=0:24:13
[10/31 00:31:41 d2.evaluation.evaluator]: Inference done 1801/5000. Dataloading: 0.0020 s/iter. Inference: 0.4506 s/iter. Eval: 0.0002 s/iter. Total: 0.4530 s/iter. ETA=0:24:09
[10/31 00:31:46 d2.evaluation.evaluator]: Inference done 1813/5000. Dataloading: 0.0020 s/iter. Inference: 0.4506 s/iter. Eval: 0.0002 s/iter. Total: 0.4529 s/iter. ETA=0:24:03
[10/31 00:31:51 d2.evaluation.evaluator]: Inference done 1824/5000. Dataloading: 0.0020 s/iter. Inference: 0.4506 s/iter. Eval: 0.0002 s/iter. Total: 0.4529 s/iter. ETA=0:23:58
[10/31 00:31:57 d2.evaluation.evaluator]: Inference done 1836/5000. Dataloading: 0.0020 s/iter. Inference: 0.4506 s/iter. Eval: 0.0002 s/iter. Total: 0.4529 s/iter. ETA=0:23:52
[10/31 00:32:02 d2.evaluation.evaluator]: Inference done 1848/5000. Dataloading: 0.0020 s/iter. Inference: 0.4505 s/iter. Eval: 0.0002 s/iter. Total: 0.4528 s/iter. ETA=0:23:47
[10/31 00:32:07 d2.evaluation.evaluator]: Inference done 1860/5000. Dataloading: 0.0020 s/iter. Inference: 0.4504 s/iter. Eval: 0.0002 s/iter. Total: 0.4527 s/iter. ETA=0:23:41
[10/31 00:32:12 d2.evaluation.evaluator]: Inference done 1871/5000. Dataloading: 0.0020 s/iter. Inference: 0.4505 s/iter. Eval: 0.0002 s/iter. Total: 0.4528 s/iter. ETA=0:23:36
[10/31 00:32:18 d2.evaluation.evaluator]: Inference done 1883/5000. Dataloading: 0.0020 s/iter. Inference: 0.4505 s/iter. Eval: 0.0002 s/iter. Total: 0.4528 s/iter. ETA=0:23:31
[10/31 00:32:23 d2.evaluation.evaluator]: Inference done 1895/5000. Dataloading: 0.0020 s/iter. Inference: 0.4505 s/iter. Eval: 0.0002 s/iter. Total: 0.4528 s/iter. ETA=0:23:25
[10/31 00:32:29 d2.evaluation.evaluator]: Inference done 1904/5000. Dataloading: 0.0020 s/iter. Inference: 0.4515 s/iter. Eval: 0.0002 s/iter. Total: 0.4537 s/iter. ETA=0:23:24
[10/31 00:32:34 d2.evaluation.evaluator]: Inference done 1916/5000. Dataloading: 0.0020 s/iter. Inference: 0.4514 s/iter. Eval: 0.0002 s/iter. Total: 0.4537 s/iter. ETA=0:23:19
[10/31 00:32:39 d2.evaluation.evaluator]: Inference done 1926/5000. Dataloading: 0.0020 s/iter. Inference: 0.4517 s/iter. Eval: 0.0002 s/iter. Total: 0.4540 s/iter. ETA=0:23:15
[10/31 00:32:45 d2.evaluation.evaluator]: Inference done 1938/5000. Dataloading: 0.0020 s/iter. Inference: 0.4516 s/iter. Eval: 0.0002 s/iter. Total: 0.4539 s/iter. ETA=0:23:09
[10/31 00:32:50 d2.evaluation.evaluator]: Inference done 1949/5000. Dataloading: 0.0020 s/iter. Inference: 0.4517 s/iter. Eval: 0.0002 s/iter. Total: 0.4540 s/iter. ETA=0:23:05
[10/31 00:32:55 d2.evaluation.evaluator]: Inference done 1961/5000. Dataloading: 0.0020 s/iter. Inference: 0.4516 s/iter. Eval: 0.0002 s/iter. Total: 0.4539 s/iter. ETA=0:22:59
[10/31 00:33:01 d2.evaluation.evaluator]: Inference done 1973/5000. Dataloading: 0.0020 s/iter. Inference: 0.4516 s/iter. Eval: 0.0002 s/iter. Total: 0.4539 s/iter. ETA=0:22:53
[10/31 00:33:06 d2.evaluation.evaluator]: Inference done 1985/5000. Dataloading: 0.0020 s/iter. Inference: 0.4515 s/iter. Eval: 0.0002 s/iter. Total: 0.4538 s/iter. ETA=0:22:48
[10/31 00:33:11 d2.evaluation.evaluator]: Inference done 1996/5000. Dataloading: 0.0020 s/iter. Inference: 0.4515 s/iter. Eval: 0.0002 s/iter. Total: 0.4538 s/iter. ETA=0:22:43
[10/31 00:33:17 d2.evaluation.evaluator]: Inference done 2008/5000. Dataloading: 0.0020 s/iter. Inference: 0.4518 s/iter. Eval: 0.0002 s/iter. Total: 0.4541 s/iter. ETA=0:22:38
[10/31 00:33:22 d2.evaluation.evaluator]: Inference done 2019/5000. Dataloading: 0.0020 s/iter. Inference: 0.4519 s/iter. Eval: 0.0002 s/iter. Total: 0.4542 s/iter. ETA=0:22:33
[10/31 00:33:27 d2.evaluation.evaluator]: Inference done 2031/5000. Dataloading: 0.0020 s/iter. Inference: 0.4518 s/iter. Eval: 0.0002 s/iter. Total: 0.4541 s/iter. ETA=0:22:28
[10/31 00:33:33 d2.evaluation.evaluator]: Inference done 2043/5000. Dataloading: 0.0020 s/iter. Inference: 0.4517 s/iter. Eval: 0.0002 s/iter. Total: 0.4540 s/iter. ETA=0:22:22
[10/31 00:33:38 d2.evaluation.evaluator]: Inference done 2055/5000. Dataloading: 0.0020 s/iter. Inference: 0.4516 s/iter. Eval: 0.0002 s/iter. Total: 0.4539 s/iter. ETA=0:22:16
[10/31 00:33:43 d2.evaluation.evaluator]: Inference done 2066/5000. Dataloading: 0.0020 s/iter. Inference: 0.4517 s/iter. Eval: 0.0002 s/iter. Total: 0.4540 s/iter. ETA=0:22:11
[10/31 00:33:48 d2.evaluation.evaluator]: Inference done 2078/5000. Dataloading: 0.0020 s/iter. Inference: 0.4516 s/iter. Eval: 0.0002 s/iter. Total: 0.4539 s/iter. ETA=0:22:06
[10/31 00:33:54 d2.evaluation.evaluator]: Inference done 2090/5000. Dataloading: 0.0020 s/iter. Inference: 0.4516 s/iter. Eval: 0.0002 s/iter. Total: 0.4539 s/iter. ETA=0:22:00
[10/31 00:33:59 d2.evaluation.evaluator]: Inference done 2102/5000. Dataloading: 0.0020 s/iter. Inference: 0.4515 s/iter. Eval: 0.0002 s/iter. Total: 0.4538 s/iter. ETA=0:21:55
[10/31 00:34:04 d2.evaluation.evaluator]: Inference done 2114/5000. Dataloading: 0.0020 s/iter. Inference: 0.4515 s/iter. Eval: 0.0002 s/iter. Total: 0.4538 s/iter. ETA=0:21:49
[10/31 00:34:10 d2.evaluation.evaluator]: Inference done 2126/5000. Dataloading: 0.0020 s/iter. Inference: 0.4514 s/iter. Eval: 0.0002 s/iter. Total: 0.4537 s/iter. ETA=0:21:43
[10/31 00:34:15 d2.evaluation.evaluator]: Inference done 2138/5000. Dataloading: 0.0020 s/iter. Inference: 0.4514 s/iter. Eval: 0.0002 s/iter. Total: 0.4537 s/iter. ETA=0:21:38
[10/31 00:34:20 d2.evaluation.evaluator]: Inference done 2150/5000. Dataloading: 0.0020 s/iter. Inference: 0.4513 s/iter. Eval: 0.0002 s/iter. Total: 0.4536 s/iter. ETA=0:21:32
[10/31 00:34:26 d2.evaluation.evaluator]: Inference done 2162/5000. Dataloading: 0.0020 s/iter. Inference: 0.4512 s/iter. Eval: 0.0002 s/iter. Total: 0.4535 s/iter. ETA=0:21:27
[10/31 00:34:31 d2.evaluation.evaluator]: Inference done 2174/5000. Dataloading: 0.0020 s/iter. Inference: 0.4512 s/iter. Eval: 0.0002 s/iter. Total: 0.4535 s/iter. ETA=0:21:21
[10/31 00:34:36 d2.evaluation.evaluator]: Inference done 2186/5000. Dataloading: 0.0020 s/iter. Inference: 0.4511 s/iter. Eval: 0.0002 s/iter. Total: 0.4534 s/iter. ETA=0:21:15
[10/31 00:34:41 d2.evaluation.evaluator]: Inference done 2197/5000. Dataloading: 0.0020 s/iter. Inference: 0.4511 s/iter. Eval: 0.0002 s/iter. Total: 0.4534 s/iter. ETA=0:21:10
[10/31 00:34:46 d2.evaluation.evaluator]: Inference done 2208/5000. Dataloading: 0.0020 s/iter. Inference: 0.4512 s/iter. Eval: 0.0002 s/iter. Total: 0.4534 s/iter. ETA=0:21:06
[10/31 00:34:52 d2.evaluation.evaluator]: Inference done 2220/5000. Dataloading: 0.0020 s/iter. Inference: 0.4511 s/iter. Eval: 0.0002 s/iter. Total: 0.4534 s/iter. ETA=0:21:00
[10/31 00:34:57 d2.evaluation.evaluator]: Inference done 2232/5000. Dataloading: 0.0020 s/iter. Inference: 0.4511 s/iter. Eval: 0.0002 s/iter. Total: 0.4534 s/iter. ETA=0:20:54
[10/31 00:35:02 d2.evaluation.evaluator]: Inference done 2243/5000. Dataloading: 0.0020 s/iter. Inference: 0.4511 s/iter. Eval: 0.0002 s/iter. Total: 0.4534 s/iter. ETA=0:20:49
[10/31 00:35:07 d2.evaluation.evaluator]: Inference done 2254/5000. Dataloading: 0.0020 s/iter. Inference: 0.4512 s/iter. Eval: 0.0002 s/iter. Total: 0.4534 s/iter. ETA=0:20:45
[10/31 00:35:12 d2.evaluation.evaluator]: Inference done 2265/5000. Dataloading: 0.0020 s/iter. Inference: 0.4512 s/iter. Eval: 0.0002 s/iter. Total: 0.4535 s/iter. ETA=0:20:40
[10/31 00:35:17 d2.evaluation.evaluator]: Inference done 2277/5000. Dataloading: 0.0020 s/iter. Inference: 0.4511 s/iter. Eval: 0.0002 s/iter. Total: 0.4534 s/iter. ETA=0:20:34
[10/31 00:35:23 d2.evaluation.evaluator]: Inference done 2288/5000. Dataloading: 0.0020 s/iter. Inference: 0.4512 s/iter. Eval: 0.0002 s/iter. Total: 0.4535 s/iter. ETA=0:20:29
[10/31 00:35:28 d2.evaluation.evaluator]: Inference done 2300/5000. Dataloading: 0.0020 s/iter. Inference: 0.4511 s/iter. Eval: 0.0002 s/iter. Total: 0.4533 s/iter. ETA=0:20:23
[10/31 00:35:33 d2.evaluation.evaluator]: Inference done 2312/5000. Dataloading: 0.0019 s/iter. Inference: 0.4511 s/iter. Eval: 0.0002 s/iter. Total: 0.4533 s/iter. ETA=0:20:18
[10/31 00:35:38 d2.evaluation.evaluator]: Inference done 2323/5000. Dataloading: 0.0019 s/iter. Inference: 0.4511 s/iter. Eval: 0.0002 s/iter. Total: 0.4533 s/iter. ETA=0:20:13
[10/31 00:35:43 d2.evaluation.evaluator]: Inference done 2334/5000. Dataloading: 0.0019 s/iter. Inference: 0.4511 s/iter. Eval: 0.0002 s/iter. Total: 0.4533 s/iter. ETA=0:20:08
[10/31 00:35:48 d2.evaluation.evaluator]: Inference done 2345/5000. Dataloading: 0.0019 s/iter. Inference: 0.4511 s/iter. Eval: 0.0002 s/iter. Total: 0.4534 s/iter. ETA=0:20:03
[10/31 00:35:54 d2.evaluation.evaluator]: Inference done 2356/5000. Dataloading: 0.0020 s/iter. Inference: 0.4512 s/iter. Eval: 0.0002 s/iter. Total: 0.4535 s/iter. ETA=0:19:59
[10/31 00:35:59 d2.evaluation.evaluator]: Inference done 2368/5000. Dataloading: 0.0020 s/iter. Inference: 0.4511 s/iter. Eval: 0.0002 s/iter. Total: 0.4534 s/iter. ETA=0:19:53
[10/31 00:36:04 d2.evaluation.evaluator]: Inference done 2380/5000. Dataloading: 0.0020 s/iter. Inference: 0.4511 s/iter. Eval: 0.0002 s/iter. Total: 0.4534 s/iter. ETA=0:19:47
[10/31 00:36:09 d2.evaluation.evaluator]: Inference done 2392/5000. Dataloading: 0.0019 s/iter. Inference: 0.4511 s/iter. Eval: 0.0002 s/iter. Total: 0.4533 s/iter. ETA=0:19:42
[10/31 00:36:15 d2.evaluation.evaluator]: Inference done 2404/5000. Dataloading: 0.0019 s/iter. Inference: 0.4511 s/iter. Eval: 0.0002 s/iter. Total: 0.4533 s/iter. ETA=0:19:36
[10/31 00:36:20 d2.evaluation.evaluator]: Inference done 2416/5000. Dataloading: 0.0019 s/iter. Inference: 0.4511 s/iter. Eval: 0.0002 s/iter. Total: 0.4533 s/iter. ETA=0:19:31
[10/31 00:36:25 d2.evaluation.evaluator]: Inference done 2427/5000. Dataloading: 0.0019 s/iter. Inference: 0.4511 s/iter. Eval: 0.0002 s/iter. Total: 0.4534 s/iter. ETA=0:19:26
[10/31 00:36:30 d2.evaluation.evaluator]: Inference done 2438/5000. Dataloading: 0.0019 s/iter. Inference: 0.4511 s/iter. Eval: 0.0002 s/iter. Total: 0.4534 s/iter. ETA=0:19:21
[10/31 00:36:35 d2.evaluation.evaluator]: Inference done 2449/5000. Dataloading: 0.0019 s/iter. Inference: 0.4511 s/iter. Eval: 0.0002 s/iter. Total: 0.4534 s/iter. ETA=0:19:16
[10/31 00:36:41 d2.evaluation.evaluator]: Inference done 2460/5000. Dataloading: 0.0019 s/iter. Inference: 0.4512 s/iter. Eval: 0.0002 s/iter. Total: 0.4534 s/iter. ETA=0:19:11
[10/31 00:36:46 d2.evaluation.evaluator]: Inference done 2472/5000. Dataloading: 0.0019 s/iter. Inference: 0.4511 s/iter. Eval: 0.0002 s/iter. Total: 0.4534 s/iter. ETA=0:19:06
[10/31 00:36:51 d2.evaluation.evaluator]: Inference done 2484/5000. Dataloading: 0.0019 s/iter. Inference: 0.4510 s/iter. Eval: 0.0002 s/iter. Total: 0.4533 s/iter. ETA=0:19:00
[10/31 00:36:56 d2.evaluation.evaluator]: Inference done 2496/5000. Dataloading: 0.0019 s/iter. Inference: 0.4510 s/iter. Eval: 0.0002 s/iter. Total: 0.4533 s/iter. ETA=0:18:54
[10/31 00:37:02 d2.evaluation.evaluator]: Inference done 2508/5000. Dataloading: 0.0019 s/iter. Inference: 0.4510 s/iter. Eval: 0.0002 s/iter. Total: 0.4532 s/iter. ETA=0:18:49
[10/31 00:37:07 d2.evaluation.evaluator]: Inference done 2520/5000. Dataloading: 0.0019 s/iter. Inference: 0.4510 s/iter. Eval: 0.0002 s/iter. Total: 0.4532 s/iter. ETA=0:18:43
[10/31 00:37:12 d2.evaluation.evaluator]: Inference done 2532/5000. Dataloading: 0.0019 s/iter. Inference: 0.4509 s/iter. Eval: 0.0002 s/iter. Total: 0.4531 s/iter. ETA=0:18:38
[10/31 00:37:18 d2.evaluation.evaluator]: Inference done 2544/5000. Dataloading: 0.0019 s/iter. Inference: 0.4509 s/iter. Eval: 0.0002 s/iter. Total: 0.4531 s/iter. ETA=0:18:32
[10/31 00:37:23 d2.evaluation.evaluator]: Inference done 2555/5000. Dataloading: 0.0019 s/iter. Inference: 0.4509 s/iter. Eval: 0.0002 s/iter. Total: 0.4531 s/iter. ETA=0:18:27
[10/31 00:37:28 d2.evaluation.evaluator]: Inference done 2567/5000. Dataloading: 0.0019 s/iter. Inference: 0.4509 s/iter. Eval: 0.0002 s/iter. Total: 0.4531 s/iter. ETA=0:18:22
[10/31 00:37:33 d2.evaluation.evaluator]: Inference done 2579/5000. Dataloading: 0.0019 s/iter. Inference: 0.4508 s/iter. Eval: 0.0002 s/iter. Total: 0.4530 s/iter. ETA=0:18:16
[10/31 00:37:39 d2.evaluation.evaluator]: Inference done 2591/5000. Dataloading: 0.0019 s/iter. Inference: 0.4507 s/iter. Eval: 0.0002 s/iter. Total: 0.4529 s/iter. ETA=0:18:11
[10/31 00:37:44 d2.evaluation.evaluator]: Inference done 2602/5000. Dataloading: 0.0019 s/iter. Inference: 0.4507 s/iter. Eval: 0.0002 s/iter. Total: 0.4529 s/iter. ETA=0:18:06
[10/31 00:37:49 d2.evaluation.evaluator]: Inference done 2613/5000. Dataloading: 0.0019 s/iter. Inference: 0.4507 s/iter. Eval: 0.0002 s/iter. Total: 0.4530 s/iter. ETA=0:18:01
[10/31 00:37:54 d2.evaluation.evaluator]: Inference done 2625/5000. Dataloading: 0.0019 s/iter. Inference: 0.4507 s/iter. Eval: 0.0002 s/iter. Total: 0.4529 s/iter. ETA=0:17:55
[10/31 00:37:59 d2.evaluation.evaluator]: Inference done 2636/5000. Dataloading: 0.0019 s/iter. Inference: 0.4508 s/iter. Eval: 0.0002 s/iter. Total: 0.4530 s/iter. ETA=0:17:50
[10/31 00:38:05 d2.evaluation.evaluator]: Inference done 2648/5000. Dataloading: 0.0019 s/iter. Inference: 0.4508 s/iter. Eval: 0.0002 s/iter. Total: 0.4530 s/iter. ETA=0:17:45
[10/31 00:38:10 d2.evaluation.evaluator]: Inference done 2659/5000. Dataloading: 0.0019 s/iter. Inference: 0.4508 s/iter. Eval: 0.0002 s/iter. Total: 0.4530 s/iter. ETA=0:17:40
[10/31 00:38:15 d2.evaluation.evaluator]: Inference done 2671/5000. Dataloading: 0.0019 s/iter. Inference: 0.4508 s/iter. Eval: 0.0002 s/iter. Total: 0.4530 s/iter. ETA=0:17:34
[10/31 00:38:20 d2.evaluation.evaluator]: Inference done 2683/5000. Dataloading: 0.0019 s/iter. Inference: 0.4508 s/iter. Eval: 0.0002 s/iter. Total: 0.4530 s/iter. ETA=0:17:29
[10/31 00:38:26 d2.evaluation.evaluator]: Inference done 2695/5000. Dataloading: 0.0019 s/iter. Inference: 0.4508 s/iter. Eval: 0.0002 s/iter. Total: 0.4530 s/iter. ETA=0:17:24
[10/31 00:38:31 d2.evaluation.evaluator]: Inference done 2707/5000. Dataloading: 0.0019 s/iter. Inference: 0.4508 s/iter. Eval: 0.0002 s/iter. Total: 0.4530 s/iter. ETA=0:17:18
[10/31 00:38:37 d2.evaluation.evaluator]: Inference done 2719/5000. Dataloading: 0.0019 s/iter. Inference: 0.4508 s/iter. Eval: 0.0002 s/iter. Total: 0.4530 s/iter. ETA=0:17:13
[10/31 00:38:42 d2.evaluation.evaluator]: Inference done 2731/5000. Dataloading: 0.0019 s/iter. Inference: 0.4508 s/iter. Eval: 0.0002 s/iter. Total: 0.4530 s/iter. ETA=0:17:07
[10/31 00:38:47 d2.evaluation.evaluator]: Inference done 2743/5000. Dataloading: 0.0019 s/iter. Inference: 0.4507 s/iter. Eval: 0.0002 s/iter. Total: 0.4529 s/iter. ETA=0:17:02
[10/31 00:38:53 d2.evaluation.evaluator]: Inference done 2755/5000. Dataloading: 0.0019 s/iter. Inference: 0.4507 s/iter. Eval: 0.0002 s/iter. Total: 0.4529 s/iter. ETA=0:16:56
[10/31 00:38:58 d2.evaluation.evaluator]: Inference done 2767/5000. Dataloading: 0.0019 s/iter. Inference: 0.4506 s/iter. Eval: 0.0002 s/iter. Total: 0.4528 s/iter. ETA=0:16:51
[10/31 00:39:03 d2.evaluation.evaluator]: Inference done 2778/5000. Dataloading: 0.0019 s/iter. Inference: 0.4507 s/iter. Eval: 0.0002 s/iter. Total: 0.4528 s/iter. ETA=0:16:46
[10/31 00:39:08 d2.evaluation.evaluator]: Inference done 2790/5000. Dataloading: 0.0018 s/iter. Inference: 0.4506 s/iter. Eval: 0.0002 s/iter. Total: 0.4528 s/iter. ETA=0:16:40
[10/31 00:39:14 d2.evaluation.evaluator]: Inference done 2802/5000. Dataloading: 0.0018 s/iter. Inference: 0.4506 s/iter. Eval: 0.0002 s/iter. Total: 0.4527 s/iter. ETA=0:16:35
[10/31 00:39:19 d2.evaluation.evaluator]: Inference done 2814/5000. Dataloading: 0.0018 s/iter. Inference: 0.4505 s/iter. Eval: 0.0002 s/iter. Total: 0.4527 s/iter. ETA=0:16:29
[10/31 00:39:24 d2.evaluation.evaluator]: Inference done 2826/5000. Dataloading: 0.0018 s/iter. Inference: 0.4505 s/iter. Eval: 0.0002 s/iter. Total: 0.4527 s/iter. ETA=0:16:24
[10/31 00:39:30 d2.evaluation.evaluator]: Inference done 2837/5000. Dataloading: 0.0018 s/iter. Inference: 0.4506 s/iter. Eval: 0.0002 s/iter. Total: 0.4527 s/iter. ETA=0:16:19
[10/31 00:39:35 d2.evaluation.evaluator]: Inference done 2848/5000. Dataloading: 0.0018 s/iter. Inference: 0.4507 s/iter. Eval: 0.0002 s/iter. Total: 0.4528 s/iter. ETA=0:16:14
[10/31 00:39:40 d2.evaluation.evaluator]: Inference done 2860/5000. Dataloading: 0.0018 s/iter. Inference: 0.4506 s/iter. Eval: 0.0002 s/iter. Total: 0.4527 s/iter. ETA=0:16:08
[10/31 00:39:45 d2.evaluation.evaluator]: Inference done 2871/5000. Dataloading: 0.0018 s/iter. Inference: 0.4507 s/iter. Eval: 0.0002 s/iter. Total: 0.4528 s/iter. ETA=0:16:04
[10/31 00:39:50 d2.evaluation.evaluator]: Inference done 2882/5000. Dataloading: 0.0018 s/iter. Inference: 0.4507 s/iter. Eval: 0.0002 s/iter. Total: 0.4529 s/iter. ETA=0:15:59
[10/31 00:39:55 d2.evaluation.evaluator]: Inference done 2893/5000. Dataloading: 0.0018 s/iter. Inference: 0.4508 s/iter. Eval: 0.0002 s/iter. Total: 0.4529 s/iter. ETA=0:15:54
[10/31 00:40:01 d2.evaluation.evaluator]: Inference done 2905/5000. Dataloading: 0.0018 s/iter. Inference: 0.4507 s/iter. Eval: 0.0002 s/iter. Total: 0.4529 s/iter. ETA=0:15:48
[10/31 00:40:06 d2.evaluation.evaluator]: Inference done 2917/5000. Dataloading: 0.0018 s/iter. Inference: 0.4507 s/iter. Eval: 0.0002 s/iter. Total: 0.4529 s/iter. ETA=0:15:43
[10/31 00:40:11 d2.evaluation.evaluator]: Inference done 2929/5000. Dataloading: 0.0018 s/iter. Inference: 0.4507 s/iter. Eval: 0.0002 s/iter. Total: 0.4528 s/iter. ETA=0:15:37
[10/31 00:40:16 d2.evaluation.evaluator]: Inference done 2940/5000. Dataloading: 0.0018 s/iter. Inference: 0.4507 s/iter. Eval: 0.0002 s/iter. Total: 0.4529 s/iter. ETA=0:15:32
[10/31 00:40:22 d2.evaluation.evaluator]: Inference done 2952/5000. Dataloading: 0.0018 s/iter. Inference: 0.4506 s/iter. Eval: 0.0002 s/iter. Total: 0.4528 s/iter. ETA=0:15:27
[10/31 00:40:27 d2.evaluation.evaluator]: Inference done 2963/5000. Dataloading: 0.0018 s/iter. Inference: 0.4507 s/iter. Eval: 0.0002 s/iter. Total: 0.4528 s/iter. ETA=0:15:22
[10/31 00:40:32 d2.evaluation.evaluator]: Inference done 2974/5000. Dataloading: 0.0018 s/iter. Inference: 0.4507 s/iter. Eval: 0.0002 s/iter. Total: 0.4528 s/iter. ETA=0:15:17
[10/31 00:40:37 d2.evaluation.evaluator]: Inference done 2986/5000. Dataloading: 0.0018 s/iter. Inference: 0.4506 s/iter. Eval: 0.0002 s/iter. Total: 0.4528 s/iter. ETA=0:15:11
[10/31 00:40:42 d2.evaluation.evaluator]: Inference done 2998/5000. Dataloading: 0.0018 s/iter. Inference: 0.4506 s/iter. Eval: 0.0002 s/iter. Total: 0.4528 s/iter. ETA=0:15:06
[10/31 00:40:48 d2.evaluation.evaluator]: Inference done 3010/5000. Dataloading: 0.0018 s/iter. Inference: 0.4506 s/iter. Eval: 0.0002 s/iter. Total: 0.4527 s/iter. ETA=0:15:00
[10/31 00:40:53 d2.evaluation.evaluator]: Inference done 3021/5000. Dataloading: 0.0018 s/iter. Inference: 0.4507 s/iter. Eval: 0.0002 s/iter. Total: 0.4528 s/iter. ETA=0:14:56
[10/31 00:40:58 d2.evaluation.evaluator]: Inference done 3033/5000. Dataloading: 0.0018 s/iter. Inference: 0.4507 s/iter. Eval: 0.0002 s/iter. Total: 0.4528 s/iter. ETA=0:14:50
[10/31 00:41:03 d2.evaluation.evaluator]: Inference done 3044/5000. Dataloading: 0.0018 s/iter. Inference: 0.4507 s/iter. Eval: 0.0002 s/iter. Total: 0.4528 s/iter. ETA=0:14:45
[10/31 00:41:09 d2.evaluation.evaluator]: Inference done 3055/5000. Dataloading: 0.0018 s/iter. Inference: 0.4507 s/iter. Eval: 0.0002 s/iter. Total: 0.4528 s/iter. ETA=0:14:40
[10/31 00:41:14 d2.evaluation.evaluator]: Inference done 3066/5000. Dataloading: 0.0018 s/iter. Inference: 0.4507 s/iter. Eval: 0.0002 s/iter. Total: 0.4529 s/iter. ETA=0:14:35
[10/31 00:41:19 d2.evaluation.evaluator]: Inference done 3078/5000. Dataloading: 0.0018 s/iter. Inference: 0.4507 s/iter. Eval: 0.0002 s/iter. Total: 0.4529 s/iter. ETA=0:14:30
[10/31 00:41:24 d2.evaluation.evaluator]: Inference done 3089/5000. Dataloading: 0.0018 s/iter. Inference: 0.4508 s/iter. Eval: 0.0002 s/iter. Total: 0.4529 s/iter. ETA=0:14:25
[10/31 00:41:29 d2.evaluation.evaluator]: Inference done 3101/5000. Dataloading: 0.0018 s/iter. Inference: 0.4508 s/iter. Eval: 0.0002 s/iter. Total: 0.4529 s/iter. ETA=0:14:19
[10/31 00:41:35 d2.evaluation.evaluator]: Inference done 3113/5000. Dataloading: 0.0018 s/iter. Inference: 0.4507 s/iter. Eval: 0.0002 s/iter. Total: 0.4528 s/iter. ETA=0:14:14
[10/31 00:41:40 d2.evaluation.evaluator]: Inference done 3124/5000. Dataloading: 0.0018 s/iter. Inference: 0.4508 s/iter. Eval: 0.0002 s/iter. Total: 0.4529 s/iter. ETA=0:14:09
[10/31 00:41:45 d2.evaluation.evaluator]: Inference done 3135/5000. Dataloading: 0.0018 s/iter. Inference: 0.4508 s/iter. Eval: 0.0002 s/iter. Total: 0.4529 s/iter. ETA=0:14:04
[10/31 00:41:50 d2.evaluation.evaluator]: Inference done 3147/5000. Dataloading: 0.0018 s/iter. Inference: 0.4508 s/iter. Eval: 0.0002 s/iter. Total: 0.4529 s/iter. ETA=0:13:59
[10/31 00:41:56 d2.evaluation.evaluator]: Inference done 3159/5000. Dataloading: 0.0018 s/iter. Inference: 0.4507 s/iter. Eval: 0.0002 s/iter. Total: 0.4528 s/iter. ETA=0:13:53
[10/31 00:42:01 d2.evaluation.evaluator]: Inference done 3171/5000. Dataloading: 0.0018 s/iter. Inference: 0.4507 s/iter. Eval: 0.0002 s/iter. Total: 0.4528 s/iter. ETA=0:13:48
[10/31 00:42:06 d2.evaluation.evaluator]: Inference done 3183/5000. Dataloading: 0.0018 s/iter. Inference: 0.4507 s/iter. Eval: 0.0002 s/iter. Total: 0.4528 s/iter. ETA=0:13:42
[10/31 00:42:12 d2.evaluation.evaluator]: Inference done 3195/5000. Dataloading: 0.0018 s/iter. Inference: 0.4507 s/iter. Eval: 0.0002 s/iter. Total: 0.4528 s/iter. ETA=0:13:37
[10/31 00:42:17 d2.evaluation.evaluator]: Inference done 3207/5000. Dataloading: 0.0018 s/iter. Inference: 0.4507 s/iter. Eval: 0.0002 s/iter. Total: 0.4528 s/iter. ETA=0:13:31
[10/31 00:42:22 d2.evaluation.evaluator]: Inference done 3219/5000. Dataloading: 0.0018 s/iter. Inference: 0.4506 s/iter. Eval: 0.0002 s/iter. Total: 0.4527 s/iter. ETA=0:13:26
[10/31 00:42:27 d2.evaluation.evaluator]: Inference done 3230/5000. Dataloading: 0.0018 s/iter. Inference: 0.4507 s/iter. Eval: 0.0002 s/iter. Total: 0.4527 s/iter. ETA=0:13:21
[10/31 00:42:33 d2.evaluation.evaluator]: Inference done 3242/5000. Dataloading: 0.0018 s/iter. Inference: 0.4506 s/iter. Eval: 0.0002 s/iter. Total: 0.4527 s/iter. ETA=0:13:15
[10/31 00:42:38 d2.evaluation.evaluator]: Inference done 3254/5000. Dataloading: 0.0018 s/iter. Inference: 0.4506 s/iter. Eval: 0.0002 s/iter. Total: 0.4527 s/iter. ETA=0:13:10
[10/31 00:42:44 d2.evaluation.evaluator]: Inference done 3266/5000. Dataloading: 0.0018 s/iter. Inference: 0.4506 s/iter. Eval: 0.0002 s/iter. Total: 0.4527 s/iter. ETA=0:13:04
[10/31 00:42:49 d2.evaluation.evaluator]: Inference done 3277/5000. Dataloading: 0.0018 s/iter. Inference: 0.4506 s/iter. Eval: 0.0002 s/iter. Total: 0.4527 s/iter. ETA=0:13:00
[10/31 00:42:54 d2.evaluation.evaluator]: Inference done 3288/5000. Dataloading: 0.0018 s/iter. Inference: 0.4507 s/iter. Eval: 0.0002 s/iter. Total: 0.4527 s/iter. ETA=0:12:55
[10/31 00:42:59 d2.evaluation.evaluator]: Inference done 3300/5000. Dataloading: 0.0018 s/iter. Inference: 0.4507 s/iter. Eval: 0.0002 s/iter. Total: 0.4527 s/iter. ETA=0:12:49
[10/31 00:43:05 d2.evaluation.evaluator]: Inference done 3312/5000. Dataloading: 0.0018 s/iter. Inference: 0.4507 s/iter. Eval: 0.0002 s/iter. Total: 0.4527 s/iter. ETA=0:12:44
[10/31 00:43:10 d2.evaluation.evaluator]: Inference done 3324/5000. Dataloading: 0.0018 s/iter. Inference: 0.4507 s/iter. Eval: 0.0002 s/iter. Total: 0.4527 s/iter. ETA=0:12:38
[10/31 00:43:15 d2.evaluation.evaluator]: Inference done 3336/5000. Dataloading: 0.0018 s/iter. Inference: 0.4506 s/iter. Eval: 0.0002 s/iter. Total: 0.4527 s/iter. ETA=0:12:33
[10/31 00:43:21 d2.evaluation.evaluator]: Inference done 3348/5000. Dataloading: 0.0018 s/iter. Inference: 0.4506 s/iter. Eval: 0.0002 s/iter. Total: 0.4526 s/iter. ETA=0:12:27
[10/31 00:43:26 d2.evaluation.evaluator]: Inference done 3359/5000. Dataloading: 0.0017 s/iter. Inference: 0.4506 s/iter. Eval: 0.0002 s/iter. Total: 0.4527 s/iter. ETA=0:12:22
[10/31 00:43:31 d2.evaluation.evaluator]: Inference done 3371/5000. Dataloading: 0.0017 s/iter. Inference: 0.4506 s/iter. Eval: 0.0002 s/iter. Total: 0.4527 s/iter. ETA=0:12:17
[10/31 00:43:36 d2.evaluation.evaluator]: Inference done 3382/5000. Dataloading: 0.0017 s/iter. Inference: 0.4506 s/iter. Eval: 0.0002 s/iter. Total: 0.4527 s/iter. ETA=0:12:12
[10/31 00:43:41 d2.evaluation.evaluator]: Inference done 3394/5000. Dataloading: 0.0017 s/iter. Inference: 0.4506 s/iter. Eval: 0.0002 s/iter. Total: 0.4526 s/iter. ETA=0:12:06
[10/31 00:43:47 d2.evaluation.evaluator]: Inference done 3406/5000. Dataloading: 0.0017 s/iter. Inference: 0.4505 s/iter. Eval: 0.0002 s/iter. Total: 0.4526 s/iter. ETA=0:12:01
[10/31 00:43:52 d2.evaluation.evaluator]: Inference done 3418/5000. Dataloading: 0.0017 s/iter. Inference: 0.4505 s/iter. Eval: 0.0002 s/iter. Total: 0.4526 s/iter. ETA=0:11:55
[10/31 00:43:57 d2.evaluation.evaluator]: Inference done 3429/5000. Dataloading: 0.0017 s/iter. Inference: 0.4506 s/iter. Eval: 0.0002 s/iter. Total: 0.4526 s/iter. ETA=0:11:51
[10/31 00:44:03 d2.evaluation.evaluator]: Inference done 3441/5000. Dataloading: 0.0017 s/iter. Inference: 0.4506 s/iter. Eval: 0.0002 s/iter. Total: 0.4526 s/iter. ETA=0:11:45
[10/31 00:44:08 d2.evaluation.evaluator]: Inference done 3453/5000. Dataloading: 0.0017 s/iter. Inference: 0.4506 s/iter. Eval: 0.0002 s/iter. Total: 0.4526 s/iter. ETA=0:11:40
[10/31 00:44:13 d2.evaluation.evaluator]: Inference done 3464/5000. Dataloading: 0.0017 s/iter. Inference: 0.4506 s/iter. Eval: 0.0002 s/iter. Total: 0.4527 s/iter. ETA=0:11:35
[10/31 00:44:19 d2.evaluation.evaluator]: Inference done 3476/5000. Dataloading: 0.0017 s/iter. Inference: 0.4506 s/iter. Eval: 0.0002 s/iter. Total: 0.4527 s/iter. ETA=0:11:29
[10/31 00:44:24 d2.evaluation.evaluator]: Inference done 3488/5000. Dataloading: 0.0017 s/iter. Inference: 0.4506 s/iter. Eval: 0.0002 s/iter. Total: 0.4526 s/iter. ETA=0:11:24
[10/31 00:44:29 d2.evaluation.evaluator]: Inference done 3500/5000. Dataloading: 0.0017 s/iter. Inference: 0.4506 s/iter. Eval: 0.0002 s/iter. Total: 0.4526 s/iter. ETA=0:11:18
[10/31 00:44:35 d2.evaluation.evaluator]: Inference done 3512/5000. Dataloading: 0.0017 s/iter. Inference: 0.4506 s/iter. Eval: 0.0002 s/iter. Total: 0.4526 s/iter. ETA=0:11:13
[10/31 00:44:40 d2.evaluation.evaluator]: Inference done 3524/5000. Dataloading: 0.0017 s/iter. Inference: 0.4505 s/iter. Eval: 0.0002 s/iter. Total: 0.4525 s/iter. ETA=0:11:07
[10/31 00:44:45 d2.evaluation.evaluator]: Inference done 3536/5000. Dataloading: 0.0017 s/iter. Inference: 0.4505 s/iter. Eval: 0.0002 s/iter. Total: 0.4525 s/iter. ETA=0:11:02
[10/31 00:44:51 d2.evaluation.evaluator]: Inference done 3548/5000. Dataloading: 0.0017 s/iter. Inference: 0.4505 s/iter. Eval: 0.0002 s/iter. Total: 0.4525 s/iter. ETA=0:10:57
[10/31 00:44:56 d2.evaluation.evaluator]: Inference done 3560/5000. Dataloading: 0.0017 s/iter. Inference: 0.4505 s/iter. Eval: 0.0002 s/iter. Total: 0.4525 s/iter. ETA=0:10:51
[10/31 00:45:01 d2.evaluation.evaluator]: Inference done 3571/5000. Dataloading: 0.0017 s/iter. Inference: 0.4505 s/iter. Eval: 0.0002 s/iter. Total: 0.4526 s/iter. ETA=0:10:46
[10/31 00:45:06 d2.evaluation.evaluator]: Inference done 3583/5000. Dataloading: 0.0017 s/iter. Inference: 0.4505 s/iter. Eval: 0.0002 s/iter. Total: 0.4525 s/iter. ETA=0:10:41
[10/31 00:45:12 d2.evaluation.evaluator]: Inference done 3595/5000. Dataloading: 0.0017 s/iter. Inference: 0.4505 s/iter. Eval: 0.0002 s/iter. Total: 0.4525 s/iter. ETA=0:10:35
[10/31 00:45:17 d2.evaluation.evaluator]: Inference done 3607/5000. Dataloading: 0.0017 s/iter. Inference: 0.4504 s/iter. Eval: 0.0002 s/iter. Total: 0.4525 s/iter. ETA=0:10:30
[10/31 00:45:22 d2.evaluation.evaluator]: Inference done 3618/5000. Dataloading: 0.0017 s/iter. Inference: 0.4505 s/iter. Eval: 0.0002 s/iter. Total: 0.4525 s/iter. ETA=0:10:25
[10/31 00:45:28 d2.evaluation.evaluator]: Inference done 3630/5000. Dataloading: 0.0017 s/iter. Inference: 0.4504 s/iter. Eval: 0.0002 s/iter. Total: 0.4525 s/iter. ETA=0:10:19
[10/31 00:45:33 d2.evaluation.evaluator]: Inference done 3641/5000. Dataloading: 0.0017 s/iter. Inference: 0.4505 s/iter. Eval: 0.0002 s/iter. Total: 0.4525 s/iter. ETA=0:10:14
[10/31 00:45:38 d2.evaluation.evaluator]: Inference done 3653/5000. Dataloading: 0.0017 s/iter. Inference: 0.4505 s/iter. Eval: 0.0002 s/iter. Total: 0.4525 s/iter. ETA=0:10:09
[10/31 00:45:44 d2.evaluation.evaluator]: Inference done 3665/5000. Dataloading: 0.0017 s/iter. Inference: 0.4505 s/iter. Eval: 0.0002 s/iter. Total: 0.4525 s/iter. ETA=0:10:04
[10/31 00:45:49 d2.evaluation.evaluator]: Inference done 3677/5000. Dataloading: 0.0017 s/iter. Inference: 0.4505 s/iter. Eval: 0.0002 s/iter. Total: 0.4525 s/iter. ETA=0:09:58
[10/31 00:45:54 d2.evaluation.evaluator]: Inference done 3689/5000. Dataloading: 0.0017 s/iter. Inference: 0.4505 s/iter. Eval: 0.0002 s/iter. Total: 0.4525 s/iter. ETA=0:09:53
[10/31 00:45:59 d2.evaluation.evaluator]: Inference done 3700/5000. Dataloading: 0.0017 s/iter. Inference: 0.4505 s/iter. Eval: 0.0002 s/iter. Total: 0.4525 s/iter. ETA=0:09:48
[10/31 00:46:05 d2.evaluation.evaluator]: Inference done 3712/5000. Dataloading: 0.0017 s/iter. Inference: 0.4505 s/iter. Eval: 0.0002 s/iter. Total: 0.4525 s/iter. ETA=0:09:42
[10/31 00:46:10 d2.evaluation.evaluator]: Inference done 3723/5000. Dataloading: 0.0017 s/iter. Inference: 0.4505 s/iter. Eval: 0.0002 s/iter. Total: 0.4525 s/iter. ETA=0:09:37
[10/31 00:46:15 d2.evaluation.evaluator]: Inference done 3735/5000. Dataloading: 0.0017 s/iter. Inference: 0.4505 s/iter. Eval: 0.0002 s/iter. Total: 0.4525 s/iter. ETA=0:09:32
[10/31 00:46:21 d2.evaluation.evaluator]: Inference done 3747/5000. Dataloading: 0.0017 s/iter. Inference: 0.4505 s/iter. Eval: 0.0002 s/iter. Total: 0.4525 s/iter. ETA=0:09:26
[10/31 00:46:26 d2.evaluation.evaluator]: Inference done 3759/5000. Dataloading: 0.0017 s/iter. Inference: 0.4505 s/iter. Eval: 0.0002 s/iter. Total: 0.4525 s/iter. ETA=0:09:21
[10/31 00:46:31 d2.evaluation.evaluator]: Inference done 3771/5000. Dataloading: 0.0017 s/iter. Inference: 0.4505 s/iter. Eval: 0.0002 s/iter. Total: 0.4525 s/iter. ETA=0:09:16
[10/31 00:46:36 d2.evaluation.evaluator]: Inference done 3782/5000. Dataloading: 0.0017 s/iter. Inference: 0.4505 s/iter. Eval: 0.0002 s/iter. Total: 0.4525 s/iter. ETA=0:09:11
[10/31 00:46:42 d2.evaluation.evaluator]: Inference done 3793/5000. Dataloading: 0.0017 s/iter. Inference: 0.4505 s/iter. Eval: 0.0002 s/iter. Total: 0.4525 s/iter. ETA=0:09:06
[10/31 00:46:47 d2.evaluation.evaluator]: Inference done 3804/5000. Dataloading: 0.0017 s/iter. Inference: 0.4505 s/iter. Eval: 0.0002 s/iter. Total: 0.4525 s/iter. ETA=0:09:01
[10/31 00:46:52 d2.evaluation.evaluator]: Inference done 3816/5000. Dataloading: 0.0017 s/iter. Inference: 0.4505 s/iter. Eval: 0.0002 s/iter. Total: 0.4525 s/iter. ETA=0:08:55
[10/31 00:46:57 d2.evaluation.evaluator]: Inference done 3828/5000. Dataloading: 0.0017 s/iter. Inference: 0.4505 s/iter. Eval: 0.0002 s/iter. Total: 0.4525 s/iter. ETA=0:08:50
[10/31 00:47:02 d2.evaluation.evaluator]: Inference done 3839/5000. Dataloading: 0.0017 s/iter. Inference: 0.4506 s/iter. Eval: 0.0002 s/iter. Total: 0.4526 s/iter. ETA=0:08:45
[10/31 00:47:07 d2.evaluation.evaluator]: Inference done 3850/5000. Dataloading: 0.0017 s/iter. Inference: 0.4506 s/iter. Eval: 0.0002 s/iter. Total: 0.4526 s/iter. ETA=0:08:40
[10/31 00:47:13 d2.evaluation.evaluator]: Inference done 3861/5000. Dataloading: 0.0017 s/iter. Inference: 0.4506 s/iter. Eval: 0.0002 s/iter. Total: 0.4526 s/iter. ETA=0:08:35
[10/31 00:47:18 d2.evaluation.evaluator]: Inference done 3873/5000. Dataloading: 0.0017 s/iter. Inference: 0.4506 s/iter. Eval: 0.0002 s/iter. Total: 0.4526 s/iter. ETA=0:08:30
[10/31 00:47:23 d2.evaluation.evaluator]: Inference done 3885/5000. Dataloading: 0.0017 s/iter. Inference: 0.4506 s/iter. Eval: 0.0002 s/iter. Total: 0.4525 s/iter. ETA=0:08:24
[10/31 00:47:28 d2.evaluation.evaluator]: Inference done 3897/5000. Dataloading: 0.0017 s/iter. Inference: 0.4505 s/iter. Eval: 0.0002 s/iter. Total: 0.4525 s/iter. ETA=0:08:19
[10/31 00:47:34 d2.evaluation.evaluator]: Inference done 3909/5000. Dataloading: 0.0017 s/iter. Inference: 0.4505 s/iter. Eval: 0.0002 s/iter. Total: 0.4525 s/iter. ETA=0:08:13
[10/31 00:47:39 d2.evaluation.evaluator]: Inference done 3921/5000. Dataloading: 0.0017 s/iter. Inference: 0.4505 s/iter. Eval: 0.0002 s/iter. Total: 0.4525 s/iter. ETA=0:08:08
[10/31 00:47:45 d2.evaluation.evaluator]: Inference done 3933/5000. Dataloading: 0.0017 s/iter. Inference: 0.4505 s/iter. Eval: 0.0002 s/iter. Total: 0.4525 s/iter. ETA=0:08:02
[10/31 00:47:50 d2.evaluation.evaluator]: Inference done 3945/5000. Dataloading: 0.0017 s/iter. Inference: 0.4504 s/iter. Eval: 0.0002 s/iter. Total: 0.4524 s/iter. ETA=0:07:57
[10/31 00:47:55 d2.evaluation.evaluator]: Inference done 3956/5000. Dataloading: 0.0017 s/iter. Inference: 0.4505 s/iter. Eval: 0.0002 s/iter. Total: 0.4524 s/iter. ETA=0:07:52
[10/31 00:48:00 d2.evaluation.evaluator]: Inference done 3968/5000. Dataloading: 0.0017 s/iter. Inference: 0.4504 s/iter. Eval: 0.0002 s/iter. Total: 0.4524 s/iter. ETA=0:07:46
[10/31 00:48:06 d2.evaluation.evaluator]: Inference done 3980/5000. Dataloading: 0.0017 s/iter. Inference: 0.4504 s/iter. Eval: 0.0002 s/iter. Total: 0.4524 s/iter. ETA=0:07:41
[10/31 00:48:11 d2.evaluation.evaluator]: Inference done 3992/5000. Dataloading: 0.0017 s/iter. Inference: 0.4503 s/iter. Eval: 0.0002 s/iter. Total: 0.4523 s/iter. ETA=0:07:35
[10/31 00:48:16 d2.evaluation.evaluator]: Inference done 4003/5000. Dataloading: 0.0017 s/iter. Inference: 0.4503 s/iter. Eval: 0.0002 s/iter. Total: 0.4523 s/iter. ETA=0:07:30
[10/31 00:48:21 d2.evaluation.evaluator]: Inference done 4015/5000. Dataloading: 0.0017 s/iter. Inference: 0.4503 s/iter. Eval: 0.0002 s/iter. Total: 0.4523 s/iter. ETA=0:07:25
[10/31 00:48:26 d2.evaluation.evaluator]: Inference done 4027/5000. Dataloading: 0.0017 s/iter. Inference: 0.4503 s/iter. Eval: 0.0002 s/iter. Total: 0.4523 s/iter. ETA=0:07:20
[10/31 00:48:32 d2.evaluation.evaluator]: Inference done 4039/5000. Dataloading: 0.0017 s/iter. Inference: 0.4503 s/iter. Eval: 0.0002 s/iter. Total: 0.4523 s/iter. ETA=0:07:14
[10/31 00:48:37 d2.evaluation.evaluator]: Inference done 4050/5000. Dataloading: 0.0017 s/iter. Inference: 0.4503 s/iter. Eval: 0.0002 s/iter. Total: 0.4523 s/iter. ETA=0:07:09
[10/31 00:48:42 d2.evaluation.evaluator]: Inference done 4062/5000. Dataloading: 0.0017 s/iter. Inference: 0.4503 s/iter. Eval: 0.0002 s/iter. Total: 0.4523 s/iter. ETA=0:07:04
[10/31 00:48:48 d2.evaluation.evaluator]: Inference done 4074/5000. Dataloading: 0.0017 s/iter. Inference: 0.4503 s/iter. Eval: 0.0002 s/iter. Total: 0.4523 s/iter. ETA=0:06:58
[10/31 00:48:53 d2.evaluation.evaluator]: Inference done 4086/5000. Dataloading: 0.0017 s/iter. Inference: 0.4503 s/iter. Eval: 0.0002 s/iter. Total: 0.4522 s/iter. ETA=0:06:53
[10/31 00:48:58 d2.evaluation.evaluator]: Inference done 4097/5000. Dataloading: 0.0017 s/iter. Inference: 0.4503 s/iter. Eval: 0.0002 s/iter. Total: 0.4523 s/iter. ETA=0:06:48
[10/31 00:49:03 d2.evaluation.evaluator]: Inference done 4109/5000. Dataloading: 0.0017 s/iter. Inference: 0.4503 s/iter. Eval: 0.0002 s/iter. Total: 0.4523 s/iter. ETA=0:06:42
[10/31 00:49:09 d2.evaluation.evaluator]: Inference done 4120/5000. Dataloading: 0.0017 s/iter. Inference: 0.4503 s/iter. Eval: 0.0002 s/iter. Total: 0.4523 s/iter. ETA=0:06:38
[10/31 00:49:14 d2.evaluation.evaluator]: Inference done 4131/5000. Dataloading: 0.0017 s/iter. Inference: 0.4504 s/iter. Eval: 0.0002 s/iter. Total: 0.4524 s/iter. ETA=0:06:33
[10/31 00:49:19 d2.evaluation.evaluator]: Inference done 4143/5000. Dataloading: 0.0017 s/iter. Inference: 0.4504 s/iter. Eval: 0.0002 s/iter. Total: 0.4523 s/iter. ETA=0:06:27
[10/31 00:49:25 d2.evaluation.evaluator]: Inference done 4155/5000. Dataloading: 0.0017 s/iter. Inference: 0.4504 s/iter. Eval: 0.0002 s/iter. Total: 0.4523 s/iter. ETA=0:06:22
[10/31 00:49:30 d2.evaluation.evaluator]: Inference done 4167/5000. Dataloading: 0.0017 s/iter. Inference: 0.4503 s/iter. Eval: 0.0002 s/iter. Total: 0.4523 s/iter. ETA=0:06:16
[10/31 00:49:35 d2.evaluation.evaluator]: Inference done 4179/5000. Dataloading: 0.0017 s/iter. Inference: 0.4503 s/iter. Eval: 0.0002 s/iter. Total: 0.4523 s/iter. ETA=0:06:11
[10/31 00:49:41 d2.evaluation.evaluator]: Inference done 4191/5000. Dataloading: 0.0017 s/iter. Inference: 0.4503 s/iter. Eval: 0.0002 s/iter. Total: 0.4523 s/iter. ETA=0:06:05
[10/31 00:49:46 d2.evaluation.evaluator]: Inference done 4202/5000. Dataloading: 0.0017 s/iter. Inference: 0.4503 s/iter. Eval: 0.0002 s/iter. Total: 0.4523 s/iter. ETA=0:06:00
[10/31 00:49:51 d2.evaluation.evaluator]: Inference done 4214/5000. Dataloading: 0.0016 s/iter. Inference: 0.4503 s/iter. Eval: 0.0002 s/iter. Total: 0.4522 s/iter. ETA=0:05:55
[10/31 00:49:56 d2.evaluation.evaluator]: Inference done 4225/5000. Dataloading: 0.0016 s/iter. Inference: 0.4503 s/iter. Eval: 0.0002 s/iter. Total: 0.4522 s/iter. ETA=0:05:50
[10/31 00:50:01 d2.evaluation.evaluator]: Inference done 4238/5000. Dataloading: 0.0016 s/iter. Inference: 0.4502 s/iter. Eval: 0.0002 s/iter. Total: 0.4521 s/iter. ETA=0:05:44
[10/31 00:50:07 d2.evaluation.evaluator]: Inference done 4250/5000. Dataloading: 0.0016 s/iter. Inference: 0.4502 s/iter. Eval: 0.0002 s/iter. Total: 0.4521 s/iter. ETA=0:05:39
[10/31 00:50:12 d2.evaluation.evaluator]: Inference done 4262/5000. Dataloading: 0.0016 s/iter. Inference: 0.4501 s/iter. Eval: 0.0002 s/iter. Total: 0.4521 s/iter. ETA=0:05:33
[10/31 00:50:17 d2.evaluation.evaluator]: Inference done 4274/5000. Dataloading: 0.0016 s/iter. Inference: 0.4502 s/iter. Eval: 0.0002 s/iter. Total: 0.4521 s/iter. ETA=0:05:28
[10/31 00:50:23 d2.evaluation.evaluator]: Inference done 4286/5000. Dataloading: 0.0016 s/iter. Inference: 0.4501 s/iter. Eval: 0.0002 s/iter. Total: 0.4520 s/iter. ETA=0:05:22
[10/31 00:50:28 d2.evaluation.evaluator]: Inference done 4298/5000. Dataloading: 0.0016 s/iter. Inference: 0.4501 s/iter. Eval: 0.0002 s/iter. Total: 0.4520 s/iter. ETA=0:05:17
[10/31 00:50:33 d2.evaluation.evaluator]: Inference done 4310/5000. Dataloading: 0.0016 s/iter. Inference: 0.4501 s/iter. Eval: 0.0002 s/iter. Total: 0.4520 s/iter. ETA=0:05:11
[10/31 00:50:39 d2.evaluation.evaluator]: Inference done 4321/5000. Dataloading: 0.0016 s/iter. Inference: 0.4501 s/iter. Eval: 0.0002 s/iter. Total: 0.4521 s/iter. ETA=0:05:06
[10/31 00:50:44 d2.evaluation.evaluator]: Inference done 4332/5000. Dataloading: 0.0016 s/iter. Inference: 0.4501 s/iter. Eval: 0.0002 s/iter. Total: 0.4521 s/iter. ETA=0:05:02
[10/31 00:50:49 d2.evaluation.evaluator]: Inference done 4344/5000. Dataloading: 0.0016 s/iter. Inference: 0.4501 s/iter. Eval: 0.0002 s/iter. Total: 0.4520 s/iter. ETA=0:04:56
[10/31 00:50:54 d2.evaluation.evaluator]: Inference done 4356/5000. Dataloading: 0.0016 s/iter. Inference: 0.4501 s/iter. Eval: 0.0002 s/iter. Total: 0.4521 s/iter. ETA=0:04:51
[10/31 00:50:59 d2.evaluation.evaluator]: Inference done 4367/5000. Dataloading: 0.0016 s/iter. Inference: 0.4501 s/iter. Eval: 0.0002 s/iter. Total: 0.4521 s/iter. ETA=0:04:46
[10/31 00:51:04 d2.evaluation.evaluator]: Inference done 4379/5000. Dataloading: 0.0016 s/iter. Inference: 0.4501 s/iter. Eval: 0.0002 s/iter. Total: 0.4520 s/iter. ETA=0:04:40
[10/31 00:51:10 d2.evaluation.evaluator]: Inference done 4391/5000. Dataloading: 0.0016 s/iter. Inference: 0.4500 s/iter. Eval: 0.0002 s/iter. Total: 0.4520 s/iter. ETA=0:04:35
[10/31 00:51:15 d2.evaluation.evaluator]: Inference done 4402/5000. Dataloading: 0.0016 s/iter. Inference: 0.4501 s/iter. Eval: 0.0002 s/iter. Total: 0.4520 s/iter. ETA=0:04:30
[10/31 00:51:20 d2.evaluation.evaluator]: Inference done 4414/5000. Dataloading: 0.0016 s/iter. Inference: 0.4501 s/iter. Eval: 0.0002 s/iter. Total: 0.4520 s/iter. ETA=0:04:24
[10/31 00:51:26 d2.evaluation.evaluator]: Inference done 4426/5000. Dataloading: 0.0016 s/iter. Inference: 0.4500 s/iter. Eval: 0.0002 s/iter. Total: 0.4520 s/iter. ETA=0:04:19
[10/31 00:51:31 d2.evaluation.evaluator]: Inference done 4438/5000. Dataloading: 0.0016 s/iter. Inference: 0.4500 s/iter. Eval: 0.0002 s/iter. Total: 0.4519 s/iter. ETA=0:04:13
[10/31 00:51:36 d2.evaluation.evaluator]: Inference done 4449/5000. Dataloading: 0.0016 s/iter. Inference: 0.4500 s/iter. Eval: 0.0002 s/iter. Total: 0.4520 s/iter. ETA=0:04:09
[10/31 00:51:41 d2.evaluation.evaluator]: Inference done 4460/5000. Dataloading: 0.0016 s/iter. Inference: 0.4501 s/iter. Eval: 0.0002 s/iter. Total: 0.4520 s/iter. ETA=0:04:04
[10/31 00:51:46 d2.evaluation.evaluator]: Inference done 4472/5000. Dataloading: 0.0016 s/iter. Inference: 0.4500 s/iter. Eval: 0.0002 s/iter. Total: 0.4520 s/iter. ETA=0:03:58
[10/31 00:51:52 d2.evaluation.evaluator]: Inference done 4484/5000. Dataloading: 0.0016 s/iter. Inference: 0.4500 s/iter. Eval: 0.0002 s/iter. Total: 0.4519 s/iter. ETA=0:03:53
[10/31 00:51:57 d2.evaluation.evaluator]: Inference done 4496/5000. Dataloading: 0.0016 s/iter. Inference: 0.4500 s/iter. Eval: 0.0002 s/iter. Total: 0.4519 s/iter. ETA=0:03:47
[10/31 00:52:02 d2.evaluation.evaluator]: Inference done 4507/5000. Dataloading: 0.0016 s/iter. Inference: 0.4500 s/iter. Eval: 0.0002 s/iter. Total: 0.4520 s/iter. ETA=0:03:42
[10/31 00:52:07 d2.evaluation.evaluator]: Inference done 4519/5000. Dataloading: 0.0016 s/iter. Inference: 0.4500 s/iter. Eval: 0.0002 s/iter. Total: 0.4519 s/iter. ETA=0:03:37
[10/31 00:52:13 d2.evaluation.evaluator]: Inference done 4531/5000. Dataloading: 0.0016 s/iter. Inference: 0.4500 s/iter. Eval: 0.0002 s/iter. Total: 0.4519 s/iter. ETA=0:03:31
[10/31 00:52:18 d2.evaluation.evaluator]: Inference done 4543/5000. Dataloading: 0.0016 s/iter. Inference: 0.4500 s/iter. Eval: 0.0002 s/iter. Total: 0.4519 s/iter. ETA=0:03:26
[10/31 00:52:23 d2.evaluation.evaluator]: Inference done 4555/5000. Dataloading: 0.0016 s/iter. Inference: 0.4500 s/iter. Eval: 0.0002 s/iter. Total: 0.4519 s/iter. ETA=0:03:21
[10/31 00:52:29 d2.evaluation.evaluator]: Inference done 4567/5000. Dataloading: 0.0016 s/iter. Inference: 0.4500 s/iter. Eval: 0.0002 s/iter. Total: 0.4519 s/iter. ETA=0:03:15
[10/31 00:52:34 d2.evaluation.evaluator]: Inference done 4579/5000. Dataloading: 0.0016 s/iter. Inference: 0.4499 s/iter. Eval: 0.0002 s/iter. Total: 0.4519 s/iter. ETA=0:03:10
[10/31 00:52:40 d2.evaluation.evaluator]: Inference done 4591/5000. Dataloading: 0.0016 s/iter. Inference: 0.4500 s/iter. Eval: 0.0002 s/iter. Total: 0.4519 s/iter. ETA=0:03:04
[10/31 00:52:45 d2.evaluation.evaluator]: Inference done 4602/5000. Dataloading: 0.0016 s/iter. Inference: 0.4500 s/iter. Eval: 0.0002 s/iter. Total: 0.4519 s/iter. ETA=0:02:59
[10/31 00:52:50 d2.evaluation.evaluator]: Inference done 4614/5000. Dataloading: 0.0016 s/iter. Inference: 0.4500 s/iter. Eval: 0.0002 s/iter. Total: 0.4519 s/iter. ETA=0:02:54
[10/31 00:52:55 d2.evaluation.evaluator]: Inference done 4626/5000. Dataloading: 0.0016 s/iter. Inference: 0.4499 s/iter. Eval: 0.0002 s/iter. Total: 0.4519 s/iter. ETA=0:02:48
[10/31 00:53:01 d2.evaluation.evaluator]: Inference done 4637/5000. Dataloading: 0.0016 s/iter. Inference: 0.4500 s/iter. Eval: 0.0002 s/iter. Total: 0.4519 s/iter. ETA=0:02:44
[10/31 00:53:06 d2.evaluation.evaluator]: Inference done 4649/5000. Dataloading: 0.0016 s/iter. Inference: 0.4500 s/iter. Eval: 0.0002 s/iter. Total: 0.4519 s/iter. ETA=0:02:38
[10/31 00:53:11 d2.evaluation.evaluator]: Inference done 4661/5000. Dataloading: 0.0016 s/iter. Inference: 0.4499 s/iter. Eval: 0.0002 s/iter. Total: 0.4519 s/iter. ETA=0:02:33
[10/31 00:53:16 d2.evaluation.evaluator]: Inference done 4673/5000. Dataloading: 0.0016 s/iter. Inference: 0.4499 s/iter. Eval: 0.0002 s/iter. Total: 0.4518 s/iter. ETA=0:02:27
[10/31 00:53:22 d2.evaluation.evaluator]: Inference done 4685/5000. Dataloading: 0.0016 s/iter. Inference: 0.4499 s/iter. Eval: 0.0002 s/iter. Total: 0.4518 s/iter. ETA=0:02:22
[10/31 00:53:27 d2.evaluation.evaluator]: Inference done 4696/5000. Dataloading: 0.0016 s/iter. Inference: 0.4499 s/iter. Eval: 0.0002 s/iter. Total: 0.4518 s/iter. ETA=0:02:17
[10/31 00:53:32 d2.evaluation.evaluator]: Inference done 4708/5000. Dataloading: 0.0016 s/iter. Inference: 0.4499 s/iter. Eval: 0.0002 s/iter. Total: 0.4518 s/iter. ETA=0:02:11
[10/31 00:53:38 d2.evaluation.evaluator]: Inference done 4720/5000. Dataloading: 0.0016 s/iter. Inference: 0.4499 s/iter. Eval: 0.0002 s/iter. Total: 0.4518 s/iter. ETA=0:02:06
[10/31 00:53:43 d2.evaluation.evaluator]: Inference done 4732/5000. Dataloading: 0.0016 s/iter. Inference: 0.4499 s/iter. Eval: 0.0002 s/iter. Total: 0.4518 s/iter. ETA=0:02:01
[10/31 00:53:49 d2.evaluation.evaluator]: Inference done 4744/5000. Dataloading: 0.0016 s/iter. Inference: 0.4499 s/iter. Eval: 0.0002 s/iter. Total: 0.4518 s/iter. ETA=0:01:55
[10/31 00:53:54 d2.evaluation.evaluator]: Inference done 4756/5000. Dataloading: 0.0016 s/iter. Inference: 0.4499 s/iter. Eval: 0.0002 s/iter. Total: 0.4519 s/iter. ETA=0:01:50
[10/31 00:53:59 d2.evaluation.evaluator]: Inference done 4768/5000. Dataloading: 0.0016 s/iter. Inference: 0.4499 s/iter. Eval: 0.0002 s/iter. Total: 0.4518 s/iter. ETA=0:01:44
[10/31 00:54:05 d2.evaluation.evaluator]: Inference done 4780/5000. Dataloading: 0.0016 s/iter. Inference: 0.4499 s/iter. Eval: 0.0002 s/iter. Total: 0.4518 s/iter. ETA=0:01:39
[10/31 00:54:10 d2.evaluation.evaluator]: Inference done 4791/5000. Dataloading: 0.0016 s/iter. Inference: 0.4499 s/iter. Eval: 0.0002 s/iter. Total: 0.4518 s/iter. ETA=0:01:34
[10/31 00:54:15 d2.evaluation.evaluator]: Inference done 4802/5000. Dataloading: 0.0016 s/iter. Inference: 0.4500 s/iter. Eval: 0.0002 s/iter. Total: 0.4519 s/iter. ETA=0:01:29
[10/31 00:54:20 d2.evaluation.evaluator]: Inference done 4814/5000. Dataloading: 0.0016 s/iter. Inference: 0.4499 s/iter. Eval: 0.0002 s/iter. Total: 0.4518 s/iter. ETA=0:01:24
[10/31 00:54:25 d2.evaluation.evaluator]: Inference done 4826/5000. Dataloading: 0.0016 s/iter. Inference: 0.4499 s/iter. Eval: 0.0002 s/iter. Total: 0.4518 s/iter. ETA=0:01:18
[10/31 00:54:31 d2.evaluation.evaluator]: Inference done 4838/5000. Dataloading: 0.0016 s/iter. Inference: 0.4498 s/iter. Eval: 0.0002 s/iter. Total: 0.4517 s/iter. ETA=0:01:13
[10/31 00:54:36 d2.evaluation.evaluator]: Inference done 4849/5000. Dataloading: 0.0016 s/iter. Inference: 0.4499 s/iter. Eval: 0.0002 s/iter. Total: 0.4518 s/iter. ETA=0:01:08
[10/31 00:54:41 d2.evaluation.evaluator]: Inference done 4860/5000. Dataloading: 0.0016 s/iter. Inference: 0.4499 s/iter. Eval: 0.0002 s/iter. Total: 0.4518 s/iter. ETA=0:01:03
[10/31 00:54:46 d2.evaluation.evaluator]: Inference done 4871/5000. Dataloading: 0.0016 s/iter. Inference: 0.4499 s/iter. Eval: 0.0002 s/iter. Total: 0.4518 s/iter. ETA=0:00:58
[10/31 00:54:51 d2.evaluation.evaluator]: Inference done 4882/5000. Dataloading: 0.0016 s/iter. Inference: 0.4499 s/iter. Eval: 0.0002 s/iter. Total: 0.4518 s/iter. ETA=0:00:53
[10/31 00:54:56 d2.evaluation.evaluator]: Inference done 4893/5000. Dataloading: 0.0016 s/iter. Inference: 0.4499 s/iter. Eval: 0.0002 s/iter. Total: 0.4518 s/iter. ETA=0:00:48
[10/31 00:55:01 d2.evaluation.evaluator]: Inference done 4905/5000. Dataloading: 0.0016 s/iter. Inference: 0.4499 s/iter. Eval: 0.0002 s/iter. Total: 0.4518 s/iter. ETA=0:00:42
[10/31 00:55:06 d2.evaluation.evaluator]: Inference done 4916/5000. Dataloading: 0.0016 s/iter. Inference: 0.4499 s/iter. Eval: 0.0002 s/iter. Total: 0.4518 s/iter. ETA=0:00:37
[10/31 00:55:11 d2.evaluation.evaluator]: Inference done 4927/5000. Dataloading: 0.0016 s/iter. Inference: 0.4500 s/iter. Eval: 0.0002 s/iter. Total: 0.4519 s/iter. ETA=0:00:32
[10/31 00:55:17 d2.evaluation.evaluator]: Inference done 4939/5000. Dataloading: 0.0016 s/iter. Inference: 0.4500 s/iter. Eval: 0.0002 s/iter. Total: 0.4519 s/iter. ETA=0:00:27
[10/31 00:55:22 d2.evaluation.evaluator]: Inference done 4950/5000. Dataloading: 0.0016 s/iter. Inference: 0.4500 s/iter. Eval: 0.0002 s/iter. Total: 0.4519 s/iter. ETA=0:00:22
[10/31 00:55:27 d2.evaluation.evaluator]: Inference done 4961/5000. Dataloading: 0.0016 s/iter. Inference: 0.4500 s/iter. Eval: 0.0002 s/iter. Total: 0.4519 s/iter. ETA=0:00:17
[10/31 00:55:32 d2.evaluation.evaluator]: Inference done 4973/5000. Dataloading: 0.0016 s/iter. Inference: 0.4500 s/iter. Eval: 0.0002 s/iter. Total: 0.4519 s/iter. ETA=0:00:12
[10/31 00:55:38 d2.evaluation.evaluator]: Inference done 4985/5000. Dataloading: 0.0016 s/iter. Inference: 0.4500 s/iter. Eval: 0.0002 s/iter. Total: 0.4519 s/iter. ETA=0:00:06
[10/31 00:55:43 d2.evaluation.evaluator]: Inference done 4997/5000. Dataloading: 0.0016 s/iter. Inference: 0.4500 s/iter. Eval: 0.0002 s/iter. Total: 0.4518 s/iter. ETA=0:00:01
[10/31 00:55:44 d2.evaluation.evaluator]: Total inference time: 0:37:36.891051 (0.451830 s / iter per device, on 1 devices)
[10/31 00:55:44 d2.evaluation.evaluator]: Total inference pure compute time: 0:37:27 (0.449929 s / iter per device, on 1 devices)
[10/31 00:55:44 d2.evaluation.coco_evaluation]: Preparing results for COCO format ...
[10/31 00:55:44 d2.evaluation.coco_evaluation]: Evaluating predictions with unofficial COCO API...
Loading and preparing results...
DONE (t=1.27s)
creating index...
index created!
[10/31 00:55:46 d2.evaluation.fast_eval_api]: Evaluate annotation type *bbox*
[10/31 00:55:54 d2.evaluation.fast_eval_api]: COCOeval_opt.evaluate() finished in 8.15 seconds.
[10/31 00:55:54 d2.evaluation.fast_eval_api]: Accumulating evaluation results...
[10/31 00:55:55 d2.evaluation.fast_eval_api]: COCOeval_opt.accumulate() finished in 1.16 seconds.
 Average Precision  (AP) @[ IoU=0.50:0.95 | area=   all | maxDets=100 ] = 0.621
 Average Precision  (AP) @[ IoU=0.50      | area=   all | maxDets=100 ] = 0.794
 Average Precision  (AP) @[ IoU=0.75      | area=   all | maxDets=100 ] = 0.686
 Average Precision  (AP) @[ IoU=0.50:0.95 | area= small | maxDets=100 ] = 0.470
 Average Precision  (AP) @[ IoU=0.50:0.95 | area=medium | maxDets=100 ] = 0.665
 Average Precision  (AP) @[ IoU=0.50:0.95 | area= large | maxDets=100 ] = 0.758
 Average Recall     (AR) @[ IoU=0.50:0.95 | area=   all | maxDets=  1 ] = 0.430
 Average Recall     (AR) @[ IoU=0.50:0.95 | area=   all | maxDets= 10 ] = 0.725
 Average Recall     (AR) @[ IoU=0.50:0.95 | area=   all | maxDets=100 ] = 0.774
 Average Recall     (AR) @[ IoU=0.50:0.95 | area= small | maxDets=100 ] = 0.646
 Average Recall     (AR) @[ IoU=0.50:0.95 | area=medium | maxDets=100 ] = 0.816
 Average Recall     (AR) @[ IoU=0.50:0.95 | area= large | maxDets=100 ] = 0.894
[10/31 00:55:55 d2.evaluation.coco_evaluation]: Evaluation results for bbox: 
|   AP   |  AP50  |  AP75  |  APs   |  APm   |  APl   |
|:------:|:------:|:------:|:------:|:------:|:------:|
| 62.123 | 79.387 | 68.561 | 47.045 | 66.484 | 75.785 |
[10/31 00:55:55 d2.evaluation.coco_evaluation]: Per-category bbox AP: 
| category      | AP     | category     | AP     | category       | AP     |
|:--------------|:-------|:-------------|:-------|:---------------|:-------|
| person        | 70.482 | bicycle      | 51.359 | car            | 62.858 |
| motorcycle    | 63.819 | airplane     | 82.020 | bus            | 81.955 |
| train         | 81.380 | truck        | 59.759 | boat           | 47.329 |
| traffic light | 40.531 | fire hydrant | 81.277 | stop sign      | 75.631 |
| parking meter | 62.130 | bench        | 47.838 | bird           | 54.149 |
| cat           | 84.684 | dog          | 83.069 | horse          | 78.235 |
| sheep         | 70.480 | cow          | 74.642 | elephant       | 79.332 |
| bear          | 86.400 | zebra        | 80.975 | giraffe        | 81.779 |
| backpack      | 37.338 | umbrella     | 61.145 | handbag        | 39.748 |
| tie           | 57.150 | suitcase     | 63.415 | frisbee        | 79.660 |
| skis          | 45.801 | snowboard    | 55.239 | sports ball    | 64.116 |
| kite          | 61.844 | baseball bat | 66.260 | baseball glove | 57.652 |
| skateboard    | 71.427 | surfboard    | 61.324 | tennis racket  | 72.760 |
| bottle        | 60.347 | wine glass   | 58.060 | cup            | 64.213 |
| fork          | 68.194 | knife        | 50.737 | spoon          | 50.127 |
| bowl          | 61.748 | banana       | 39.669 | apple          | 36.157 |
| sandwich      | 56.956 | orange       | 44.303 | broccoli       | 32.874 |
| carrot        | 36.551 | hot dog      | 64.942 | pizza          | 68.511 |
| donut         | 67.998 | cake         | 55.596 | chair          | 54.739 |
| couch         | 64.920 | potted plant | 45.362 | bed            | 67.964 |
| dining table  | 46.434 | toilet       | 77.886 | tv             | 73.335 |
| laptop        | 81.576 | mouse        | 71.694 | remote         | 57.848 |
| keyboard      | 68.279 | cell phone   | 61.891 | microwave      | 76.103 |
| oven          | 52.675 | toaster      | 55.221 | sink           | 54.800 |
| refrigerator  | 76.463 | book         | 32.877 | clock          | 65.106 |
| vase          | 56.051 | scissors     | 67.473 | teddy bear     | 71.782 |
| hair drier    | 37.425 | toothbrush   | 58.000 |                |        |


------- Similarity and Timing Metrics -------
Total Parameters: 218755584
Average Attack Time: 0.4514
Average L2 Norm: 0.0000
Max Difference in Images: 0.0000
------------------------------------------------


[10/31 00:55:56 d2.evaluation.testing]: copypaste: Task: bbox
[10/31 00:55:56 d2.evaluation.testing]: copypaste: AP,AP50,AP75,APs,APm,APl
[10/31 00:55:56 d2.evaluation.testing]: copypaste: 62.1235,79.3871,68.5605,47.0447,66.4841,75.7854
OrderedDict({'bbox': {'AP': 62.12348510357227, 'AP50': 79.38714356565768, 'AP75': 68.56054851182463, 'APs': 47.0446980549011, 'APm': 66.48413196555688, 'APl': 75.78541430794901, 'AP-person': 70.48219689596226, 'AP-bicycle': 51.358991611967774, 'AP-car': 62.85785700895558, 'AP-motorcycle': 63.81933577241726, 'AP-airplane': 82.01974745818777, 'AP-bus': 81.95525122145708, 'AP-train': 81.37964515704316, 'AP-truck': 59.758720811088004, 'AP-boat': 47.32873261024351, 'AP-traffic light': 40.53147620253949, 'AP-fire hydrant': 81.27736604856251, 'AP-stop sign': 75.63085311392645, 'AP-parking meter': 62.129653040966346, 'AP-bench': 47.83758896734695, 'AP-bird': 54.149186416596294, 'AP-cat': 84.6839082983849, 'AP-dog': 83.06857984227413, 'AP-horse': 78.23464475138957, 'AP-sheep': 70.48015512232581, 'AP-cow': 74.64227985191712, 'AP-elephant': 79.33155151214525, 'AP-bear': 86.40027846474806, 'AP-zebra': 80.97482153836741, 'AP-giraffe': 81.77882917585342, 'AP-backpack': 37.33793704798227, 'AP-umbrella': 61.14530466857023, 'AP-handbag': 39.74848712680188, 'AP-tie': 57.149680435966275, 'AP-suitcase': 63.415364925448, 'AP-frisbee': 79.65971037087316, 'AP-skis': 45.80086312245109, 'AP-snowboard': 55.2393453356703, 'AP-sports ball': 64.11568968791813, 'AP-kite': 61.84381890957729, 'AP-baseball bat': 66.25953380964091, 'AP-baseball glove': 57.652219067675944, 'AP-skateboard': 71.42652748911134, 'AP-surfboard': 61.32412813442701, 'AP-tennis racket': 72.76013341641988, 'AP-bottle': 60.34668531472545, 'AP-wine glass': 58.06034828993801, 'AP-cup': 64.21305619155912, 'AP-fork': 68.1938646030948, 'AP-knife': 50.736988203593256, 'AP-spoon': 50.126649057594655, 'AP-bowl': 61.74837594108165, 'AP-banana': 39.66894488739594, 'AP-apple': 36.15685566384448, 'AP-sandwich': 56.95564619727867, 'AP-orange': 44.30286747866805, 'AP-broccoli': 32.873678992204894, 'AP-carrot': 36.551314306144775, 'AP-hot dog': 64.94178011880149, 'AP-pizza': 68.51121225783353, 'AP-donut': 67.99766232034425, 'AP-cake': 55.595578810882095, 'AP-chair': 54.73914475241784, 'AP-couch': 64.92038531474017, 'AP-potted plant': 45.3620118683635, 'AP-bed': 67.96435677192537, 'AP-dining table': 46.434438663486894, 'AP-toilet': 77.8861840479432, 'AP-tv': 73.3353842193603, 'AP-laptop': 81.57640224929136, 'AP-mouse': 71.69404395262741, 'AP-remote': 57.84832441985063, 'AP-keyboard': 68.27906350015307, 'AP-cell phone': 61.89125135380872, 'AP-microwave': 76.10323713203941, 'AP-oven': 52.67482414024126, 'AP-toaster': 55.22131172744604, 'AP-sink': 54.800021500908514, 'AP-refrigerator': 76.46264918781334, 'AP-book': 32.87660795777122, 'AP-clock': 65.10579494964811, 'AP-vase': 56.05128282445231, 'AP-scissors': 67.47307382414617, 'AP-teddy bear': 71.78228937595145, 'AP-hair drier': 37.42465019630436, 'AP-toothbrush': 58.00017127690572}})
---------------------------------------
Begin Slurm Epilog: Oct-31-2024 00:56:03
Job ID:        898706
Array Job ID:  _4294967294
User ID:       zyahn3
Account:       scs
Job name:      TOG_Plus_DETA
Resources:     cpu=1,gres/gpu:a100=1,mem=128G,node=1
Rsrc Used:     cput=00:38:21,vmem=0,walltime=00:38:21,mem=3944632K,energy_used=0
Partition:     coc-gpu
Nodes:         atl1-1-01-005-15-0
---------------------------------------
