---------------------------------------
Begin Slurm Prolog: Oct-31-2024 11:14:52
Job ID:    899597
User ID:   zyahn3
Account:   scs
Job name:  TOG_Plus_R50
Partition: coc-gpu
---------------------------------------
/storage/ice1/5/9/zyahn3/TOG_plus/detrex/detrex/layers/dcn_v3.py:23: FutureWarning: `torch.cuda.amp.custom_fwd(args...)` is deprecated. Please use `torch.amp.custom_fwd(args..., device_type='cuda')` instead.
  @custom_fwd
/storage/ice1/5/9/zyahn3/TOG_plus/detrex/detrex/layers/dcn_v3.py:52: FutureWarning: `torch.cuda.amp.custom_bwd(args...)` is deprecated. Please use `torch.amp.custom_bwd(args..., device_type='cuda')` instead.
  @custom_bwd
[10/31 11:15:18 detectron2]: Rank of current process: 0. World size: 1
[10/31 11:15:20 detectron2]: Environment info:
-------------------------------  ----------------------------------------------------------------------------------------
sys.platform                     linux
Python                           3.12.4 | packaged by Anaconda, Inc. | (main, Jun 18 2024, 15:12:24) [GCC 11.2.0]
numpy                            1.26.4
detectron2                       0.6 @/storage/ice1/5/9/zyahn3/TOG_plus/detrex/detectron2/detectron2
Compiler                         GCC 12.3
CUDA compiler                    not available
DETECTRON2_ENV_MODULE            <not set>
PyTorch                          2.4.1 @/home/hice1/zyahn3/.conda/envs/TOG_test/lib/python3.12/site-packages/torch
PyTorch debug build              False
torch._C._GLIBCXX_USE_CXX11_ABI  False
GPU available                    Yes
GPU 0                            NVIDIA A100-PCIE-40GB (arch=8.0)
Driver version                   555.42.02
CUDA_HOME                        /usr/local/cuda
Pillow                           10.4.0
torchvision                      0.19.1 @/home/hice1/zyahn3/.conda/envs/TOG_test/lib/python3.12/site-packages/torchvision
torchvision arch flags           5.0, 6.0, 7.0, 7.5, 8.0, 8.6, 9.0
fvcore                           0.1.5.post20221221
iopath                           0.1.9
cv2                              4.10.0
-------------------------------  ----------------------------------------------------------------------------------------
PyTorch built with:
  - GCC 9.3
  - C++ Version: 201703
  - Intel(R) oneAPI Math Kernel Library Version 2023.1-Product Build 20230303 for Intel(R) 64 architecture applications
  - Intel(R) MKL-DNN v3.4.2 (Git Hash 1137e04ec0b5251ca2b4400a4fd3c667ce843d67)
  - OpenMP 201511 (a.k.a. OpenMP 4.5)
  - LAPACK is enabled (usually provided by MKL)
  - NNPACK is enabled
  - CPU capability usage: AVX2
  - CUDA Runtime 12.4
  - NVCC architecture flags: -gencode;arch=compute_50,code=sm_50;-gencode;arch=compute_60,code=sm_60;-gencode;arch=compute_61,code=sm_61;-gencode;arch=compute_70,code=sm_70;-gencode;arch=compute_75,code=sm_75;-gencode;arch=compute_80,code=sm_80;-gencode;arch=compute_86,code=sm_86;-gencode;arch=compute_90,code=sm_90
  - CuDNN 90.1
  - Magma 2.6.1
  - Build settings: BLAS_INFO=mkl, BUILD_TYPE=Release, CUDA_VERSION=12.4, CUDNN_VERSION=9.1.0, CXX_COMPILER=/opt/rh/devtoolset-9/root/usr/bin/c++, CXX_FLAGS= -D_GLIBCXX_USE_CXX11_ABI=0 -fabi-version=11 -fvisibility-inlines-hidden -DUSE_PTHREADPOOL -DNDEBUG -DUSE_KINETO -DLIBKINETO_NOROCTRACER -DUSE_FBGEMM -DUSE_PYTORCH_QNNPACK -DUSE_XNNPACK -DSYMBOLICATE_MOBILE_DEBUG_HANDLE -O2 -fPIC -Wall -Wextra -Werror=return-type -Werror=non-virtual-dtor -Werror=bool-operation -Wnarrowing -Wno-missing-field-initializers -Wno-type-limits -Wno-array-bounds -Wno-unknown-pragmas -Wno-unused-parameter -Wno-unused-function -Wno-unused-result -Wno-strict-overflow -Wno-strict-aliasing -Wno-stringop-overflow -Wsuggest-override -Wno-psabi -Wno-error=pedantic -Wno-error=old-style-cast -Wno-missing-braces -fdiagnostics-color=always -faligned-new -Wno-unused-but-set-variable -Wno-maybe-uninitialized -fno-math-errno -fno-trapping-math -Werror=format -Wno-stringop-overflow, LAPACK_INFO=mkl, PERF_WITH_AVX=1, PERF_WITH_AVX2=1, PERF_WITH_AVX512=1, TORCH_VERSION=2.4.1, USE_CUDA=ON, USE_CUDNN=ON, USE_CUSPARSELT=1, USE_EXCEPTION_PTR=1, USE_GFLAGS=OFF, USE_GLOG=OFF, USE_GLOO=ON, USE_MKL=ON, USE_MKLDNN=ON, USE_MPI=OFF, USE_NCCL=ON, USE_NNPACK=ON, USE_OPENMP=ON, USE_ROCM=OFF, USE_ROCM_KERNEL_ASSERT=OFF, 

[10/31 11:15:20 detectron2]: Command line arguments: Namespace(config_file='detrex/projects/dino/configs/dino-resnet/dino_r50_4scale_12ep.py', resume=False, eval_only=True, num_gpus=1, num_machines=1, machine_rank=0, dist_url='tcp://127.0.0.1:53103', opts=['train.init_checkpoint=model_files/dino_r50_4scale.pth', 'attack=none', 'attack_mode=none', 'sample=1.0', 'save_attack=0.0', 'save_dir=datasets/blackbox/dino_r50_vanishing/', 'load_attack=1.0', 'load_dir=datasets/blackbox/focalnet_vanishing/'])
[10/31 11:15:21 detectron2]: Contents of args.config_file=detrex/projects/dino/configs/dino-resnet/dino_r50_4scale_12ep.py:
[38;5;204mfrom[39m[38;5;15m [39m[38;5;15mdetrex[39m[38;5;15m.[39m[38;5;15mconfig[39m[38;5;15m [39m[38;5;204mimport[39m[38;5;15m [39m[38;5;15mget_config[39m
[38;5;204mfrom[39m[38;5;15m [39m[38;5;15m.[39m[38;5;15m.[39m[38;5;15mmodels[39m[38;5;15m.[39m[38;5;15mdino_r50[39m[38;5;15m [39m[38;5;204mimport[39m[38;5;15m [39m[38;5;15mmodel[39m

[38;5;245m# get default config[39m
[38;5;15mdataloader[39m[38;5;15m [39m[38;5;204m=[39m[38;5;15m [39m[38;5;15mget_config[39m[38;5;15m([39m[38;5;186m"[39m[38;5;186mcommon/data/coco_detr.py[39m[38;5;186m"[39m[38;5;15m)[39m[38;5;204m.[39m[38;5;15mdataloader[39m
[38;5;15moptimizer[39m[38;5;15m [39m[38;5;204m=[39m[38;5;15m [39m[38;5;15mget_config[39m[38;5;15m([39m[38;5;186m"[39m[38;5;186mcommon/optim.py[39m[38;5;186m"[39m[38;5;15m)[39m[38;5;204m.[39m[38;5;15mAdamW[39m
[38;5;15mlr_multiplier[39m[38;5;15m [39m[38;5;204m=[39m[38;5;15m [39m[38;5;15mget_config[39m[38;5;15m([39m[38;5;186m"[39m[38;5;186mcommon/coco_schedule.py[39m[38;5;186m"[39m[38;5;15m)[39m[38;5;204m.[39m[38;5;15mlr_multiplier_12ep[39m
[38;5;15mtrain[39m[38;5;15m [39m[38;5;204m=[39m[38;5;15m [39m[38;5;15mget_config[39m[38;5;15m([39m[38;5;186m"[39m[38;5;186mcommon/train.py[39m[38;5;186m"[39m[38;5;15m)[39m[38;5;204m.[39m[38;5;15mtrain[39m

[38;5;245m# modify training config[39m
[38;5;15mtrain[39m[38;5;204m.[39m[38;5;15minit_checkpoint[39m[38;5;15m [39m[38;5;204m=[39m[38;5;15m [39m[38;5;186m"[39m[38;5;186mdetectron2://ImageNetPretrained/torchvision/R-50.pkl[39m[38;5;186m"[39m
[38;5;15mtrain[39m[38;5;204m.[39m[38;5;15moutput_dir[39m[38;5;15m [39m[38;5;204m=[39m[38;5;15m [39m[38;5;186m"[39m[38;5;186m./output/dino_r50_4scale_12ep[39m[38;5;186m"[39m

[38;5;245m# max training iterations[39m
[38;5;15mtrain[39m[38;5;204m.[39m[38;5;15mmax_iter[39m[38;5;15m [39m[38;5;204m=[39m[38;5;15m [39m[38;5;141m90000[39m
[38;5;15mtrain[39m[38;5;204m.[39m[38;5;15meval_period[39m[38;5;15m [39m[38;5;204m=[39m[38;5;15m [39m[38;5;141m5000[39m
[38;5;15mtrain[39m[38;5;204m.[39m[38;5;15mlog_period[39m[38;5;15m [39m[38;5;204m=[39m[38;5;15m [39m[38;5;141m20[39m
[38;5;15mtrain[39m[38;5;204m.[39m[38;5;15mcheckpointer[39m[38;5;204m.[39m[38;5;15mperiod[39m[38;5;15m [39m[38;5;204m=[39m[38;5;15m [39m[38;5;141m5000[39m

[38;5;245m# gradient clipping for training[39m
[38;5;15mtrain[39m[38;5;204m.[39m[38;5;15mclip_grad[39m[38;5;204m.[39m[38;5;15menabled[39m[38;5;15m [39m[38;5;204m=[39m[38;5;15m [39m[38;5;81mTrue[39m
[38;5;15mtrain[39m[38;5;204m.[39m[38;5;15mclip_grad[39m[38;5;204m.[39m[38;5;15mparams[39m[38;5;204m.[39m[38;5;15mmax_norm[39m[38;5;15m [39m[38;5;204m=[39m[38;5;15m [39m[38;5;141m0.1[39m
[38;5;15mtrain[39m[38;5;204m.[39m[38;5;15mclip_grad[39m[38;5;204m.[39m[38;5;15mparams[39m[38;5;204m.[39m[38;5;15mnorm_type[39m[38;5;15m [39m[38;5;204m=[39m[38;5;15m [39m[38;5;141m2[39m

[38;5;245m# set training devices[39m
[38;5;15mtrain[39m[38;5;204m.[39m[38;5;15mdevice[39m[38;5;15m [39m[38;5;204m=[39m[38;5;15m [39m[38;5;186m"[39m[38;5;186mcuda[39m[38;5;186m"[39m
[38;5;15mmodel[39m[38;5;204m.[39m[38;5;15mdevice[39m[38;5;15m [39m[38;5;204m=[39m[38;5;15m [39m[38;5;15mtrain[39m[38;5;204m.[39m[38;5;15mdevice[39m

[38;5;245m# modify optimizer config[39m
[38;5;15moptimizer[39m[38;5;204m.[39m[38;5;15mlr[39m[38;5;15m [39m[38;5;204m=[39m[38;5;15m [39m[38;5;141m1e-4[39m
[38;5;15moptimizer[39m[38;5;204m.[39m[38;5;15mbetas[39m[38;5;15m [39m[38;5;204m=[39m[38;5;15m [39m[38;5;15m([39m[38;5;141m0.9[39m[38;5;15m,[39m[38;5;15m [39m[38;5;141m0.999[39m[38;5;15m)[39m
[38;5;15moptimizer[39m[38;5;204m.[39m[38;5;15mweight_decay[39m[38;5;15m [39m[38;5;204m=[39m[38;5;15m [39m[38;5;141m1e-4[39m
[38;5;15moptimizer[39m[38;5;204m.[39m[38;5;15mparams[39m[38;5;204m.[39m[38;5;15mlr_factor_func[39m[38;5;15m [39m[38;5;204m=[39m[38;5;15m [39m[38;5;81mlambda[39m[38;5;15m [39m[38;5;15mmodule_name[39m[38;5;15m:[39m[38;5;15m [39m[38;5;141m0.1[39m[38;5;15m [39m[38;5;81mif[39m[38;5;15m [39m[38;5;186m"[39m[38;5;186mbackbone[39m[38;5;186m"[39m[38;5;15m [39m[38;5;204min[39m[38;5;15m [39m[38;5;15mmodule_name[39m[38;5;15m [39m[38;5;81melse[39m[38;5;15m [39m[38;5;141m1[39m

[38;5;245m# modify dataloader config[39m
[38;5;15mdataloader[39m[38;5;204m.[39m[38;5;15mtrain[39m[38;5;204m.[39m[38;5;15mnum_workers[39m[38;5;15m [39m[38;5;204m=[39m[38;5;15m [39m[38;5;141m16[39m

[38;5;245m# please notice that this is total batch size.[39m
[38;5;245m# surpose you're using 4 gpus for training and the batch size for[39m
[38;5;245m# each gpu is 16/4 = 4[39m
[38;5;15mdataloader[39m[38;5;204m.[39m[38;5;15mtrain[39m[38;5;204m.[39m[38;5;15mtotal_batch_size[39m[38;5;15m [39m[38;5;204m=[39m[38;5;15m [39m[38;5;141m16[39m

[38;5;245m# dump the testing results into output_dir for visualization[39m
[38;5;15mdataloader[39m[38;5;204m.[39m[38;5;15mevaluator[39m[38;5;204m.[39m[38;5;15moutput_dir[39m[38;5;15m [39m[38;5;204m=[39m[38;5;15m [39m[38;5;15mtrain[39m[38;5;204m.[39m[38;5;15moutput_dir[39m

[38;5;15mattack[39m[38;5;204m=[39m[38;5;81mNone[39m
[38;5;15mattack_mode[39m[38;5;204m=[39m[38;5;81mNone[39m
[38;5;15msample[39m[38;5;204m=[39m[38;5;141m1.0[39m
[38;5;15msave_attack[39m[38;5;204m=[39m[38;5;81mNone[39m
[38;5;15msave_dir[39m[38;5;204m=[39m[38;5;81mNone[39m

WARNING [10/31 11:15:21 d2.config.lazy]: The config contains objects that cannot serialize to a valid yaml. ./output/dino_r50_4scale_12ep/config.yaml is human-readable but cannot be loaded.
WARNING [10/31 11:15:21 d2.config.lazy]: Config is saved using cloudpickle at ./output/dino_r50_4scale_12ep/config.yaml.pkl.
[10/31 11:15:21 detectron2]: Full config saved to ./output/dino_r50_4scale_12ep/config.yaml
[10/31 11:15:21 d2.utils.env]: Using a generated random seed 21932784
[10/31 11:15:21 d2.checkpoint.detection_checkpoint]: [DetectionCheckpointer] Loading from model_files/dino_r50_4scale.pth ...
[10/31 11:15:21 fvcore.common.checkpoint]: [Checkpointer] Loading from model_files/dino_r50_4scale.pth ...
/home/hice1/zyahn3/.conda/envs/TOG_test/lib/python3.12/site-packages/fvcore/common/checkpoint.py:252: FutureWarning: You are using `torch.load` with `weights_only=False` (the current default value), which uses the default pickle module implicitly. It is possible to construct malicious pickle data which will execute arbitrary code during unpickling (See https://github.com/pytorch/pytorch/blob/main/SECURITY.md#untrusted-models for more details). In a future release, the default value for `weights_only` will be flipped to `True`. This limits the functions that could be executed during unpickling. Arbitrary objects will no longer be allowed to be loaded via this mode unless they are explicitly allowlisted by the user via `torch.serialization.add_safe_globals`. We recommend you start setting `weights_only=True` for any use case where you don't have full control of the loaded file. Please open an issue on GitHub for any issues related to this experimental feature.
  return torch.load(f, map_location=torch.device("cpu"))
[10/31 11:15:24 detectron2]: Run evaluation under eval-only mode
[10/31 11:15:24 detectron2]: Run evaluation without EMA.
[10/31 11:15:25 d2.data.datasets.coco]: Loaded 5000 images in COCO format from /home/hice1/zyahn3/scratch/TOG_plus/datasets/coco/annotations/instances_val2017.json
[10/31 11:15:25 d2.data.build]: Distribution of instances among all 80 categories:
|   category    | #instances   |   category   | #instances   |   category    | #instances   |
|:-------------:|:-------------|:------------:|:-------------|:-------------:|:-------------|
|    person     | 10777        |   bicycle    | 314          |      car      | 1918         |
|  motorcycle   | 367          |   airplane   | 143          |      bus      | 283          |
|     train     | 190          |    truck     | 414          |     boat      | 424          |
| traffic light | 634          | fire hydrant | 101          |   stop sign   | 75           |
| parking meter | 60           |    bench     | 411          |     bird      | 427          |
|      cat      | 202          |     dog      | 218          |     horse     | 272          |
|     sheep     | 354          |     cow      | 372          |   elephant    | 252          |
|     bear      | 71           |    zebra     | 266          |    giraffe    | 232          |
|   backpack    | 371          |   umbrella   | 407          |    handbag    | 540          |
|      tie      | 252          |   suitcase   | 299          |    frisbee    | 115          |
|     skis      | 241          |  snowboard   | 69           |  sports ball  | 260          |
|     kite      | 327          | baseball bat | 145          | baseball gl.. | 148          |
|  skateboard   | 179          |  surfboard   | 267          | tennis racket | 225          |
|    bottle     | 1013         |  wine glass  | 341          |      cup      | 895          |
|     fork      | 215          |    knife     | 325          |     spoon     | 253          |
|     bowl      | 623          |    banana    | 370          |     apple     | 236          |
|   sandwich    | 177          |    orange    | 285          |   broccoli    | 312          |
|    carrot     | 365          |   hot dog    | 125          |     pizza     | 284          |
|     donut     | 328          |     cake     | 310          |     chair     | 1771         |
|     couch     | 261          | potted plant | 342          |      bed      | 163          |
| dining table  | 695          |    toilet    | 179          |      tv       | 288          |
|    laptop     | 231          |    mouse     | 106          |    remote     | 283          |
|   keyboard    | 153          |  cell phone  | 262          |   microwave   | 55           |
|     oven      | 143          |   toaster    | 9            |     sink      | 225          |
| refrigerator  | 126          |     book     | 1129         |     clock     | 267          |
|     vase      | 274          |   scissors   | 36           |  teddy bear   | 190          |
|  hair drier   | 11           |  toothbrush  | 57           |               |              |
|     total     | 36335        |              |              |               |              |
[10/31 11:15:25 d2.data.common]: Serializing the dataset using: <class 'detectron2.data.common._TorchSerializedList'>
[10/31 11:15:25 d2.data.common]: Serializing 5000 elements to byte tensors and concatenating them all ...
[10/31 11:15:25 d2.data.common]: Serialized dataset takes 19.27 MiB
[10/31 11:15:25 d2.evaluation.evaluator]: Start inference on 5000 batches
Doing attack: None
/home/hice1/zyahn3/.conda/envs/TOG_test/lib/python3.12/site-packages/torch/functional.py:513: UserWarning: torch.meshgrid: in an upcoming release, it will be required to pass the indexing argument. (Triggered internally at /opt/conda/conda-bld/pytorch_1724789220573/work/aten/src/ATen/native/TensorShape.cpp:3609.)
  return _VF.meshgrid(tensors, **kwargs)  # type: ignore[attr-defined]
[10/31 11:15:30 d2.evaluation.evaluator]: Inference done 11/5000. Dataloading: 0.0011 s/iter. Inference: 0.1162 s/iter. Eval: 0.0003 s/iter. Total: 0.1176 s/iter. ETA=0:09:46
[10/31 11:15:35 d2.evaluation.evaluator]: Inference done 58/5000. Dataloading: 0.0012 s/iter. Inference: 0.1072 s/iter. Eval: 0.0003 s/iter. Total: 0.1087 s/iter. ETA=0:08:57
[10/31 11:15:40 d2.evaluation.evaluator]: Inference done 105/5000. Dataloading: 0.0013 s/iter. Inference: 0.1061 s/iter. Eval: 0.0003 s/iter. Total: 0.1078 s/iter. ETA=0:08:47
[10/31 11:15:45 d2.evaluation.evaluator]: Inference done 152/5000. Dataloading: 0.0013 s/iter. Inference: 0.1059 s/iter. Eval: 0.0003 s/iter. Total: 0.1075 s/iter. ETA=0:08:41
[10/31 11:15:50 d2.evaluation.evaluator]: Inference done 200/5000. Dataloading: 0.0013 s/iter. Inference: 0.1055 s/iter. Eval: 0.0003 s/iter. Total: 0.1070 s/iter. ETA=0:08:33
[10/31 11:15:55 d2.evaluation.evaluator]: Inference done 247/5000. Dataloading: 0.0012 s/iter. Inference: 0.1054 s/iter. Eval: 0.0003 s/iter. Total: 0.1069 s/iter. ETA=0:08:28
[10/31 11:16:00 d2.evaluation.evaluator]: Inference done 293/5000. Dataloading: 0.0012 s/iter. Inference: 0.1052 s/iter. Eval: 0.0009 s/iter. Total: 0.1074 s/iter. ETA=0:08:25
[10/31 11:16:05 d2.evaluation.evaluator]: Inference done 341/5000. Dataloading: 0.0012 s/iter. Inference: 0.1052 s/iter. Eval: 0.0008 s/iter. Total: 0.1072 s/iter. ETA=0:08:19
[10/31 11:16:10 d2.evaluation.evaluator]: Inference done 389/5000. Dataloading: 0.0012 s/iter. Inference: 0.1050 s/iter. Eval: 0.0007 s/iter. Total: 0.1070 s/iter. ETA=0:08:13
[10/31 11:16:15 d2.evaluation.evaluator]: Inference done 437/5000. Dataloading: 0.0012 s/iter. Inference: 0.1050 s/iter. Eval: 0.0007 s/iter. Total: 0.1069 s/iter. ETA=0:08:07
[10/31 11:16:20 d2.evaluation.evaluator]: Inference done 484/5000. Dataloading: 0.0012 s/iter. Inference: 0.1050 s/iter. Eval: 0.0006 s/iter. Total: 0.1069 s/iter. ETA=0:08:02
[10/31 11:16:25 d2.evaluation.evaluator]: Inference done 532/5000. Dataloading: 0.0012 s/iter. Inference: 0.1049 s/iter. Eval: 0.0006 s/iter. Total: 0.1068 s/iter. ETA=0:07:57
[10/31 11:16:30 d2.evaluation.evaluator]: Inference done 578/5000. Dataloading: 0.0012 s/iter. Inference: 0.1052 s/iter. Eval: 0.0006 s/iter. Total: 0.1070 s/iter. ETA=0:07:53
[10/31 11:16:35 d2.evaluation.evaluator]: Inference done 626/5000. Dataloading: 0.0012 s/iter. Inference: 0.1050 s/iter. Eval: 0.0006 s/iter. Total: 0.1069 s/iter. ETA=0:07:47
[10/31 11:16:40 d2.evaluation.evaluator]: Inference done 674/5000. Dataloading: 0.0012 s/iter. Inference: 0.1049 s/iter. Eval: 0.0005 s/iter. Total: 0.1068 s/iter. ETA=0:07:41
[10/31 11:16:45 d2.evaluation.evaluator]: Inference done 721/5000. Dataloading: 0.0012 s/iter. Inference: 0.1050 s/iter. Eval: 0.0005 s/iter. Total: 0.1068 s/iter. ETA=0:07:37
[10/31 11:16:50 d2.evaluation.evaluator]: Inference done 769/5000. Dataloading: 0.0012 s/iter. Inference: 0.1050 s/iter. Eval: 0.0005 s/iter. Total: 0.1068 s/iter. ETA=0:07:31
[10/31 11:16:56 d2.evaluation.evaluator]: Inference done 816/5000. Dataloading: 0.0012 s/iter. Inference: 0.1051 s/iter. Eval: 0.0005 s/iter. Total: 0.1068 s/iter. ETA=0:07:26
[10/31 11:17:01 d2.evaluation.evaluator]: Inference done 864/5000. Dataloading: 0.0012 s/iter. Inference: 0.1050 s/iter. Eval: 0.0005 s/iter. Total: 0.1067 s/iter. ETA=0:07:21
[10/31 11:17:06 d2.evaluation.evaluator]: Inference done 913/5000. Dataloading: 0.0012 s/iter. Inference: 0.1048 s/iter. Eval: 0.0005 s/iter. Total: 0.1066 s/iter. ETA=0:07:15
[10/31 11:17:11 d2.evaluation.evaluator]: Inference done 961/5000. Dataloading: 0.0012 s/iter. Inference: 0.1048 s/iter. Eval: 0.0005 s/iter. Total: 0.1065 s/iter. ETA=0:07:10
[10/31 11:17:16 d2.evaluation.evaluator]: Inference done 1007/5000. Dataloading: 0.0012 s/iter. Inference: 0.1050 s/iter. Eval: 0.0004 s/iter. Total: 0.1067 s/iter. ETA=0:07:06
[10/31 11:17:21 d2.evaluation.evaluator]: Inference done 1055/5000. Dataloading: 0.0012 s/iter. Inference: 0.1049 s/iter. Eval: 0.0004 s/iter. Total: 0.1066 s/iter. ETA=0:07:00
[10/31 11:17:26 d2.evaluation.evaluator]: Inference done 1102/5000. Dataloading: 0.0012 s/iter. Inference: 0.1049 s/iter. Eval: 0.0004 s/iter. Total: 0.1066 s/iter. ETA=0:06:55
[10/31 11:17:31 d2.evaluation.evaluator]: Inference done 1149/5000. Dataloading: 0.0012 s/iter. Inference: 0.1050 s/iter. Eval: 0.0004 s/iter. Total: 0.1067 s/iter. ETA=0:06:50
[10/31 11:17:36 d2.evaluation.evaluator]: Inference done 1196/5000. Dataloading: 0.0012 s/iter. Inference: 0.1050 s/iter. Eval: 0.0004 s/iter. Total: 0.1067 s/iter. ETA=0:06:45
[10/31 11:17:41 d2.evaluation.evaluator]: Inference done 1244/5000. Dataloading: 0.0012 s/iter. Inference: 0.1050 s/iter. Eval: 0.0004 s/iter. Total: 0.1066 s/iter. ETA=0:06:40
[10/31 11:17:46 d2.evaluation.evaluator]: Inference done 1292/5000. Dataloading: 0.0012 s/iter. Inference: 0.1049 s/iter. Eval: 0.0004 s/iter. Total: 0.1066 s/iter. ETA=0:06:35
[10/31 11:17:51 d2.evaluation.evaluator]: Inference done 1341/5000. Dataloading: 0.0012 s/iter. Inference: 0.1048 s/iter. Eval: 0.0004 s/iter. Total: 0.1065 s/iter. ETA=0:06:29
[10/31 11:17:56 d2.evaluation.evaluator]: Inference done 1389/5000. Dataloading: 0.0012 s/iter. Inference: 0.1048 s/iter. Eval: 0.0004 s/iter. Total: 0.1065 s/iter. ETA=0:06:24
[10/31 11:18:01 d2.evaluation.evaluator]: Inference done 1437/5000. Dataloading: 0.0012 s/iter. Inference: 0.1048 s/iter. Eval: 0.0004 s/iter. Total: 0.1064 s/iter. ETA=0:06:19
[10/31 11:18:06 d2.evaluation.evaluator]: Inference done 1483/5000. Dataloading: 0.0012 s/iter. Inference: 0.1049 s/iter. Eval: 0.0004 s/iter. Total: 0.1065 s/iter. ETA=0:06:14
[10/31 11:18:11 d2.evaluation.evaluator]: Inference done 1532/5000. Dataloading: 0.0012 s/iter. Inference: 0.1048 s/iter. Eval: 0.0004 s/iter. Total: 0.1064 s/iter. ETA=0:06:09
[10/31 11:18:16 d2.evaluation.evaluator]: Inference done 1580/5000. Dataloading: 0.0012 s/iter. Inference: 0.1048 s/iter. Eval: 0.0004 s/iter. Total: 0.1064 s/iter. ETA=0:06:03
[10/31 11:18:22 d2.evaluation.evaluator]: Inference done 1627/5000. Dataloading: 0.0012 s/iter. Inference: 0.1048 s/iter. Eval: 0.0004 s/iter. Total: 0.1064 s/iter. ETA=0:05:58
[10/31 11:18:27 d2.evaluation.evaluator]: Inference done 1675/5000. Dataloading: 0.0013 s/iter. Inference: 0.1047 s/iter. Eval: 0.0004 s/iter. Total: 0.1064 s/iter. ETA=0:05:53
[10/31 11:18:32 d2.evaluation.evaluator]: Inference done 1723/5000. Dataloading: 0.0013 s/iter. Inference: 0.1047 s/iter. Eval: 0.0004 s/iter. Total: 0.1064 s/iter. ETA=0:05:48
[10/31 11:18:37 d2.evaluation.evaluator]: Inference done 1771/5000. Dataloading: 0.0013 s/iter. Inference: 0.1046 s/iter. Eval: 0.0004 s/iter. Total: 0.1063 s/iter. ETA=0:05:43
[10/31 11:18:42 d2.evaluation.evaluator]: Inference done 1819/5000. Dataloading: 0.0013 s/iter. Inference: 0.1046 s/iter. Eval: 0.0004 s/iter. Total: 0.1063 s/iter. ETA=0:05:38
[10/31 11:18:47 d2.evaluation.evaluator]: Inference done 1867/5000. Dataloading: 0.0013 s/iter. Inference: 0.1046 s/iter. Eval: 0.0004 s/iter. Total: 0.1063 s/iter. ETA=0:05:32
[10/31 11:18:52 d2.evaluation.evaluator]: Inference done 1915/5000. Dataloading: 0.0013 s/iter. Inference: 0.1046 s/iter. Eval: 0.0004 s/iter. Total: 0.1062 s/iter. ETA=0:05:27
[10/31 11:18:57 d2.evaluation.evaluator]: Inference done 1963/5000. Dataloading: 0.0013 s/iter. Inference: 0.1046 s/iter. Eval: 0.0004 s/iter. Total: 0.1062 s/iter. ETA=0:05:22
[10/31 11:19:02 d2.evaluation.evaluator]: Inference done 2011/5000. Dataloading: 0.0013 s/iter. Inference: 0.1045 s/iter. Eval: 0.0004 s/iter. Total: 0.1062 s/iter. ETA=0:05:17
[10/31 11:19:07 d2.evaluation.evaluator]: Inference done 2060/5000. Dataloading: 0.0013 s/iter. Inference: 0.1045 s/iter. Eval: 0.0004 s/iter. Total: 0.1061 s/iter. ETA=0:05:12
[10/31 11:19:12 d2.evaluation.evaluator]: Inference done 2106/5000. Dataloading: 0.0013 s/iter. Inference: 0.1046 s/iter. Eval: 0.0004 s/iter. Total: 0.1062 s/iter. ETA=0:05:07
[10/31 11:19:17 d2.evaluation.evaluator]: Inference done 2155/5000. Dataloading: 0.0013 s/iter. Inference: 0.1045 s/iter. Eval: 0.0004 s/iter. Total: 0.1062 s/iter. ETA=0:05:02
[10/31 11:19:22 d2.evaluation.evaluator]: Inference done 2203/5000. Dataloading: 0.0012 s/iter. Inference: 0.1045 s/iter. Eval: 0.0004 s/iter. Total: 0.1062 s/iter. ETA=0:04:56
[10/31 11:19:27 d2.evaluation.evaluator]: Inference done 2251/5000. Dataloading: 0.0012 s/iter. Inference: 0.1045 s/iter. Eval: 0.0004 s/iter. Total: 0.1062 s/iter. ETA=0:04:51
[10/31 11:19:32 d2.evaluation.evaluator]: Inference done 2299/5000. Dataloading: 0.0012 s/iter. Inference: 0.1045 s/iter. Eval: 0.0004 s/iter. Total: 0.1061 s/iter. ETA=0:04:46
[10/31 11:19:37 d2.evaluation.evaluator]: Inference done 2347/5000. Dataloading: 0.0013 s/iter. Inference: 0.1045 s/iter. Eval: 0.0003 s/iter. Total: 0.1061 s/iter. ETA=0:04:41
[10/31 11:19:42 d2.evaluation.evaluator]: Inference done 2395/5000. Dataloading: 0.0013 s/iter. Inference: 0.1045 s/iter. Eval: 0.0003 s/iter. Total: 0.1061 s/iter. ETA=0:04:36
[10/31 11:19:47 d2.evaluation.evaluator]: Inference done 2442/5000. Dataloading: 0.0013 s/iter. Inference: 0.1045 s/iter. Eval: 0.0003 s/iter. Total: 0.1061 s/iter. ETA=0:04:31
[10/31 11:19:53 d2.evaluation.evaluator]: Inference done 2490/5000. Dataloading: 0.0013 s/iter. Inference: 0.1044 s/iter. Eval: 0.0003 s/iter. Total: 0.1061 s/iter. ETA=0:04:26
[10/31 11:19:58 d2.evaluation.evaluator]: Inference done 2539/5000. Dataloading: 0.0013 s/iter. Inference: 0.1044 s/iter. Eval: 0.0003 s/iter. Total: 0.1060 s/iter. ETA=0:04:20
[10/31 11:20:03 d2.evaluation.evaluator]: Inference done 2587/5000. Dataloading: 0.0013 s/iter. Inference: 0.1044 s/iter. Eval: 0.0003 s/iter. Total: 0.1060 s/iter. ETA=0:04:15
[10/31 11:20:08 d2.evaluation.evaluator]: Inference done 2635/5000. Dataloading: 0.0012 s/iter. Inference: 0.1044 s/iter. Eval: 0.0003 s/iter. Total: 0.1060 s/iter. ETA=0:04:10
[10/31 11:20:13 d2.evaluation.evaluator]: Inference done 2683/5000. Dataloading: 0.0012 s/iter. Inference: 0.1044 s/iter. Eval: 0.0003 s/iter. Total: 0.1060 s/iter. ETA=0:04:05
[10/31 11:20:18 d2.evaluation.evaluator]: Inference done 2731/5000. Dataloading: 0.0012 s/iter. Inference: 0.1044 s/iter. Eval: 0.0003 s/iter. Total: 0.1060 s/iter. ETA=0:04:00
[10/31 11:20:23 d2.evaluation.evaluator]: Inference done 2779/5000. Dataloading: 0.0012 s/iter. Inference: 0.1043 s/iter. Eval: 0.0003 s/iter. Total: 0.1060 s/iter. ETA=0:03:55
[10/31 11:20:28 d2.evaluation.evaluator]: Inference done 2828/5000. Dataloading: 0.0012 s/iter. Inference: 0.1043 s/iter. Eval: 0.0003 s/iter. Total: 0.1059 s/iter. ETA=0:03:50
[10/31 11:20:33 d2.evaluation.evaluator]: Inference done 2873/5000. Dataloading: 0.0012 s/iter. Inference: 0.1044 s/iter. Eval: 0.0003 s/iter. Total: 0.1061 s/iter. ETA=0:03:45
[10/31 11:20:38 d2.evaluation.evaluator]: Inference done 2921/5000. Dataloading: 0.0012 s/iter. Inference: 0.1044 s/iter. Eval: 0.0003 s/iter. Total: 0.1061 s/iter. ETA=0:03:40
[10/31 11:20:43 d2.evaluation.evaluator]: Inference done 2969/5000. Dataloading: 0.0012 s/iter. Inference: 0.1044 s/iter. Eval: 0.0003 s/iter. Total: 0.1060 s/iter. ETA=0:03:35
[10/31 11:20:48 d2.evaluation.evaluator]: Inference done 3017/5000. Dataloading: 0.0012 s/iter. Inference: 0.1044 s/iter. Eval: 0.0003 s/iter. Total: 0.1060 s/iter. ETA=0:03:30
[10/31 11:20:53 d2.evaluation.evaluator]: Inference done 3064/5000. Dataloading: 0.0012 s/iter. Inference: 0.1044 s/iter. Eval: 0.0003 s/iter. Total: 0.1060 s/iter. ETA=0:03:25
[10/31 11:20:58 d2.evaluation.evaluator]: Inference done 3112/5000. Dataloading: 0.0012 s/iter. Inference: 0.1044 s/iter. Eval: 0.0003 s/iter. Total: 0.1060 s/iter. ETA=0:03:20
[10/31 11:21:03 d2.evaluation.evaluator]: Inference done 3160/5000. Dataloading: 0.0012 s/iter. Inference: 0.1044 s/iter. Eval: 0.0003 s/iter. Total: 0.1060 s/iter. ETA=0:03:15
[10/31 11:21:08 d2.evaluation.evaluator]: Inference done 3208/5000. Dataloading: 0.0012 s/iter. Inference: 0.1044 s/iter. Eval: 0.0003 s/iter. Total: 0.1060 s/iter. ETA=0:03:09
[10/31 11:21:13 d2.evaluation.evaluator]: Inference done 3256/5000. Dataloading: 0.0012 s/iter. Inference: 0.1044 s/iter. Eval: 0.0003 s/iter. Total: 0.1060 s/iter. ETA=0:03:04
[10/31 11:21:19 d2.evaluation.evaluator]: Inference done 3304/5000. Dataloading: 0.0012 s/iter. Inference: 0.1044 s/iter. Eval: 0.0003 s/iter. Total: 0.1060 s/iter. ETA=0:02:59
[10/31 11:21:24 d2.evaluation.evaluator]: Inference done 3352/5000. Dataloading: 0.0012 s/iter. Inference: 0.1044 s/iter. Eval: 0.0003 s/iter. Total: 0.1060 s/iter. ETA=0:02:54
[10/31 11:21:29 d2.evaluation.evaluator]: Inference done 3400/5000. Dataloading: 0.0012 s/iter. Inference: 0.1043 s/iter. Eval: 0.0003 s/iter. Total: 0.1059 s/iter. ETA=0:02:49
[10/31 11:21:34 d2.evaluation.evaluator]: Inference done 3448/5000. Dataloading: 0.0012 s/iter. Inference: 0.1043 s/iter. Eval: 0.0003 s/iter. Total: 0.1059 s/iter. ETA=0:02:44
[10/31 11:21:39 d2.evaluation.evaluator]: Inference done 3496/5000. Dataloading: 0.0012 s/iter. Inference: 0.1043 s/iter. Eval: 0.0003 s/iter. Total: 0.1059 s/iter. ETA=0:02:39
[10/31 11:21:44 d2.evaluation.evaluator]: Inference done 3544/5000. Dataloading: 0.0012 s/iter. Inference: 0.1043 s/iter. Eval: 0.0003 s/iter. Total: 0.1059 s/iter. ETA=0:02:34
[10/31 11:21:49 d2.evaluation.evaluator]: Inference done 3592/5000. Dataloading: 0.0012 s/iter. Inference: 0.1043 s/iter. Eval: 0.0003 s/iter. Total: 0.1059 s/iter. ETA=0:02:29
[10/31 11:21:54 d2.evaluation.evaluator]: Inference done 3640/5000. Dataloading: 0.0012 s/iter. Inference: 0.1043 s/iter. Eval: 0.0003 s/iter. Total: 0.1059 s/iter. ETA=0:02:24
[10/31 11:21:59 d2.evaluation.evaluator]: Inference done 3688/5000. Dataloading: 0.0012 s/iter. Inference: 0.1043 s/iter. Eval: 0.0003 s/iter. Total: 0.1059 s/iter. ETA=0:02:18
[10/31 11:22:04 d2.evaluation.evaluator]: Inference done 3736/5000. Dataloading: 0.0012 s/iter. Inference: 0.1043 s/iter. Eval: 0.0003 s/iter. Total: 0.1059 s/iter. ETA=0:02:13
[10/31 11:22:09 d2.evaluation.evaluator]: Inference done 3784/5000. Dataloading: 0.0012 s/iter. Inference: 0.1043 s/iter. Eval: 0.0003 s/iter. Total: 0.1059 s/iter. ETA=0:02:08
[10/31 11:22:14 d2.evaluation.evaluator]: Inference done 3828/5000. Dataloading: 0.0012 s/iter. Inference: 0.1044 s/iter. Eval: 0.0003 s/iter. Total: 0.1060 s/iter. ETA=0:02:04
[10/31 11:22:19 d2.evaluation.evaluator]: Inference done 3876/5000. Dataloading: 0.0012 s/iter. Inference: 0.1044 s/iter. Eval: 0.0003 s/iter. Total: 0.1060 s/iter. ETA=0:01:59
[10/31 11:22:24 d2.evaluation.evaluator]: Inference done 3924/5000. Dataloading: 0.0012 s/iter. Inference: 0.1044 s/iter. Eval: 0.0003 s/iter. Total: 0.1060 s/iter. ETA=0:01:54
[10/31 11:22:29 d2.evaluation.evaluator]: Inference done 3972/5000. Dataloading: 0.0012 s/iter. Inference: 0.1043 s/iter. Eval: 0.0003 s/iter. Total: 0.1059 s/iter. ETA=0:01:48
[10/31 11:22:34 d2.evaluation.evaluator]: Inference done 4021/5000. Dataloading: 0.0012 s/iter. Inference: 0.1043 s/iter. Eval: 0.0003 s/iter. Total: 0.1059 s/iter. ETA=0:01:43
[10/31 11:22:39 d2.evaluation.evaluator]: Inference done 4069/5000. Dataloading: 0.0012 s/iter. Inference: 0.1043 s/iter. Eval: 0.0003 s/iter. Total: 0.1059 s/iter. ETA=0:01:38
[10/31 11:22:44 d2.evaluation.evaluator]: Inference done 4117/5000. Dataloading: 0.0012 s/iter. Inference: 0.1043 s/iter. Eval: 0.0003 s/iter. Total: 0.1059 s/iter. ETA=0:01:33
[10/31 11:22:49 d2.evaluation.evaluator]: Inference done 4165/5000. Dataloading: 0.0012 s/iter. Inference: 0.1043 s/iter. Eval: 0.0003 s/iter. Total: 0.1059 s/iter. ETA=0:01:28
[10/31 11:22:54 d2.evaluation.evaluator]: Inference done 4213/5000. Dataloading: 0.0012 s/iter. Inference: 0.1043 s/iter. Eval: 0.0003 s/iter. Total: 0.1059 s/iter. ETA=0:01:23
[10/31 11:23:00 d2.evaluation.evaluator]: Inference done 4262/5000. Dataloading: 0.0012 s/iter. Inference: 0.1043 s/iter. Eval: 0.0003 s/iter. Total: 0.1059 s/iter. ETA=0:01:18
[10/31 11:23:05 d2.evaluation.evaluator]: Inference done 4311/5000. Dataloading: 0.0012 s/iter. Inference: 0.1042 s/iter. Eval: 0.0003 s/iter. Total: 0.1058 s/iter. ETA=0:01:12
[10/31 11:23:10 d2.evaluation.evaluator]: Inference done 4360/5000. Dataloading: 0.0012 s/iter. Inference: 0.1042 s/iter. Eval: 0.0003 s/iter. Total: 0.1058 s/iter. ETA=0:01:07
[10/31 11:23:15 d2.evaluation.evaluator]: Inference done 4409/5000. Dataloading: 0.0012 s/iter. Inference: 0.1042 s/iter. Eval: 0.0003 s/iter. Total: 0.1058 s/iter. ETA=0:01:02
[10/31 11:23:20 d2.evaluation.evaluator]: Inference done 4457/5000. Dataloading: 0.0012 s/iter. Inference: 0.1042 s/iter. Eval: 0.0003 s/iter. Total: 0.1058 s/iter. ETA=0:00:57
[10/31 11:23:25 d2.evaluation.evaluator]: Inference done 4505/5000. Dataloading: 0.0012 s/iter. Inference: 0.1042 s/iter. Eval: 0.0003 s/iter. Total: 0.1058 s/iter. ETA=0:00:52
[10/31 11:23:30 d2.evaluation.evaluator]: Inference done 4554/5000. Dataloading: 0.0012 s/iter. Inference: 0.1042 s/iter. Eval: 0.0003 s/iter. Total: 0.1058 s/iter. ETA=0:00:47
[10/31 11:23:35 d2.evaluation.evaluator]: Inference done 4602/5000. Dataloading: 0.0012 s/iter. Inference: 0.1042 s/iter. Eval: 0.0003 s/iter. Total: 0.1058 s/iter. ETA=0:00:42
[10/31 11:23:40 d2.evaluation.evaluator]: Inference done 4650/5000. Dataloading: 0.0012 s/iter. Inference: 0.1042 s/iter. Eval: 0.0003 s/iter. Total: 0.1058 s/iter. ETA=0:00:37
[10/31 11:23:45 d2.evaluation.evaluator]: Inference done 4699/5000. Dataloading: 0.0012 s/iter. Inference: 0.1041 s/iter. Eval: 0.0003 s/iter. Total: 0.1057 s/iter. ETA=0:00:31
[10/31 11:23:50 d2.evaluation.evaluator]: Inference done 4747/5000. Dataloading: 0.0012 s/iter. Inference: 0.1041 s/iter. Eval: 0.0003 s/iter. Total: 0.1057 s/iter. ETA=0:00:26
[10/31 11:23:55 d2.evaluation.evaluator]: Inference done 4795/5000. Dataloading: 0.0012 s/iter. Inference: 0.1041 s/iter. Eval: 0.0003 s/iter. Total: 0.1057 s/iter. ETA=0:00:21
[10/31 11:24:00 d2.evaluation.evaluator]: Inference done 4844/5000. Dataloading: 0.0012 s/iter. Inference: 0.1041 s/iter. Eval: 0.0003 s/iter. Total: 0.1057 s/iter. ETA=0:00:16
[10/31 11:24:05 d2.evaluation.evaluator]: Inference done 4891/5000. Dataloading: 0.0012 s/iter. Inference: 0.1041 s/iter. Eval: 0.0003 s/iter. Total: 0.1057 s/iter. ETA=0:00:11
[10/31 11:24:11 d2.evaluation.evaluator]: Inference done 4939/5000. Dataloading: 0.0012 s/iter. Inference: 0.1041 s/iter. Eval: 0.0003 s/iter. Total: 0.1057 s/iter. ETA=0:00:06
[10/31 11:24:16 d2.evaluation.evaluator]: Inference done 4987/5000. Dataloading: 0.0012 s/iter. Inference: 0.1041 s/iter. Eval: 0.0003 s/iter. Total: 0.1057 s/iter. ETA=0:00:01
[10/31 11:24:17 d2.evaluation.evaluator]: Total inference time: 0:08:48.507905 (0.105807 s / iter per device, on 1 devices)
[10/31 11:24:17 d2.evaluation.evaluator]: Total inference pure compute time: 0:08:40 (0.104120 s / iter per device, on 1 devices)
[10/31 11:24:21 d2.evaluation.coco_evaluation]: Preparing results for COCO format ...
[10/31 11:24:22 d2.evaluation.coco_evaluation]: Saving results to ./output/dino_r50_4scale_12ep/coco_instances_results.json
[10/31 11:24:26 d2.evaluation.coco_evaluation]: Evaluating predictions with unofficial COCO API...
Loading and preparing results...
DONE (t=2.09s)
creating index...
index created!
[10/31 11:24:28 d2.evaluation.fast_eval_api]: Evaluate annotation type *bbox*
[10/31 11:24:37 d2.evaluation.fast_eval_api]: COCOeval_opt.evaluate() finished in 8.99 seconds.
[10/31 11:24:37 d2.evaluation.fast_eval_api]: Accumulating evaluation results...
[10/31 11:24:39 d2.evaluation.fast_eval_api]: COCOeval_opt.accumulate() finished in 2.12 seconds.
 Average Precision  (AP) @[ IoU=0.50:0.95 | area=   all | maxDets=100 ] = 0.390
 Average Precision  (AP) @[ IoU=0.50      | area=   all | maxDets=100 ] = 0.547
 Average Precision  (AP) @[ IoU=0.75      | area=   all | maxDets=100 ] = 0.421
 Average Precision  (AP) @[ IoU=0.50:0.95 | area= small | maxDets=100 ] = 0.244
 Average Precision  (AP) @[ IoU=0.50:0.95 | area=medium | maxDets=100 ] = 0.412
 Average Precision  (AP) @[ IoU=0.50:0.95 | area= large | maxDets=100 ] = 0.520
 Average Recall     (AR) @[ IoU=0.50:0.95 | area=   all | maxDets=  1 ] = 0.326
 Average Recall     (AR) @[ IoU=0.50:0.95 | area=   all | maxDets= 10 ] = 0.583
 Average Recall     (AR) @[ IoU=0.50:0.95 | area=   all | maxDets=100 ] = 0.665
 Average Recall     (AR) @[ IoU=0.50:0.95 | area= small | maxDets=100 ] = 0.489
 Average Recall     (AR) @[ IoU=0.50:0.95 | area=medium | maxDets=100 ] = 0.700
 Average Recall     (AR) @[ IoU=0.50:0.95 | area= large | maxDets=100 ] = 0.840
[10/31 11:24:39 d2.evaluation.coco_evaluation]: Evaluation results for bbox: 
|   AP   |  AP50  |  AP75  |  APs   |  APm   |  APl   |
|:------:|:------:|:------:|:------:|:------:|:------:|
| 39.032 | 54.693 | 42.078 | 24.386 | 41.167 | 52.027 |
[10/31 11:24:39 d2.evaluation.coco_evaluation]: Per-category bbox AP: 
| category      | AP     | category     | AP     | category       | AP     |
|:--------------|:-------|:-------------|:-------|:---------------|:-------|
| person        | 53.098 | bicycle      | 28.298 | car            | 41.667 |
| motorcycle    | 39.214 | airplane     | 65.064 | bus            | 65.188 |
| train         | 63.183 | truck        | 34.530 | boat           | 24.749 |
| traffic light | 25.872 | fire hydrant | 63.448 | stop sign      | 64.877 |
| parking meter | 43.234 | bench        | 23.889 | bird           | 35.071 |
| cat           | 58.065 | dog          | 57.577 | horse          | 52.827 |
| sheep         | 46.290 | cow          | 52.210 | elephant       | 61.201 |
| bear          | 69.962 | zebra        | 69.771 | giraffe        | 70.461 |
| backpack      | 13.764 | umbrella     | 37.917 | handbag        | 14.421 |
| tie           | 33.903 | suitcase     | 37.438 | frisbee        | 67.678 |
| skis          | 24.401 | snowboard    | 31.967 | sports ball    | 45.628 |
| kite          | 42.818 | baseball bat | 31.514 | baseball glove | 34.168 |
| skateboard    | 50.197 | surfboard    | 34.517 | tennis racket  | 50.085 |
| bottle        | 33.344 | wine glass   | 31.986 | cup            | 35.472 |
| fork          | 34.213 | knife        | 19.946 | spoon          | 16.737 |
| bowl          | 36.774 | banana       | 22.382 | apple          | 20.109 |
| sandwich      | 28.515 | orange       | 29.658 | broccoli       | 19.586 |
| carrot        | 21.351 | hot dog      | 29.758 | pizza          | 53.080 |
| donut         | 43.728 | cake         | 36.240 | chair          | 22.257 |
| couch         | 37.611 | potted plant | 22.746 | bed            | 39.161 |
| dining table  | 27.352 | toilet       | 54.112 | tv             | 50.353 |
| laptop        | 52.092 | mouse        | 55.753 | remote         | 28.476 |
| keyboard      | 49.041 | cell phone   | 32.218 | microwave      | 47.501 |
| oven          | 30.130 | toaster      | 17.791 | sink           | 30.579 |
| refrigerator  | 49.080 | book         | 16.171 | clock          | 51.294 |
| vase          | 32.930 | scissors     | 23.362 | teddy bear     | 40.993 |
| hair drier    | 12.668 | toothbrush   | 25.860 |                |        |


------- Similarity and Timing Metrics -------
Total Parameters: 47650316
Average Attack Time: 0.1057
Average L2 Norm: 0.0000
Max Difference in Images: 0.0000
------------------------------------------------


[10/31 11:24:40 d2.evaluation.testing]: copypaste: Task: bbox
[10/31 11:24:40 d2.evaluation.testing]: copypaste: AP,AP50,AP75,APs,APm,APl
[10/31 11:24:40 d2.evaluation.testing]: copypaste: 39.0321,54.6925,42.0776,24.3856,41.1671,52.0271
OrderedDict({'bbox': {'AP': 39.03213363952269, 'AP50': 54.69251304871211, 'AP75': 42.07757453499088, 'APs': 24.385556339030376, 'APm': 41.16711055647328, 'APl': 52.027103168929024, 'AP-person': 53.098037170005576, 'AP-bicycle': 28.298403420260353, 'AP-car': 41.66675288037923, 'AP-motorcycle': 39.21379851581276, 'AP-airplane': 65.06391087882795, 'AP-bus': 65.18823687549248, 'AP-train': 63.18263065422951, 'AP-truck': 34.53026834590394, 'AP-boat': 24.74949005999626, 'AP-traffic light': 25.87198524088526, 'AP-fire hydrant': 63.448263190043534, 'AP-stop sign': 64.87711116510239, 'AP-parking meter': 43.23392434913582, 'AP-bench': 23.88919479891976, 'AP-bird': 35.07054964372659, 'AP-cat': 58.064869291109, 'AP-dog': 57.57729610889927, 'AP-horse': 52.826713264560986, 'AP-sheep': 46.28991370734357, 'AP-cow': 52.21021750764787, 'AP-elephant': 61.2006921595332, 'AP-bear': 69.96162160193687, 'AP-zebra': 69.77092358619372, 'AP-giraffe': 70.46066638233458, 'AP-backpack': 13.763509875258695, 'AP-umbrella': 37.9169350035271, 'AP-handbag': 14.421433649695997, 'AP-tie': 33.90308840947773, 'AP-suitcase': 37.43846841463197, 'AP-frisbee': 67.67824343234913, 'AP-skis': 24.400769481349034, 'AP-snowboard': 31.967472524164826, 'AP-sports ball': 45.627678059827694, 'AP-kite': 42.81797338239767, 'AP-baseball bat': 31.51409354555242, 'AP-baseball glove': 34.167764922802654, 'AP-skateboard': 50.19746271875327, 'AP-surfboard': 34.51747071633062, 'AP-tennis racket': 50.08489544848543, 'AP-bottle': 33.34410985377386, 'AP-wine glass': 31.98561058344172, 'AP-cup': 35.47164721536368, 'AP-fork': 34.21293737522801, 'AP-knife': 19.945693255625976, 'AP-spoon': 16.737068013857293, 'AP-bowl': 36.77420587551096, 'AP-banana': 22.381509300147872, 'AP-apple': 20.10947567872844, 'AP-sandwich': 28.5146241099814, 'AP-orange': 29.658132014119754, 'AP-broccoli': 19.586301870256634, 'AP-carrot': 21.350856004705612, 'AP-hot dog': 29.75828830530335, 'AP-pizza': 53.08047645441519, 'AP-donut': 43.72789668329944, 'AP-cake': 36.240229946353274, 'AP-chair': 22.25654565354826, 'AP-couch': 37.6107057818826, 'AP-potted plant': 22.74579270202625, 'AP-bed': 39.1611667832372, 'AP-dining table': 27.351641537872062, 'AP-toilet': 54.112230202526575, 'AP-tv': 50.35259502155544, 'AP-laptop': 52.09224433551684, 'AP-mouse': 55.75329915403033, 'AP-remote': 28.47553263772636, 'AP-keyboard': 49.04060734638899, 'AP-cell phone': 32.21836800432405, 'AP-microwave': 47.50131056870757, 'AP-oven': 30.129531173756323, 'AP-toaster': 17.79060112625374, 'AP-sink': 30.57922204057459, 'AP-refrigerator': 49.07993636118497, 'AP-book': 16.170939427922775, 'AP-clock': 51.293577344756415, 'AP-vase': 32.930492235204106, 'AP-scissors': 23.361814033251132, 'AP-teddy bear': 40.99285255397479, 'AP-hair drier': 12.667720764742224, 'AP-toothbrush': 25.860171447854817}})
---------------------------------------
Begin Slurm Epilog: Oct-31-2024 11:24:41
Job ID:        899597
Array Job ID:  _4294967294
User ID:       zyahn3
Account:       scs
Job name:      TOG_Plus_R50
Resources:     cpu=1,gres/gpu:a100=1,mem=128G,node=1
Rsrc Used:     cput=00:09:49,vmem=0,walltime=00:09:49,mem=3343320K,energy_used=0
Partition:     coc-gpu
Nodes:         atl1-1-03-007-33-0
---------------------------------------
