---------------------------------------
Begin Slurm Prolog: Sep-25-2024 15:57:57
Job ID:    673346
User ID:   zyahn3
Account:   scs
Job name:  TOG_Plus
Partition: coc-gpu
---------------------------------------
/home/hice1/zyahn3/.conda/envs/TOG_test
/home/hice1/zyahn3/.conda/envs/TOG_test
Traceback (most recent call last):
srun: error: atl1-1-01-002-7-0: task 0: Exited with exit code 1
  File "/storage/ice1/5/9/zyahn3/TOG_plus/try_iterations.py", line 1, in <module>
    from dataset_utils.preprocessing import letterbox_image_padded
ModuleNotFoundError: No module named 'dataset_utils.preprocessing'
---------------------------------------
Begin Slurm Epilog: Sep-25-2024 15:58:03
Job ID:        673346
Array Job ID:  _4294967294
User ID:       zyahn3
Account:       scs
Job name:      TOG_Plus
Resources:     cpu=1,gres/gpu:v100=1,mem=8G,node=1
Rsrc Used:     cput=00:00:07,vmem=0,walltime=00:00:07,mem=752K,energy_used=0
Partition:     coc-gpu
Nodes:         atl1-1-01-002-7-0
---------------------------------------
